2026-03-03 03:00:00.041 [xxl-job, EmbedServer bizThreadPool-1139223721] INFO  c.x.job.core.executor.XxlJobExecutor - >>>>>>>>>>> xxl-job regist JobThread success, jobId:6, handler:com.xxl.job.core.handler.impl.MethodJobHandler@146b4c6c[class com.taoxin.communitysharing.algin.job.FansCountShardingXxlJob#fansCountShardingJobHandler]
2026-03-03 03:00:00.046 [xxl-job, EmbedServer bizThreadPool-1139223721] INFO  c.x.job.core.executor.XxlJobExecutor - >>>>>>>>>>> xxl-job regist JobThread success, jobId:10, handler:com.xxl.job.core.handler.impl.MethodJobHandler@31b4c003[class com.taoxin.communitysharing.algin.job.UserLikeCountShardingJobHandler#userGetLikeCountShardingJobHandler]
2026-03-03 03:00:00.048 [xxl-job, EmbedServer bizThreadPool-1139223721] INFO  c.x.job.core.executor.XxlJobExecutor - >>>>>>>>>>> xxl-job regist JobThread success, jobId:7, handler:com.xxl.job.core.handler.impl.MethodJobHandler@4d305059[class com.taoxin.communitysharing.algin.job.CollectionCountShardingXxlJob#collectCountShardingJobHandler]
2026-03-03 03:00:00.048 [xxl-job, EmbedServer bizThreadPool-1139223721] INFO  c.x.job.core.executor.XxlJobExecutor - >>>>>>>>>>> xxl-job regist JobThread success, jobId:5, handler:com.xxl.job.core.handler.impl.MethodJobHandler@5b166420[class com.taoxin.communitysharing.algin.job.FollowingCountShardingXxlJob#followingCountShardingJobHandler]
2026-03-03 03:00:00.048 [xxl-job, EmbedServer bizThreadPool-1139223721] INFO  c.x.job.core.executor.XxlJobExecutor - >>>>>>>>>>> xxl-job regist JobThread success, jobId:9, handler:com.xxl.job.core.handler.impl.MethodJobHandler@49318c2a[class com.taoxin.communitysharing.algin.job.likeCountShardingXxlJob#likeCountShardingJobHandler]
2026-03-03 03:00:00.049 [xxl-job, EmbedServer bizThreadPool-1139223721] INFO  c.x.job.core.executor.XxlJobExecutor - >>>>>>>>>>> xxl-job regist JobThread success, jobId:8, handler:com.xxl.job.core.handler.impl.MethodJobHandler@17adbecf[class com.taoxin.communitysharing.algin.job.PublishCountShardingXxlJob#publishCountShardingJobHandler]
2026-03-03 03:00:00.049 [xxl-job, EmbedServer bizThreadPool-1139223721] INFO  c.x.job.core.executor.XxlJobExecutor - >>>>>>>>>>> xxl-job regist JobThread success, jobId:11, handler:com.xxl.job.core.handler.impl.MethodJobHandler@59eb987a[class com.taoxin.communitysharing.algin.job.UserCollectCountShardingJobHandler#userGetCollectCountShardingJobHandler]
2026-03-03 03:00:00.068 [xxl-job, JobThread-5-1772478000048] INFO  c.t.c.a.j.FollowingCountShardingXxlJob - 分片序号：0，分片总数：3
2026-03-03 03:00:00.068 [xxl-job, JobThread-10-1772478000046] INFO  c.t.c.a.j.UserLikeCountShardingJobHandler - 分片序号：0，分片总数：3
2026-03-03 03:00:00.068 [xxl-job, JobThread-7-1772478000046] INFO  c.t.c.a.j.CollectionCountShardingXxlJob - 分片序号：0，分片总数：3
2026-03-03 03:00:00.068 [xxl-job, JobThread-6-1772478000040] INFO  c.t.c.a.job.FansCountShardingXxlJob - 分片序号：0，分片总数：3
2026-03-03 03:00:00.068 [xxl-job, JobThread-8-1772478000048] INFO  c.t.c.a.j.PublishCountShardingXxlJob - 分片序号：0，分片总数：3
2026-03-03 03:00:00.068 [xxl-job, JobThread-11-1772478000049] INFO  c.t.c.a.j.UserCollectCountShardingJobHandler - 分片序号：0，分片总数：3
2026-03-03 03:00:00.068 [xxl-job, JobThread-9-1772478000048] INFO  c.t.c.a.job.likeCountShardingXxlJob - 分片序号：0，分片总数：3
2026-03-03 03:00:00.092 [xxl-job, EmbedServer bizThreadPool-1313035458] INFO  c.x.job.core.executor.XxlJobExecutor - >>>>>>>>>>> xxl-job regist JobThread success, jobId:5, handler:com.xxl.job.core.handler.impl.MethodJobHandler@17adbecf[class com.taoxin.communitysharing.algin.job.FollowingCountShardingXxlJob#followingCountShardingJobHandler]
2026-03-03 03:00:00.098 [xxl-job, EmbedServer bizThreadPool-1313035458] INFO  c.x.job.core.executor.XxlJobExecutor - >>>>>>>>>>> xxl-job regist JobThread success, jobId:8, handler:com.xxl.job.core.handler.impl.MethodJobHandler@31b4c003[class com.taoxin.communitysharing.algin.job.PublishCountShardingXxlJob#publishCountShardingJobHandler]
2026-03-03 03:00:00.099 [xxl-job, EmbedServer bizThreadPool-1313035458] INFO  c.x.job.core.executor.XxlJobExecutor - >>>>>>>>>>> xxl-job regist JobThread success, jobId:9, handler:com.xxl.job.core.handler.impl.MethodJobHandler@59eb987a[class com.taoxin.communitysharing.algin.job.likeCountShardingXxlJob#likeCountShardingJobHandler]
2026-03-03 03:00:00.099 [xxl-job, EmbedServer bizThreadPool-1313035458] INFO  c.x.job.core.executor.XxlJobExecutor - >>>>>>>>>>> xxl-job regist JobThread success, jobId:11, handler:com.xxl.job.core.handler.impl.MethodJobHandler@74214ac3[class com.taoxin.communitysharing.algin.job.UserCollectCountShardingJobHandler#userGetCollectCountShardingJobHandler]
2026-03-03 03:00:00.099 [xxl-job, EmbedServer bizThreadPool-1313035458] INFO  c.x.job.core.executor.XxlJobExecutor - >>>>>>>>>>> xxl-job regist JobThread success, jobId:10, handler:com.xxl.job.core.handler.impl.MethodJobHandler@e00c94e[class com.taoxin.communitysharing.algin.job.UserLikeCountShardingJobHandler#userGetLikeCountShardingJobHandler]
2026-03-03 03:00:00.100 [xxl-job, EmbedServer bizThreadPool-1313035458] INFO  c.x.job.core.executor.XxlJobExecutor - >>>>>>>>>>> xxl-job regist JobThread success, jobId:7, handler:com.xxl.job.core.handler.impl.MethodJobHandler@78b293a[class com.taoxin.communitysharing.algin.job.CollectionCountShardingXxlJob#collectCountShardingJobHandler]
2026-03-03 03:00:00.100 [xxl-job, EmbedServer bizThreadPool-1313035458] INFO  c.x.job.core.executor.XxlJobExecutor - >>>>>>>>>>> xxl-job regist JobThread success, jobId:6, handler:com.xxl.job.core.handler.impl.MethodJobHandler@49318c2a[class com.taoxin.communitysharing.algin.job.FansCountShardingXxlJob#fansCountShardingJobHandler]
2026-03-03 03:00:00.110 [xxl-job, JobThread-5-1772478000091] INFO  c.t.c.a.j.FollowingCountShardingXxlJob - 分片序号：1，分片总数：3
2026-03-03 03:00:00.110 [xxl-job, JobThread-8-1772478000097] INFO  c.t.c.a.j.PublishCountShardingXxlJob - 分片序号：1，分片总数：3
2026-03-03 03:00:00.113 [xxl-job, JobThread-9-1772478000098] INFO  c.t.c.a.job.likeCountShardingXxlJob - 分片序号：1，分片总数：3
2026-03-03 03:00:00.114 [xxl-job, JobThread-11-1772478000099] INFO  c.t.c.a.j.UserCollectCountShardingJobHandler - 分片序号：1，分片总数：3
2026-03-03 03:00:00.114 [xxl-job, JobThread-10-1772478000099] INFO  c.t.c.a.j.UserLikeCountShardingJobHandler - 分片序号：1，分片总数：3
2026-03-03 03:00:00.115 [xxl-job, JobThread-7-1772478000100] INFO  c.t.c.a.j.CollectionCountShardingXxlJob - 分片序号：1，分片总数：3
2026-03-03 03:00:00.115 [xxl-job, JobThread-6-1772478000100] INFO  c.t.c.a.job.FansCountShardingXxlJob - 分片序号：1，分片总数：3
2026-03-03 03:00:00.218 [xxl-job, JobThread-10-1772478000046] INFO  c.t.c.a.j.UserLikeCountShardingJobHandler - 【用户获得点赞数据对齐】开始对齐数据,tableNameSuffix: 20260302_0，userIdList：[]
2026-03-03 03:00:00.218 [xxl-job, JobThread-8-1772478000048] INFO  c.t.c.a.j.PublishCountShardingXxlJob - 【用户发布数据对齐】开始对齐数据,tableNameSuffix: 20260302_0，creatorIdList：[]
2026-03-03 03:00:00.218 [xxl-job, JobThread-7-1772478000046] INFO  c.t.c.a.j.CollectionCountShardingXxlJob - 【内容收藏数据对齐】开始对齐数据,tableNameSuffix: 20260302_0，contentIdList：[]
2026-03-03 03:00:00.218 [xxl-job, JobThread-6-1772478000040] INFO  c.t.c.a.job.FansCountShardingXxlJob - 【用户粉丝数据对齐】开始对齐数据,tableNameSuffix: 20260302_0，userIdList：[]
2026-03-03 03:00:00.218 [xxl-job, JobThread-11-1772478000049] INFO  c.t.c.a.j.UserCollectCountShardingJobHandler - 【用户获得收藏数据对齐】开始对齐数据,tableNameSuffix: 20260302_0，userIdList：[]
2026-03-03 03:00:00.218 [xxl-job, JobThread-9-1772478000048] INFO  c.t.c.a.job.likeCountShardingXxlJob - 【内容点赞数据对齐】开始对齐数据,tableNameSuffix: 20260302_0，contentIdList：[]
2026-03-03 03:00:00.232 [xxl-job, JobThread-10-1772478000046] INFO  c.t.c.a.j.UserLikeCountShardingJobHandler - 已处理总数：0
2026-03-03 03:00:00.232 [xxl-job, JobThread-9-1772478000048] INFO  c.t.c.a.job.likeCountShardingXxlJob - 已处理总数：0
2026-03-03 03:00:00.232 [xxl-job, JobThread-6-1772478000040] INFO  c.t.c.a.job.FansCountShardingXxlJob - 已处理总数：0
2026-03-03 03:00:00.232 [xxl-job, JobThread-7-1772478000046] INFO  c.t.c.a.j.CollectionCountShardingXxlJob - 已处理总数：0
2026-03-03 03:00:00.232 [xxl-job, JobThread-11-1772478000049] INFO  c.t.c.a.j.UserCollectCountShardingJobHandler - 【用户获得收藏数据对齐】缓存更新成功，已处理总数：0
2026-03-03 03:00:00.232 [xxl-job, JobThread-8-1772478000048] INFO  c.t.c.a.j.PublishCountShardingXxlJob - 已处理总数：0
2026-03-03 03:00:00.238 [xxl-job, JobThread-9-1772478000098] INFO  c.t.c.a.job.likeCountShardingXxlJob - 【内容点赞数据对齐】开始对齐数据,tableNameSuffix: 20260302_1，contentIdList：[]
2026-03-03 03:00:00.238 [xxl-job, JobThread-8-1772478000097] INFO  c.t.c.a.j.PublishCountShardingXxlJob - 【用户发布数据对齐】开始对齐数据,tableNameSuffix: 20260302_1，creatorIdList：[]
2026-03-03 03:00:00.238 [xxl-job, JobThread-11-1772478000099] INFO  c.t.c.a.j.UserCollectCountShardingJobHandler - 【用户获得收藏数据对齐】开始对齐数据,tableNameSuffix: 20260302_1，userIdList：[10]
2026-03-03 03:00:00.238 [xxl-job, JobThread-6-1772478000100] INFO  c.t.c.a.job.FansCountShardingXxlJob - 【用户粉丝数据对齐】开始对齐数据,tableNameSuffix: 20260302_1，userIdList：[]
2026-03-03 03:00:00.238 [xxl-job, JobThread-7-1772478000100] INFO  c.t.c.a.j.CollectionCountShardingXxlJob - 【内容收藏数据对齐】开始对齐数据,tableNameSuffix: 20260302_1，contentIdList：[2026507475867402296]
2026-03-03 03:00:00.247 [xxl-job, JobThread-10-1772478000099] INFO  c.t.c.a.j.UserLikeCountShardingJobHandler - 【用户获得点赞数据对齐】开始对齐数据,tableNameSuffix: 20260302_1，userIdList：[]
2026-03-03 03:00:00.250 [xxl-job, JobThread-8-1772478000097] INFO  c.t.c.a.j.PublishCountShardingXxlJob - 已处理总数：0
2026-03-03 03:00:00.250 [xxl-job, JobThread-9-1772478000098] INFO  c.t.c.a.job.likeCountShardingXxlJob - 已处理总数：0
2026-03-03 03:00:00.250 [xxl-job, JobThread-6-1772478000100] INFO  c.t.c.a.job.FansCountShardingXxlJob - 已处理总数：0
2026-03-03 03:00:00.251 [xxl-job, JobThread-10-1772478000099] INFO  c.t.c.a.j.UserLikeCountShardingJobHandler - 已处理总数：0
2026-03-03 03:00:00.271 [xxl-job, JobThread-7-1772478000100] INFO  c.t.c.a.j.CollectionCountShardingXxlJob - 【内容收藏数据对齐】开始对齐数据，数据库更新1条记录
2026-03-03 03:00:00.272 [xxl-job, JobThread-7-1772478000100] INFO  c.t.c.a.j.CollectionCountShardingXxlJob - 【内容收藏数据对齐】数据库对齐成功，正在进行缓存。。。。
2026-03-03 03:00:00.273 [xxl-job, JobThread-11-1772478000099] INFO  c.t.c.a.j.UserCollectCountShardingJobHandler - 【用户获得收藏数据对齐】开始对齐数据，数据库更新1条记录
2026-03-03 03:00:00.273 [xxl-job, JobThread-11-1772478000099] INFO  c.t.c.a.j.UserCollectCountShardingJobHandler - 【用户获得收藏数据对齐】数据库对齐成功，正在进行缓存。。。。
2026-03-03 03:00:00.299 [xxl-job, EmbedServer bizThreadPool-391423068] INFO  c.x.job.core.executor.XxlJobExecutor - >>>>>>>>>>> xxl-job regist JobThread success, jobId:6, handler:com.xxl.job.core.handler.impl.MethodJobHandler@49318c2a[class com.taoxin.communitysharing.algin.job.FansCountShardingXxlJob#fansCountShardingJobHandler]
2026-03-03 03:00:00.299 [xxl-job, EmbedServer bizThreadPool-917210254] INFO  c.x.job.core.executor.XxlJobExecutor - >>>>>>>>>>> xxl-job regist JobThread success, jobId:5, handler:com.xxl.job.core.handler.impl.MethodJobHandler@17adbecf[class com.taoxin.communitysharing.algin.job.FollowingCountShardingXxlJob#followingCountShardingJobHandler]
2026-03-03 03:00:00.299 [xxl-job, EmbedServer bizThreadPool-306482423] INFO  c.x.job.core.executor.XxlJobExecutor - >>>>>>>>>>> xxl-job regist JobThread success, jobId:9, handler:com.xxl.job.core.handler.impl.MethodJobHandler@59eb987a[class com.taoxin.communitysharing.algin.job.likeCountShardingXxlJob#likeCountShardingJobHandler]
2026-03-03 03:00:00.299 [xxl-job, EmbedServer bizThreadPool-201297936] INFO  c.x.job.core.executor.XxlJobExecutor - >>>>>>>>>>> xxl-job regist JobThread success, jobId:10, handler:com.xxl.job.core.handler.impl.MethodJobHandler@e00c94e[class com.taoxin.communitysharing.algin.job.UserLikeCountShardingJobHandler#userGetLikeCountShardingJobHandler]
2026-03-03 03:00:00.304 [xxl-job, EmbedServer bizThreadPool-917210254] INFO  c.x.job.core.executor.XxlJobExecutor - >>>>>>>>>>> xxl-job regist JobThread success, jobId:8, handler:com.xxl.job.core.handler.impl.MethodJobHandler@31b4c003[class com.taoxin.communitysharing.algin.job.PublishCountShardingXxlJob#publishCountShardingJobHandler]
2026-03-03 03:00:00.304 [xxl-job, EmbedServer bizThreadPool-391423068] INFO  c.x.job.core.executor.XxlJobExecutor - >>>>>>>>>>> xxl-job regist JobThread success, jobId:11, handler:com.xxl.job.core.handler.impl.MethodJobHandler@74214ac3[class com.taoxin.communitysharing.algin.job.UserCollectCountShardingJobHandler#userGetCollectCountShardingJobHandler]
2026-03-03 03:00:00.305 [xxl-job, EmbedServer bizThreadPool-201297936] INFO  c.x.job.core.executor.XxlJobExecutor - >>>>>>>>>>> xxl-job regist JobThread success, jobId:7, handler:com.xxl.job.core.handler.impl.MethodJobHandler@78b293a[class com.taoxin.communitysharing.algin.job.CollectionCountShardingXxlJob#collectCountShardingJobHandler]
2026-03-03 03:00:00.331 [xxl-job, JobThread-8-1772478000304] INFO  c.t.c.a.j.PublishCountShardingXxlJob - 分片序号：2，分片总数：3
2026-03-03 03:00:00.331 [xxl-job, JobThread-6-1772478000295] INFO  c.t.c.a.job.FansCountShardingXxlJob - 分片序号：2，分片总数：3
2026-03-03 03:00:00.331 [xxl-job, JobThread-9-1772478000295] INFO  c.t.c.a.job.likeCountShardingXxlJob - 分片序号：2，分片总数：3
2026-03-03 03:00:00.331 [xxl-job, JobThread-11-1772478000304] INFO  c.t.c.a.j.UserCollectCountShardingJobHandler - 分片序号：2，分片总数：3
2026-03-03 03:00:00.331 [xxl-job, JobThread-7-1772478000304] INFO  c.t.c.a.j.CollectionCountShardingXxlJob - 分片序号：2，分片总数：3
2026-03-03 03:00:00.331 [xxl-job, JobThread-5-1772478000295] INFO  c.t.c.a.j.FollowingCountShardingXxlJob - 分片序号：2，分片总数：3
2026-03-03 03:00:00.331 [xxl-job, JobThread-10-1772478000295] INFO  c.t.c.a.j.UserLikeCountShardingJobHandler - 分片序号：2，分片总数：3
2026-03-03 03:00:00.597 [xxl-job, JobThread-10-1772478000295] INFO  c.t.c.a.j.UserLikeCountShardingJobHandler - 【用户获得点赞数据对齐】开始对齐数据,tableNameSuffix: 20260302_2，userIdList：[]
2026-03-03 03:00:00.597 [xxl-job, JobThread-11-1772478000304] INFO  c.t.c.a.j.UserCollectCountShardingJobHandler - 【用户获得收藏数据对齐】开始对齐数据,tableNameSuffix: 20260302_2，userIdList：[]
2026-03-03 03:00:00.597 [xxl-job, JobThread-7-1772478000304] INFO  c.t.c.a.j.CollectionCountShardingXxlJob - 【内容收藏数据对齐】开始对齐数据,tableNameSuffix: 20260302_2，contentIdList：[]
2026-03-03 03:00:00.597 [xxl-job, JobThread-8-1772478000304] INFO  c.t.c.a.j.PublishCountShardingXxlJob - 【用户发布数据对齐】开始对齐数据,tableNameSuffix: 20260302_2，creatorIdList：[]
2026-03-03 03:00:00.597 [xxl-job, JobThread-9-1772478000295] INFO  c.t.c.a.job.likeCountShardingXxlJob - 【内容点赞数据对齐】开始对齐数据,tableNameSuffix: 20260302_2，contentIdList：[]
2026-03-03 03:00:00.597 [xxl-job, JobThread-6-1772478000295] INFO  c.t.c.a.job.FansCountShardingXxlJob - 【用户粉丝数据对齐】开始对齐数据,tableNameSuffix: 20260302_2，userIdList：[]
2026-03-03 03:00:00.602 [xxl-job, JobThread-10-1772478000295] INFO  c.t.c.a.j.UserLikeCountShardingJobHandler - 已处理总数：0
2026-03-03 03:00:00.603 [xxl-job, JobThread-7-1772478000304] INFO  c.t.c.a.j.CollectionCountShardingXxlJob - 已处理总数：0
2026-03-03 03:00:00.603 [xxl-job, JobThread-8-1772478000304] INFO  c.t.c.a.j.PublishCountShardingXxlJob - 已处理总数：0
2026-03-03 03:00:00.603 [xxl-job, JobThread-9-1772478000295] INFO  c.t.c.a.job.likeCountShardingXxlJob - 已处理总数：0
2026-03-03 03:00:00.603 [xxl-job, JobThread-11-1772478000304] INFO  c.t.c.a.j.UserCollectCountShardingJobHandler - 【用户获得收藏数据对齐】缓存更新成功，已处理总数：0
2026-03-03 03:00:00.603 [xxl-job, JobThread-6-1772478000295] INFO  c.t.c.a.job.FansCountShardingXxlJob - 已处理总数：0
2026-03-03 03:00:00.609 [xxl-job, JobThread-11-1772478000099] INFO  c.t.c.a.j.UserCollectCountShardingJobHandler - 【用户获得收藏数据对齐】user:count:10缓存是否存在：false
2026-03-03 03:00:00.609 [xxl-job, JobThread-7-1772478000100] INFO  c.t.c.a.j.CollectionCountShardingXxlJob - 【内容数据对齐】content:count:2026507475867402296缓存是否存在：false
2026-03-03 03:00:00.618 [xxl-job, JobThread-11-1772478000099] INFO  c.t.c.a.j.UserCollectCountShardingJobHandler - 【用户获得收藏数据对齐】开始对齐数据,tableNameSuffix: 20260302_1，userIdList：[]
2026-03-03 03:00:00.619 [xxl-job, JobThread-11-1772478000099] INFO  c.t.c.a.j.UserCollectCountShardingJobHandler - 【用户获得收藏数据对齐】缓存更新成功，已处理总数：1
2026-03-03 03:00:00.688 [xxl-job, JobThread-7-1772478000100] INFO  com.alibaba.nacos.client.naming - [SUBSCRIBE-SERVICE] service:communitysharing-search, group:DEFAULT_GROUP, clusters: 
2026-03-03 03:00:00.705 [xxl-job, JobThread-7-1772478000100] INFO  com.alibaba.nacos.client.naming - init new ips(1) service: DEFAULT_GROUP@@communitysharing-search -> [{"ip":"26.26.26.1","port":8093,"weight":1.0,"healthy":true,"enabled":true,"ephemeral":true,"clusterName":"DEFAULT","serviceName":"DEFAULT_GROUP@@communitysharing-search","metadata":{"preserved.register.source":"SPRING_CLOUD"},"instanceHeartBeatInterval":5000,"ipDeleteTimeout":30000,"instanceHeartBeatTimeOut":15000}]
2026-03-03 03:00:00.706 [xxl-job, JobThread-7-1772478000100] INFO  com.alibaba.nacos.client.naming - current ips:(1) service: DEFAULT_GROUP@@communitysharing-search -> [{"ip":"26.26.26.1","port":8093,"weight":1.0,"healthy":true,"enabled":true,"ephemeral":true,"clusterName":"DEFAULT","serviceName":"DEFAULT_GROUP@@communitysharing-search","metadata":{"preserved.register.source":"SPRING_CLOUD"},"instanceHeartBeatInterval":5000,"ipDeleteTimeout":30000,"instanceHeartBeatTimeOut":15000}]
2026-03-03 03:00:01.279 [nacos-grpc-client-executor-127.0.0.1-3982] INFO  c.alibaba.nacos.common.remote.client - [bac2d871-fa9b-4a86-a3c4-dd08751c6dbb] Receive server push request, request = NotifySubscriberRequest, requestId = 286
2026-03-03 03:00:01.279 [nacos-grpc-client-executor-127.0.0.1-3982] INFO  c.alibaba.nacos.common.remote.client - [bac2d871-fa9b-4a86-a3c4-dd08751c6dbb] Ack server push request, request = NotifySubscriberRequest, requestId = 286
2026-03-03 03:00:01.421 [xxl-job, JobThread-7-1772478000100] INFO  c.t.c.a.j.CollectionCountShardingXxlJob - 【内容收藏数据对齐】开始对齐数据,tableNameSuffix: 20260302_1，contentIdList：[]
2026-03-03 03:00:01.422 [xxl-job, JobThread-7-1772478000100] INFO  c.t.c.a.j.CollectionCountShardingXxlJob - 已处理总数：1
2026-03-03 03:01:33.318 [xxl-job, JobThread-10-1772478000046] INFO  com.xxl.job.core.thread.JobThread - >>>>>>>>>>> xxl-job JobThread stoped, hashCode:Thread[xxl-job, JobThread-10-1772478000046,10,main]
2026-03-03 03:01:33.318 [xxl-job, JobThread-5-1772478000048] INFO  com.xxl.job.core.thread.JobThread - >>>>>>>>>>> xxl-job JobThread stoped, hashCode:Thread[xxl-job, JobThread-5-1772478000048,10,main]
2026-03-03 03:01:33.318 [xxl-job, JobThread-11-1772478000049] INFO  com.xxl.job.core.thread.JobThread - >>>>>>>>>>> xxl-job JobThread stoped, hashCode:Thread[xxl-job, JobThread-11-1772478000049,10,main]
2026-03-03 03:01:33.318 [xxl-job, JobThread-8-1772478000048] INFO  com.xxl.job.core.thread.JobThread - >>>>>>>>>>> xxl-job JobThread stoped, hashCode:Thread[xxl-job, JobThread-8-1772478000048,10,main]
2026-03-03 03:01:33.318 [xxl-job, JobThread-7-1772478000046] INFO  com.xxl.job.core.thread.JobThread - >>>>>>>>>>> xxl-job JobThread stoped, hashCode:Thread[xxl-job, JobThread-7-1772478000046,10,main]
2026-03-03 03:01:33.318 [xxl-job, JobThread-9-1772478000048] INFO  com.xxl.job.core.thread.JobThread - >>>>>>>>>>> xxl-job JobThread stoped, hashCode:Thread[xxl-job, JobThread-9-1772478000048,10,main]
2026-03-03 03:01:33.333 [xxl-job, JobThread-6-1772478000040] INFO  com.xxl.job.core.thread.JobThread - >>>>>>>>>>> xxl-job JobThread stoped, hashCode:Thread[xxl-job, JobThread-6-1772478000040,10,main]
2026-03-03 03:01:33.333 [xxl-job, JobThread-9-1772478000098] INFO  com.xxl.job.core.thread.JobThread - >>>>>>>>>>> xxl-job JobThread stoped, hashCode:Thread[xxl-job, JobThread-9-1772478000098,10,main]
2026-03-03 03:01:33.333 [xxl-job, JobThread-10-1772478000099] INFO  com.xxl.job.core.thread.JobThread - >>>>>>>>>>> xxl-job JobThread stoped, hashCode:Thread[xxl-job, JobThread-10-1772478000099,10,main]
2026-03-03 03:01:33.348 [xxl-job, JobThread-5-1772478000091] INFO  com.xxl.job.core.thread.JobThread - >>>>>>>>>>> xxl-job JobThread stoped, hashCode:Thread[xxl-job, JobThread-5-1772478000091,10,main]
2026-03-03 03:01:33.348 [xxl-job, JobThread-8-1772478000097] INFO  com.xxl.job.core.thread.JobThread - >>>>>>>>>>> xxl-job JobThread stoped, hashCode:Thread[xxl-job, JobThread-8-1772478000097,10,main]
2026-03-03 03:01:33.348 [xxl-job, JobThread-6-1772478000100] INFO  com.xxl.job.core.thread.JobThread - >>>>>>>>>>> xxl-job JobThread stoped, hashCode:Thread[xxl-job, JobThread-6-1772478000100,10,main]
2026-03-03 03:01:33.684 [xxl-job, JobThread-6-1772478000295] INFO  com.xxl.job.core.thread.JobThread - >>>>>>>>>>> xxl-job JobThread stoped, hashCode:Thread[xxl-job, JobThread-6-1772478000295,10,main]
2026-03-03 03:01:33.684 [xxl-job, JobThread-10-1772478000295] INFO  com.xxl.job.core.thread.JobThread - >>>>>>>>>>> xxl-job JobThread stoped, hashCode:Thread[xxl-job, JobThread-10-1772478000295,10,main]
2026-03-03 03:01:33.684 [xxl-job, JobThread-8-1772478000304] INFO  com.xxl.job.core.thread.JobThread - >>>>>>>>>>> xxl-job JobThread stoped, hashCode:Thread[xxl-job, JobThread-8-1772478000304,10,main]
2026-03-03 03:01:33.684 [xxl-job, JobThread-9-1772478000295] INFO  com.xxl.job.core.thread.JobThread - >>>>>>>>>>> xxl-job JobThread stoped, hashCode:Thread[xxl-job, JobThread-9-1772478000295,10,main]
2026-03-03 03:01:33.684 [xxl-job, JobThread-11-1772478000304] INFO  com.xxl.job.core.thread.JobThread - >>>>>>>>>>> xxl-job JobThread stoped, hashCode:Thread[xxl-job, JobThread-11-1772478000304,10,main]
2026-03-03 03:01:33.699 [xxl-job, JobThread-11-1772478000099] INFO  com.xxl.job.core.thread.JobThread - >>>>>>>>>>> xxl-job JobThread stoped, hashCode:Thread[xxl-job, JobThread-11-1772478000099,10,main]
2026-03-03 03:01:33.699 [xxl-job, JobThread-7-1772478000304] INFO  com.xxl.job.core.thread.JobThread - >>>>>>>>>>> xxl-job JobThread stoped, hashCode:Thread[xxl-job, JobThread-7-1772478000304,10,main]
2026-03-03 03:01:33.699 [xxl-job, JobThread-5-1772478000295] INFO  com.xxl.job.core.thread.JobThread - >>>>>>>>>>> xxl-job JobThread stoped, hashCode:Thread[xxl-job, JobThread-5-1772478000295,10,main]
2026-03-03 03:01:34.477 [xxl-job, JobThread-7-1772478000100] INFO  com.xxl.job.core.thread.JobThread - >>>>>>>>>>> xxl-job JobThread stoped, hashCode:Thread[xxl-job, JobThread-7-1772478000100,10,main]
2026-03-03 10:41:41.868 [Thread-7] WARN  c.a.nacos.common.notify.NotifyCenter - [NotifyCenter] Start destroying Publisher
2026-03-03 10:41:41.868 [Thread-1] WARN  c.a.n.c.http.HttpClientBeanHolder - [HttpClientBeanHolder] Start destroying common HttpClient
2026-03-03 10:41:41.875 [Thread-7] WARN  c.a.nacos.common.notify.NotifyCenter - [NotifyCenter] Destruction of the end
2026-03-03 10:41:41.875 [Thread-1] WARN  c.a.n.c.http.HttpClientBeanHolder - [HttpClientBeanHolder] Start destroying common HttpClient
2026-03-03 10:41:41.875 [Thread-7] WARN  c.a.nacos.common.notify.NotifyCenter - [NotifyCenter] Start destroying Publisher
2026-03-03 10:41:41.883 [Thread-7] WARN  c.a.nacos.common.notify.NotifyCenter - [NotifyCenter] Destruction of the end
2026-03-03 10:41:41.884 [Thread-1] WARN  c.a.n.c.http.HttpClientBeanHolder - [HttpClientBeanHolder] Destruction of the end
2026-03-03 10:41:41.893 [Thread-1] WARN  c.a.n.c.http.HttpClientBeanHolder - [HttpClientBeanHolder] Destruction of the end
2026-03-03 10:41:41.924 [Thread-1] WARN  c.a.n.c.http.HttpClientBeanHolder - [HttpClientBeanHolder] Start destroying common HttpClient
2026-03-03 10:41:41.924 [Thread-7] WARN  c.a.nacos.common.notify.NotifyCenter - [NotifyCenter] Start destroying Publisher
2026-03-03 10:41:41.932 [Thread-7] WARN  c.a.nacos.common.notify.NotifyCenter - [NotifyCenter] Destruction of the end
2026-03-03 10:41:41.964 [Thread-1] WARN  c.a.n.c.http.HttpClientBeanHolder - [HttpClientBeanHolder] Destruction of the end
2026-03-03 10:41:42.280 [SpringApplicationShutdownHook] INFO  c.a.c.n.r.NacosServiceRegistry - De-registering from Nacos Server now...
2026-03-03 10:41:42.283 [SpringApplicationShutdownHook] INFO  com.alibaba.nacos.client.naming - [DEREGISTER-SERVICE] 2e254952-9803-4eae-8771-b086042c797f deregistering service communitysharing-algin with instance: Instance{instanceId='null', ip='26.26.26.1', port=8086, weight=1.0, healthy=true, enabled=true, ephemeral=true, clusterName='DEFAULT', serviceName='null', metadata={}}
2026-03-03 10:41:42.315 [SpringApplicationShutdownHook] INFO  c.a.c.n.r.NacosServiceRegistry - De-registering from Nacos Server now...
2026-03-03 10:41:42.316 [SpringApplicationShutdownHook] INFO  com.alibaba.nacos.client.naming - [DEREGISTER-SERVICE] 2e254952-9803-4eae-8771-b086042c797f deregistering service communitysharing-algin with instance: Instance{instanceId='null', ip='26.26.26.1', port=8092, weight=1.0, healthy=true, enabled=true, ephemeral=true, clusterName='DEFAULT', serviceName='null', metadata={}}
2026-03-03 10:41:42.379 [SpringApplicationShutdownHook] INFO  c.a.c.n.r.NacosServiceRegistry - De-registration finished.
2026-03-03 10:41:42.381 [SpringApplicationShutdownHook] INFO  com.alibaba.nacos.client.naming - com.alibaba.nacos.client.naming.cache.ServiceInfoHolder do shutdown begin
2026-03-03 10:41:42.381 [SpringApplicationShutdownHook] INFO  com.alibaba.nacos.client.naming - com.alibaba.nacos.client.naming.backups.FailoverReactor do shutdown begin
2026-03-03 10:41:42.381 [SpringApplicationShutdownHook] INFO  c.a.c.n.r.NacosServiceRegistry - De-registration finished.
2026-03-03 10:41:42.382 [SpringApplicationShutdownHook] INFO  com.alibaba.nacos.client.naming - com.alibaba.nacos.client.naming.backups.FailoverReactor do shutdown stop
2026-03-03 10:41:42.382 [SpringApplicationShutdownHook] INFO  com.alibaba.nacos.client.naming - com.alibaba.nacos.client.naming.cache.ServiceInfoHolder do shutdown stop
2026-03-03 10:41:42.382 [SpringApplicationShutdownHook] INFO  com.alibaba.nacos.client.naming - com.alibaba.nacos.client.naming.remote.NamingClientProxyDelegate do shutdown begin
2026-03-03 10:41:42.382 [SpringApplicationShutdownHook] INFO  com.alibaba.nacos.client.naming - com.alibaba.nacos.client.naming.core.ServiceInfoUpdateService do shutdown begin
2026-03-03 10:41:42.382 [SpringApplicationShutdownHook] INFO  com.alibaba.nacos.client.naming - com.alibaba.nacos.client.naming.core.ServiceInfoUpdateService do shutdown stop
2026-03-03 10:41:42.382 [SpringApplicationShutdownHook] INFO  com.alibaba.nacos.client.naming - com.alibaba.nacos.client.naming.core.ServerListManager do shutdown begin
2026-03-03 10:41:42.382 [SpringApplicationShutdownHook] WARN  com.alibaba.nacos.client.naming - [NamingHttpClientManager] Start destroying NacosRestTemplate
2026-03-03 10:41:42.382 [SpringApplicationShutdownHook] INFO  com.alibaba.nacos.client.naming - com.alibaba.nacos.client.naming.cache.ServiceInfoHolder do shutdown begin
2026-03-03 10:41:42.383 [SpringApplicationShutdownHook] WARN  com.alibaba.nacos.client.naming - [NamingHttpClientManager] Destruction of the end
2026-03-03 10:41:42.383 [SpringApplicationShutdownHook] INFO  com.alibaba.nacos.client.naming - com.alibaba.nacos.client.naming.core.ServerListManager do shutdown stop
2026-03-03 10:41:42.383 [SpringApplicationShutdownHook] INFO  com.alibaba.nacos.client.naming - com.alibaba.nacos.client.naming.backups.FailoverReactor do shutdown begin
2026-03-03 10:41:42.383 [SpringApplicationShutdownHook] INFO  com.alibaba.nacos.client.naming - com.alibaba.nacos.client.naming.remote.http.NamingHttpClientProxy do shutdown begin
2026-03-03 10:41:42.383 [SpringApplicationShutdownHook] WARN  com.alibaba.nacos.client.naming - [NamingHttpClientManager] Start destroying NacosRestTemplate
2026-03-03 10:41:42.383 [SpringApplicationShutdownHook] WARN  com.alibaba.nacos.client.naming - [NamingHttpClientManager] Destruction of the end
2026-03-03 10:41:42.383 [SpringApplicationShutdownHook] INFO  com.alibaba.nacos.client.naming - com.alibaba.nacos.client.naming.remote.http.NamingHttpClientProxy do shutdown stop
2026-03-03 10:41:42.383 [SpringApplicationShutdownHook] INFO  c.alibaba.nacos.common.remote.client - Shutdown rpc client, set status to shutdown
2026-03-03 10:41:42.384 [SpringApplicationShutdownHook] INFO  com.alibaba.nacos.client.naming - com.alibaba.nacos.client.naming.backups.FailoverReactor do shutdown stop
2026-03-03 10:41:42.384 [SpringApplicationShutdownHook] INFO  c.alibaba.nacos.common.remote.client - Shutdown client event executor java.util.concurrent.ScheduledThreadPoolExecutor@5da5ff71[Running, pool size = 2, active threads = 2, queued tasks = 0, completed tasks = 0]
2026-03-03 10:41:42.384 [SpringApplicationShutdownHook] INFO  com.alibaba.nacos.client.naming - com.alibaba.nacos.client.naming.cache.ServiceInfoHolder do shutdown stop
2026-03-03 10:41:42.384 [SpringApplicationShutdownHook] INFO  com.alibaba.nacos.client.naming - com.alibaba.nacos.client.naming.remote.NamingClientProxyDelegate do shutdown begin
2026-03-03 10:41:42.385 [SpringApplicationShutdownHook] INFO  c.alibaba.nacos.common.remote.client - Close current connection 1772458120507_172.17.0.1_34616
2026-03-03 10:41:42.385 [SpringApplicationShutdownHook] INFO  com.alibaba.nacos.client.naming - com.alibaba.nacos.client.naming.core.ServiceInfoUpdateService do shutdown begin
2026-03-03 10:41:42.385 [SpringApplicationShutdownHook] INFO  com.alibaba.nacos.client.naming - com.alibaba.nacos.client.naming.core.ServiceInfoUpdateService do shutdown stop
2026-03-03 10:41:42.385 [SpringApplicationShutdownHook] INFO  com.alibaba.nacos.client.naming - com.alibaba.nacos.client.naming.core.ServerListManager do shutdown begin
2026-03-03 10:41:42.385 [SpringApplicationShutdownHook] WARN  com.alibaba.nacos.client.naming - [NamingHttpClientManager] Start destroying NacosRestTemplate
2026-03-03 10:41:42.386 [SpringApplicationShutdownHook] WARN  com.alibaba.nacos.client.naming - [NamingHttpClientManager] Destruction of the end
2026-03-03 10:41:42.386 [SpringApplicationShutdownHook] INFO  com.alibaba.nacos.client.naming - com.alibaba.nacos.client.naming.core.ServerListManager do shutdown stop
2026-03-03 10:41:42.386 [SpringApplicationShutdownHook] INFO  com.alibaba.nacos.client.naming - com.alibaba.nacos.client.naming.remote.http.NamingHttpClientProxy do shutdown begin
2026-03-03 10:41:42.386 [SpringApplicationShutdownHook] WARN  com.alibaba.nacos.client.naming - [NamingHttpClientManager] Start destroying NacosRestTemplate
2026-03-03 10:41:42.386 [SpringApplicationShutdownHook] WARN  com.alibaba.nacos.client.naming - [NamingHttpClientManager] Destruction of the end
2026-03-03 10:41:42.386 [SpringApplicationShutdownHook] INFO  com.alibaba.nacos.client.naming - com.alibaba.nacos.client.naming.remote.http.NamingHttpClientProxy do shutdown stop
2026-03-03 10:41:42.386 [SpringApplicationShutdownHook] INFO  c.alibaba.nacos.common.remote.client - Shutdown rpc client, set status to shutdown
2026-03-03 10:41:42.387 [SpringApplicationShutdownHook] INFO  c.alibaba.nacos.common.remote.client - Shutdown client event executor java.util.concurrent.ScheduledThreadPoolExecutor@223eb36a[Running, pool size = 2, active threads = 2, queued tasks = 0, completed tasks = 0]
2026-03-03 10:41:42.387 [SpringApplicationShutdownHook] INFO  c.alibaba.nacos.common.remote.client - Close current connection 1772458104147_172.17.0.1_39158
2026-03-03 10:41:42.417 [nacos-grpc-client-executor-127.0.0.1-9497] WARN  c.a.n.c.r.client.grpc.GrpcClient - [1772458120507_172.17.0.1_34616]Ignore error event,isRunning:false,isAbandon=false
2026-03-03 10:41:42.419 [nacos-grpc-client-executor-127.0.0.1-9511] WARN  c.a.n.c.r.client.grpc.GrpcClient - [1772458104147_172.17.0.1_39158]Ignore error event,isRunning:false,isAbandon=false
2026-03-03 10:41:42.425 [SpringApplicationShutdownHook] INFO  c.a.n.c.r.client.grpc.GrpcClient - Shutdown grpc executor java.util.concurrent.ThreadPoolExecutor@4d291525[Running, pool size = 4, active threads = 0, queued tasks = 0, completed tasks = 9498]
2026-03-03 10:41:42.426 [SpringApplicationShutdownHook] INFO  com.alibaba.nacos.client.naming - Shutdown grpc redo service executor java.util.concurrent.ScheduledThreadPoolExecutor@6120d88c[Running, pool size = 1, active threads = 0, queued tasks = 1, completed tasks = 15827]
2026-03-03 10:41:42.426 [SpringApplicationShutdownHook] INFO  c.a.n.c.a.r.i.CredentialWatcher - [null] CredentialWatcher is stopped
2026-03-03 10:41:42.426 [SpringApplicationShutdownHook] INFO  c.a.n.c.a.r.i.CredentialService - [null] CredentialService is freed
2026-03-03 10:41:42.426 [SpringApplicationShutdownHook] INFO  com.alibaba.nacos.client.naming - com.alibaba.nacos.client.naming.remote.NamingClientProxyDelegate do shutdown stop
2026-03-03 10:41:42.432 [SpringApplicationShutdownHook] INFO  c.a.n.c.r.client.grpc.GrpcClient - Shutdown grpc executor java.util.concurrent.ThreadPoolExecutor@2e646ee4[Running, pool size = 4, active threads = 0, queued tasks = 0, completed tasks = 9512]
2026-03-03 10:41:42.432 [SpringApplicationShutdownHook] INFO  com.alibaba.nacos.client.naming - Shutdown grpc redo service executor java.util.concurrent.ScheduledThreadPoolExecutor@2ee2fccf[Running, pool size = 1, active threads = 0, queued tasks = 1, completed tasks = 15832]
2026-03-03 10:41:42.433 [SpringApplicationShutdownHook] INFO  c.a.n.c.a.r.i.CredentialWatcher - [null] CredentialWatcher is stopped
2026-03-03 10:41:42.433 [SpringApplicationShutdownHook] INFO  c.a.n.c.a.r.i.CredentialService - [null] CredentialService is freed
2026-03-03 10:41:42.433 [SpringApplicationShutdownHook] INFO  com.alibaba.nacos.client.naming - com.alibaba.nacos.client.naming.remote.NamingClientProxyDelegate do shutdown stop
2026-03-03 10:41:42.439 [Thread-21] INFO  com.xxl.job.core.server.EmbedServer - >>>>>>>>>>> xxl-job remoting server stop.
2026-03-03 10:41:42.442 [Thread-22] INFO  com.xxl.job.core.server.EmbedServer - >>>>>>>>>>> xxl-job remoting server stop.
2026-03-03 10:41:42.441 [xxl-job, executor ExecutorRegistryThread] INFO  c.x.j.c.t.ExecutorRegistryThread - >>>>>>>>>>> xxl-job registry-remove success, registryParam:RegistryParam{registryGroup='EXECUTOR', registryKey='xxl-job-executor-communitysharing', registryValue='http://26.26.26.1:10003/'}, registryResult:Response{code=200, msg='Success', data=null}
2026-03-03 10:41:42.453 [xxl-job, executor ExecutorRegistryThread] INFO  c.x.j.c.t.ExecutorRegistryThread - >>>>>>>>>>> xxl-job, executor registry thread destroy.
2026-03-03 10:41:42.453 [SpringApplicationShutdownHook] INFO  com.xxl.job.core.server.EmbedServer - >>>>>>>>>>> xxl-job remoting server destroy success.
2026-03-03 10:41:42.453 [xxl-job, executor JobLogFileCleanThread] INFO  c.x.j.c.thread.JobLogFileCleanThread - >>>>>>>>>>> xxl-job, executor JobLogFileCleanThread thread destroy.
2026-03-03 10:41:42.454 [xxl-job, executor TriggerCallbackThread] INFO  c.x.j.c.thread.TriggerCallbackThread - >>>>>>>>>>> xxl-job, executor callback thread destroy.
2026-03-03 10:41:42.454 [xxl-job, executor TriggerRetryCallbackThread] INFO  c.x.j.c.thread.TriggerCallbackThread - >>>>>>>>>>> xxl-job, executor retry callback thread destroy.
2026-03-03 10:41:42.443 [xxl-job, executor ExecutorRegistryThread] INFO  c.x.j.c.t.ExecutorRegistryThread - >>>>>>>>>>> xxl-job registry-remove success, registryParam:RegistryParam{registryGroup='EXECUTOR', registryKey='xxl-job-executor-communitysharing', registryValue='http://26.26.26.1:10001/'}, registryResult:Response{code=200, msg='Success', data=null}
2026-03-03 10:41:42.455 [xxl-job, executor ExecutorRegistryThread] INFO  c.x.j.c.t.ExecutorRegistryThread - >>>>>>>>>>> xxl-job, executor registry thread destroy.
2026-03-03 10:41:42.455 [SpringApplicationShutdownHook] INFO  com.xxl.job.core.server.EmbedServer - >>>>>>>>>>> xxl-job remoting server destroy success.
2026-03-03 10:41:42.455 [xxl-job, executor JobLogFileCleanThread] INFO  c.x.j.c.thread.JobLogFileCleanThread - >>>>>>>>>>> xxl-job, executor JobLogFileCleanThread thread destroy.
2026-03-03 10:41:42.456 [xxl-job, executor TriggerCallbackThread] INFO  c.x.j.c.thread.TriggerCallbackThread - >>>>>>>>>>> xxl-job, executor callback thread destroy.
2026-03-03 10:41:42.457 [xxl-job, executor TriggerRetryCallbackThread] INFO  c.x.j.c.thread.TriggerCallbackThread - >>>>>>>>>>> xxl-job, executor retry callback thread destroy.
2026-03-03 10:41:42.469 [SpringApplicationShutdownHook] INFO  o.a.r.s.s.DefaultRocketMQListenerContainer - container destroyed, DefaultRocketMQListenerContainer{consumerGroup='communitysharing_group_algin_ContentOperationRecordTopic', namespace='', nameServer='127.0.0.1:9876', topic='ContentOperationRecordTopic', consumeMode=CONCURRENTLY, selectorType=TAG, selectorExpression='*', messageModel=CLUSTERING', tlsEnable=false, instanceName=DEFAULT}
2026-03-03 10:41:42.469 [SpringApplicationShutdownHook] INFO  o.a.r.s.s.DefaultRocketMQListenerContainer - container destroyed, DefaultRocketMQListenerContainer{consumerGroup='communitysharing_group_algin_ContentLikeCountChangeTopic', namespace='', nameServer='127.0.0.1:9876', topic='ContentLikeCountChangeTopic', consumeMode=CONCURRENTLY, selectorType=TAG, selectorExpression='*', messageModel=CLUSTERING', tlsEnable=false, instanceName=DEFAULT}
2026-03-03 10:41:42.470 [SpringApplicationShutdownHook] INFO  o.a.r.s.s.DefaultRocketMQListenerContainer - container destroyed, DefaultRocketMQListenerContainer{consumerGroup='communitysharing_group_algin_FollowCountTopic', namespace='', nameServer='127.0.0.1:9876', topic='FollowCountTopic', consumeMode=CONCURRENTLY, selectorType=TAG, selectorExpression='*', messageModel=CLUSTERING', tlsEnable=false, instanceName=DEFAULT}
2026-03-03 10:41:42.470 [SpringApplicationShutdownHook] INFO  o.a.r.s.s.DefaultRocketMQListenerContainer - container destroyed, DefaultRocketMQListenerContainer{consumerGroup='communitysharing_group_algin_ContentCollectCountChangeTopic', namespace='', nameServer='127.0.0.1:9876', topic='ContentCollectCountChangeTopic', consumeMode=CONCURRENTLY, selectorType=TAG, selectorExpression='*', messageModel=CLUSTERING', tlsEnable=false, instanceName=DEFAULT}
2026-03-03 10:41:42.471 [SpringApplicationShutdownHook] INFO  o.a.r.s.s.DefaultRocketMQListenerContainer - container destroyed, DefaultRocketMQListenerContainer{consumerGroup='communitysharing_group_algin_ContentOperationRecordTopic', namespace='', nameServer='127.0.0.1:9876', topic='ContentOperationRecordTopic', consumeMode=CONCURRENTLY, selectorType=TAG, selectorExpression='*', messageModel=CLUSTERING', tlsEnable=false, instanceName=DEFAULT}
2026-03-03 10:41:42.471 [SpringApplicationShutdownHook] INFO  o.a.r.s.s.DefaultRocketMQListenerContainer - container destroyed, DefaultRocketMQListenerContainer{consumerGroup='communitysharing_group_algin_ContentLikeCountChangeTopic', namespace='', nameServer='127.0.0.1:9876', topic='ContentLikeCountChangeTopic', consumeMode=CONCURRENTLY, selectorType=TAG, selectorExpression='*', messageModel=CLUSTERING', tlsEnable=false, instanceName=DEFAULT}
2026-03-03 10:41:42.472 [SpringApplicationShutdownHook] INFO  o.a.r.s.s.DefaultRocketMQListenerContainer - container destroyed, DefaultRocketMQListenerContainer{consumerGroup='communitysharing_group_algin_FollowCountTopic', namespace='', nameServer='127.0.0.1:9876', topic='FollowCountTopic', consumeMode=CONCURRENTLY, selectorType=TAG, selectorExpression='*', messageModel=CLUSTERING', tlsEnable=false, instanceName=DEFAULT}
2026-03-03 10:41:42.471 [SpringApplicationShutdownHook] INFO  c.alibaba.druid.pool.DruidDataSource - {dataSource-1} closing ...
2026-03-03 10:41:42.472 [SpringApplicationShutdownHook] INFO  o.a.r.s.s.DefaultRocketMQListenerContainer - container destroyed, DefaultRocketMQListenerContainer{consumerGroup='communitysharing_group_algin_ContentCollectCountChangeTopic', namespace='', nameServer='127.0.0.1:9876', topic='ContentCollectCountChangeTopic', consumeMode=CONCURRENTLY, selectorType=TAG, selectorExpression='*', messageModel=CLUSTERING', tlsEnable=false, instanceName=DEFAULT}
2026-03-03 10:41:42.473 [SpringApplicationShutdownHook] INFO  c.alibaba.druid.pool.DruidDataSource - {dataSource-1} closing ...
2026-03-03 10:41:42.475 [SpringApplicationShutdownHook] INFO  c.alibaba.druid.pool.DruidDataSource - {dataSource-1} closed
2026-03-03 10:41:42.476 [SpringApplicationShutdownHook] INFO  c.alibaba.druid.pool.DruidDataSource - {dataSource-1} closed
2026-03-03 10:41:42.628 [nacos-grpc-client-executor-127.0.0.1-9495] INFO  c.alibaba.nacos.common.remote.client - [bac2d871-fa9b-4a86-a3c4-dd08751c6dbb] Receive server push request, request = NotifySubscriberRequest, requestId = 320
2026-03-03 10:41:42.644 [nacos-grpc-client-executor-127.0.0.1-9495] INFO  com.alibaba.nacos.client.naming - removed ips(1) service: DEFAULT_GROUP@@communitysharing-search -> [{"ip":"26.26.26.1","port":8093,"weight":1.0,"healthy":true,"enabled":true,"ephemeral":true,"clusterName":"DEFAULT","serviceName":"DEFAULT_GROUP@@communitysharing-search","metadata":{"preserved.register.source":"SPRING_CLOUD"},"instanceHeartBeatInterval":5000,"ipDeleteTimeout":30000,"instanceHeartBeatTimeOut":15000}]
2026-03-03 10:41:42.646 [nacos-grpc-client-executor-127.0.0.1-9495] INFO  com.alibaba.nacos.client.naming - current ips:(0) service: DEFAULT_GROUP@@communitysharing-search -> []
2026-03-03 10:41:42.653 [nacos-grpc-client-executor-127.0.0.1-9495] INFO  c.alibaba.nacos.common.remote.client - [bac2d871-fa9b-4a86-a3c4-dd08751c6dbb] Ack server push request, request = NotifySubscriberRequest, requestId = 320
2026-03-03 10:41:43.200 [SpringApplicationShutdownHook] INFO  c.a.c.n.r.NacosServiceRegistry - De-registering from Nacos Server now...
2026-03-03 10:41:43.200 [SpringApplicationShutdownHook] INFO  com.alibaba.nacos.client.naming - [DEREGISTER-SERVICE] 2e254952-9803-4eae-8771-b086042c797f deregistering service communitysharing-algin with instance: Instance{instanceId='null', ip='26.26.26.1', port=8090, weight=1.0, healthy=true, enabled=true, ephemeral=true, clusterName='DEFAULT', serviceName='null', metadata={}}
2026-03-03 10:41:43.206 [SpringApplicationShutdownHook] INFO  c.a.c.n.r.NacosServiceRegistry - De-registration finished.
2026-03-03 10:41:43.208 [SpringApplicationShutdownHook] INFO  com.alibaba.nacos.client.naming - com.alibaba.nacos.client.naming.cache.ServiceInfoHolder do shutdown begin
2026-03-03 10:41:43.208 [SpringApplicationShutdownHook] INFO  com.alibaba.nacos.client.naming - com.alibaba.nacos.client.naming.backups.FailoverReactor do shutdown begin
2026-03-03 10:41:43.208 [SpringApplicationShutdownHook] INFO  com.alibaba.nacos.client.naming - com.alibaba.nacos.client.naming.backups.FailoverReactor do shutdown stop
2026-03-03 10:41:43.208 [SpringApplicationShutdownHook] INFO  com.alibaba.nacos.client.naming - com.alibaba.nacos.client.naming.cache.ServiceInfoHolder do shutdown stop
2026-03-03 10:41:43.208 [SpringApplicationShutdownHook] INFO  com.alibaba.nacos.client.naming - com.alibaba.nacos.client.naming.remote.NamingClientProxyDelegate do shutdown begin
2026-03-03 10:41:43.208 [SpringApplicationShutdownHook] INFO  com.alibaba.nacos.client.naming - com.alibaba.nacos.client.naming.core.ServiceInfoUpdateService do shutdown begin
2026-03-03 10:41:43.208 [SpringApplicationShutdownHook] INFO  com.alibaba.nacos.client.naming - com.alibaba.nacos.client.naming.core.ServiceInfoUpdateService do shutdown stop
2026-03-03 10:41:43.208 [SpringApplicationShutdownHook] INFO  com.alibaba.nacos.client.naming - com.alibaba.nacos.client.naming.core.ServerListManager do shutdown begin
2026-03-03 10:41:43.208 [SpringApplicationShutdownHook] WARN  com.alibaba.nacos.client.naming - [NamingHttpClientManager] Start destroying NacosRestTemplate
2026-03-03 10:41:43.208 [SpringApplicationShutdownHook] WARN  com.alibaba.nacos.client.naming - [NamingHttpClientManager] Destruction of the end
2026-03-03 10:41:43.208 [SpringApplicationShutdownHook] INFO  com.alibaba.nacos.client.naming - com.alibaba.nacos.client.naming.core.ServerListManager do shutdown stop
2026-03-03 10:41:43.208 [SpringApplicationShutdownHook] INFO  com.alibaba.nacos.client.naming - com.alibaba.nacos.client.naming.remote.http.NamingHttpClientProxy do shutdown begin
2026-03-03 10:41:43.208 [SpringApplicationShutdownHook] WARN  com.alibaba.nacos.client.naming - [NamingHttpClientManager] Start destroying NacosRestTemplate
2026-03-03 10:41:43.208 [SpringApplicationShutdownHook] WARN  com.alibaba.nacos.client.naming - [NamingHttpClientManager] Destruction of the end
2026-03-03 10:41:43.208 [SpringApplicationShutdownHook] INFO  com.alibaba.nacos.client.naming - com.alibaba.nacos.client.naming.remote.http.NamingHttpClientProxy do shutdown stop
2026-03-03 10:41:43.209 [SpringApplicationShutdownHook] INFO  c.alibaba.nacos.common.remote.client - Shutdown rpc client, set status to shutdown
2026-03-03 10:41:43.209 [SpringApplicationShutdownHook] INFO  c.alibaba.nacos.common.remote.client - Shutdown client event executor java.util.concurrent.ScheduledThreadPoolExecutor@4b01bc37[Running, pool size = 2, active threads = 2, queued tasks = 0, completed tasks = 0]
2026-03-03 10:41:43.209 [SpringApplicationShutdownHook] INFO  c.alibaba.nacos.common.remote.client - Close current connection 1772458106468_172.17.0.1_39180
2026-03-03 10:41:43.211 [nacos-grpc-client-executor-127.0.0.1-9497] INFO  c.a.n.c.r.client.grpc.GrpcClient - [1772458106468_172.17.0.1_39180]Ignore complete event,isRunning:false,isAbandon=false
2026-03-03 10:41:43.223 [SpringApplicationShutdownHook] INFO  c.a.n.c.r.client.grpc.GrpcClient - Shutdown grpc executor java.util.concurrent.ThreadPoolExecutor@5a4bfc99[Running, pool size = 5, active threads = 0, queued tasks = 0, completed tasks = 9498]
2026-03-03 10:41:43.223 [SpringApplicationShutdownHook] INFO  com.alibaba.nacos.client.naming - Shutdown grpc redo service executor java.util.concurrent.ScheduledThreadPoolExecutor@5fae22ff[Running, pool size = 1, active threads = 0, queued tasks = 1, completed tasks = 15832]
2026-03-03 10:41:43.223 [SpringApplicationShutdownHook] INFO  c.a.n.c.a.r.i.CredentialWatcher - [null] CredentialWatcher is stopped
2026-03-03 10:41:43.223 [SpringApplicationShutdownHook] INFO  c.a.n.c.a.r.i.CredentialService - [null] CredentialService is freed
2026-03-03 10:41:43.223 [SpringApplicationShutdownHook] INFO  com.alibaba.nacos.client.naming - com.alibaba.nacos.client.naming.remote.NamingClientProxyDelegate do shutdown stop
2026-03-03 10:41:43.227 [Thread-22] INFO  com.xxl.job.core.server.EmbedServer - >>>>>>>>>>> xxl-job remoting server stop.
2026-03-03 10:41:43.232 [xxl-job, executor ExecutorRegistryThread] INFO  c.x.j.c.t.ExecutorRegistryThread - >>>>>>>>>>> xxl-job registry-remove success, registryParam:RegistryParam{registryGroup='EXECUTOR', registryKey='xxl-job-executor-communitysharing', registryValue='http://26.26.26.1:10002/'}, registryResult:Response{code=200, msg='Success', data=null}
2026-03-03 10:41:43.236 [xxl-job, executor ExecutorRegistryThread] INFO  c.x.j.c.t.ExecutorRegistryThread - >>>>>>>>>>> xxl-job, executor registry thread destroy.
2026-03-03 10:41:43.236 [SpringApplicationShutdownHook] INFO  com.xxl.job.core.server.EmbedServer - >>>>>>>>>>> xxl-job remoting server destroy success.
2026-03-03 10:41:43.236 [xxl-job, executor JobLogFileCleanThread] INFO  c.x.j.c.thread.JobLogFileCleanThread - >>>>>>>>>>> xxl-job, executor JobLogFileCleanThread thread destroy.
2026-03-03 10:41:43.236 [xxl-job, executor TriggerCallbackThread] INFO  c.x.j.c.thread.TriggerCallbackThread - >>>>>>>>>>> xxl-job, executor callback thread destroy.
2026-03-03 10:41:43.237 [xxl-job, executor TriggerRetryCallbackThread] INFO  c.x.j.c.thread.TriggerCallbackThread - >>>>>>>>>>> xxl-job, executor retry callback thread destroy.
2026-03-03 10:41:43.243 [SpringApplicationShutdownHook] INFO  o.a.r.s.s.DefaultRocketMQListenerContainer - container destroyed, DefaultRocketMQListenerContainer{consumerGroup='communitysharing_group_algin_ContentOperationRecordTopic', namespace='', nameServer='127.0.0.1:9876', topic='ContentOperationRecordTopic', consumeMode=CONCURRENTLY, selectorType=TAG, selectorExpression='*', messageModel=CLUSTERING', tlsEnable=false, instanceName=DEFAULT}
2026-03-03 10:41:43.244 [SpringApplicationShutdownHook] INFO  o.a.r.s.s.DefaultRocketMQListenerContainer - container destroyed, DefaultRocketMQListenerContainer{consumerGroup='communitysharing_group_algin_ContentLikeCountChangeTopic', namespace='', nameServer='127.0.0.1:9876', topic='ContentLikeCountChangeTopic', consumeMode=CONCURRENTLY, selectorType=TAG, selectorExpression='*', messageModel=CLUSTERING', tlsEnable=false, instanceName=DEFAULT}
2026-03-03 10:41:43.244 [SpringApplicationShutdownHook] INFO  o.a.r.s.s.DefaultRocketMQListenerContainer - container destroyed, DefaultRocketMQListenerContainer{consumerGroup='communitysharing_group_algin_FollowCountTopic', namespace='', nameServer='127.0.0.1:9876', topic='FollowCountTopic', consumeMode=CONCURRENTLY, selectorType=TAG, selectorExpression='*', messageModel=CLUSTERING', tlsEnable=false, instanceName=DEFAULT}
2026-03-03 10:41:43.244 [SpringApplicationShutdownHook] INFO  o.a.r.s.s.DefaultRocketMQListenerContainer - container destroyed, DefaultRocketMQListenerContainer{consumerGroup='communitysharing_group_algin_ContentCollectCountChangeTopic', namespace='', nameServer='127.0.0.1:9876', topic='ContentCollectCountChangeTopic', consumeMode=CONCURRENTLY, selectorType=TAG, selectorExpression='*', messageModel=CLUSTERING', tlsEnable=false, instanceName=DEFAULT}
2026-03-03 10:41:43.245 [SpringApplicationShutdownHook] INFO  c.alibaba.druid.pool.DruidDataSource - {dataSource-1} closing ...
2026-03-03 10:41:43.248 [SpringApplicationShutdownHook] INFO  c.alibaba.druid.pool.DruidDataSource - {dataSource-1} closed
