2026-03-02 00:03:46.047 [main] WARN  c.a.n.client.logging.NacosLogging - Load Logback Configuration of Nacos fail, message: Could not initialize Logback Nacos logging from classpath:nacos-logback.xml
2026-03-02 00:03:46.096 [main] WARN  c.a.n.client.logging.NacosLogging - Load Logback Configuration of Nacos fail, message: Could not initialize Logback Nacos logging from classpath:nacos-logback.xml
2026-03-02 00:03:46.305 [main] WARN  c.a.n.client.logging.NacosLogging - Load Logback Configuration of Nacos fail, message: Could not initialize Logback Nacos logging from classpath:nacos-logback.xml
2026-03-02 00:03:46.306 [main] INFO  c.a.nacos.client.utils.ParamUtil - [settings] [req-serv] nacos-server port:8848
2026-03-02 00:03:46.306 [main] INFO  c.a.nacos.client.utils.ParamUtil - [settings] [http-client] connect timeout:1000
2026-03-02 00:03:46.306 [main] INFO  c.a.nacos.client.utils.ParamUtil - PER_TASK_CONFIG_SIZE: 3000.0
2026-03-02 00:03:46.333 [main] INFO  c.a.n.p.a.s.c.ClientAuthPluginManager - [ClientAuthPluginManager] Load ClientAuthService com.alibaba.nacos.client.auth.impl.NacosClientAuthServiceImpl success.
2026-03-02 00:03:46.334 [main] INFO  c.a.n.p.a.s.c.ClientAuthPluginManager - [ClientAuthPluginManager] Load ClientAuthService com.alibaba.nacos.client.auth.ram.RamClientAuthServiceImpl success.
2026-03-02 00:03:46.336 [main] INFO  c.a.n.c.a.r.i.CredentialWatcher - null No credential found
2026-03-02 00:03:46.615 [main] WARN  c.a.n.client.logging.NacosLogging - Load Logback Configuration of Nacos fail, message: Could not initialize Logback Nacos logging from classpath:nacos-logback.xml
2026-03-02 00:03:46.625 [main] INFO  c.a.n.c.c.i.LocalConfigInfoProcessor - LOCAL_SNAPSHOT_PATH:C:\Users\moonth\nacos\config
2026-03-02 00:03:46.628 [main] INFO  c.alibaba.nacos.common.remote.client - [RpcClientFactory] create a new rpc client of 3830a714-af5d-41bf-96eb-63ad047073ac_config-0
2026-03-02 00:03:46.638 [main] INFO  c.alibaba.nacos.common.remote.client - [3830a714-af5d-41bf-96eb-63ad047073ac_config-0] Register server push request handler:com.alibaba.nacos.client.config.impl.ClientWorker$ConfigRpcTransportClient$$Lambda$589/0x0000000800f91540
2026-03-02 00:03:46.639 [main] INFO  c.alibaba.nacos.common.remote.client - [3830a714-af5d-41bf-96eb-63ad047073ac_config-0] Register server push request handler:com.alibaba.nacos.client.config.impl.ClientWorker$ConfigRpcTransportClient$$Lambda$590/0x0000000800f91960
2026-03-02 00:03:46.640 [main] INFO  c.alibaba.nacos.common.remote.client - [3830a714-af5d-41bf-96eb-63ad047073ac_config-0] Registry connection listener to current client:com.alibaba.nacos.client.config.impl.ClientWorker$ConfigRpcTransportClient$1
2026-03-02 00:03:46.640 [main] INFO  c.alibaba.nacos.common.remote.client - [3830a714-af5d-41bf-96eb-63ad047073ac_config-0] RpcClient init, ServerListFactory = com.alibaba.nacos.client.config.impl.ClientWorker$ConfigRpcTransportClient$2
2026-03-02 00:03:46.648 [main] INFO  c.alibaba.nacos.common.remote.client - [3830a714-af5d-41bf-96eb-63ad047073ac_config-0] Try to connect to server on start up, server: {serverIp = '127.0.0.1', server main port = 8848}
2026-03-02 00:03:46.680 [main] INFO  c.a.n.c.r.client.grpc.GrpcClient - grpc client connection server:127.0.0.1 ip,serverPort:9848,grpcTslConfig:{"sslProvider":"OPENSSL","enableTls":false,"mutualAuthEnable":false,"trustAll":false}
2026-03-02 00:03:47.364 [main] INFO  c.alibaba.nacos.common.remote.client - [3830a714-af5d-41bf-96eb-63ad047073ac_config-0] Success to connect to server [127.0.0.1:8848] on start up, connectionId = 1772381027185_172.17.0.1_39448
2026-03-02 00:03:47.365 [com.alibaba.nacos.client.remote.worker] INFO  c.alibaba.nacos.common.remote.client - [3830a714-af5d-41bf-96eb-63ad047073ac_config-0] Notify connected event to listeners.
2026-03-02 00:03:47.365 [com.alibaba.nacos.client.remote.worker] INFO  c.a.n.c.config.impl.ClientWorker - [3830a714-af5d-41bf-96eb-63ad047073ac_config-0] Connected,notify listen context...
2026-03-02 00:03:47.365 [main] INFO  c.alibaba.nacos.common.remote.client - [3830a714-af5d-41bf-96eb-63ad047073ac_config-0] Register server push request handler:com.alibaba.nacos.common.remote.client.RpcClient$ConnectResetRequestHandler
2026-03-02 00:03:47.365 [main] INFO  c.alibaba.nacos.common.remote.client - [3830a714-af5d-41bf-96eb-63ad047073ac_config-0] Register server push request handler:com.alibaba.nacos.common.remote.client.RpcClient$$Lambda$610/0x00000008010d8d88
2026-03-02 00:03:47.392 [main] INFO  c.a.nacos.client.config.impl.Limiter - limitTime:5.0
2026-03-02 00:03:47.437 [main] INFO  c.a.n.client.config.utils.JvmUtil - isMultiInstance:false
2026-03-02 00:03:47.449 [main] WARN  c.a.c.n.c.NacosPropertySourceBuilder - Ignore the empty nacos configuration and get it based on dataId[communitysharing-auth.yaml] & group[DEFAULT_GROUP]
2026-03-02 00:03:47.478 [main] INFO  o.s.c.b.c.PropertySourceBootstrapConfiguration - Located property source: [BootstrapPropertySource {name='bootstrapProperties-communitysharing-auth-dev.yaml,DEFAULT_GROUP'}, BootstrapPropertySource {name='bootstrapProperties-communitysharing-auth.yaml,DEFAULT_GROUP'}, BootstrapPropertySource {name='bootstrapProperties-communitysharing-auth,DEFAULT_GROUP'}]
2026-03-02 00:03:47.499 [main] WARN  c.a.n.client.logging.NacosLogging - Load Logback Configuration of Nacos fail, message: Could not initialize Logback Nacos logging from classpath:nacos-logback.xml
2026-03-02 00:03:47.500 [main] INFO  c.t.c.a.CommunitysharingAuthApplication - The following 1 profile is active: "dev"
2026-03-02 00:03:47.925 [main] INFO  o.s.d.r.c.RepositoryConfigurationDelegate - Multiple Spring Data modules found, entering strict repository configuration mode
2026-03-02 00:03:47.928 [main] INFO  o.s.d.r.c.RepositoryConfigurationDelegate - Bootstrapping Spring Data Redis repositories in DEFAULT mode.
2026-03-02 00:03:47.947 [main] INFO  o.s.d.r.c.RepositoryConfigurationDelegate - Finished Spring Data repository scanning in 9 ms. Found 0 Redis repository interfaces.
2026-03-02 00:03:48.105 [main] INFO  o.s.cloud.context.scope.GenericScope - BeanFactory id=abd8935e-ba1c-345c-a284-e626a43b7c2b
2026-03-02 00:03:48.117 [main] INFO  o.s.c.s.PostProcessorRegistrationDelegate$BeanPostProcessorChecker - Bean 'com.taoxin.communitysharing.notify.api.NotifyFeignApi' of type [org.springframework.cloud.openfeign.FeignClientFactoryBean] is not eligible for getting processed by all BeanPostProcessors (for example: not eligible for auto-proxying)
2026-03-02 00:03:48.118 [main] INFO  o.s.c.s.PostProcessorRegistrationDelegate$BeanPostProcessorChecker - Bean 'com.taoxin.communitysharing.search.user.api.UserFeignApi' of type [org.springframework.cloud.openfeign.FeignClientFactoryBean] is not eligible for getting processed by all BeanPostProcessors (for example: not eligible for auto-proxying)
2026-03-02 00:03:48.437 [main] INFO  o.s.b.w.e.tomcat.TomcatWebServer - Tomcat initialized with port(s): 8080 (http)
2026-03-02 00:03:48.445 [main] INFO  o.a.catalina.core.StandardService - Starting service [Tomcat]
2026-03-02 00:03:48.446 [main] INFO  o.a.catalina.core.StandardEngine - Starting Servlet engine: [Apache Tomcat/10.1.5]
2026-03-02 00:03:48.540 [main] INFO  o.a.c.c.C.[Tomcat].[localhost].[/] - Initializing Spring embedded WebApplicationContext
2026-03-02 00:03:48.540 [main] INFO  o.s.b.w.s.c.ServletWebServerApplicationContext - Root WebApplicationContext: initialization completed in 1028 ms
2026-03-02 00:03:48.688 [main] INFO  o.s.c.o.FeignClientFactoryBean - For 'communitysharing-notify' URL not provided. Will try picking an instance via load-balancing.
2026-03-02 00:03:48.926 [main] INFO  c.t.c.a.config.PasswordEncoderConfig - =======> 创建密码加密器
2026-03-02 00:03:48.937 [main] INFO  o.s.c.o.FeignClientFactoryBean - For 'communitysharing-user' URL not provided. Will try picking an instance via load-balancing.
2026-03-02 00:03:49.728 [main] WARN  o.s.c.l.c.LoadBalancerCacheAutoConfiguration$LoadBalancerCaffeineWarnLogger - Spring Cloud LoadBalancer is currently working with the default cache. While this cache implementation is useful for development and tests, it's recommended to use Caffeine cache in production.You can switch to using Caffeine cache, by adding it and org.springframework.cache.caffeine.CaffeineCacheManager to the classpath.
2026-03-02 00:03:49.768 [main] INFO  o.s.b.w.e.tomcat.TomcatWebServer - Tomcat started on port(s): 8080 (http) with context path ''
2026-03-02 00:03:49.771 [main] INFO  com.alibaba.nacos.client.naming - initializer namespace from ans.namespace attribute : null
2026-03-02 00:03:49.771 [main] INFO  com.alibaba.nacos.client.naming - initializer namespace from ALIBABA_ALIWARE_NAMESPACE attribute :null
2026-03-02 00:03:49.771 [main] INFO  com.alibaba.nacos.client.naming - initializer namespace from namespace attribute :null
2026-03-02 00:03:49.776 [main] INFO  c.a.n.p.a.s.c.ClientAuthPluginManager - [ClientAuthPluginManager] Load ClientAuthService com.alibaba.nacos.client.auth.impl.NacosClientAuthServiceImpl success.
2026-03-02 00:03:49.777 [main] INFO  c.a.n.p.a.s.c.ClientAuthPluginManager - [ClientAuthPluginManager] Load ClientAuthService com.alibaba.nacos.client.auth.ram.RamClientAuthServiceImpl success.
2026-03-02 00:03:49.779 [main] INFO  c.alibaba.nacos.common.remote.client - [RpcClientFactory] create a new rpc client of 50b8a74a-3d7a-4d97-a84f-85c2dd35e2cc
2026-03-02 00:03:49.780 [main] INFO  c.alibaba.nacos.common.remote.client - [50b8a74a-3d7a-4d97-a84f-85c2dd35e2cc] RpcClient init, ServerListFactory = com.alibaba.nacos.client.naming.core.ServerListManager
2026-03-02 00:03:49.780 [main] INFO  c.alibaba.nacos.common.remote.client - [50b8a74a-3d7a-4d97-a84f-85c2dd35e2cc] Registry connection listener to current client:com.alibaba.nacos.client.naming.remote.gprc.redo.NamingGrpcRedoService
2026-03-02 00:03:49.780 [main] INFO  c.alibaba.nacos.common.remote.client - [50b8a74a-3d7a-4d97-a84f-85c2dd35e2cc] Register server push request handler:com.alibaba.nacos.client.naming.remote.gprc.NamingPushRequestHandler
2026-03-02 00:03:49.780 [main] INFO  c.alibaba.nacos.common.remote.client - [50b8a74a-3d7a-4d97-a84f-85c2dd35e2cc] Try to connect to server on start up, server: {serverIp = '127.0.0.1', server main port = 8848}
2026-03-02 00:03:49.780 [main] INFO  c.a.n.c.r.client.grpc.GrpcClient - grpc client connection server:127.0.0.1 ip,serverPort:9848,grpcTslConfig:{"sslProvider":"OPENSSL","enableTls":false,"mutualAuthEnable":false,"trustAll":false}
2026-03-02 00:03:49.891 [main] INFO  c.alibaba.nacos.common.remote.client - [50b8a74a-3d7a-4d97-a84f-85c2dd35e2cc] Success to connect to server [127.0.0.1:8848] on start up, connectionId = 1772381029786_172.17.0.1_39458
2026-03-02 00:03:49.891 [main] INFO  c.alibaba.nacos.common.remote.client - [50b8a74a-3d7a-4d97-a84f-85c2dd35e2cc] Register server push request handler:com.alibaba.nacos.common.remote.client.RpcClient$ConnectResetRequestHandler
2026-03-02 00:03:49.891 [main] INFO  c.alibaba.nacos.common.remote.client - [50b8a74a-3d7a-4d97-a84f-85c2dd35e2cc] Register server push request handler:com.alibaba.nacos.common.remote.client.RpcClient$$Lambda$610/0x00000008010d8d88
2026-03-02 00:03:49.891 [com.alibaba.nacos.client.remote.worker] INFO  c.alibaba.nacos.common.remote.client - [50b8a74a-3d7a-4d97-a84f-85c2dd35e2cc] Notify connected event to listeners.
2026-03-02 00:03:49.891 [com.alibaba.nacos.client.remote.worker] INFO  com.alibaba.nacos.client.naming - Grpc connection connect
2026-03-02 00:03:49.892 [main] INFO  com.alibaba.nacos.client.naming - [REGISTER-SERVICE] 2e254952-9803-4eae-8771-b086042c797f registering service communitysharing-auth with instance Instance{instanceId='null', ip='26.26.26.1', port=8080, weight=1.0, healthy=true, enabled=true, ephemeral=true, clusterName='DEFAULT', serviceName='null', metadata={IPv6=null, preserved.register.source=SPRING_CLOUD}}
2026-03-02 00:03:49.905 [main] INFO  c.a.c.n.r.NacosServiceRegistry - nacos registry, DEFAULT_GROUP communitysharing-auth 26.26.26.1:8080 register finished
2026-03-02 00:03:50.062 [main] INFO  c.t.c.a.CommunitysharingAuthApplication - Started CommunitysharingAuthApplication in 4.556 seconds (process running for 5.579)
2026-03-02 00:03:50.066 [main] INFO  c.a.n.client.config.impl.CacheData - nacos.cache.data.init.snapshot = true 
2026-03-02 00:03:50.067 [main] INFO  c.a.n.c.config.impl.ClientWorker - [fixed-2e254952-9803-4eae-8771-b086042c797f-127.0.0.1_8848] [subscribe] communitysharing-auth-dev.yaml+DEFAULT_GROUP+2e254952-9803-4eae-8771-b086042c797f
2026-03-02 00:03:50.072 [main] INFO  c.a.n.client.config.impl.CacheData - [fixed-2e254952-9803-4eae-8771-b086042c797f-127.0.0.1_8848] [add-listener] ok, tenant=2e254952-9803-4eae-8771-b086042c797f, dataId=communitysharing-auth-dev.yaml, group=DEFAULT_GROUP, cnt=1
2026-03-02 00:03:50.072 [main] INFO  c.a.c.n.r.NacosContextRefresher - [Nacos Config] Listening config: dataId=communitysharing-auth-dev.yaml, group=DEFAULT_GROUP
2026-03-02 00:03:50.073 [main] INFO  c.a.n.c.config.impl.ClientWorker - [fixed-2e254952-9803-4eae-8771-b086042c797f-127.0.0.1_8848] [subscribe] communitysharing-auth.yaml+DEFAULT_GROUP+2e254952-9803-4eae-8771-b086042c797f
2026-03-02 00:03:50.073 [main] INFO  c.a.n.client.config.impl.CacheData - [fixed-2e254952-9803-4eae-8771-b086042c797f-127.0.0.1_8848] [add-listener] ok, tenant=2e254952-9803-4eae-8771-b086042c797f, dataId=communitysharing-auth.yaml, group=DEFAULT_GROUP, cnt=1
2026-03-02 00:03:50.073 [main] INFO  c.a.c.n.r.NacosContextRefresher - [Nacos Config] Listening config: dataId=communitysharing-auth.yaml, group=DEFAULT_GROUP
2026-03-02 00:03:50.074 [main] INFO  c.a.n.c.config.impl.ClientWorker - [fixed-2e254952-9803-4eae-8771-b086042c797f-127.0.0.1_8848] [subscribe] communitysharing-auth+DEFAULT_GROUP+2e254952-9803-4eae-8771-b086042c797f
2026-03-02 00:03:50.074 [main] INFO  c.a.n.client.config.impl.CacheData - [fixed-2e254952-9803-4eae-8771-b086042c797f-127.0.0.1_8848] [add-listener] ok, tenant=2e254952-9803-4eae-8771-b086042c797f, dataId=communitysharing-auth, group=DEFAULT_GROUP, cnt=1
2026-03-02 00:03:50.074 [main] INFO  c.a.c.n.r.NacosContextRefresher - [Nacos Config] Listening config: dataId=communitysharing-auth, group=DEFAULT_GROUP
2026-03-02 16:06:03.286 [Thread-7] WARN  c.a.nacos.common.notify.NotifyCenter - [NotifyCenter] Start destroying Publisher
2026-03-02 16:06:03.286 [Thread-1] WARN  c.a.n.c.http.HttpClientBeanHolder - [HttpClientBeanHolder] Start destroying common HttpClient
2026-03-02 16:06:03.298 [Thread-7] WARN  c.a.nacos.common.notify.NotifyCenter - [NotifyCenter] Destruction of the end
2026-03-02 16:06:03.302 [Thread-1] WARN  c.a.n.c.http.HttpClientBeanHolder - [HttpClientBeanHolder] Destruction of the end
2026-03-02 16:06:03.601 [SpringApplicationShutdownHook] INFO  c.a.c.n.r.NacosServiceRegistry - De-registering from Nacos Server now...
2026-03-02 16:06:03.603 [SpringApplicationShutdownHook] INFO  com.alibaba.nacos.client.naming - [DEREGISTER-SERVICE] 2e254952-9803-4eae-8771-b086042c797f deregistering service communitysharing-auth with instance: Instance{instanceId='null', ip='26.26.26.1', port=8080, weight=1.0, healthy=true, enabled=true, ephemeral=true, clusterName='DEFAULT', serviceName='null', metadata={}}
2026-03-02 16:06:03.614 [SpringApplicationShutdownHook] INFO  c.a.c.n.r.NacosServiceRegistry - De-registration finished.
2026-03-02 16:06:03.616 [SpringApplicationShutdownHook] INFO  com.alibaba.nacos.client.naming - com.alibaba.nacos.client.naming.cache.ServiceInfoHolder do shutdown begin
2026-03-02 16:06:03.617 [SpringApplicationShutdownHook] INFO  com.alibaba.nacos.client.naming - com.alibaba.nacos.client.naming.backups.FailoverReactor do shutdown begin
2026-03-02 16:06:03.618 [SpringApplicationShutdownHook] INFO  com.alibaba.nacos.client.naming - com.alibaba.nacos.client.naming.backups.FailoverReactor do shutdown stop
2026-03-02 16:06:03.618 [SpringApplicationShutdownHook] INFO  com.alibaba.nacos.client.naming - com.alibaba.nacos.client.naming.cache.ServiceInfoHolder do shutdown stop
2026-03-02 16:06:03.618 [SpringApplicationShutdownHook] INFO  com.alibaba.nacos.client.naming - com.alibaba.nacos.client.naming.remote.NamingClientProxyDelegate do shutdown begin
2026-03-02 16:06:03.619 [SpringApplicationShutdownHook] INFO  com.alibaba.nacos.client.naming - com.alibaba.nacos.client.naming.core.ServiceInfoUpdateService do shutdown begin
2026-03-02 16:06:03.619 [SpringApplicationShutdownHook] INFO  com.alibaba.nacos.client.naming - com.alibaba.nacos.client.naming.core.ServiceInfoUpdateService do shutdown stop
2026-03-02 16:06:03.620 [SpringApplicationShutdownHook] INFO  com.alibaba.nacos.client.naming - com.alibaba.nacos.client.naming.core.ServerListManager do shutdown begin
2026-03-02 16:06:03.620 [SpringApplicationShutdownHook] WARN  com.alibaba.nacos.client.naming - [NamingHttpClientManager] Start destroying NacosRestTemplate
2026-03-02 16:06:03.620 [SpringApplicationShutdownHook] WARN  com.alibaba.nacos.client.naming - [NamingHttpClientManager] Destruction of the end
2026-03-02 16:06:03.620 [SpringApplicationShutdownHook] INFO  com.alibaba.nacos.client.naming - com.alibaba.nacos.client.naming.core.ServerListManager do shutdown stop
2026-03-02 16:06:03.620 [SpringApplicationShutdownHook] INFO  com.alibaba.nacos.client.naming - com.alibaba.nacos.client.naming.remote.http.NamingHttpClientProxy do shutdown begin
2026-03-02 16:06:03.620 [SpringApplicationShutdownHook] WARN  com.alibaba.nacos.client.naming - [NamingHttpClientManager] Start destroying NacosRestTemplate
2026-03-02 16:06:03.620 [SpringApplicationShutdownHook] WARN  com.alibaba.nacos.client.naming - [NamingHttpClientManager] Destruction of the end
2026-03-02 16:06:03.620 [SpringApplicationShutdownHook] INFO  com.alibaba.nacos.client.naming - com.alibaba.nacos.client.naming.remote.http.NamingHttpClientProxy do shutdown stop
2026-03-02 16:06:03.621 [SpringApplicationShutdownHook] INFO  c.alibaba.nacos.common.remote.client - Shutdown rpc client, set status to shutdown
2026-03-02 16:06:03.622 [SpringApplicationShutdownHook] INFO  c.alibaba.nacos.common.remote.client - Shutdown client event executor java.util.concurrent.ScheduledThreadPoolExecutor@48914d9e[Running, pool size = 2, active threads = 2, queued tasks = 0, completed tasks = 0]
2026-03-02 16:06:03.622 [SpringApplicationShutdownHook] INFO  c.alibaba.nacos.common.remote.client - Close current connection 1772381029786_172.17.0.1_39458
2026-03-02 16:06:03.628 [nacos-grpc-client-executor-127.0.0.1-11513] INFO  c.a.n.c.r.client.grpc.GrpcClient - [1772381029786_172.17.0.1_39458]Ignore complete event,isRunning:false,isAbandon=false
2026-03-02 16:06:03.654 [SpringApplicationShutdownHook] INFO  c.a.n.c.r.client.grpc.GrpcClient - Shutdown grpc executor java.util.concurrent.ThreadPoolExecutor@6359a5ea[Running, pool size = 4, active threads = 0, queued tasks = 0, completed tasks = 11514]
2026-03-02 16:06:03.655 [SpringApplicationShutdownHook] INFO  com.alibaba.nacos.client.naming - Shutdown grpc redo service executor java.util.concurrent.ScheduledThreadPoolExecutor@330daad2[Running, pool size = 1, active threads = 0, queued tasks = 1, completed tasks = 19193]
2026-03-02 16:06:03.655 [SpringApplicationShutdownHook] INFO  c.a.n.c.a.r.i.CredentialWatcher - [null] CredentialWatcher is stopped
2026-03-02 16:06:03.656 [SpringApplicationShutdownHook] INFO  c.a.n.c.a.r.i.CredentialService - [null] CredentialService is freed
2026-03-02 16:06:03.656 [SpringApplicationShutdownHook] INFO  com.alibaba.nacos.client.naming - com.alibaba.nacos.client.naming.remote.NamingClientProxyDelegate do shutdown stop
2026-03-02 16:14:34.519 [main] WARN  c.a.n.client.logging.NacosLogging - Load Logback Configuration of Nacos fail, message: Could not initialize Logback Nacos logging from classpath:nacos-logback.xml
2026-03-02 16:14:34.570 [main] WARN  c.a.n.client.logging.NacosLogging - Load Logback Configuration of Nacos fail, message: Could not initialize Logback Nacos logging from classpath:nacos-logback.xml
2026-03-02 16:14:34.774 [main] WARN  c.a.n.client.logging.NacosLogging - Load Logback Configuration of Nacos fail, message: Could not initialize Logback Nacos logging from classpath:nacos-logback.xml
2026-03-02 16:14:34.777 [main] INFO  c.a.nacos.client.utils.ParamUtil - [settings] [req-serv] nacos-server port:8848
2026-03-02 16:14:34.777 [main] INFO  c.a.nacos.client.utils.ParamUtil - [settings] [http-client] connect timeout:1000
2026-03-02 16:14:34.778 [main] INFO  c.a.nacos.client.utils.ParamUtil - PER_TASK_CONFIG_SIZE: 3000.0
2026-03-02 16:14:34.810 [main] INFO  c.a.n.p.a.s.c.ClientAuthPluginManager - [ClientAuthPluginManager] Load ClientAuthService com.alibaba.nacos.client.auth.impl.NacosClientAuthServiceImpl success.
2026-03-02 16:14:34.810 [main] INFO  c.a.n.p.a.s.c.ClientAuthPluginManager - [ClientAuthPluginManager] Load ClientAuthService com.alibaba.nacos.client.auth.ram.RamClientAuthServiceImpl success.
2026-03-02 16:14:34.813 [main] INFO  c.a.n.c.a.r.i.CredentialWatcher - null No credential found
2026-03-02 16:14:35.145 [main] WARN  c.a.n.client.logging.NacosLogging - Load Logback Configuration of Nacos fail, message: Could not initialize Logback Nacos logging from classpath:nacos-logback.xml
2026-03-02 16:14:35.157 [main] INFO  c.a.n.c.c.i.LocalConfigInfoProcessor - LOCAL_SNAPSHOT_PATH:C:\Users\moonth\nacos\config
2026-03-02 16:14:35.160 [main] INFO  c.alibaba.nacos.common.remote.client - [RpcClientFactory] create a new rpc client of 3860892f-ee49-4833-9296-5c3ff6914760_config-0
2026-03-02 16:14:35.173 [main] INFO  c.alibaba.nacos.common.remote.client - [3860892f-ee49-4833-9296-5c3ff6914760_config-0] Register server push request handler:com.alibaba.nacos.client.config.impl.ClientWorker$ConfigRpcTransportClient$$Lambda$589/0x0000000800f917a8
2026-03-02 16:14:35.173 [main] INFO  c.alibaba.nacos.common.remote.client - [3860892f-ee49-4833-9296-5c3ff6914760_config-0] Register server push request handler:com.alibaba.nacos.client.config.impl.ClientWorker$ConfigRpcTransportClient$$Lambda$590/0x0000000800f91bc8
2026-03-02 16:14:35.173 [main] INFO  c.alibaba.nacos.common.remote.client - [3860892f-ee49-4833-9296-5c3ff6914760_config-0] Registry connection listener to current client:com.alibaba.nacos.client.config.impl.ClientWorker$ConfigRpcTransportClient$1
2026-03-02 16:14:35.174 [main] INFO  c.alibaba.nacos.common.remote.client - [3860892f-ee49-4833-9296-5c3ff6914760_config-0] RpcClient init, ServerListFactory = com.alibaba.nacos.client.config.impl.ClientWorker$ConfigRpcTransportClient$2
2026-03-02 16:14:35.180 [main] INFO  c.alibaba.nacos.common.remote.client - [3860892f-ee49-4833-9296-5c3ff6914760_config-0] Try to connect to server on start up, server: {serverIp = '127.0.0.1', server main port = 8848}
2026-03-02 16:14:35.217 [main] INFO  c.a.n.c.r.client.grpc.GrpcClient - grpc client connection server:127.0.0.1 ip,serverPort:9848,grpcTslConfig:{"sslProvider":"OPENSSL","enableTls":false,"mutualAuthEnable":false,"trustAll":false}
2026-03-02 16:14:35.994 [main] INFO  c.alibaba.nacos.common.remote.client - [3860892f-ee49-4833-9296-5c3ff6914760_config-0] Success to connect to server [127.0.0.1:8848] on start up, connectionId = 1772439275819_172.17.0.1_33242
2026-03-02 16:14:35.994 [com.alibaba.nacos.client.remote.worker] INFO  c.alibaba.nacos.common.remote.client - [3860892f-ee49-4833-9296-5c3ff6914760_config-0] Notify connected event to listeners.
2026-03-02 16:14:35.995 [main] INFO  c.alibaba.nacos.common.remote.client - [3860892f-ee49-4833-9296-5c3ff6914760_config-0] Register server push request handler:com.alibaba.nacos.common.remote.client.RpcClient$ConnectResetRequestHandler
2026-03-02 16:14:35.995 [com.alibaba.nacos.client.remote.worker] INFO  c.a.n.c.config.impl.ClientWorker - [3860892f-ee49-4833-9296-5c3ff6914760_config-0] Connected,notify listen context...
2026-03-02 16:14:35.995 [main] INFO  c.alibaba.nacos.common.remote.client - [3860892f-ee49-4833-9296-5c3ff6914760_config-0] Register server push request handler:com.alibaba.nacos.common.remote.client.RpcClient$$Lambda$610/0x00000008010d8d88
2026-03-02 16:14:36.036 [main] INFO  c.a.nacos.client.config.impl.Limiter - limitTime:5.0
2026-03-02 16:14:36.228 [main] INFO  c.a.n.client.config.utils.JvmUtil - isMultiInstance:false
2026-03-02 16:14:36.241 [main] WARN  c.a.c.n.c.NacosPropertySourceBuilder - Ignore the empty nacos configuration and get it based on dataId[communitysharing-auth.yaml] & group[DEFAULT_GROUP]
2026-03-02 16:14:36.283 [main] INFO  o.s.c.b.c.PropertySourceBootstrapConfiguration - Located property source: [BootstrapPropertySource {name='bootstrapProperties-communitysharing-auth-dev.yaml,DEFAULT_GROUP'}, BootstrapPropertySource {name='bootstrapProperties-communitysharing-auth.yaml,DEFAULT_GROUP'}, BootstrapPropertySource {name='bootstrapProperties-communitysharing-auth,DEFAULT_GROUP'}]
2026-03-02 16:14:36.304 [main] WARN  c.a.n.client.logging.NacosLogging - Load Logback Configuration of Nacos fail, message: Could not initialize Logback Nacos logging from classpath:nacos-logback.xml
2026-03-02 16:14:36.305 [main] INFO  c.t.c.a.CommunitysharingAuthApplication - The following 1 profile is active: "dev"
2026-03-02 16:14:36.841 [main] INFO  o.s.d.r.c.RepositoryConfigurationDelegate - Multiple Spring Data modules found, entering strict repository configuration mode
2026-03-02 16:14:36.843 [main] INFO  o.s.d.r.c.RepositoryConfigurationDelegate - Bootstrapping Spring Data Redis repositories in DEFAULT mode.
2026-03-02 16:14:36.863 [main] INFO  o.s.d.r.c.RepositoryConfigurationDelegate - Finished Spring Data repository scanning in 9 ms. Found 0 Redis repository interfaces.
2026-03-02 16:14:37.077 [main] INFO  o.s.cloud.context.scope.GenericScope - BeanFactory id=abd8935e-ba1c-345c-a284-e626a43b7c2b
2026-03-02 16:14:37.090 [main] INFO  o.s.c.s.PostProcessorRegistrationDelegate$BeanPostProcessorChecker - Bean 'com.taoxin.communitysharing.notify.api.NotifyFeignApi' of type [org.springframework.cloud.openfeign.FeignClientFactoryBean] is not eligible for getting processed by all BeanPostProcessors (for example: not eligible for auto-proxying)
2026-03-02 16:14:37.092 [main] INFO  o.s.c.s.PostProcessorRegistrationDelegate$BeanPostProcessorChecker - Bean 'com.taoxin.communitysharing.search.user.api.UserFeignApi' of type [org.springframework.cloud.openfeign.FeignClientFactoryBean] is not eligible for getting processed by all BeanPostProcessors (for example: not eligible for auto-proxying)
2026-03-02 16:14:37.489 [main] INFO  o.s.b.w.e.tomcat.TomcatWebServer - Tomcat initialized with port(s): 8080 (http)
2026-03-02 16:14:37.498 [main] INFO  o.a.catalina.core.StandardService - Starting service [Tomcat]
2026-03-02 16:14:37.499 [main] INFO  o.a.catalina.core.StandardEngine - Starting Servlet engine: [Apache Tomcat/10.1.5]
2026-03-02 16:14:37.617 [main] INFO  o.a.c.c.C.[Tomcat].[localhost].[/] - Initializing Spring embedded WebApplicationContext
2026-03-02 16:14:37.617 [main] INFO  o.s.b.w.s.c.ServletWebServerApplicationContext - Root WebApplicationContext: initialization completed in 1302 ms
2026-03-02 16:14:37.790 [main] INFO  o.s.c.o.FeignClientFactoryBean - For 'communitysharing-notify' URL not provided. Will try picking an instance via load-balancing.
2026-03-02 16:14:38.096 [main] INFO  c.t.c.a.config.PasswordEncoderConfig - =======> 创建密码加密器
2026-03-02 16:14:38.113 [main] INFO  o.s.c.o.FeignClientFactoryBean - For 'communitysharing-user' URL not provided. Will try picking an instance via load-balancing.
2026-03-02 16:14:39.204 [main] WARN  o.s.c.l.c.LoadBalancerCacheAutoConfiguration$LoadBalancerCaffeineWarnLogger - Spring Cloud LoadBalancer is currently working with the default cache. While this cache implementation is useful for development and tests, it's recommended to use Caffeine cache in production.You can switch to using Caffeine cache, by adding it and org.springframework.cache.caffeine.CaffeineCacheManager to the classpath.
2026-03-02 16:14:39.257 [main] INFO  o.s.b.w.e.tomcat.TomcatWebServer - Tomcat started on port(s): 8080 (http) with context path ''
2026-03-02 16:14:39.261 [main] INFO  com.alibaba.nacos.client.naming - initializer namespace from ans.namespace attribute : null
2026-03-02 16:14:39.262 [main] INFO  com.alibaba.nacos.client.naming - initializer namespace from ALIBABA_ALIWARE_NAMESPACE attribute :null
2026-03-02 16:14:39.262 [main] INFO  com.alibaba.nacos.client.naming - initializer namespace from namespace attribute :null
2026-03-02 16:14:39.268 [main] INFO  c.a.n.p.a.s.c.ClientAuthPluginManager - [ClientAuthPluginManager] Load ClientAuthService com.alibaba.nacos.client.auth.impl.NacosClientAuthServiceImpl success.
2026-03-02 16:14:39.270 [main] INFO  c.a.n.p.a.s.c.ClientAuthPluginManager - [ClientAuthPluginManager] Load ClientAuthService com.alibaba.nacos.client.auth.ram.RamClientAuthServiceImpl success.
2026-03-02 16:14:39.272 [main] INFO  c.alibaba.nacos.common.remote.client - [RpcClientFactory] create a new rpc client of d377597a-12e5-43df-b5fd-4e9d5f1f877d
2026-03-02 16:14:39.274 [main] INFO  c.alibaba.nacos.common.remote.client - [d377597a-12e5-43df-b5fd-4e9d5f1f877d] RpcClient init, ServerListFactory = com.alibaba.nacos.client.naming.core.ServerListManager
2026-03-02 16:14:39.274 [main] INFO  c.alibaba.nacos.common.remote.client - [d377597a-12e5-43df-b5fd-4e9d5f1f877d] Registry connection listener to current client:com.alibaba.nacos.client.naming.remote.gprc.redo.NamingGrpcRedoService
2026-03-02 16:14:39.274 [main] INFO  c.alibaba.nacos.common.remote.client - [d377597a-12e5-43df-b5fd-4e9d5f1f877d] Register server push request handler:com.alibaba.nacos.client.naming.remote.gprc.NamingPushRequestHandler
2026-03-02 16:14:39.274 [main] INFO  c.alibaba.nacos.common.remote.client - [d377597a-12e5-43df-b5fd-4e9d5f1f877d] Try to connect to server on start up, server: {serverIp = '127.0.0.1', server main port = 8848}
2026-03-02 16:14:39.275 [main] INFO  c.a.n.c.r.client.grpc.GrpcClient - grpc client connection server:127.0.0.1 ip,serverPort:9848,grpcTslConfig:{"sslProvider":"OPENSSL","enableTls":false,"mutualAuthEnable":false,"trustAll":false}
2026-03-02 16:14:39.400 [main] INFO  c.alibaba.nacos.common.remote.client - [d377597a-12e5-43df-b5fd-4e9d5f1f877d] Success to connect to server [127.0.0.1:8848] on start up, connectionId = 1772439279286_172.17.0.1_51150
2026-03-02 16:14:39.400 [main] INFO  c.alibaba.nacos.common.remote.client - [d377597a-12e5-43df-b5fd-4e9d5f1f877d] Register server push request handler:com.alibaba.nacos.common.remote.client.RpcClient$ConnectResetRequestHandler
2026-03-02 16:14:39.400 [com.alibaba.nacos.client.remote.worker] INFO  c.alibaba.nacos.common.remote.client - [d377597a-12e5-43df-b5fd-4e9d5f1f877d] Notify connected event to listeners.
2026-03-02 16:14:39.400 [main] INFO  c.alibaba.nacos.common.remote.client - [d377597a-12e5-43df-b5fd-4e9d5f1f877d] Register server push request handler:com.alibaba.nacos.common.remote.client.RpcClient$$Lambda$610/0x00000008010d8d88
2026-03-02 16:14:39.400 [com.alibaba.nacos.client.remote.worker] INFO  com.alibaba.nacos.client.naming - Grpc connection connect
2026-03-02 16:14:39.401 [main] INFO  com.alibaba.nacos.client.naming - [REGISTER-SERVICE] 2e254952-9803-4eae-8771-b086042c797f registering service communitysharing-auth with instance Instance{instanceId='null', ip='26.26.26.1', port=8080, weight=1.0, healthy=true, enabled=true, ephemeral=true, clusterName='DEFAULT', serviceName='null', metadata={IPv6=null, preserved.register.source=SPRING_CLOUD}}
2026-03-02 16:14:39.417 [main] INFO  c.a.c.n.r.NacosServiceRegistry - nacos registry, DEFAULT_GROUP communitysharing-auth 26.26.26.1:8080 register finished
2026-03-02 16:14:39.659 [main] INFO  c.t.c.a.CommunitysharingAuthApplication - Started CommunitysharingAuthApplication in 5.781 seconds (process running for 6.48)
2026-03-02 16:14:39.663 [main] INFO  c.a.n.client.config.impl.CacheData - nacos.cache.data.init.snapshot = true 
2026-03-02 16:14:39.666 [main] INFO  c.a.n.c.config.impl.ClientWorker - [fixed-2e254952-9803-4eae-8771-b086042c797f-127.0.0.1_8848] [subscribe] communitysharing-auth-dev.yaml+DEFAULT_GROUP+2e254952-9803-4eae-8771-b086042c797f
2026-03-02 16:14:39.674 [main] INFO  c.a.n.client.config.impl.CacheData - [fixed-2e254952-9803-4eae-8771-b086042c797f-127.0.0.1_8848] [add-listener] ok, tenant=2e254952-9803-4eae-8771-b086042c797f, dataId=communitysharing-auth-dev.yaml, group=DEFAULT_GROUP, cnt=1
2026-03-02 16:14:39.674 [main] INFO  c.a.c.n.r.NacosContextRefresher - [Nacos Config] Listening config: dataId=communitysharing-auth-dev.yaml, group=DEFAULT_GROUP
2026-03-02 16:14:39.674 [main] INFO  c.a.n.c.config.impl.ClientWorker - [fixed-2e254952-9803-4eae-8771-b086042c797f-127.0.0.1_8848] [subscribe] communitysharing-auth.yaml+DEFAULT_GROUP+2e254952-9803-4eae-8771-b086042c797f
2026-03-02 16:14:39.674 [main] INFO  c.a.n.client.config.impl.CacheData - [fixed-2e254952-9803-4eae-8771-b086042c797f-127.0.0.1_8848] [add-listener] ok, tenant=2e254952-9803-4eae-8771-b086042c797f, dataId=communitysharing-auth.yaml, group=DEFAULT_GROUP, cnt=1
2026-03-02 16:14:39.674 [main] INFO  c.a.c.n.r.NacosContextRefresher - [Nacos Config] Listening config: dataId=communitysharing-auth.yaml, group=DEFAULT_GROUP
2026-03-02 16:14:39.676 [main] INFO  c.a.n.c.config.impl.ClientWorker - [fixed-2e254952-9803-4eae-8771-b086042c797f-127.0.0.1_8848] [subscribe] communitysharing-auth+DEFAULT_GROUP+2e254952-9803-4eae-8771-b086042c797f
2026-03-02 16:14:39.676 [main] INFO  c.a.n.client.config.impl.CacheData - [fixed-2e254952-9803-4eae-8771-b086042c797f-127.0.0.1_8848] [add-listener] ok, tenant=2e254952-9803-4eae-8771-b086042c797f, dataId=communitysharing-auth, group=DEFAULT_GROUP, cnt=1
2026-03-02 16:14:39.676 [main] INFO  c.a.c.n.r.NacosContextRefresher - [Nacos Config] Listening config: dataId=communitysharing-auth, group=DEFAULT_GROUP
2026-03-02 21:27:33.041 [Thread-1] WARN  c.a.n.c.http.HttpClientBeanHolder - [HttpClientBeanHolder] Start destroying common HttpClient
2026-03-02 21:27:33.041 [Thread-7] WARN  c.a.nacos.common.notify.NotifyCenter - [NotifyCenter] Start destroying Publisher
2026-03-02 21:27:33.047 [Thread-7] WARN  c.a.nacos.common.notify.NotifyCenter - [NotifyCenter] Destruction of the end
2026-03-02 21:27:33.049 [Thread-1] WARN  c.a.n.c.http.HttpClientBeanHolder - [HttpClientBeanHolder] Destruction of the end
2026-03-02 21:27:33.233 [SpringApplicationShutdownHook] INFO  c.a.c.n.r.NacosServiceRegistry - De-registering from Nacos Server now...
2026-03-02 21:27:33.235 [SpringApplicationShutdownHook] INFO  com.alibaba.nacos.client.naming - [DEREGISTER-SERVICE] 2e254952-9803-4eae-8771-b086042c797f deregistering service communitysharing-auth with instance: Instance{instanceId='null', ip='26.26.26.1', port=8080, weight=1.0, healthy=true, enabled=true, ephemeral=true, clusterName='DEFAULT', serviceName='null', metadata={}}
2026-03-02 21:27:33.253 [SpringApplicationShutdownHook] INFO  c.a.c.n.r.NacosServiceRegistry - De-registration finished.
2026-03-02 21:27:33.255 [SpringApplicationShutdownHook] INFO  com.alibaba.nacos.client.naming - com.alibaba.nacos.client.naming.cache.ServiceInfoHolder do shutdown begin
2026-03-02 21:27:33.255 [SpringApplicationShutdownHook] INFO  com.alibaba.nacos.client.naming - com.alibaba.nacos.client.naming.backups.FailoverReactor do shutdown begin
2026-03-02 21:27:33.256 [SpringApplicationShutdownHook] INFO  com.alibaba.nacos.client.naming - com.alibaba.nacos.client.naming.backups.FailoverReactor do shutdown stop
2026-03-02 21:27:33.256 [SpringApplicationShutdownHook] INFO  com.alibaba.nacos.client.naming - com.alibaba.nacos.client.naming.cache.ServiceInfoHolder do shutdown stop
2026-03-02 21:27:33.256 [SpringApplicationShutdownHook] INFO  com.alibaba.nacos.client.naming - com.alibaba.nacos.client.naming.remote.NamingClientProxyDelegate do shutdown begin
2026-03-02 21:27:33.256 [SpringApplicationShutdownHook] INFO  com.alibaba.nacos.client.naming - com.alibaba.nacos.client.naming.core.ServiceInfoUpdateService do shutdown begin
2026-03-02 21:27:33.258 [SpringApplicationShutdownHook] INFO  com.alibaba.nacos.client.naming - com.alibaba.nacos.client.naming.core.ServiceInfoUpdateService do shutdown stop
2026-03-02 21:27:33.258 [SpringApplicationShutdownHook] INFO  com.alibaba.nacos.client.naming - com.alibaba.nacos.client.naming.core.ServerListManager do shutdown begin
2026-03-02 21:27:33.258 [SpringApplicationShutdownHook] WARN  com.alibaba.nacos.client.naming - [NamingHttpClientManager] Start destroying NacosRestTemplate
2026-03-02 21:27:33.258 [SpringApplicationShutdownHook] WARN  com.alibaba.nacos.client.naming - [NamingHttpClientManager] Destruction of the end
2026-03-02 21:27:33.258 [SpringApplicationShutdownHook] INFO  com.alibaba.nacos.client.naming - com.alibaba.nacos.client.naming.core.ServerListManager do shutdown stop
2026-03-02 21:27:33.258 [SpringApplicationShutdownHook] INFO  com.alibaba.nacos.client.naming - com.alibaba.nacos.client.naming.remote.http.NamingHttpClientProxy do shutdown begin
2026-03-02 21:27:33.258 [SpringApplicationShutdownHook] WARN  com.alibaba.nacos.client.naming - [NamingHttpClientManager] Start destroying NacosRestTemplate
2026-03-02 21:27:33.258 [SpringApplicationShutdownHook] WARN  com.alibaba.nacos.client.naming - [NamingHttpClientManager] Destruction of the end
2026-03-02 21:27:33.258 [SpringApplicationShutdownHook] INFO  com.alibaba.nacos.client.naming - com.alibaba.nacos.client.naming.remote.http.NamingHttpClientProxy do shutdown stop
2026-03-02 21:27:33.258 [SpringApplicationShutdownHook] INFO  c.alibaba.nacos.common.remote.client - Shutdown rpc client, set status to shutdown
2026-03-02 21:27:33.259 [SpringApplicationShutdownHook] INFO  c.alibaba.nacos.common.remote.client - Shutdown client event executor java.util.concurrent.ScheduledThreadPoolExecutor@6738abd3[Running, pool size = 2, active threads = 2, queued tasks = 0, completed tasks = 0]
2026-03-02 21:27:33.259 [SpringApplicationShutdownHook] INFO  c.alibaba.nacos.common.remote.client - Close current connection 1772439279286_172.17.0.1_51150
2026-03-02 21:27:33.275 [nacos-grpc-client-executor-127.0.0.1-3759] WARN  c.a.n.c.r.client.grpc.GrpcClient - [1772439279286_172.17.0.1_51150]Ignore error event,isRunning:false,isAbandon=false
2026-03-02 21:27:33.290 [SpringApplicationShutdownHook] INFO  c.a.n.c.r.client.grpc.GrpcClient - Shutdown grpc executor java.util.concurrent.ThreadPoolExecutor@5a13638f[Running, pool size = 4, active threads = 0, queued tasks = 0, completed tasks = 3760]
2026-03-02 21:27:33.290 [SpringApplicationShutdownHook] INFO  com.alibaba.nacos.client.naming - Shutdown grpc redo service executor java.util.concurrent.ScheduledThreadPoolExecutor@6c2c90fd[Running, pool size = 1, active threads = 0, queued tasks = 1, completed tasks = 6241]
2026-03-02 21:27:33.292 [SpringApplicationShutdownHook] INFO  c.a.n.c.a.r.i.CredentialWatcher - [null] CredentialWatcher is stopped
2026-03-02 21:27:33.292 [SpringApplicationShutdownHook] INFO  c.a.n.c.a.r.i.CredentialService - [null] CredentialService is freed
2026-03-02 21:27:33.292 [SpringApplicationShutdownHook] INFO  com.alibaba.nacos.client.naming - com.alibaba.nacos.client.naming.remote.NamingClientProxyDelegate do shutdown stop
2026-03-02 21:28:01.117 [main] WARN  c.a.n.client.logging.NacosLogging - Load Logback Configuration of Nacos fail, message: Could not initialize Logback Nacos logging from classpath:nacos-logback.xml
2026-03-02 21:28:01.161 [main] WARN  c.a.n.client.logging.NacosLogging - Load Logback Configuration of Nacos fail, message: Could not initialize Logback Nacos logging from classpath:nacos-logback.xml
2026-03-02 21:28:01.333 [main] WARN  c.a.n.client.logging.NacosLogging - Load Logback Configuration of Nacos fail, message: Could not initialize Logback Nacos logging from classpath:nacos-logback.xml
2026-03-02 21:28:01.334 [main] INFO  c.a.nacos.client.utils.ParamUtil - [settings] [req-serv] nacos-server port:8848
2026-03-02 21:28:01.334 [main] INFO  c.a.nacos.client.utils.ParamUtil - [settings] [http-client] connect timeout:1000
2026-03-02 21:28:01.334 [main] INFO  c.a.nacos.client.utils.ParamUtil - PER_TASK_CONFIG_SIZE: 3000.0
2026-03-02 21:28:01.361 [main] INFO  c.a.n.p.a.s.c.ClientAuthPluginManager - [ClientAuthPluginManager] Load ClientAuthService com.alibaba.nacos.client.auth.impl.NacosClientAuthServiceImpl success.
2026-03-02 21:28:01.362 [main] INFO  c.a.n.p.a.s.c.ClientAuthPluginManager - [ClientAuthPluginManager] Load ClientAuthService com.alibaba.nacos.client.auth.ram.RamClientAuthServiceImpl success.
2026-03-02 21:28:01.367 [main] INFO  c.a.n.c.a.r.i.CredentialWatcher - null No credential found
2026-03-02 21:28:01.649 [main] WARN  c.a.n.client.logging.NacosLogging - Load Logback Configuration of Nacos fail, message: Could not initialize Logback Nacos logging from classpath:nacos-logback.xml
2026-03-02 21:28:01.661 [main] INFO  c.a.n.c.c.i.LocalConfigInfoProcessor - LOCAL_SNAPSHOT_PATH:C:\Users\moonth\nacos\config
2026-03-02 21:28:01.664 [main] INFO  c.alibaba.nacos.common.remote.client - [RpcClientFactory] create a new rpc client of a3bce78f-1cb6-496c-94ad-e2edd2cb25b9_config-0
2026-03-02 21:28:01.676 [main] INFO  c.alibaba.nacos.common.remote.client - [a3bce78f-1cb6-496c-94ad-e2edd2cb25b9_config-0] Register server push request handler:com.alibaba.nacos.client.config.impl.ClientWorker$ConfigRpcTransportClient$$Lambda$589/0x0000000800f92660
2026-03-02 21:28:01.676 [main] INFO  c.alibaba.nacos.common.remote.client - [a3bce78f-1cb6-496c-94ad-e2edd2cb25b9_config-0] Register server push request handler:com.alibaba.nacos.client.config.impl.ClientWorker$ConfigRpcTransportClient$$Lambda$590/0x0000000800f92a80
2026-03-02 21:28:01.676 [main] INFO  c.alibaba.nacos.common.remote.client - [a3bce78f-1cb6-496c-94ad-e2edd2cb25b9_config-0] Registry connection listener to current client:com.alibaba.nacos.client.config.impl.ClientWorker$ConfigRpcTransportClient$1
2026-03-02 21:28:01.677 [main] INFO  c.alibaba.nacos.common.remote.client - [a3bce78f-1cb6-496c-94ad-e2edd2cb25b9_config-0] RpcClient init, ServerListFactory = com.alibaba.nacos.client.config.impl.ClientWorker$ConfigRpcTransportClient$2
2026-03-02 21:28:01.686 [main] INFO  c.alibaba.nacos.common.remote.client - [a3bce78f-1cb6-496c-94ad-e2edd2cb25b9_config-0] Try to connect to server on start up, server: {serverIp = '127.0.0.1', server main port = 8848}
2026-03-02 21:28:01.719 [main] INFO  c.a.n.c.r.client.grpc.GrpcClient - grpc client connection server:127.0.0.1 ip,serverPort:9848,grpcTslConfig:{"sslProvider":"OPENSSL","enableTls":false,"mutualAuthEnable":false,"trustAll":false}
2026-03-02 21:28:02.578 [main] INFO  c.alibaba.nacos.common.remote.client - [a3bce78f-1cb6-496c-94ad-e2edd2cb25b9_config-0] Success to connect to server [127.0.0.1:8848] on start up, connectionId = 1772458082404_172.17.0.1_41414
2026-03-02 21:28:02.578 [com.alibaba.nacos.client.remote.worker] INFO  c.alibaba.nacos.common.remote.client - [a3bce78f-1cb6-496c-94ad-e2edd2cb25b9_config-0] Notify connected event to listeners.
2026-03-02 21:28:02.579 [main] INFO  c.alibaba.nacos.common.remote.client - [a3bce78f-1cb6-496c-94ad-e2edd2cb25b9_config-0] Register server push request handler:com.alibaba.nacos.common.remote.client.RpcClient$ConnectResetRequestHandler
2026-03-02 21:28:02.579 [com.alibaba.nacos.client.remote.worker] INFO  c.a.n.c.config.impl.ClientWorker - [a3bce78f-1cb6-496c-94ad-e2edd2cb25b9_config-0] Connected,notify listen context...
2026-03-02 21:28:02.579 [main] INFO  c.alibaba.nacos.common.remote.client - [a3bce78f-1cb6-496c-94ad-e2edd2cb25b9_config-0] Register server push request handler:com.alibaba.nacos.common.remote.client.RpcClient$$Lambda$610/0x00000008010daee0
2026-03-02 21:28:02.622 [main] INFO  c.a.nacos.client.config.impl.Limiter - limitTime:5.0
2026-03-02 21:28:02.661 [main] INFO  c.a.n.client.config.utils.JvmUtil - isMultiInstance:false
2026-03-02 21:28:02.675 [main] WARN  c.a.c.n.c.NacosPropertySourceBuilder - Ignore the empty nacos configuration and get it based on dataId[communitysharing-auth.yaml] & group[DEFAULT_GROUP]
2026-03-02 21:28:02.704 [main] INFO  o.s.c.b.c.PropertySourceBootstrapConfiguration - Located property source: [BootstrapPropertySource {name='bootstrapProperties-communitysharing-auth-dev.yaml,DEFAULT_GROUP'}, BootstrapPropertySource {name='bootstrapProperties-communitysharing-auth.yaml,DEFAULT_GROUP'}, BootstrapPropertySource {name='bootstrapProperties-communitysharing-auth,DEFAULT_GROUP'}]
2026-03-02 21:28:02.724 [main] WARN  c.a.n.client.logging.NacosLogging - Load Logback Configuration of Nacos fail, message: Could not initialize Logback Nacos logging from classpath:nacos-logback.xml
2026-03-02 21:28:02.725 [main] INFO  c.t.c.a.CommunitysharingAuthApplication - The following 1 profile is active: "dev"
2026-03-02 21:28:03.236 [main] INFO  o.s.d.r.c.RepositoryConfigurationDelegate - Multiple Spring Data modules found, entering strict repository configuration mode
2026-03-02 21:28:03.239 [main] INFO  o.s.d.r.c.RepositoryConfigurationDelegate - Bootstrapping Spring Data Redis repositories in DEFAULT mode.
2026-03-02 21:28:03.259 [main] INFO  o.s.d.r.c.RepositoryConfigurationDelegate - Finished Spring Data repository scanning in 9 ms. Found 0 Redis repository interfaces.
2026-03-02 21:28:03.463 [main] INFO  o.s.cloud.context.scope.GenericScope - BeanFactory id=abd8935e-ba1c-345c-a284-e626a43b7c2b
2026-03-02 21:28:03.478 [main] INFO  o.s.c.s.PostProcessorRegistrationDelegate$BeanPostProcessorChecker - Bean 'com.taoxin.communitysharing.notify.api.NotifyFeignApi' of type [org.springframework.cloud.openfeign.FeignClientFactoryBean] is not eligible for getting processed by all BeanPostProcessors (for example: not eligible for auto-proxying)
2026-03-02 21:28:03.480 [main] INFO  o.s.c.s.PostProcessorRegistrationDelegate$BeanPostProcessorChecker - Bean 'com.taoxin.communitysharing.search.user.api.UserFeignApi' of type [org.springframework.cloud.openfeign.FeignClientFactoryBean] is not eligible for getting processed by all BeanPostProcessors (for example: not eligible for auto-proxying)
2026-03-02 21:28:03.851 [main] INFO  o.s.b.w.e.tomcat.TomcatWebServer - Tomcat initialized with port(s): 8080 (http)
2026-03-02 21:28:03.862 [main] INFO  o.a.catalina.core.StandardService - Starting service [Tomcat]
2026-03-02 21:28:03.862 [main] INFO  o.a.catalina.core.StandardEngine - Starting Servlet engine: [Apache Tomcat/10.1.5]
2026-03-02 21:28:03.968 [main] INFO  o.a.c.c.C.[Tomcat].[localhost].[/] - Initializing Spring embedded WebApplicationContext
2026-03-02 21:28:03.968 [main] INFO  o.s.b.w.s.c.ServletWebServerApplicationContext - Root WebApplicationContext: initialization completed in 1233 ms
2026-03-02 21:28:04.130 [main] INFO  o.s.c.o.FeignClientFactoryBean - For 'communitysharing-notify' URL not provided. Will try picking an instance via load-balancing.
2026-03-02 21:28:04.392 [main] INFO  c.t.c.a.config.PasswordEncoderConfig - =======> 创建密码加密器
2026-03-02 21:28:04.404 [main] INFO  o.s.c.o.FeignClientFactoryBean - For 'communitysharing-user' URL not provided. Will try picking an instance via load-balancing.
2026-03-02 21:28:05.361 [main] WARN  o.s.c.l.c.LoadBalancerCacheAutoConfiguration$LoadBalancerCaffeineWarnLogger - Spring Cloud LoadBalancer is currently working with the default cache. While this cache implementation is useful for development and tests, it's recommended to use Caffeine cache in production.You can switch to using Caffeine cache, by adding it and org.springframework.cache.caffeine.CaffeineCacheManager to the classpath.
2026-03-02 21:28:05.406 [main] INFO  o.s.b.w.e.tomcat.TomcatWebServer - Tomcat started on port(s): 8080 (http) with context path ''
2026-03-02 21:28:05.409 [main] INFO  com.alibaba.nacos.client.naming - initializer namespace from ans.namespace attribute : null
2026-03-02 21:28:05.409 [main] INFO  com.alibaba.nacos.client.naming - initializer namespace from ALIBABA_ALIWARE_NAMESPACE attribute :null
2026-03-02 21:28:05.410 [main] INFO  com.alibaba.nacos.client.naming - initializer namespace from namespace attribute :null
2026-03-02 21:28:05.415 [main] INFO  c.a.n.p.a.s.c.ClientAuthPluginManager - [ClientAuthPluginManager] Load ClientAuthService com.alibaba.nacos.client.auth.impl.NacosClientAuthServiceImpl success.
2026-03-02 21:28:05.415 [main] INFO  c.a.n.p.a.s.c.ClientAuthPluginManager - [ClientAuthPluginManager] Load ClientAuthService com.alibaba.nacos.client.auth.ram.RamClientAuthServiceImpl success.
2026-03-02 21:28:05.417 [main] INFO  c.alibaba.nacos.common.remote.client - [RpcClientFactory] create a new rpc client of 110af714-844d-46e6-89dd-ee010838dfc1
2026-03-02 21:28:05.420 [main] INFO  c.alibaba.nacos.common.remote.client - [110af714-844d-46e6-89dd-ee010838dfc1] RpcClient init, ServerListFactory = com.alibaba.nacos.client.naming.core.ServerListManager
2026-03-02 21:28:05.420 [main] INFO  c.alibaba.nacos.common.remote.client - [110af714-844d-46e6-89dd-ee010838dfc1] Registry connection listener to current client:com.alibaba.nacos.client.naming.remote.gprc.redo.NamingGrpcRedoService
2026-03-02 21:28:05.421 [main] INFO  c.alibaba.nacos.common.remote.client - [110af714-844d-46e6-89dd-ee010838dfc1] Register server push request handler:com.alibaba.nacos.client.naming.remote.gprc.NamingPushRequestHandler
2026-03-02 21:28:05.421 [main] INFO  c.alibaba.nacos.common.remote.client - [110af714-844d-46e6-89dd-ee010838dfc1] Try to connect to server on start up, server: {serverIp = '127.0.0.1', server main port = 8848}
2026-03-02 21:28:05.422 [main] INFO  c.a.n.c.r.client.grpc.GrpcClient - grpc client connection server:127.0.0.1 ip,serverPort:9848,grpcTslConfig:{"sslProvider":"OPENSSL","enableTls":false,"mutualAuthEnable":false,"trustAll":false}
2026-03-02 21:28:05.536 [main] INFO  c.alibaba.nacos.common.remote.client - [110af714-844d-46e6-89dd-ee010838dfc1] Success to connect to server [127.0.0.1:8848] on start up, connectionId = 1772458085430_172.17.0.1_41418
2026-03-02 21:28:05.536 [main] INFO  c.alibaba.nacos.common.remote.client - [110af714-844d-46e6-89dd-ee010838dfc1] Register server push request handler:com.alibaba.nacos.common.remote.client.RpcClient$ConnectResetRequestHandler
2026-03-02 21:28:05.536 [com.alibaba.nacos.client.remote.worker] INFO  c.alibaba.nacos.common.remote.client - [110af714-844d-46e6-89dd-ee010838dfc1] Notify connected event to listeners.
2026-03-02 21:28:05.536 [main] INFO  c.alibaba.nacos.common.remote.client - [110af714-844d-46e6-89dd-ee010838dfc1] Register server push request handler:com.alibaba.nacos.common.remote.client.RpcClient$$Lambda$610/0x00000008010daee0
2026-03-02 21:28:05.536 [com.alibaba.nacos.client.remote.worker] INFO  com.alibaba.nacos.client.naming - Grpc connection connect
2026-03-02 21:28:05.537 [main] INFO  com.alibaba.nacos.client.naming - [REGISTER-SERVICE] 2e254952-9803-4eae-8771-b086042c797f registering service communitysharing-auth with instance Instance{instanceId='null', ip='26.26.26.1', port=8080, weight=1.0, healthy=true, enabled=true, ephemeral=true, clusterName='DEFAULT', serviceName='null', metadata={IPv6=null, preserved.register.source=SPRING_CLOUD}}
2026-03-02 21:28:05.554 [main] INFO  c.a.c.n.r.NacosServiceRegistry - nacos registry, DEFAULT_GROUP communitysharing-auth 26.26.26.1:8080 register finished
2026-03-02 21:28:05.771 [main] INFO  c.t.c.a.CommunitysharingAuthApplication - Started CommunitysharingAuthApplication in 5.206 seconds (process running for 5.806)
2026-03-02 21:28:05.775 [main] INFO  c.a.n.client.config.impl.CacheData - nacos.cache.data.init.snapshot = true 
2026-03-02 21:28:05.776 [main] INFO  c.a.n.c.config.impl.ClientWorker - [fixed-2e254952-9803-4eae-8771-b086042c797f-127.0.0.1_8848] [subscribe] communitysharing-auth-dev.yaml+DEFAULT_GROUP+2e254952-9803-4eae-8771-b086042c797f
2026-03-02 21:28:05.782 [main] INFO  c.a.n.client.config.impl.CacheData - [fixed-2e254952-9803-4eae-8771-b086042c797f-127.0.0.1_8848] [add-listener] ok, tenant=2e254952-9803-4eae-8771-b086042c797f, dataId=communitysharing-auth-dev.yaml, group=DEFAULT_GROUP, cnt=1
2026-03-02 21:28:05.782 [main] INFO  c.a.c.n.r.NacosContextRefresher - [Nacos Config] Listening config: dataId=communitysharing-auth-dev.yaml, group=DEFAULT_GROUP
2026-03-02 21:28:05.782 [main] INFO  c.a.n.c.config.impl.ClientWorker - [fixed-2e254952-9803-4eae-8771-b086042c797f-127.0.0.1_8848] [subscribe] communitysharing-auth.yaml+DEFAULT_GROUP+2e254952-9803-4eae-8771-b086042c797f
2026-03-02 21:28:05.782 [main] INFO  c.a.n.client.config.impl.CacheData - [fixed-2e254952-9803-4eae-8771-b086042c797f-127.0.0.1_8848] [add-listener] ok, tenant=2e254952-9803-4eae-8771-b086042c797f, dataId=communitysharing-auth.yaml, group=DEFAULT_GROUP, cnt=1
2026-03-02 21:28:05.782 [main] INFO  c.a.c.n.r.NacosContextRefresher - [Nacos Config] Listening config: dataId=communitysharing-auth.yaml, group=DEFAULT_GROUP
2026-03-02 21:28:05.785 [main] INFO  c.a.n.c.config.impl.ClientWorker - [fixed-2e254952-9803-4eae-8771-b086042c797f-127.0.0.1_8848] [subscribe] communitysharing-auth+DEFAULT_GROUP+2e254952-9803-4eae-8771-b086042c797f
2026-03-02 21:28:05.785 [main] INFO  c.a.n.client.config.impl.CacheData - [fixed-2e254952-9803-4eae-8771-b086042c797f-127.0.0.1_8848] [add-listener] ok, tenant=2e254952-9803-4eae-8771-b086042c797f, dataId=communitysharing-auth, group=DEFAULT_GROUP, cnt=1
2026-03-02 21:28:05.785 [main] INFO  c.a.c.n.r.NacosContextRefresher - [Nacos Config] Listening config: dataId=communitysharing-auth, group=DEFAULT_GROUP
