2026-03-02 00:04:06.479 [main] WARN  c.a.n.client.logging.NacosLogging - Load Logback Configuration of Nacos fail, message: Could not initialize Logback Nacos logging from classpath:nacos-logback.xml
2026-03-02 00:04:06.529 [main] WARN  c.a.n.client.logging.NacosLogging - Load Logback Configuration of Nacos fail, message: Could not initialize Logback Nacos logging from classpath:nacos-logback.xml
2026-03-02 00:04:06.708 [main] WARN  c.a.n.client.logging.NacosLogging - Load Logback Configuration of Nacos fail, message: Could not initialize Logback Nacos logging from classpath:nacos-logback.xml
2026-03-02 00:04:06.714 [main] INFO  c.a.nacos.client.utils.ParamUtil - [settings] [req-serv] nacos-server port:8848
2026-03-02 00:04:06.714 [main] INFO  c.a.nacos.client.utils.ParamUtil - [settings] [http-client] connect timeout:1000
2026-03-02 00:04:06.715 [main] INFO  c.a.nacos.client.utils.ParamUtil - PER_TASK_CONFIG_SIZE: 3000.0
2026-03-02 00:04:06.740 [main] INFO  c.a.n.p.a.s.c.ClientAuthPluginManager - [ClientAuthPluginManager] Load ClientAuthService com.alibaba.nacos.client.auth.impl.NacosClientAuthServiceImpl success.
2026-03-02 00:04:06.740 [main] INFO  c.a.n.p.a.s.c.ClientAuthPluginManager - [ClientAuthPluginManager] Load ClientAuthService com.alibaba.nacos.client.auth.ram.RamClientAuthServiceImpl success.
2026-03-02 00:04:06.743 [main] INFO  c.a.n.c.a.r.i.CredentialWatcher - null No credential found
2026-03-02 00:04:06.995 [main] WARN  c.a.n.client.logging.NacosLogging - Load Logback Configuration of Nacos fail, message: Could not initialize Logback Nacos logging from classpath:nacos-logback.xml
2026-03-02 00:04:07.007 [main] INFO  c.a.n.c.c.i.LocalConfigInfoProcessor - LOCAL_SNAPSHOT_PATH:C:\Users\moonth\nacos\config
2026-03-02 00:04:07.011 [main] INFO  c.alibaba.nacos.common.remote.client - [RpcClientFactory] create a new rpc client of f6e87768-9ed1-4948-b8cd-a83a73ca6171_config-0
2026-03-02 00:04:07.021 [main] INFO  c.alibaba.nacos.common.remote.client - [f6e87768-9ed1-4948-b8cd-a83a73ca6171_config-0] Register server push request handler:com.alibaba.nacos.client.config.impl.ClientWorker$ConfigRpcTransportClient$$Lambda$583/0x0000000800f8d670
2026-03-02 00:04:07.022 [main] INFO  c.alibaba.nacos.common.remote.client - [f6e87768-9ed1-4948-b8cd-a83a73ca6171_config-0] Register server push request handler:com.alibaba.nacos.client.config.impl.ClientWorker$ConfigRpcTransportClient$$Lambda$584/0x0000000800f8da90
2026-03-02 00:04:07.022 [main] INFO  c.alibaba.nacos.common.remote.client - [f6e87768-9ed1-4948-b8cd-a83a73ca6171_config-0] Registry connection listener to current client:com.alibaba.nacos.client.config.impl.ClientWorker$ConfigRpcTransportClient$1
2026-03-02 00:04:07.023 [main] INFO  c.alibaba.nacos.common.remote.client - [f6e87768-9ed1-4948-b8cd-a83a73ca6171_config-0] RpcClient init, ServerListFactory = com.alibaba.nacos.client.config.impl.ClientWorker$ConfigRpcTransportClient$2
2026-03-02 00:04:07.029 [main] INFO  c.alibaba.nacos.common.remote.client - [f6e87768-9ed1-4948-b8cd-a83a73ca6171_config-0] Try to connect to server on start up, server: {serverIp = '127.0.0.1', server main port = 8848}
2026-03-02 00:04:07.058 [main] INFO  c.a.n.c.r.client.grpc.GrpcClient - grpc client connection server:127.0.0.1 ip,serverPort:9848,grpcTslConfig:{"sslProvider":"OPENSSL","enableTls":false,"mutualAuthEnable":false,"trustAll":false}
2026-03-02 00:04:07.715 [main] INFO  c.alibaba.nacos.common.remote.client - [f6e87768-9ed1-4948-b8cd-a83a73ca6171_config-0] Success to connect to server [127.0.0.1:8848] on start up, connectionId = 1772381047539_172.17.0.1_53134
2026-03-02 00:04:07.715 [com.alibaba.nacos.client.remote.worker] INFO  c.alibaba.nacos.common.remote.client - [f6e87768-9ed1-4948-b8cd-a83a73ca6171_config-0] Notify connected event to listeners.
2026-03-02 00:04:07.715 [com.alibaba.nacos.client.remote.worker] INFO  c.a.n.c.config.impl.ClientWorker - [f6e87768-9ed1-4948-b8cd-a83a73ca6171_config-0] Connected,notify listen context...
2026-03-02 00:04:07.715 [main] INFO  c.alibaba.nacos.common.remote.client - [f6e87768-9ed1-4948-b8cd-a83a73ca6171_config-0] Register server push request handler:com.alibaba.nacos.common.remote.client.RpcClient$ConnectResetRequestHandler
2026-03-02 00:04:07.716 [main] INFO  c.alibaba.nacos.common.remote.client - [f6e87768-9ed1-4948-b8cd-a83a73ca6171_config-0] Register server push request handler:com.alibaba.nacos.common.remote.client.RpcClient$$Lambda$604/0x00000008010d76f0
2026-03-02 00:04:07.744 [main] INFO  c.a.nacos.client.config.impl.Limiter - limitTime:5.0
2026-03-02 00:04:07.860 [main] WARN  c.a.c.n.c.NacosPropertySourceBuilder - Ignore the empty nacos configuration and get it based on dataId[communitysharing-distributed-id-constructor] & group[DEFAULT_GROUP]
2026-03-02 00:04:07.867 [main] WARN  c.a.c.n.c.NacosPropertySourceBuilder - Ignore the empty nacos configuration and get it based on dataId[communitysharing-distributed-id-constructor.properties] & group[DEFAULT_GROUP]
2026-03-02 00:04:07.873 [main] WARN  c.a.c.n.c.NacosPropertySourceBuilder - Ignore the empty nacos configuration and get it based on dataId[communitysharing-distributed-id-constructor-dev.properties] & group[DEFAULT_GROUP]
2026-03-02 00:04:07.874 [main] INFO  o.s.c.b.c.PropertySourceBootstrapConfiguration - Located property source: [BootstrapPropertySource {name='bootstrapProperties-communitysharing-distributed-id-constructor-dev.properties,DEFAULT_GROUP'}, BootstrapPropertySource {name='bootstrapProperties-communitysharing-distributed-id-constructor.properties,DEFAULT_GROUP'}, BootstrapPropertySource {name='bootstrapProperties-communitysharing-distributed-id-constructor,DEFAULT_GROUP'}]
2026-03-02 00:04:07.877 [main] WARN  c.a.n.client.logging.NacosLogging - Load Logback Configuration of Nacos fail, message: Could not initialize Logback Nacos logging from classpath:nacos-logback.xml
2026-03-02 00:04:07.877 [main] INFO  c.t.c.d.i.c.b.CommunitysharingDistributedIdConstructorBusinessApplication - The following 1 profile is active: "dev"
2026-03-02 00:04:08.278 [main] INFO  o.s.cloud.context.scope.GenericScope - BeanFactory id=869366d1-b4a3-3fa0-ad7e-ef09a488327b
2026-03-02 00:04:08.576 [main] INFO  o.s.b.w.e.tomcat.TomcatWebServer - Tomcat initialized with port(s): 8085 (http)
2026-03-02 00:04:08.583 [main] INFO  o.a.catalina.core.StandardService - Starting service [Tomcat]
2026-03-02 00:04:08.584 [main] INFO  o.a.catalina.core.StandardEngine - Starting Servlet engine: [Apache Tomcat/10.1.5]
2026-03-02 00:04:08.659 [main] INFO  o.a.c.c.C.[Tomcat].[localhost].[/] - Initializing Spring embedded WebApplicationContext
2026-03-02 00:04:08.659 [main] INFO  o.s.b.w.s.c.ServletWebServerApplicationContext - Root WebApplicationContext: initialization completed in 774 ms
2026-03-02 00:04:08.758 [main] INFO  c.alibaba.druid.pool.DruidDataSource - {dataSource-1} inited
2026-03-02 00:04:08.846 [main] INFO  c.t.c.d.i.c.b.c.s.SegmentIDGenImpl - Init ...
2026-03-02 00:04:08.846 [main] INFO  c.t.c.d.i.c.b.c.s.SegmentIDGenImpl - update cache from db
2026-03-02 00:04:08.980 [main] INFO  c.t.c.d.i.c.b.c.s.SegmentIDGenImpl - Add tag leaf-segment-comment-id from db to IdCache, SegmentBuffer SegmentBuffer{key='leaf-segment-comment-id', segments=[Segment(value:0,max:0,step:0), Segment(value:0,max:0,step:0)], currentPos=0, nextReady=false, initOk=false, threadRunning=false, step=0, minStep=0, updateTimestamp=0}
2026-03-02 00:04:08.980 [main] INFO  c.t.c.d.i.c.b.c.s.SegmentIDGenImpl - Add tag leaf_segment_test from db to IdCache, SegmentBuffer SegmentBuffer{key='leaf_segment_test', segments=[Segment(value:0,max:0,step:0), Segment(value:0,max:0,step:0)], currentPos=0, nextReady=false, initOk=false, threadRunning=false, step=0, minStep=0, updateTimestamp=0}
2026-03-02 00:04:08.981 [main] INFO  c.t.c.d.i.c.b.c.s.SegmentIDGenImpl - Add tag leaf-segment-user-id from db to IdCache, SegmentBuffer SegmentBuffer{key='leaf-segment-user-id', segments=[Segment(value:0,max:0,step:0), Segment(value:0,max:0,step:0)], currentPos=0, nextReady=false, initOk=false, threadRunning=false, step=0, minStep=0, updateTimestamp=0}
2026-03-02 00:04:08.981 [main] INFO  c.t.c.d.i.c.b.c.s.SegmentIDGenImpl - Add tag leaf-segment-communitysharing-id from db to IdCache, SegmentBuffer SegmentBuffer{key='leaf-segment-communitysharing-id', segments=[Segment(value:0,max:0,step:0), Segment(value:0,max:0,step:0)], currentPos=0, nextReady=false, initOk=false, threadRunning=false, step=0, minStep=0, updateTimestamp=0}
2026-03-02 00:04:08.981 [main] INFO  org.perf4j.TimingLogger - start[1772381048847] time[134] tag[updateCacheFromDb]
2026-03-02 00:04:08.982 [main] INFO  c.t.c.d.i.c.b.service.SegmentService - Segment Service Init Successfully
2026-03-02 00:04:09.001 [main] INFO  c.t.c.d.i.c.b.c.s.SnowflakeIDGenImpl - twepoch:1288834974657 ,ip:26.26.26.1 ,zkAddress:127.0.0.1:2181 port:2222
2026-03-02 00:04:09.058 [main] WARN  o.a.curator.CuratorZookeeperClient - session timeout [6000] is less than connection timeout [10000]
2026-03-02 00:04:09.074 [main] INFO  o.a.c.f.imps.CuratorFrameworkImpl - Starting
2026-03-02 00:04:09.079 [main] INFO  org.apache.zookeeper.ZooKeeper - Client environment:zookeeper.version=3.6.0--b4c89dc7f6083829e18fae6e446907ae0b1f22d7, built on 02/25/2020 14:38 GMT
2026-03-02 00:04:09.079 [main] INFO  org.apache.zookeeper.ZooKeeper - Client environment:host.name=LAPTOP-LVUSFN1D
2026-03-02 00:04:09.079 [main] INFO  org.apache.zookeeper.ZooKeeper - Client environment:java.version=17.0.2
2026-03-02 00:04:09.079 [main] INFO  org.apache.zookeeper.ZooKeeper - Client environment:java.vendor=Oracle Corporation
2026-03-02 00:04:09.079 [main] INFO  org.apache.zookeeper.ZooKeeper - Client environment:java.home=C:\Program Files\Java\jdk-17.0.2
2026-03-02 00:04:09.080 [main] INFO  org.apache.zookeeper.ZooKeeper - Client environment:java.class.path=E:\BackLearn\毕业设计\Platform\communitysharing\communitysharing-distributed-id-constructor\communitysharing-distributed-id-constructor-business\target\classes;E:\BackLearn\毕业设计\Platform\communitysharing\communitysharing-distributed-id-constructor\communitysharing-distributed-id-constructor-api\target\classes;C:\Users\moonth\.m2\repository\io\github\openfeign\form\feign-form-spring\3.8.0\feign-form-spring-3.8.0.jar;C:\Users\moonth\.m2\repository\commons-fileupload\commons-fileupload\1.4\commons-fileupload-1.4.jar;C:\Users\moonth\.m2\repository\io\github\openfeign\form\feign-form\3.8.0\feign-form-3.8.0.jar;C:\Users\moonth\.m2\repository\org\springframework\cloud\spring-cloud-starter-loadbalancer\4.0.0\spring-cloud-starter-loadbalancer-4.0.0.jar;C:\Users\moonth\.m2\repository\org\springframework\cloud\spring-cloud-loadbalancer\4.0.0\spring-cloud-loadbalancer-4.0.0.jar;C:\Users\moonth\.m2\repository\io\projectreactor\reactor-core\3.5.2\reactor-core-3.5.2.jar;C:\Users\moonth\.m2\repository\org\reactivestreams\reactive-streams\1.0.4\reactive-streams-1.0.4.jar;C:\Users\moonth\.m2\repository\io\projectreactor\addons\reactor-extra\3.5.0\reactor-extra-3.5.0.jar;C:\Users\moonth\.m2\repository\org\springframework\boot\spring-boot-starter-cache\3.0.2\spring-boot-starter-cache-3.0.2.jar;C:\Users\moonth\.m2\repository\org\springframework\spring-context-support\6.0.4\spring-context-support-6.0.4.jar;C:\Users\moonth\.m2\repository\com\stoyanr\evictor\1.0.0\evictor-1.0.0.jar;C:\Users\moonth\.m2\repository\org\springframework\cloud\spring-cloud-starter-openfeign\4.0.0\spring-cloud-starter-openfeign-4.0.0.jar;C:\Users\moonth\.m2\repository\org\springframework\cloud\spring-cloud-openfeign-core\4.0.0\spring-cloud-openfeign-core-4.0.0.jar;C:\Users\moonth\.m2\repository\io\github\openfeign\feign-core\12.1\feign-core-12.1.jar;C:\Users\moonth\.m2\repository\io\github\openfeign\feign-slf4j\12.1\feign-slf4j-12.1.jar;C:\Users\moonth\.m2\repository\com\alibaba\cloud\spring-cloud-starter-alibaba-nacos-discovery\2022.0.0.0\spring-cloud-starter-alibaba-nacos-discovery-2022.0.0.0.jar;C:\Users\moonth\.m2\repository\com\alibaba\cloud\spring-cloud-alibaba-commons\2022.0.0.0\spring-cloud-alibaba-commons-2022.0.0.0.jar;C:\Users\moonth\.m2\repository\com\alibaba\nacos\nacos-client\2.2.1\nacos-client-2.2.1.jar;C:\Users\moonth\.m2\repository\com\alibaba\nacos\nacos-auth-plugin\2.2.1\nacos-auth-plugin-2.2.1.jar;C:\Users\moonth\.m2\repository\com\alibaba\nacos\nacos-encryption-plugin\2.2.1\nacos-encryption-plugin-2.2.1.jar;C:\Users\moonth\.m2\repository\commons-codec\commons-codec\1.15\commons-codec-1.15.jar;C:\Users\moonth\.m2\repository\org\apache\httpcomponents\httpasyncclient\4.1.5\httpasyncclient-4.1.5.jar;C:\Users\moonth\.m2\repository\org\apache\httpcomponents\httpcore\4.4.16\httpcore-4.4.16.jar;C:\Users\moonth\.m2\repository\org\apache\httpcomponents\httpcore-nio\4.4.16\httpcore-nio-4.4.16.jar;C:\Users\moonth\.m2\repository\org\apache\httpcomponents\httpclient\4.5.14\httpclient-4.5.14.jar;C:\Users\moonth\.m2\repository\io\prometheus\simpleclient\0.16.0\simpleclient-0.16.0.jar;C:\Users\moonth\.m2\repository\io\prometheus\simpleclient_tracer_otel\0.16.0\simpleclient_tracer_otel-0.16.0.jar;C:\Users\moonth\.m2\repository\io\prometheus\simpleclient_tracer_common\0.16.0\simpleclient_tracer_common-0.16.0.jar;C:\Users\moonth\.m2\repository\io\prometheus\simpleclient_tracer_otel_agent\0.16.0\simpleclient_tracer_otel_agent-0.16.0.jar;C:\Users\moonth\.m2\repository\org\yaml\snakeyaml\1.33\snakeyaml-1.33.jar;C:\Users\moonth\.m2\repository\com\alibaba\spring\spring-context-support\1.0.11\spring-context-support-1.0.11.jar;C:\Users\moonth\.m2\repository\org\springframework\cloud\spring-cloud-commons\4.0.0\spring-cloud-commons-4.0.0.jar;C:\Users\moonth\.m2\repository\org\springframework\security\spring-security-crypto\6.0.1\spring-security-crypto-6.0.1.jar;C:\Users\moonth\.m2\repository\org\springframework\cloud\spring-cloud-context\4.0.0\spring-cloud-context-4.0.0.jar;C:\Users\moonth\.m2\repository\com\alibaba\cloud\spring-cloud-starter-alibaba-nacos-config\2022.0.0.0\spring-cloud-starter-alibaba-nacos-config-2022.0.0.0.jar;C:\Users\moonth\.m2\repository\org\slf4j\slf4j-api\2.0.6\slf4j-api-2.0.6.jar;C:\Users\moonth\.m2\repository\jakarta\annotation\jakarta.annotation-api\2.1.1\jakarta.annotation-api-2.1.1.jar;E:\BackLearn\毕业设计\Platform\communitysharing\communitysharing-KV\communitysharing-KV-api\target\classes;C:\Users\moonth\.m2\repository\org\springframework\cloud\spring-cloud-starter-bootstrap\4.0.0\spring-cloud-starter-bootstrap-4.0.0.jar;C:\Users\moonth\.m2\repository\org\springframework\cloud\spring-cloud-starter\4.0.0\spring-cloud-starter-4.0.0.jar;C:\Users\moonth\.m2\repository\org\springframework\security\spring-security-rsa\1.0.11.RELEASE\spring-security-rsa-1.0.11.RELEASE.jar;C:\Users\moonth\.m2\repository\org\bouncycastle\bcpkix-jdk15on\1.69\bcpkix-jdk15on-1.69.jar;C:\Users\moonth\.m2\repository\org\bouncycastle\bcprov-jdk15on\1.69\bcprov-jdk15on-1.69.jar;C:\Users\moonth\.m2\repository\org\bouncycastle\bcutil-jdk15on\1.69\bcutil-jdk15on-1.69.jar;C:\Users\moonth\.m2\repository\org\springframework\boot\spring-boot-starter\3.0.2\spring-boot-starter-3.0.2.jar;C:\Users\moonth\.m2\repository\org\springframework\boot\spring-boot\3.0.2\spring-boot-3.0.2.jar;C:\Users\moonth\.m2\repository\org\springframework\boot\spring-boot-autoconfigure\3.0.2\spring-boot-autoconfigure-3.0.2.jar;C:\Users\moonth\.m2\repository\org\springframework\boot\spring-boot-starter-logging\3.0.2\spring-boot-starter-logging-3.0.2.jar;C:\Users\moonth\.m2\repository\ch\qos\logback\logback-classic\1.4.5\logback-classic-1.4.5.jar;C:\Users\moonth\.m2\repository\ch\qos\logback\logback-core\1.4.5\logback-core-1.4.5.jar;C:\Users\moonth\.m2\repository\org\apache\logging\log4j\log4j-to-slf4j\2.19.0\log4j-to-slf4j-2.19.0.jar;C:\Users\moonth\.m2\repository\org\apache\logging\log4j\log4j-api\2.19.0\log4j-api-2.19.0.jar;C:\Users\moonth\.m2\repository\org\slf4j\jul-to-slf4j\2.0.6\jul-to-slf4j-2.0.6.jar;C:\Users\moonth\.m2\repository\org\springframework\spring-core\6.0.4\spring-core-6.0.4.jar;C:\Users\moonth\.m2\repository\org\springframework\spring-jcl\6.0.4\spring-jcl-6.0.4.jar;E:\BackLearn\毕业设计\Platform\communitysharing\communitysharing-framework\communitysharing-spring-boot-starter-business-operationlog\target\classes;C:\Users\moonth\.m2\repository\org\springframework\boot\spring-boot-starter-aop\3.0.2\spring-boot-starter-aop-3.0.2.jar;C:\Users\moonth\.m2\repository\org\springframework\spring-aop\6.0.4\spring-aop-6.0.4.jar;C:\Users\moonth\.m2\repository\org\aspectj\aspectjweaver\1.9.19\aspectjweaver-1.9.19.jar;C:\Users\moonth\.m2\repository\org\springframework\boot\spring-boot-starter-web\3.0.2\spring-boot-starter-web-3.0.2.jar;C:\Users\moonth\.m2\repository\org\springframework\boot\spring-boot-starter-json\3.0.2\spring-boot-starter-json-3.0.2.jar;C:\Users\moonth\.m2\repository\com\fasterxml\jackson\datatype\jackson-datatype-jdk8\2.14.1\jackson-datatype-jdk8-2.14.1.jar;C:\Users\moonth\.m2\repository\com\fasterxml\jackson\module\jackson-module-parameter-names\2.14.1\jackson-module-parameter-names-2.14.1.jar;C:\Users\moonth\.m2\repository\org\springframework\boot\spring-boot-starter-tomcat\3.0.2\spring-boot-starter-tomcat-3.0.2.jar;C:\Users\moonth\.m2\repository\org\apache\tomcat\embed\tomcat-embed-core\10.1.5\tomcat-embed-core-10.1.5.jar;C:\Users\moonth\.m2\repository\org\apache\tomcat\embed\tomcat-embed-el\10.1.5\tomcat-embed-el-10.1.5.jar;C:\Users\moonth\.m2\repository\org\apache\tomcat\embed\tomcat-embed-websocket\10.1.5\tomcat-embed-websocket-10.1.5.jar;C:\Users\moonth\.m2\repository\org\springframework\spring-web\6.0.4\spring-web-6.0.4.jar;C:\Users\moonth\.m2\repository\org\springframework\spring-beans\6.0.4\spring-beans-6.0.4.jar;C:\Users\moonth\.m2\repository\io\micrometer\micrometer-observation\1.10.3\micrometer-observation-1.10.3.jar;C:\Users\moonth\.m2\repository\io\micrometer\micrometer-commons\1.10.3\micrometer-commons-1.10.3.jar;C:\Users\moonth\.m2\repository\org\springframework\spring-webmvc\6.0.4\spring-webmvc-6.0.4.jar;C:\Users\moonth\.m2\repository\org\springframework\spring-context\6.0.4\spring-context-6.0.4.jar;C:\Users\moonth\.m2\repository\org\springframework\spring-expression\6.0.4\spring-expression-6.0.4.jar;E:\BackLearn\毕业设计\Platform\communitysharing\communitysharing-framework\communitysharing-common\target\classes;C:\Users\moonth\.m2\repository\com\google\guava\guava\33.0.0-jre\guava-33.0.0-jre.jar;C:\Users\moonth\.m2\repository\com\google\guava\failureaccess\1.0.2\failureaccess-1.0.2.jar;C:\Users\moonth\.m2\repository\com\google\guava\listenablefuture\9999.0-empty-to-avoid-conflict-with-guava\listenablefuture-9999.0-empty-to-avoid-conflict-with-guava.jar;C:\Users\moonth\.m2\repository\com\google\code\findbugs\jsr305\3.0.2\jsr305-3.0.2.jar;C:\Users\moonth\.m2\repository\org\checkerframework\checker-qual\3.41.0\checker-qual-3.41.0.jar;C:\Users\moonth\.m2\repository\com\google\errorprone\error_prone_annotations\2.23.0\error_prone_annotations-2.23.0.jar;C:\Users\moonth\.m2\repository\com\google\j2objc\j2objc-annotations\2.8\j2objc-annotations-2.8.jar;C:\Users\moonth\.m2\repository\cn\hutool\hutool-all\5.8.26\hutool-all-5.8.26.jar;C:\Users\moonth\.m2\repository\org\apache\commons\commons-lang3\3.12.0\commons-lang3-3.12.0.jar;C:\Users\moonth\.m2\repository\jakarta\validation\jakarta.validation-api\3.0.2\jakarta.validation-api-3.0.2.jar;C:\Users\moonth\.m2\repository\org\hibernate\validator\hibernate-validator\8.0.0.Final\hibernate-validator-8.0.0.Final.jar;C:\Users\moonth\.m2\repository\org\jboss\logging\jboss-logging\3.5.0.Final\jboss-logging-3.5.0.Final.jar;C:\Users\moonth\.m2\repository\com\fasterxml\classmate\1.5.1\classmate-1.5.1.jar;C:\Users\moonth\.m2\repository\com\fasterxml\jackson\datatype\jackson-datatype-jsr310\2.14.1\jackson-datatype-jsr310-2.14.1.jar;C:\Users\moonth\.m2\repository\com\fasterxml\jackson\core\jackson-annotations\2.14.1\jackson-annotations-2.14.1.jar;C:\Users\moonth\.m2\repository\com\fasterxml\jackson\core\jackson-databind\2.16.1\jackson-databind-2.16.1.jar;C:\Users\moonth\.m2\repository\com\fasterxml\jackson\core\jackson-core\2.16.1\jackson-core-2.16.1.jar;C:\Users\moonth\.m2\repository\org\projectlombok\lombok\1.18.30\lombok-1.18.30.jar;C:\Users\moonth\.m2\repository\commons-io\commons-io\2.4\commons-io-2.4.jar;C:\Users\moonth\.m2\repository\org\perf4j\perf4j\0.9.16\perf4j-0.9.16.jar;C:\Users\moonth\.m2\repository\mysql\mysql-connector-java\8.0.27\mysql-connector-java-8.0.27.jar;C:\Users\moonth\.m2\repository\com\google\protobuf\protobuf-java\3.25.3\protobuf-java-3.25.3.jar;C:\Users\moonth\.m2\repository\com\alibaba\druid\1.0.18\druid-1.0.18.jar;C:\Users\moonth\.m2\repository\org\mybatis\mybatis\3.3.0\mybatis-3.3.0.jar;C:\Users\moonth\.m2\repository\org\apache\curator\curator-recipes\2.6.0\curator-recipes-2.6.0.jar;C:\Users\moonth\.m2\repository\org\apache\curator\curator-framework\5.1.0\curator-framework-5.1.0.jar;C:\Users\moonth\.m2\repository\org\apache\curator\curator-client\5.1.0\curator-client-5.1.0.jar;C:\Users\moonth\.m2\repository\org\apache\zookeeper\zookeeper\3.6.0\zookeeper-3.6.0.jar;C:\Users\moonth\.m2\repository\commons-lang\commons-lang\2.6\commons-lang-2.6.jar;C:\Users\moonth\.m2\repository\org\apache\zookeeper\zookeeper-jute\3.6.0\zookeeper-jute-3.6.0.jar;C:\Users\moonth\.m2\repository\org\apache\yetus\audience-annotations\0.5.0\audience-annotations-0.5.0.jar;C:\Users\moonth\.m2\repository\io\netty\netty-handler\4.1.87.Final\netty-handler-4.1.87.Final.jar;C:\Users\moonth\.m2\repository\io\netty\netty-common\4.1.87.Final\netty-common-4.1.87.Final.jar;C:\Users\moonth\.m2\repository\io\netty\netty-resolver\4.1.87.Final\netty-resolver-4.1.87.Final.jar;C:\Users\moonth\.m2\repository\io\netty\netty-buffer\4.1.87.Final\netty-buffer-4.1.87.Final.jar;C:\Users\moonth\.m2\repository\io\netty\netty-transport\4.1.87.Final\netty-transport-4.1.87.Final.jar;C:\Users\moonth\.m2\repository\io\netty\netty-transport-native-unix-common\4.1.87.Final\netty-transport-native-unix-common-4.1.87.Final.jar;C:\Users\moonth\.m2\repository\io\netty\netty-codec\4.1.87.Final\netty-codec-4.1.87.Final.jar;C:\Users\moonth\.m2\repository\io\netty\netty-transport-native-epoll\4.1.87.Final\netty-transport-native-epoll-4.1.87.Final.jar;C:\Users\moonth\.m2\repository\io\netty\netty-transport-classes-epoll\4.1.87.Final\netty-transport-classes-epoll-4.1.87.Final.jar
2026-03-02 00:04:09.081 [main] INFO  org.apache.zookeeper.ZooKeeper - Client environment:java.library.path=C:\Program Files\Java\jdk-17.0.2\bin;C:\WINDOWS\Sun\Java\bin;C:\WINDOWS\system32;C:\WINDOWS;C:\Program Files (x86)\Common Files\Oracle\Java\javapath;C:\Program Files\Common Files\Oracle\Java\javapath;C:\Windows\system32;C:\Windows;C:\Windows\System32\Wbem;C:\Windows\System32\WindowsPowerShell\v1.0;C:\Windows\System32\OpenSSH;C:\Program Files (x86)\NVIDIA Corporation\PhysX\Common;C:\Program Files\dotnet;C:\Program Files\Bandizip;C:\nodejs;C:\Program Files\Java\jdk-17.0.2\\bin;C:\Program Files\Java\jdk-17.0.2\\jre\bin;C:\Program Files\Git\cmd;E:\Program Files\Apache Software Foundation\Tomcat 10.1\bin;E:\NetSarang\Xshell 8;E:\NetSarang\Xftp 8;C:\Program Files\NVIDIA Corporation\NVIDIA App\NvDLISR;E:\Program Files\MySQL\MySQL Shell 8.0\bin;E:\Microsoft VS Code\bin;E:\JetBrains\IntelliJ IDEA 2025.1\bin;E:\JetBrains\PyCharm 2025.1\bin;E:\JetBrains\CLion 2024.2.2\bin;C:\WINDOWS;C:\WINDOWS\system32;C:\WINDOWS\System32\Wbem;C:\WINDOWS\System32\WindowsPowerShell\v1.0;C:\WINDOWS\System32\OpenSSH;E:\BackLearn\Utils\Redis-x64-3.2.100;C:\Users\moonth\AppData\Roaming\npm;C:\Program Files\Docker\Docker\resources\bin;C:\WINDOWS\system32;C:\WINDOWS;C:\WINDOWS\System32\Wbem;C:\WINDOWS\System32\WindowsPowerShell\v1.0\;C:\WINDOWS\System32\OpenSSH\;C:\Users\moonth\AppData\Local\Programs\Python\Python39;C:\Users\moonth\AppData\Local\Programs\Python\Python39\Scripts%;C:\Program Files\Common Files\Oracle\Java\javapath;C:\Windows\system32;C:\Windows;C:\Windows\System32\Wbem;C:\Windows\System32\WindowsPowerShell\v1.0;C:\Windows\System32\OpenSSH;C:\Program Files (x86)\NVIDIA Corporation\PhysX\Common;C:\Program Files\dotnet;C:\Program Files\Bandizip;C:\nodejs;C:\Program Files\Java\jdk-17.0.2\\bin;C:\Program Files\Java\jdk-17.0.2\\jre\bin;C:\Program Files\Git\cmd;E:\Program Files\Apache Software Foundation\Tomcat 10.1\bin;E:\NetSarang\Xshell 8;E:\NetSarang\Xftp 8;C:\Program Files\NVIDIA Corporation\NVIDIA App\NvDLISR;E:\Program Files\MySQL\MySQL Shell 8.0\bin;E:\Microsoft VS Code\bin;E:\JetBrains\IntelliJ IDEA 2025.1\bin;E:\JetBrains\PyCharm 2025.1\bin;E:\JetBrains\CLion 2024.2.2\bin;C:\WINDOWS;C:\WINDOWS\system32;C:\WINDOWS\System32\Wbem;C:\WINDOWS\System32\WindowsPowerShell\v1.0;C:\WINDOWS\System32\OpenSSH;E:\BackLearn\Utils\Redis-x6;C:\Users\moonth\AppData\Local\Microsoft\WindowsApps;C:\Users\moonth\AppData\Local\Programs\Python\Python39\Scripts;;.
2026-03-02 00:04:09.081 [main] INFO  org.apache.zookeeper.ZooKeeper - Client environment:java.io.tmpdir=C:\Users\moonth\AppData\Local\Temp\
2026-03-02 00:04:09.081 [main] INFO  org.apache.zookeeper.ZooKeeper - Client environment:java.compiler=<NA>
2026-03-02 00:04:09.081 [main] INFO  org.apache.zookeeper.ZooKeeper - Client environment:os.name=Windows 11
2026-03-02 00:04:09.081 [main] INFO  org.apache.zookeeper.ZooKeeper - Client environment:os.arch=amd64
2026-03-02 00:04:09.081 [main] INFO  org.apache.zookeeper.ZooKeeper - Client environment:os.version=10.0
2026-03-02 00:04:09.081 [main] INFO  org.apache.zookeeper.ZooKeeper - Client environment:user.name=moonth
2026-03-02 00:04:09.081 [main] INFO  org.apache.zookeeper.ZooKeeper - Client environment:user.home=C:\Users\moonth
2026-03-02 00:04:09.081 [main] INFO  org.apache.zookeeper.ZooKeeper - Client environment:user.dir=E:\BackLearn\毕业设计\Platform\communitysharing
2026-03-02 00:04:09.081 [main] INFO  org.apache.zookeeper.ZooKeeper - Client environment:os.memory.free=186MB
2026-03-02 00:04:09.081 [main] INFO  org.apache.zookeeper.ZooKeeper - Client environment:os.memory.max=6092MB
2026-03-02 00:04:09.082 [main] INFO  org.apache.zookeeper.ZooKeeper - Client environment:os.memory.total=232MB
2026-03-02 00:04:09.085 [main] INFO  org.apache.zookeeper.ZooKeeper - Initiating client connection, connectString=127.0.0.1:2181 sessionTimeout=6000 watcher=org.apache.curator.ConnectionState@7a0f06ad
2026-03-02 00:04:09.091 [main] INFO  o.apache.zookeeper.common.X509Util - Setting -D jdk.tls.rejectClientInitiatedRenegotiation=true to disable client-initiated TLS renegotiation
2026-03-02 00:04:09.096 [main] INFO  o.apache.zookeeper.ClientCnxnSocket - jute.maxbuffer value is 1048575 Bytes
2026-03-02 00:04:09.104 [main] INFO  org.apache.zookeeper.ClientCnxn - zookeeper.request.timeout value is 0. feature enabled=false
2026-03-02 00:04:09.111 [main-SendThread(127.0.0.1:2181)] INFO  org.apache.zookeeper.ClientCnxn - Opening socket connection to server activate.navicat.com/127.0.0.1:2181.
2026-03-02 00:04:09.111 [main-SendThread(127.0.0.1:2181)] INFO  org.apache.zookeeper.ClientCnxn - SASL config status: Will not attempt to authenticate using SASL (unknown error)
2026-03-02 00:04:09.113 [main-SendThread(127.0.0.1:2181)] INFO  org.apache.zookeeper.ClientCnxn - Socket connection established, initiating session, client: /127.0.0.1:65332, server: activate.navicat.com/127.0.0.1:2181
2026-03-02 00:04:09.114 [main] INFO  o.a.c.f.imps.CuratorFrameworkImpl - Default schema
2026-03-02 00:04:09.137 [main-SendThread(127.0.0.1:2181)] INFO  org.apache.zookeeper.ClientCnxn - Session establishment complete on server activate.navicat.com/127.0.0.1:2181, session id = 0x10002f0a319000a, negotiated timeout = 6000
2026-03-02 00:04:09.142 [main-EventThread] INFO  o.a.c.f.state.ConnectionStateManager - State change: CONNECTED
2026-03-02 00:04:09.152 [main-EventThread] INFO  o.a.c.framework.imps.EnsembleTracker - New config event received: {}
2026-03-02 00:04:09.153 [main-EventThread] INFO  o.a.c.framework.imps.EnsembleTracker - New config event received: {}
2026-03-02 00:04:09.172 [main] INFO  c.t.c.d.i.c.b.c.s.SnowflakeZookeeperHolder - file exists status is false
2026-03-02 00:04:09.178 [main] INFO  c.t.c.d.i.c.b.c.s.SnowflakeZookeeperHolder - init local file cache create parent dis status is true, worker id is 0
2026-03-02 00:04:09.185 [main] INFO  c.t.c.d.i.c.b.c.s.SnowflakeZookeeperHolder - local file cache workerID is 0
2026-03-02 00:04:09.185 [main] INFO  c.t.c.d.i.c.b.c.s.SnowflakeZookeeperHolder - [Old NODE]find forever node have this endpoint ip-26.26.26.1 port-2222 workid-0 childnode and start SUCCESS
2026-03-02 00:04:09.185 [main] INFO  c.t.c.d.i.c.b.c.s.SnowflakeIDGenImpl - START SUCCESS USE ZK WORKERID-0
2026-03-02 00:04:09.185 [main] INFO  c.t.c.d.i.c.b.s.SnowflakeService - Snowflake Service Init Successfully
2026-03-02 00:04:09.886 [main] WARN  o.s.c.l.c.LoadBalancerCacheAutoConfiguration$LoadBalancerCaffeineWarnLogger - Spring Cloud LoadBalancer is currently working with the default cache. While this cache implementation is useful for development and tests, it's recommended to use Caffeine cache in production.You can switch to using Caffeine cache, by adding it and org.springframework.cache.caffeine.CaffeineCacheManager to the classpath.
2026-03-02 00:04:09.941 [main] INFO  o.s.b.w.e.tomcat.TomcatWebServer - Tomcat started on port(s): 8085 (http) with context path ''
2026-03-02 00:04:09.945 [main] INFO  com.alibaba.nacos.client.naming - initializer namespace from ans.namespace attribute : null
2026-03-02 00:04:09.945 [main] INFO  com.alibaba.nacos.client.naming - initializer namespace from ALIBABA_ALIWARE_NAMESPACE attribute :null
2026-03-02 00:04:09.945 [main] INFO  com.alibaba.nacos.client.naming - initializer namespace from namespace attribute :null
2026-03-02 00:04:09.950 [main] INFO  c.a.n.p.a.s.c.ClientAuthPluginManager - [ClientAuthPluginManager] Load ClientAuthService com.alibaba.nacos.client.auth.impl.NacosClientAuthServiceImpl success.
2026-03-02 00:04:09.950 [main] INFO  c.a.n.p.a.s.c.ClientAuthPluginManager - [ClientAuthPluginManager] Load ClientAuthService com.alibaba.nacos.client.auth.ram.RamClientAuthServiceImpl success.
2026-03-02 00:04:09.953 [main] INFO  c.alibaba.nacos.common.remote.client - [RpcClientFactory] create a new rpc client of c0487fb8-8238-471d-9595-ef416371ec9c
2026-03-02 00:04:09.954 [main] INFO  c.alibaba.nacos.common.remote.client - [c0487fb8-8238-471d-9595-ef416371ec9c] RpcClient init, ServerListFactory = com.alibaba.nacos.client.naming.core.ServerListManager
2026-03-02 00:04:09.954 [main] INFO  c.alibaba.nacos.common.remote.client - [c0487fb8-8238-471d-9595-ef416371ec9c] Registry connection listener to current client:com.alibaba.nacos.client.naming.remote.gprc.redo.NamingGrpcRedoService
2026-03-02 00:04:09.954 [main] INFO  c.alibaba.nacos.common.remote.client - [c0487fb8-8238-471d-9595-ef416371ec9c] Register server push request handler:com.alibaba.nacos.client.naming.remote.gprc.NamingPushRequestHandler
2026-03-02 00:04:09.954 [main] INFO  c.alibaba.nacos.common.remote.client - [c0487fb8-8238-471d-9595-ef416371ec9c] Try to connect to server on start up, server: {serverIp = '127.0.0.1', server main port = 8848}
2026-03-02 00:04:09.954 [main] INFO  c.a.n.c.r.client.grpc.GrpcClient - grpc client connection server:127.0.0.1 ip,serverPort:9848,grpcTslConfig:{"sslProvider":"OPENSSL","enableTls":false,"mutualAuthEnable":false,"trustAll":false}
2026-03-02 00:04:10.157 [main] INFO  c.alibaba.nacos.common.remote.client - [c0487fb8-8238-471d-9595-ef416371ec9c] Success to connect to server [127.0.0.1:8848] on start up, connectionId = 1772381050037_172.17.0.1_53118
2026-03-02 00:04:10.157 [main] INFO  c.alibaba.nacos.common.remote.client - [c0487fb8-8238-471d-9595-ef416371ec9c] Register server push request handler:com.alibaba.nacos.common.remote.client.RpcClient$ConnectResetRequestHandler
2026-03-02 00:04:10.157 [com.alibaba.nacos.client.remote.worker] INFO  c.alibaba.nacos.common.remote.client - [c0487fb8-8238-471d-9595-ef416371ec9c] Notify connected event to listeners.
2026-03-02 00:04:10.157 [com.alibaba.nacos.client.remote.worker] INFO  com.alibaba.nacos.client.naming - Grpc connection connect
2026-03-02 00:04:10.157 [main] INFO  c.alibaba.nacos.common.remote.client - [c0487fb8-8238-471d-9595-ef416371ec9c] Register server push request handler:com.alibaba.nacos.common.remote.client.RpcClient$$Lambda$604/0x00000008010d76f0
2026-03-02 00:04:10.158 [main] INFO  com.alibaba.nacos.client.naming - [REGISTER-SERVICE] 2e254952-9803-4eae-8771-b086042c797f registering service communitysharing-distributed-id-constructor with instance Instance{instanceId='null', ip='26.26.26.1', port=8085, weight=1.0, healthy=true, enabled=true, ephemeral=true, clusterName='DEFAULT', serviceName='null', metadata={IPv6=null, preserved.register.source=SPRING_CLOUD}}
2026-03-02 00:04:10.168 [main] INFO  c.a.c.n.r.NacosServiceRegistry - nacos registry, DEFAULT_GROUP communitysharing-distributed-id-constructor 26.26.26.1:8085 register finished
2026-03-02 00:04:10.312 [main] INFO  c.t.c.d.i.c.b.CommunitysharingDistributedIdConstructorBusinessApplication - Started CommunitysharingDistributedIdConstructorBusinessApplication in 4.407 seconds (process running for 5.166)
2026-03-02 00:04:10.315 [main] INFO  c.a.n.client.config.impl.CacheData - nacos.cache.data.init.snapshot = true 
2026-03-02 00:04:10.316 [main] INFO  c.a.n.c.config.impl.ClientWorker - [fixed-127.0.0.1_8848] [subscribe] communitysharing-distributed-id-constructor.properties+DEFAULT_GROUP
2026-03-02 00:04:10.321 [main] INFO  c.a.n.client.config.impl.CacheData - [fixed-127.0.0.1_8848] [add-listener] ok, tenant=, dataId=communitysharing-distributed-id-constructor.properties, group=DEFAULT_GROUP, cnt=1
2026-03-02 00:04:10.321 [main] INFO  c.a.c.n.r.NacosContextRefresher - [Nacos Config] Listening config: dataId=communitysharing-distributed-id-constructor.properties, group=DEFAULT_GROUP
2026-03-02 00:04:10.322 [main] INFO  c.a.n.c.config.impl.ClientWorker - [fixed-127.0.0.1_8848] [subscribe] communitysharing-distributed-id-constructor-dev.properties+DEFAULT_GROUP
2026-03-02 00:04:10.322 [main] INFO  c.a.n.client.config.impl.CacheData - [fixed-127.0.0.1_8848] [add-listener] ok, tenant=, dataId=communitysharing-distributed-id-constructor-dev.properties, group=DEFAULT_GROUP, cnt=1
2026-03-02 00:04:10.322 [main] INFO  c.a.c.n.r.NacosContextRefresher - [Nacos Config] Listening config: dataId=communitysharing-distributed-id-constructor-dev.properties, group=DEFAULT_GROUP
2026-03-02 00:04:10.322 [main] INFO  c.a.n.c.config.impl.ClientWorker - [fixed-127.0.0.1_8848] [subscribe] communitysharing-distributed-id-constructor+DEFAULT_GROUP
2026-03-02 00:04:10.322 [main] INFO  c.a.n.client.config.impl.CacheData - [fixed-127.0.0.1_8848] [add-listener] ok, tenant=, dataId=communitysharing-distributed-id-constructor, group=DEFAULT_GROUP, cnt=1
2026-03-02 00:04:10.322 [main] INFO  c.a.c.n.r.NacosContextRefresher - [Nacos Config] Listening config: dataId=communitysharing-distributed-id-constructor, group=DEFAULT_GROUP
2026-03-02 00:05:08.987 [check-idCache-thread] INFO  c.t.c.d.i.c.b.c.s.SegmentIDGenImpl - update cache from db
2026-03-02 00:05:08.996 [check-idCache-thread] INFO  org.perf4j.TimingLogger - start[1772381108987] time[8] tag[updateCacheFromDb]
2026-03-02 00:06:09.004 [check-idCache-thread] INFO  c.t.c.d.i.c.b.c.s.SegmentIDGenImpl - update cache from db
2026-03-02 00:06:09.010 [check-idCache-thread] INFO  org.perf4j.TimingLogger - start[1772381169004] time[5] tag[updateCacheFromDb]
2026-03-02 00:07:09.012 [check-idCache-thread] INFO  c.t.c.d.i.c.b.c.s.SegmentIDGenImpl - update cache from db
2026-03-02 00:07:09.021 [check-idCache-thread] INFO  org.perf4j.TimingLogger - start[1772381229013] time[8] tag[updateCacheFromDb]
2026-03-02 00:08:09.025 [check-idCache-thread] INFO  c.t.c.d.i.c.b.c.s.SegmentIDGenImpl - update cache from db
2026-03-02 00:08:09.040 [check-idCache-thread] INFO  org.perf4j.TimingLogger - start[1772381289025] time[14] tag[updateCacheFromDb]
2026-03-02 00:09:09.054 [check-idCache-thread] INFO  c.t.c.d.i.c.b.c.s.SegmentIDGenImpl - update cache from db
2026-03-02 00:09:09.068 [check-idCache-thread] INFO  org.perf4j.TimingLogger - start[1772381349054] time[13] tag[updateCacheFromDb]
2026-03-02 00:09:47.564 [http-nio-8085-exec-1] INFO  o.a.c.c.C.[Tomcat].[localhost].[/] - Initializing Spring DispatcherServlet 'dispatcherServlet'
2026-03-02 00:09:47.565 [http-nio-8085-exec-1] INFO  o.s.web.servlet.DispatcherServlet - Initializing Servlet 'dispatcherServlet'
2026-03-02 00:09:47.567 [http-nio-8085-exec-1] INFO  o.s.web.servlet.DispatcherServlet - Completed initialization in 2 ms
2026-03-02 00:09:47.668 [http-nio-8085-exec-1] INFO  c.t.c.f.b.o.a.ApiOperationLogAspect - ====== 请求开始: [获取segment id], 入参: "leaf-segment-comment-id", 请求类: com.taoxin.communitysharing.distributed.id.constructor.business.controller.LeafController, 请求方法: getSegmentId =================================== 
2026-03-02 00:09:47.700 [http-nio-8085-exec-1] INFO  org.perf4j.TimingLogger - start[1772381387669] time[31] tag[updateSegmentFromDb] message[leaf-segment-comment-id Segment(value:1002000,max:1004000,step:2000)]
2026-03-02 00:09:47.700 [http-nio-8085-exec-1] INFO  c.t.c.d.i.c.b.c.s.SegmentIDGenImpl - Init buffer. Update leafkey leaf-segment-comment-id Segment(value:1002000,max:1004000,step:2000) from db
2026-03-02 00:09:47.702 [http-nio-8085-exec-1] INFO  c.t.c.f.b.o.a.ApiOperationLogAspect - ====== 响应结束: [获取segment id], 耗时: 33ms, 返回参数: "1002000" =================================== 
2026-03-02 00:10:09.074 [check-idCache-thread] INFO  c.t.c.d.i.c.b.c.s.SegmentIDGenImpl - update cache from db
2026-03-02 00:10:09.081 [check-idCache-thread] INFO  org.perf4j.TimingLogger - start[1772381409074] time[7] tag[updateCacheFromDb]
2026-03-02 00:11:09.088 [check-idCache-thread] INFO  c.t.c.d.i.c.b.c.s.SegmentIDGenImpl - update cache from db
2026-03-02 00:11:09.093 [check-idCache-thread] INFO  org.perf4j.TimingLogger - start[1772381469088] time[4] tag[updateCacheFromDb]
2026-03-02 00:12:09.095 [check-idCache-thread] INFO  c.t.c.d.i.c.b.c.s.SegmentIDGenImpl - update cache from db
2026-03-02 00:12:09.101 [check-idCache-thread] INFO  org.perf4j.TimingLogger - start[1772381529095] time[5] tag[updateCacheFromDb]
2026-03-02 00:13:09.110 [check-idCache-thread] INFO  c.t.c.d.i.c.b.c.s.SegmentIDGenImpl - update cache from db
2026-03-02 00:13:09.114 [check-idCache-thread] INFO  org.perf4j.TimingLogger - start[1772381589110] time[4] tag[updateCacheFromDb]
2026-03-02 00:14:09.119 [check-idCache-thread] INFO  c.t.c.d.i.c.b.c.s.SegmentIDGenImpl - update cache from db
2026-03-02 00:14:09.126 [check-idCache-thread] INFO  org.perf4j.TimingLogger - start[1772381649119] time[6] tag[updateCacheFromDb]
2026-03-02 00:15:09.134 [check-idCache-thread] INFO  c.t.c.d.i.c.b.c.s.SegmentIDGenImpl - update cache from db
2026-03-02 00:15:09.139 [check-idCache-thread] INFO  org.perf4j.TimingLogger - start[1772381709134] time[4] tag[updateCacheFromDb]
2026-03-02 00:15:25.288 [http-nio-8085-exec-3] INFO  c.t.c.f.b.o.a.ApiOperationLogAspect - ====== 请求开始: [获取segment id], 入参: "leaf-segment-comment-id", 请求类: com.taoxin.communitysharing.distributed.id.constructor.business.controller.LeafController, 请求方法: getSegmentId =================================== 
2026-03-02 00:15:25.289 [http-nio-8085-exec-3] INFO  c.t.c.f.b.o.a.ApiOperationLogAspect - ====== 响应结束: [获取segment id], 耗时: 0ms, 返回参数: "1002001" =================================== 
2026-03-02 00:16:02.089 [http-nio-8085-exec-4] INFO  c.t.c.f.b.o.a.ApiOperationLogAspect - ====== 请求开始: [获取segment id], 入参: "leaf-segment-comment-id", 请求类: com.taoxin.communitysharing.distributed.id.constructor.business.controller.LeafController, 请求方法: getSegmentId =================================== 
2026-03-02 00:16:02.089 [http-nio-8085-exec-4] INFO  c.t.c.f.b.o.a.ApiOperationLogAspect - ====== 响应结束: [获取segment id], 耗时: 0ms, 返回参数: "1002002" =================================== 
2026-03-02 00:16:09.153 [check-idCache-thread] INFO  c.t.c.d.i.c.b.c.s.SegmentIDGenImpl - update cache from db
2026-03-02 00:16:09.158 [check-idCache-thread] INFO  org.perf4j.TimingLogger - start[1772381769153] time[4] tag[updateCacheFromDb]
2026-03-02 00:17:09.173 [check-idCache-thread] INFO  c.t.c.d.i.c.b.c.s.SegmentIDGenImpl - update cache from db
2026-03-02 00:17:09.179 [check-idCache-thread] INFO  org.perf4j.TimingLogger - start[1772381829173] time[5] tag[updateCacheFromDb]
2026-03-02 00:17:37.198 [http-nio-8085-exec-6] INFO  c.t.c.f.b.o.a.ApiOperationLogAspect - ====== 请求开始: [获取segment id], 入参: "leaf-segment-comment-id", 请求类: com.taoxin.communitysharing.distributed.id.constructor.business.controller.LeafController, 请求方法: getSegmentId =================================== 
2026-03-02 00:17:37.199 [http-nio-8085-exec-6] INFO  c.t.c.f.b.o.a.ApiOperationLogAspect - ====== 响应结束: [获取segment id], 耗时: 0ms, 返回参数: "1002003" =================================== 
2026-03-02 00:18:09.184 [check-idCache-thread] INFO  c.t.c.d.i.c.b.c.s.SegmentIDGenImpl - update cache from db
2026-03-02 00:18:09.190 [check-idCache-thread] INFO  org.perf4j.TimingLogger - start[1772381889184] time[6] tag[updateCacheFromDb]
2026-03-02 00:18:48.385 [http-nio-8085-exec-8] INFO  c.t.c.f.b.o.a.ApiOperationLogAspect - ====== 请求开始: [获取segment id], 入参: "leaf-segment-comment-id", 请求类: com.taoxin.communitysharing.distributed.id.constructor.business.controller.LeafController, 请求方法: getSegmentId =================================== 
2026-03-02 00:18:48.386 [http-nio-8085-exec-8] INFO  c.t.c.f.b.o.a.ApiOperationLogAspect - ====== 响应结束: [获取segment id], 耗时: 0ms, 返回参数: "1002004" =================================== 
2026-03-02 00:19:09.196 [check-idCache-thread] INFO  c.t.c.d.i.c.b.c.s.SegmentIDGenImpl - update cache from db
2026-03-02 00:19:09.203 [check-idCache-thread] INFO  org.perf4j.TimingLogger - start[1772381949196] time[6] tag[updateCacheFromDb]
2026-03-02 00:20:09.209 [check-idCache-thread] INFO  c.t.c.d.i.c.b.c.s.SegmentIDGenImpl - update cache from db
2026-03-02 00:20:09.215 [check-idCache-thread] INFO  org.perf4j.TimingLogger - start[1772382009209] time[5] tag[updateCacheFromDb]
2026-03-02 00:21:09.228 [check-idCache-thread] INFO  c.t.c.d.i.c.b.c.s.SegmentIDGenImpl - update cache from db
2026-03-02 00:21:09.234 [check-idCache-thread] INFO  org.perf4j.TimingLogger - start[1772382069228] time[5] tag[updateCacheFromDb]
2026-03-02 00:22:07.634 [http-nio-8085-exec-10] INFO  c.t.c.f.b.o.a.ApiOperationLogAspect - ====== 请求开始: [获取segment id], 入参: "leaf-segment-comment-id", 请求类: com.taoxin.communitysharing.distributed.id.constructor.business.controller.LeafController, 请求方法: getSegmentId =================================== 
2026-03-02 00:22:07.634 [http-nio-8085-exec-10] INFO  c.t.c.f.b.o.a.ApiOperationLogAspect - ====== 响应结束: [获取segment id], 耗时: 0ms, 返回参数: "1002005" =================================== 
2026-03-02 00:22:09.243 [check-idCache-thread] INFO  c.t.c.d.i.c.b.c.s.SegmentIDGenImpl - update cache from db
2026-03-02 00:22:09.249 [check-idCache-thread] INFO  org.perf4j.TimingLogger - start[1772382129243] time[6] tag[updateCacheFromDb]
2026-03-02 00:23:09.263 [check-idCache-thread] INFO  c.t.c.d.i.c.b.c.s.SegmentIDGenImpl - update cache from db
2026-03-02 00:23:09.271 [check-idCache-thread] INFO  org.perf4j.TimingLogger - start[1772382189263] time[7] tag[updateCacheFromDb]
2026-03-02 00:24:09.286 [check-idCache-thread] INFO  c.t.c.d.i.c.b.c.s.SegmentIDGenImpl - update cache from db
2026-03-02 00:24:09.295 [check-idCache-thread] INFO  org.perf4j.TimingLogger - start[1772382249287] time[9] tag[updateCacheFromDb]
2026-03-02 00:25:09.308 [check-idCache-thread] INFO  c.t.c.d.i.c.b.c.s.SegmentIDGenImpl - update cache from db
2026-03-02 00:25:09.315 [check-idCache-thread] INFO  org.perf4j.TimingLogger - start[1772382309309] time[6] tag[updateCacheFromDb]
2026-03-02 00:26:09.328 [check-idCache-thread] INFO  c.t.c.d.i.c.b.c.s.SegmentIDGenImpl - update cache from db
2026-03-02 00:26:09.335 [check-idCache-thread] INFO  org.perf4j.TimingLogger - start[1772382369329] time[6] tag[updateCacheFromDb]
2026-03-02 00:27:09.343 [check-idCache-thread] INFO  c.t.c.d.i.c.b.c.s.SegmentIDGenImpl - update cache from db
2026-03-02 00:27:09.352 [check-idCache-thread] INFO  org.perf4j.TimingLogger - start[1772382429343] time[7] tag[updateCacheFromDb]
2026-03-02 00:28:09.364 [check-idCache-thread] INFO  c.t.c.d.i.c.b.c.s.SegmentIDGenImpl - update cache from db
2026-03-02 00:28:09.374 [check-idCache-thread] INFO  org.perf4j.TimingLogger - start[1772382489364] time[10] tag[updateCacheFromDb]
2026-03-02 00:29:09.389 [check-idCache-thread] INFO  c.t.c.d.i.c.b.c.s.SegmentIDGenImpl - update cache from db
2026-03-02 00:29:09.399 [check-idCache-thread] INFO  org.perf4j.TimingLogger - start[1772382549390] time[8] tag[updateCacheFromDb]
2026-03-02 00:30:09.410 [check-idCache-thread] INFO  c.t.c.d.i.c.b.c.s.SegmentIDGenImpl - update cache from db
2026-03-02 00:30:09.419 [check-idCache-thread] INFO  org.perf4j.TimingLogger - start[1772382609410] time[8] tag[updateCacheFromDb]
2026-03-02 00:31:09.421 [check-idCache-thread] INFO  c.t.c.d.i.c.b.c.s.SegmentIDGenImpl - update cache from db
2026-03-02 00:31:09.430 [check-idCache-thread] INFO  org.perf4j.TimingLogger - start[1772382669421] time[8] tag[updateCacheFromDb]
2026-03-02 00:32:09.433 [check-idCache-thread] INFO  c.t.c.d.i.c.b.c.s.SegmentIDGenImpl - update cache from db
2026-03-02 00:32:09.444 [check-idCache-thread] INFO  org.perf4j.TimingLogger - start[1772382729433] time[11] tag[updateCacheFromDb]
2026-03-02 00:33:09.454 [check-idCache-thread] INFO  c.t.c.d.i.c.b.c.s.SegmentIDGenImpl - update cache from db
2026-03-02 00:33:09.465 [check-idCache-thread] INFO  org.perf4j.TimingLogger - start[1772382789455] time[10] tag[updateCacheFromDb]
2026-03-02 00:34:09.472 [check-idCache-thread] INFO  c.t.c.d.i.c.b.c.s.SegmentIDGenImpl - update cache from db
2026-03-02 00:34:09.480 [check-idCache-thread] INFO  org.perf4j.TimingLogger - start[1772382849473] time[6] tag[updateCacheFromDb]
2026-03-02 00:35:09.494 [check-idCache-thread] INFO  c.t.c.d.i.c.b.c.s.SegmentIDGenImpl - update cache from db
2026-03-02 00:35:09.500 [check-idCache-thread] INFO  org.perf4j.TimingLogger - start[1772382909494] time[5] tag[updateCacheFromDb]
2026-03-02 00:36:09.515 [check-idCache-thread] INFO  c.t.c.d.i.c.b.c.s.SegmentIDGenImpl - update cache from db
2026-03-02 00:36:09.525 [check-idCache-thread] INFO  org.perf4j.TimingLogger - start[1772382969515] time[9] tag[updateCacheFromDb]
2026-03-02 00:37:09.536 [check-idCache-thread] INFO  c.t.c.d.i.c.b.c.s.SegmentIDGenImpl - update cache from db
2026-03-02 00:37:09.543 [check-idCache-thread] INFO  org.perf4j.TimingLogger - start[1772383029536] time[6] tag[updateCacheFromDb]
2026-03-02 00:38:09.547 [check-idCache-thread] INFO  c.t.c.d.i.c.b.c.s.SegmentIDGenImpl - update cache from db
2026-03-02 00:38:09.560 [check-idCache-thread] INFO  org.perf4j.TimingLogger - start[1772383089547] time[12] tag[updateCacheFromDb]
2026-03-02 00:39:09.572 [check-idCache-thread] INFO  c.t.c.d.i.c.b.c.s.SegmentIDGenImpl - update cache from db
2026-03-02 00:39:09.581 [check-idCache-thread] INFO  org.perf4j.TimingLogger - start[1772383149572] time[10] tag[updateCacheFromDb]
2026-03-02 00:40:09.592 [check-idCache-thread] INFO  c.t.c.d.i.c.b.c.s.SegmentIDGenImpl - update cache from db
2026-03-02 00:40:09.600 [check-idCache-thread] INFO  org.perf4j.TimingLogger - start[1772383209593] time[6] tag[updateCacheFromDb]
2026-03-02 00:41:09.603 [check-idCache-thread] INFO  c.t.c.d.i.c.b.c.s.SegmentIDGenImpl - update cache from db
2026-03-02 00:41:09.610 [check-idCache-thread] INFO  org.perf4j.TimingLogger - start[1772383269603] time[6] tag[updateCacheFromDb]
2026-03-02 00:42:09.610 [check-idCache-thread] INFO  c.t.c.d.i.c.b.c.s.SegmentIDGenImpl - update cache from db
2026-03-02 00:42:09.618 [check-idCache-thread] INFO  org.perf4j.TimingLogger - start[1772383329610] time[7] tag[updateCacheFromDb]
2026-03-02 00:43:09.629 [check-idCache-thread] INFO  c.t.c.d.i.c.b.c.s.SegmentIDGenImpl - update cache from db
2026-03-02 00:43:09.637 [check-idCache-thread] INFO  org.perf4j.TimingLogger - start[1772383389629] time[7] tag[updateCacheFromDb]
2026-03-02 00:44:09.652 [check-idCache-thread] INFO  c.t.c.d.i.c.b.c.s.SegmentIDGenImpl - update cache from db
2026-03-02 00:44:09.658 [check-idCache-thread] INFO  org.perf4j.TimingLogger - start[1772383449652] time[6] tag[updateCacheFromDb]
2026-03-02 00:45:09.674 [check-idCache-thread] INFO  c.t.c.d.i.c.b.c.s.SegmentIDGenImpl - update cache from db
2026-03-02 00:45:09.680 [check-idCache-thread] INFO  org.perf4j.TimingLogger - start[1772383509674] time[6] tag[updateCacheFromDb]
2026-03-02 00:46:09.688 [check-idCache-thread] INFO  c.t.c.d.i.c.b.c.s.SegmentIDGenImpl - update cache from db
2026-03-02 00:46:09.699 [check-idCache-thread] INFO  org.perf4j.TimingLogger - start[1772383569688] time[11] tag[updateCacheFromDb]
2026-03-02 00:47:09.709 [check-idCache-thread] INFO  c.t.c.d.i.c.b.c.s.SegmentIDGenImpl - update cache from db
2026-03-02 00:47:09.719 [check-idCache-thread] INFO  org.perf4j.TimingLogger - start[1772383629710] time[8] tag[updateCacheFromDb]
2026-03-02 00:48:09.722 [check-idCache-thread] INFO  c.t.c.d.i.c.b.c.s.SegmentIDGenImpl - update cache from db
2026-03-02 00:48:09.731 [check-idCache-thread] INFO  org.perf4j.TimingLogger - start[1772383689722] time[8] tag[updateCacheFromDb]
2026-03-02 00:49:09.736 [check-idCache-thread] INFO  c.t.c.d.i.c.b.c.s.SegmentIDGenImpl - update cache from db
2026-03-02 00:49:09.752 [check-idCache-thread] INFO  org.perf4j.TimingLogger - start[1772383749736] time[16] tag[updateCacheFromDb]
2026-03-02 00:50:09.756 [check-idCache-thread] INFO  c.t.c.d.i.c.b.c.s.SegmentIDGenImpl - update cache from db
2026-03-02 00:50:09.764 [check-idCache-thread] INFO  org.perf4j.TimingLogger - start[1772383809756] time[7] tag[updateCacheFromDb]
2026-03-02 00:51:09.767 [check-idCache-thread] INFO  c.t.c.d.i.c.b.c.s.SegmentIDGenImpl - update cache from db
2026-03-02 00:51:09.774 [check-idCache-thread] INFO  org.perf4j.TimingLogger - start[1772383869767] time[6] tag[updateCacheFromDb]
2026-03-02 00:52:09.783 [check-idCache-thread] INFO  c.t.c.d.i.c.b.c.s.SegmentIDGenImpl - update cache from db
2026-03-02 00:52:09.789 [check-idCache-thread] INFO  org.perf4j.TimingLogger - start[1772383929783] time[6] tag[updateCacheFromDb]
2026-03-02 00:53:09.805 [check-idCache-thread] INFO  c.t.c.d.i.c.b.c.s.SegmentIDGenImpl - update cache from db
2026-03-02 00:53:09.813 [check-idCache-thread] INFO  org.perf4j.TimingLogger - start[1772383989805] time[7] tag[updateCacheFromDb]
2026-03-02 00:54:09.822 [check-idCache-thread] INFO  c.t.c.d.i.c.b.c.s.SegmentIDGenImpl - update cache from db
2026-03-02 00:54:09.829 [check-idCache-thread] INFO  org.perf4j.TimingLogger - start[1772384049822] time[6] tag[updateCacheFromDb]
2026-03-02 00:55:09.840 [check-idCache-thread] INFO  c.t.c.d.i.c.b.c.s.SegmentIDGenImpl - update cache from db
2026-03-02 00:55:09.848 [check-idCache-thread] INFO  org.perf4j.TimingLogger - start[1772384109840] time[7] tag[updateCacheFromDb]
2026-03-02 00:56:09.855 [check-idCache-thread] INFO  c.t.c.d.i.c.b.c.s.SegmentIDGenImpl - update cache from db
2026-03-02 00:56:09.861 [check-idCache-thread] INFO  org.perf4j.TimingLogger - start[1772384169855] time[5] tag[updateCacheFromDb]
2026-03-02 00:57:09.870 [check-idCache-thread] INFO  c.t.c.d.i.c.b.c.s.SegmentIDGenImpl - update cache from db
2026-03-02 00:57:09.884 [check-idCache-thread] INFO  org.perf4j.TimingLogger - start[1772384229870] time[13] tag[updateCacheFromDb]
2026-03-02 00:58:09.896 [check-idCache-thread] INFO  c.t.c.d.i.c.b.c.s.SegmentIDGenImpl - update cache from db
2026-03-02 00:58:09.903 [check-idCache-thread] INFO  org.perf4j.TimingLogger - start[1772384289896] time[6] tag[updateCacheFromDb]
2026-03-02 00:59:09.905 [check-idCache-thread] INFO  c.t.c.d.i.c.b.c.s.SegmentIDGenImpl - update cache from db
2026-03-02 00:59:09.915 [check-idCache-thread] INFO  org.perf4j.TimingLogger - start[1772384349905] time[9] tag[updateCacheFromDb]
2026-03-02 01:00:09.917 [check-idCache-thread] INFO  c.t.c.d.i.c.b.c.s.SegmentIDGenImpl - update cache from db
2026-03-02 01:00:09.924 [check-idCache-thread] INFO  org.perf4j.TimingLogger - start[1772384409917] time[7] tag[updateCacheFromDb]
2026-03-02 01:01:09.927 [check-idCache-thread] INFO  c.t.c.d.i.c.b.c.s.SegmentIDGenImpl - update cache from db
2026-03-02 01:01:09.933 [check-idCache-thread] INFO  org.perf4j.TimingLogger - start[1772384469927] time[5] tag[updateCacheFromDb]
2026-03-02 01:02:09.943 [check-idCache-thread] INFO  c.t.c.d.i.c.b.c.s.SegmentIDGenImpl - update cache from db
2026-03-02 01:02:09.950 [check-idCache-thread] INFO  org.perf4j.TimingLogger - start[1772384529943] time[6] tag[updateCacheFromDb]
2026-03-02 01:03:09.956 [check-idCache-thread] INFO  c.t.c.d.i.c.b.c.s.SegmentIDGenImpl - update cache from db
2026-03-02 01:03:09.963 [check-idCache-thread] INFO  org.perf4j.TimingLogger - start[1772384589956] time[6] tag[updateCacheFromDb]
2026-03-02 01:04:09.969 [check-idCache-thread] INFO  c.t.c.d.i.c.b.c.s.SegmentIDGenImpl - update cache from db
2026-03-02 01:04:09.977 [check-idCache-thread] INFO  org.perf4j.TimingLogger - start[1772384649969] time[7] tag[updateCacheFromDb]
2026-03-02 01:05:09.981 [check-idCache-thread] INFO  c.t.c.d.i.c.b.c.s.SegmentIDGenImpl - update cache from db
2026-03-02 01:05:09.993 [check-idCache-thread] INFO  org.perf4j.TimingLogger - start[1772384709981] time[11] tag[updateCacheFromDb]
2026-03-02 01:06:10.006 [check-idCache-thread] INFO  c.t.c.d.i.c.b.c.s.SegmentIDGenImpl - update cache from db
2026-03-02 01:06:10.013 [check-idCache-thread] INFO  org.perf4j.TimingLogger - start[1772384770007] time[5] tag[updateCacheFromDb]
2026-03-02 01:07:10.022 [check-idCache-thread] INFO  c.t.c.d.i.c.b.c.s.SegmentIDGenImpl - update cache from db
2026-03-02 01:07:10.029 [check-idCache-thread] INFO  org.perf4j.TimingLogger - start[1772384830022] time[6] tag[updateCacheFromDb]
2026-03-02 01:08:10.037 [check-idCache-thread] INFO  c.t.c.d.i.c.b.c.s.SegmentIDGenImpl - update cache from db
2026-03-02 01:08:10.042 [check-idCache-thread] INFO  org.perf4j.TimingLogger - start[1772384890037] time[4] tag[updateCacheFromDb]
2026-03-02 01:09:10.056 [check-idCache-thread] INFO  c.t.c.d.i.c.b.c.s.SegmentIDGenImpl - update cache from db
2026-03-02 01:09:10.062 [check-idCache-thread] INFO  org.perf4j.TimingLogger - start[1772384950056] time[5] tag[updateCacheFromDb]
2026-03-02 01:10:10.073 [check-idCache-thread] INFO  c.t.c.d.i.c.b.c.s.SegmentIDGenImpl - update cache from db
2026-03-02 01:10:10.079 [check-idCache-thread] INFO  org.perf4j.TimingLogger - start[1772385010073] time[5] tag[updateCacheFromDb]
2026-03-02 01:11:10.081 [check-idCache-thread] INFO  c.t.c.d.i.c.b.c.s.SegmentIDGenImpl - update cache from db
2026-03-02 01:11:10.090 [check-idCache-thread] INFO  org.perf4j.TimingLogger - start[1772385070081] time[8] tag[updateCacheFromDb]
2026-03-02 01:12:10.092 [check-idCache-thread] INFO  c.t.c.d.i.c.b.c.s.SegmentIDGenImpl - update cache from db
2026-03-02 01:12:10.098 [check-idCache-thread] INFO  org.perf4j.TimingLogger - start[1772385130092] time[6] tag[updateCacheFromDb]
2026-03-02 01:13:10.101 [check-idCache-thread] INFO  c.t.c.d.i.c.b.c.s.SegmentIDGenImpl - update cache from db
2026-03-02 01:13:10.106 [check-idCache-thread] INFO  org.perf4j.TimingLogger - start[1772385190101] time[4] tag[updateCacheFromDb]
2026-03-02 01:14:10.119 [check-idCache-thread] INFO  c.t.c.d.i.c.b.c.s.SegmentIDGenImpl - update cache from db
2026-03-02 01:14:10.125 [check-idCache-thread] INFO  org.perf4j.TimingLogger - start[1772385250119] time[6] tag[updateCacheFromDb]
2026-03-02 01:15:10.133 [check-idCache-thread] INFO  c.t.c.d.i.c.b.c.s.SegmentIDGenImpl - update cache from db
2026-03-02 01:15:10.138 [check-idCache-thread] INFO  org.perf4j.TimingLogger - start[1772385310133] time[4] tag[updateCacheFromDb]
2026-03-02 01:16:10.143 [check-idCache-thread] INFO  c.t.c.d.i.c.b.c.s.SegmentIDGenImpl - update cache from db
2026-03-02 01:16:10.150 [check-idCache-thread] INFO  org.perf4j.TimingLogger - start[1772385370143] time[6] tag[updateCacheFromDb]
2026-03-02 01:17:10.158 [check-idCache-thread] INFO  c.t.c.d.i.c.b.c.s.SegmentIDGenImpl - update cache from db
2026-03-02 01:17:10.163 [check-idCache-thread] INFO  org.perf4j.TimingLogger - start[1772385430158] time[5] tag[updateCacheFromDb]
2026-03-02 01:18:01.315 [http-nio-8085-exec-2] INFO  c.t.c.f.b.o.a.ApiOperationLogAspect - ====== 请求开始: [获取segment id], 入参: "leaf-segment-comment-id", 请求类: com.taoxin.communitysharing.distributed.id.constructor.business.controller.LeafController, 请求方法: getSegmentId =================================== 
2026-03-02 01:18:01.315 [http-nio-8085-exec-2] INFO  c.t.c.f.b.o.a.ApiOperationLogAspect - ====== 响应结束: [获取segment id], 耗时: 0ms, 返回参数: "1002006" =================================== 
2026-03-02 01:18:10.176 [check-idCache-thread] INFO  c.t.c.d.i.c.b.c.s.SegmentIDGenImpl - update cache from db
2026-03-02 01:18:10.181 [check-idCache-thread] INFO  org.perf4j.TimingLogger - start[1772385490176] time[5] tag[updateCacheFromDb]
2026-03-02 01:19:10.190 [check-idCache-thread] INFO  c.t.c.d.i.c.b.c.s.SegmentIDGenImpl - update cache from db
2026-03-02 01:19:10.197 [check-idCache-thread] INFO  org.perf4j.TimingLogger - start[1772385550190] time[6] tag[updateCacheFromDb]
2026-03-02 01:20:10.202 [check-idCache-thread] INFO  c.t.c.d.i.c.b.c.s.SegmentIDGenImpl - update cache from db
2026-03-02 01:20:10.207 [check-idCache-thread] INFO  org.perf4j.TimingLogger - start[1772385610202] time[4] tag[updateCacheFromDb]
2026-03-02 01:21:10.217 [check-idCache-thread] INFO  c.t.c.d.i.c.b.c.s.SegmentIDGenImpl - update cache from db
2026-03-02 01:21:10.225 [check-idCache-thread] INFO  org.perf4j.TimingLogger - start[1772385670217] time[7] tag[updateCacheFromDb]
2026-03-02 01:21:12.226 [http-nio-8085-exec-4] INFO  c.t.c.f.b.o.a.ApiOperationLogAspect - ====== 请求开始: [获取segment id], 入参: "leaf-segment-comment-id", 请求类: com.taoxin.communitysharing.distributed.id.constructor.business.controller.LeafController, 请求方法: getSegmentId =================================== 
2026-03-02 01:21:12.228 [http-nio-8085-exec-4] INFO  c.t.c.f.b.o.a.ApiOperationLogAspect - ====== 响应结束: [获取segment id], 耗时: 0ms, 返回参数: "1002007" =================================== 
2026-03-02 01:22:10.237 [check-idCache-thread] INFO  c.t.c.d.i.c.b.c.s.SegmentIDGenImpl - update cache from db
2026-03-02 01:22:10.241 [check-idCache-thread] INFO  org.perf4j.TimingLogger - start[1772385730237] time[4] tag[updateCacheFromDb]
2026-03-02 01:23:10.242 [check-idCache-thread] INFO  c.t.c.d.i.c.b.c.s.SegmentIDGenImpl - update cache from db
2026-03-02 01:23:10.248 [check-idCache-thread] INFO  org.perf4j.TimingLogger - start[1772385790242] time[6] tag[updateCacheFromDb]
2026-03-02 01:24:10.264 [check-idCache-thread] INFO  c.t.c.d.i.c.b.c.s.SegmentIDGenImpl - update cache from db
2026-03-02 01:24:10.267 [check-idCache-thread] INFO  org.perf4j.TimingLogger - start[1772385850264] time[3] tag[updateCacheFromDb]
2026-03-02 01:25:10.281 [check-idCache-thread] INFO  c.t.c.d.i.c.b.c.s.SegmentIDGenImpl - update cache from db
2026-03-02 01:25:10.286 [check-idCache-thread] INFO  org.perf4j.TimingLogger - start[1772385910281] time[4] tag[updateCacheFromDb]
2026-03-02 01:26:10.287 [check-idCache-thread] INFO  c.t.c.d.i.c.b.c.s.SegmentIDGenImpl - update cache from db
2026-03-02 01:26:10.291 [check-idCache-thread] INFO  org.perf4j.TimingLogger - start[1772385970287] time[3] tag[updateCacheFromDb]
2026-03-02 01:27:10.295 [check-idCache-thread] INFO  c.t.c.d.i.c.b.c.s.SegmentIDGenImpl - update cache from db
2026-03-02 01:27:10.300 [check-idCache-thread] INFO  org.perf4j.TimingLogger - start[1772386030295] time[5] tag[updateCacheFromDb]
2026-03-02 01:28:10.314 [check-idCache-thread] INFO  c.t.c.d.i.c.b.c.s.SegmentIDGenImpl - update cache from db
2026-03-02 01:28:10.323 [check-idCache-thread] INFO  org.perf4j.TimingLogger - start[1772386090314] time[8] tag[updateCacheFromDb]
2026-03-02 01:29:10.328 [check-idCache-thread] INFO  c.t.c.d.i.c.b.c.s.SegmentIDGenImpl - update cache from db
2026-03-02 01:29:10.332 [check-idCache-thread] INFO  org.perf4j.TimingLogger - start[1772386150328] time[4] tag[updateCacheFromDb]
2026-03-02 01:30:10.335 [check-idCache-thread] INFO  c.t.c.d.i.c.b.c.s.SegmentIDGenImpl - update cache from db
2026-03-02 01:30:10.339 [check-idCache-thread] INFO  org.perf4j.TimingLogger - start[1772386210335] time[4] tag[updateCacheFromDb]
2026-03-02 01:31:10.349 [check-idCache-thread] INFO  c.t.c.d.i.c.b.c.s.SegmentIDGenImpl - update cache from db
2026-03-02 01:31:10.354 [check-idCache-thread] INFO  org.perf4j.TimingLogger - start[1772386270349] time[5] tag[updateCacheFromDb]
2026-03-02 01:32:10.354 [check-idCache-thread] INFO  c.t.c.d.i.c.b.c.s.SegmentIDGenImpl - update cache from db
2026-03-02 01:32:10.359 [check-idCache-thread] INFO  org.perf4j.TimingLogger - start[1772386330354] time[4] tag[updateCacheFromDb]
2026-03-02 01:33:10.374 [check-idCache-thread] INFO  c.t.c.d.i.c.b.c.s.SegmentIDGenImpl - update cache from db
2026-03-02 01:33:10.379 [check-idCache-thread] INFO  org.perf4j.TimingLogger - start[1772386390374] time[5] tag[updateCacheFromDb]
2026-03-02 01:34:10.387 [check-idCache-thread] INFO  c.t.c.d.i.c.b.c.s.SegmentIDGenImpl - update cache from db
2026-03-02 01:34:10.392 [check-idCache-thread] INFO  org.perf4j.TimingLogger - start[1772386450387] time[5] tag[updateCacheFromDb]
2026-03-02 01:35:10.401 [check-idCache-thread] INFO  c.t.c.d.i.c.b.c.s.SegmentIDGenImpl - update cache from db
2026-03-02 01:35:10.407 [check-idCache-thread] INFO  org.perf4j.TimingLogger - start[1772386510401] time[5] tag[updateCacheFromDb]
2026-03-02 01:36:10.408 [check-idCache-thread] INFO  c.t.c.d.i.c.b.c.s.SegmentIDGenImpl - update cache from db
2026-03-02 01:36:10.413 [check-idCache-thread] INFO  org.perf4j.TimingLogger - start[1772386570408] time[5] tag[updateCacheFromDb]
2026-03-02 01:37:10.422 [check-idCache-thread] INFO  c.t.c.d.i.c.b.c.s.SegmentIDGenImpl - update cache from db
2026-03-02 01:37:10.427 [check-idCache-thread] INFO  org.perf4j.TimingLogger - start[1772386630422] time[4] tag[updateCacheFromDb]
2026-03-02 01:38:10.433 [check-idCache-thread] INFO  c.t.c.d.i.c.b.c.s.SegmentIDGenImpl - update cache from db
2026-03-02 01:38:10.437 [check-idCache-thread] INFO  org.perf4j.TimingLogger - start[1772386690433] time[4] tag[updateCacheFromDb]
2026-03-02 01:39:10.439 [check-idCache-thread] INFO  c.t.c.d.i.c.b.c.s.SegmentIDGenImpl - update cache from db
2026-03-02 01:39:10.446 [check-idCache-thread] INFO  org.perf4j.TimingLogger - start[1772386750439] time[6] tag[updateCacheFromDb]
2026-03-02 01:40:10.447 [check-idCache-thread] INFO  c.t.c.d.i.c.b.c.s.SegmentIDGenImpl - update cache from db
2026-03-02 01:40:10.451 [check-idCache-thread] INFO  org.perf4j.TimingLogger - start[1772386810447] time[3] tag[updateCacheFromDb]
2026-03-02 01:41:10.453 [check-idCache-thread] INFO  c.t.c.d.i.c.b.c.s.SegmentIDGenImpl - update cache from db
2026-03-02 01:41:10.462 [check-idCache-thread] INFO  org.perf4j.TimingLogger - start[1772386870453] time[8] tag[updateCacheFromDb]
2026-03-02 01:42:10.470 [check-idCache-thread] INFO  c.t.c.d.i.c.b.c.s.SegmentIDGenImpl - update cache from db
2026-03-02 01:42:10.481 [check-idCache-thread] INFO  org.perf4j.TimingLogger - start[1772386930470] time[10] tag[updateCacheFromDb]
2026-03-02 01:43:10.482 [check-idCache-thread] INFO  c.t.c.d.i.c.b.c.s.SegmentIDGenImpl - update cache from db
2026-03-02 01:43:10.489 [check-idCache-thread] INFO  org.perf4j.TimingLogger - start[1772386990482] time[6] tag[updateCacheFromDb]
2026-03-02 01:44:10.502 [check-idCache-thread] INFO  c.t.c.d.i.c.b.c.s.SegmentIDGenImpl - update cache from db
2026-03-02 01:44:10.506 [check-idCache-thread] INFO  org.perf4j.TimingLogger - start[1772387050502] time[4] tag[updateCacheFromDb]
2026-03-02 01:45:10.520 [check-idCache-thread] INFO  c.t.c.d.i.c.b.c.s.SegmentIDGenImpl - update cache from db
2026-03-02 01:45:10.526 [check-idCache-thread] INFO  org.perf4j.TimingLogger - start[1772387110520] time[5] tag[updateCacheFromDb]
2026-03-02 01:46:10.530 [check-idCache-thread] INFO  c.t.c.d.i.c.b.c.s.SegmentIDGenImpl - update cache from db
2026-03-02 01:46:10.536 [check-idCache-thread] INFO  org.perf4j.TimingLogger - start[1772387170530] time[5] tag[updateCacheFromDb]
2026-03-02 01:47:10.544 [check-idCache-thread] INFO  c.t.c.d.i.c.b.c.s.SegmentIDGenImpl - update cache from db
2026-03-02 01:47:10.548 [check-idCache-thread] INFO  org.perf4j.TimingLogger - start[1772387230544] time[4] tag[updateCacheFromDb]
2026-03-02 01:48:10.563 [check-idCache-thread] INFO  c.t.c.d.i.c.b.c.s.SegmentIDGenImpl - update cache from db
2026-03-02 01:48:10.569 [check-idCache-thread] INFO  org.perf4j.TimingLogger - start[1772387290563] time[6] tag[updateCacheFromDb]
2026-03-02 01:49:10.582 [check-idCache-thread] INFO  c.t.c.d.i.c.b.c.s.SegmentIDGenImpl - update cache from db
2026-03-02 01:49:10.587 [check-idCache-thread] INFO  org.perf4j.TimingLogger - start[1772387350582] time[4] tag[updateCacheFromDb]
2026-03-02 01:50:10.588 [check-idCache-thread] INFO  c.t.c.d.i.c.b.c.s.SegmentIDGenImpl - update cache from db
2026-03-02 01:50:10.595 [check-idCache-thread] INFO  org.perf4j.TimingLogger - start[1772387410588] time[5] tag[updateCacheFromDb]
2026-03-02 01:51:10.605 [check-idCache-thread] INFO  c.t.c.d.i.c.b.c.s.SegmentIDGenImpl - update cache from db
2026-03-02 01:51:10.610 [check-idCache-thread] INFO  org.perf4j.TimingLogger - start[1772387470605] time[5] tag[updateCacheFromDb]
2026-03-02 01:52:10.618 [check-idCache-thread] INFO  c.t.c.d.i.c.b.c.s.SegmentIDGenImpl - update cache from db
2026-03-02 01:52:10.622 [check-idCache-thread] INFO  org.perf4j.TimingLogger - start[1772387530618] time[4] tag[updateCacheFromDb]
2026-03-02 01:53:10.636 [check-idCache-thread] INFO  c.t.c.d.i.c.b.c.s.SegmentIDGenImpl - update cache from db
2026-03-02 01:53:10.641 [check-idCache-thread] INFO  org.perf4j.TimingLogger - start[1772387590636] time[5] tag[updateCacheFromDb]
2026-03-02 01:54:10.652 [check-idCache-thread] INFO  c.t.c.d.i.c.b.c.s.SegmentIDGenImpl - update cache from db
2026-03-02 01:54:10.657 [check-idCache-thread] INFO  org.perf4j.TimingLogger - start[1772387650653] time[4] tag[updateCacheFromDb]
2026-03-02 01:54:58.805 [http-nio-8085-exec-6] INFO  c.t.c.f.b.o.a.ApiOperationLogAspect - ====== 请求开始: [获取segment id], 入参: "leaf-segment-comment-id", 请求类: com.taoxin.communitysharing.distributed.id.constructor.business.controller.LeafController, 请求方法: getSegmentId =================================== 
2026-03-02 01:54:58.806 [http-nio-8085-exec-6] INFO  c.t.c.f.b.o.a.ApiOperationLogAspect - ====== 响应结束: [获取segment id], 耗时: 0ms, 返回参数: "1002008" =================================== 
2026-03-02 01:55:10.659 [check-idCache-thread] INFO  c.t.c.d.i.c.b.c.s.SegmentIDGenImpl - update cache from db
2026-03-02 01:55:10.665 [check-idCache-thread] INFO  org.perf4j.TimingLogger - start[1772387710659] time[5] tag[updateCacheFromDb]
2026-03-02 01:56:10.670 [check-idCache-thread] INFO  c.t.c.d.i.c.b.c.s.SegmentIDGenImpl - update cache from db
2026-03-02 01:56:10.676 [check-idCache-thread] INFO  org.perf4j.TimingLogger - start[1772387770670] time[5] tag[updateCacheFromDb]
2026-03-02 01:56:10.775 [http-nio-8085-exec-8] INFO  c.t.c.f.b.o.a.ApiOperationLogAspect - ====== 请求开始: [获取segment id], 入参: "leaf-segment-comment-id", 请求类: com.taoxin.communitysharing.distributed.id.constructor.business.controller.LeafController, 请求方法: getSegmentId =================================== 
2026-03-02 01:56:10.775 [http-nio-8085-exec-8] INFO  c.t.c.f.b.o.a.ApiOperationLogAspect - ====== 响应结束: [获取segment id], 耗时: 0ms, 返回参数: "1002009" =================================== 
2026-03-02 01:57:10.686 [check-idCache-thread] INFO  c.t.c.d.i.c.b.c.s.SegmentIDGenImpl - update cache from db
2026-03-02 01:57:10.691 [check-idCache-thread] INFO  org.perf4j.TimingLogger - start[1772387830686] time[4] tag[updateCacheFromDb]
2026-03-02 01:58:10.703 [check-idCache-thread] INFO  c.t.c.d.i.c.b.c.s.SegmentIDGenImpl - update cache from db
2026-03-02 01:58:10.709 [check-idCache-thread] INFO  org.perf4j.TimingLogger - start[1772387890703] time[6] tag[updateCacheFromDb]
2026-03-02 01:59:10.715 [check-idCache-thread] INFO  c.t.c.d.i.c.b.c.s.SegmentIDGenImpl - update cache from db
2026-03-02 01:59:10.725 [check-idCache-thread] INFO  org.perf4j.TimingLogger - start[1772387950715] time[9] tag[updateCacheFromDb]
2026-03-02 02:00:10.738 [check-idCache-thread] INFO  c.t.c.d.i.c.b.c.s.SegmentIDGenImpl - update cache from db
2026-03-02 02:00:10.745 [check-idCache-thread] INFO  org.perf4j.TimingLogger - start[1772388010738] time[6] tag[updateCacheFromDb]
2026-03-02 02:01:10.758 [check-idCache-thread] INFO  c.t.c.d.i.c.b.c.s.SegmentIDGenImpl - update cache from db
2026-03-02 02:01:10.763 [check-idCache-thread] INFO  org.perf4j.TimingLogger - start[1772388070758] time[5] tag[updateCacheFromDb]
2026-03-02 02:02:10.767 [check-idCache-thread] INFO  c.t.c.d.i.c.b.c.s.SegmentIDGenImpl - update cache from db
2026-03-02 02:02:10.772 [check-idCache-thread] INFO  org.perf4j.TimingLogger - start[1772388130767] time[4] tag[updateCacheFromDb]
2026-03-02 02:02:46.796 [http-nio-8085-exec-10] INFO  c.t.c.f.b.o.a.ApiOperationLogAspect - ====== 请求开始: [获取segment id], 入参: "leaf-segment-comment-id", 请求类: com.taoxin.communitysharing.distributed.id.constructor.business.controller.LeafController, 请求方法: getSegmentId =================================== 
2026-03-02 02:02:46.796 [http-nio-8085-exec-10] INFO  c.t.c.f.b.o.a.ApiOperationLogAspect - ====== 响应结束: [获取segment id], 耗时: 0ms, 返回参数: "1002010" =================================== 
2026-03-02 02:03:10.780 [check-idCache-thread] INFO  c.t.c.d.i.c.b.c.s.SegmentIDGenImpl - update cache from db
2026-03-02 02:03:10.785 [check-idCache-thread] INFO  org.perf4j.TimingLogger - start[1772388190780] time[4] tag[updateCacheFromDb]
2026-03-02 02:04:10.797 [check-idCache-thread] INFO  c.t.c.d.i.c.b.c.s.SegmentIDGenImpl - update cache from db
2026-03-02 02:04:10.803 [check-idCache-thread] INFO  org.perf4j.TimingLogger - start[1772388250797] time[6] tag[updateCacheFromDb]
2026-03-02 02:05:10.808 [check-idCache-thread] INFO  c.t.c.d.i.c.b.c.s.SegmentIDGenImpl - update cache from db
2026-03-02 02:05:10.814 [check-idCache-thread] INFO  org.perf4j.TimingLogger - start[1772388310808] time[5] tag[updateCacheFromDb]
2026-03-02 02:06:10.820 [check-idCache-thread] INFO  c.t.c.d.i.c.b.c.s.SegmentIDGenImpl - update cache from db
2026-03-02 02:06:10.824 [check-idCache-thread] INFO  org.perf4j.TimingLogger - start[1772388370820] time[4] tag[updateCacheFromDb]
2026-03-02 02:07:10.827 [check-idCache-thread] INFO  c.t.c.d.i.c.b.c.s.SegmentIDGenImpl - update cache from db
2026-03-02 02:07:10.831 [check-idCache-thread] INFO  org.perf4j.TimingLogger - start[1772388430827] time[3] tag[updateCacheFromDb]
2026-03-02 02:08:10.845 [check-idCache-thread] INFO  c.t.c.d.i.c.b.c.s.SegmentIDGenImpl - update cache from db
2026-03-02 02:08:10.849 [check-idCache-thread] INFO  org.perf4j.TimingLogger - start[1772388490845] time[4] tag[updateCacheFromDb]
2026-03-02 02:09:10.851 [check-idCache-thread] INFO  c.t.c.d.i.c.b.c.s.SegmentIDGenImpl - update cache from db
2026-03-02 02:09:10.857 [check-idCache-thread] INFO  org.perf4j.TimingLogger - start[1772388550851] time[5] tag[updateCacheFromDb]
2026-03-02 02:10:10.872 [check-idCache-thread] INFO  c.t.c.d.i.c.b.c.s.SegmentIDGenImpl - update cache from db
2026-03-02 02:10:10.877 [check-idCache-thread] INFO  org.perf4j.TimingLogger - start[1772388610872] time[4] tag[updateCacheFromDb]
2026-03-02 02:11:10.888 [check-idCache-thread] INFO  c.t.c.d.i.c.b.c.s.SegmentIDGenImpl - update cache from db
2026-03-02 02:11:10.894 [check-idCache-thread] INFO  org.perf4j.TimingLogger - start[1772388670888] time[5] tag[updateCacheFromDb]
