2026-03-02 00:03:52.073 [main] WARN  c.a.n.client.logging.NacosLogging - Load Logback Configuration of Nacos fail, message: Could not initialize Logback Nacos logging from classpath:nacos-logback.xml
2026-03-02 00:03:52.113 [main] WARN  c.a.n.client.logging.NacosLogging - Load Logback Configuration of Nacos fail, message: Could not initialize Logback Nacos logging from classpath:nacos-logback.xml
2026-03-02 00:03:52.542 [main] WARN  c.a.n.client.logging.NacosLogging - Load Logback Configuration of Nacos fail, message: Could not initialize Logback Nacos logging from classpath:nacos-logback.xml
2026-03-02 00:03:52.559 [main] WARN  c.a.n.client.logging.NacosLogging - Load Logback Configuration of Nacos fail, message: Could not initialize Logback Nacos logging from classpath:nacos-logback.xml
2026-03-02 00:03:52.559 [main] INFO  c.t.c.g.CommunitysharingGatewayApplication - The following 1 profile is active: "dev"
2026-03-02 00:03:52.966 [main] INFO  o.s.d.r.c.RepositoryConfigurationDelegate - Multiple Spring Data modules found, entering strict repository configuration mode
2026-03-02 00:03:52.968 [main] INFO  o.s.d.r.c.RepositoryConfigurationDelegate - Bootstrapping Spring Data Redis repositories in DEFAULT mode.
2026-03-02 00:03:52.981 [main] INFO  o.s.d.r.c.RepositoryConfigurationDelegate - Finished Spring Data repository scanning in 5 ms. Found 0 Redis repository interfaces.
2026-03-02 00:03:53.084 [main] INFO  o.s.cloud.context.scope.GenericScope - BeanFactory id=4a0847b9-9fa4-3c80-8a34-42a04408eb1f
2026-03-02 00:03:53.095 [main] INFO  o.s.c.s.PostProcessorRegistrationDelegate$BeanPostProcessorChecker - Bean 'com.taoxin.communitysharing.notify.api.NotifyFeignApi' of type [org.springframework.cloud.openfeign.FeignClientFactoryBean] is not eligible for getting processed by all BeanPostProcessors (for example: not eligible for auto-proxying)
2026-03-02 00:03:53.203 [main] INFO  o.s.c.s.PostProcessorRegistrationDelegate$BeanPostProcessorChecker - Bean 'org.springframework.cloud.client.loadbalancer.reactive.LoadBalancerBeanPostProcessorAutoConfiguration' of type [org.springframework.cloud.client.loadbalancer.reactive.LoadBalancerBeanPostProcessorAutoConfiguration] is not eligible for getting processed by all BeanPostProcessors (for example: not eligible for auto-proxying)
2026-03-02 00:03:53.204 [main] INFO  o.s.c.s.PostProcessorRegistrationDelegate$BeanPostProcessorChecker - Bean 'org.springframework.cloud.client.loadbalancer.reactive.LoadBalancerBeanPostProcessorAutoConfiguration$ReactorDeferringLoadBalancerFilterConfig' of type [org.springframework.cloud.client.loadbalancer.reactive.LoadBalancerBeanPostProcessorAutoConfiguration$ReactorDeferringLoadBalancerFilterConfig] is not eligible for getting processed by all BeanPostProcessors (for example: not eligible for auto-proxying)
2026-03-02 00:03:53.207 [main] INFO  o.s.c.s.PostProcessorRegistrationDelegate$BeanPostProcessorChecker - Bean 'reactorDeferringLoadBalancerExchangeFilterFunction' of type [org.springframework.cloud.client.loadbalancer.reactive.DeferringLoadBalancerExchangeFilterFunction] is not eligible for getting processed by all BeanPostProcessors (for example: not eligible for auto-proxying)
2026-03-02 00:03:53.376 [main] INFO  o.s.b.w.e.tomcat.TomcatWebServer - Tomcat initialized with port(s): 8081 (http)
2026-03-02 00:03:53.383 [main] INFO  o.a.catalina.core.StandardService - Starting service [Tomcat]
2026-03-02 00:03:53.384 [main] INFO  o.a.catalina.core.StandardEngine - Starting Servlet engine: [Apache Tomcat/10.1.5]
2026-03-02 00:03:54.019 [main] DEBUG o.s.c.g.config.GatewayProperties - Routes supplied from Gateway Properties: [RouteDefinition{id='auth', predicates=[PredicateDefinition{name='Path', args={_genkey_0=/auth/**}}], filters=[FilterDefinition{name='StripPrefix', args={_genkey_0=1}}], uri=lb://communitysharing-auth, order=0, metadata={}}, RouteDefinition{id='user', predicates=[PredicateDefinition{name='Path', args={_genkey_0=/user/**}}], filters=[FilterDefinition{name='StripPrefix', args={_genkey_0=1}}], uri=lb://communitysharing-user, order=0, metadata={}}, RouteDefinition{id='content', predicates=[PredicateDefinition{name='Path', args={_genkey_0=/sharing/**}}], filters=[FilterDefinition{name='StripPrefix', args={_genkey_0=1}}], uri=lb://communitysharing-content, order=0, metadata={}}, RouteDefinition{id='user-relation', predicates=[PredicateDefinition{name='Path', args={_genkey_0=/users/**}}], filters=[FilterDefinition{name='StripPrefix', args={_genkey_0=1}}], uri=lb://communitysharing-user-relation, order=0, metadata={}}, RouteDefinition{id='notify', predicates=[PredicateDefinition{name='Path', args={_genkey_0=/notify/**}}], filters=[FilterDefinition{name='StripPrefix', args={_genkey_0=1}}], uri=lb://communitysharing-notify, order=0, metadata={}}, RouteDefinition{id='search', predicates=[PredicateDefinition{name='Path', args={_genkey_0=/es/**}}], filters=[FilterDefinition{name='StripPrefix', args={_genkey_0=1}}], uri=lb://communitysharing-search, order=0, metadata={}}, RouteDefinition{id='comment', predicates=[PredicateDefinition{name='Path', args={_genkey_0=/comment/**}}], filters=[FilterDefinition{name='StripPrefix', args={_genkey_0=1}}], uri=lb://communitysharing-comment, order=0, metadata={}}]
2026-03-02 00:03:54.180 [main] INFO  o.s.c.g.r.RouteDefinitionRouteLocator - Loaded RoutePredicateFactory [After]
2026-03-02 00:03:54.180 [main] INFO  o.s.c.g.r.RouteDefinitionRouteLocator - Loaded RoutePredicateFactory [Before]
2026-03-02 00:03:54.180 [main] INFO  o.s.c.g.r.RouteDefinitionRouteLocator - Loaded RoutePredicateFactory [Between]
2026-03-02 00:03:54.180 [main] INFO  o.s.c.g.r.RouteDefinitionRouteLocator - Loaded RoutePredicateFactory [Cookie]
2026-03-02 00:03:54.180 [main] INFO  o.s.c.g.r.RouteDefinitionRouteLocator - Loaded RoutePredicateFactory [Header]
2026-03-02 00:03:54.180 [main] INFO  o.s.c.g.r.RouteDefinitionRouteLocator - Loaded RoutePredicateFactory [Host]
2026-03-02 00:03:54.181 [main] INFO  o.s.c.g.r.RouteDefinitionRouteLocator - Loaded RoutePredicateFactory [Method]
2026-03-02 00:03:54.181 [main] INFO  o.s.c.g.r.RouteDefinitionRouteLocator - Loaded RoutePredicateFactory [Path]
2026-03-02 00:03:54.181 [main] INFO  o.s.c.g.r.RouteDefinitionRouteLocator - Loaded RoutePredicateFactory [Query]
2026-03-02 00:03:54.181 [main] INFO  o.s.c.g.r.RouteDefinitionRouteLocator - Loaded RoutePredicateFactory [ReadBody]
2026-03-02 00:03:54.181 [main] INFO  o.s.c.g.r.RouteDefinitionRouteLocator - Loaded RoutePredicateFactory [RemoteAddr]
2026-03-02 00:03:54.181 [main] INFO  o.s.c.g.r.RouteDefinitionRouteLocator - Loaded RoutePredicateFactory [XForwardedRemoteAddr]
2026-03-02 00:03:54.181 [main] INFO  o.s.c.g.r.RouteDefinitionRouteLocator - Loaded RoutePredicateFactory [Weight]
2026-03-02 00:03:54.181 [main] INFO  o.s.c.g.r.RouteDefinitionRouteLocator - Loaded RoutePredicateFactory [CloudFoundryRouteService]
2026-03-02 00:03:54.198 [main] DEBUG o.s.c.g.r.RouteDefinitionRouteLocator - RouteDefinition auth applying {_genkey_0=/auth/**} to Path
2026-03-02 00:03:54.220 [main] DEBUG o.s.c.g.r.RouteDefinitionRouteLocator - RouteDefinition auth applying filter {_genkey_0=1} to StripPrefix
2026-03-02 00:03:54.225 [main] DEBUG o.s.c.g.r.RouteDefinitionRouteLocator - RouteDefinition matched: auth
2026-03-02 00:03:54.225 [main] DEBUG o.s.c.g.r.RouteDefinitionRouteLocator - RouteDefinition user applying {_genkey_0=/user/**} to Path
2026-03-02 00:03:54.226 [main] DEBUG o.s.c.g.r.RouteDefinitionRouteLocator - RouteDefinition user applying filter {_genkey_0=1} to StripPrefix
2026-03-02 00:03:54.226 [main] DEBUG o.s.c.g.r.RouteDefinitionRouteLocator - RouteDefinition matched: user
2026-03-02 00:03:54.227 [main] DEBUG o.s.c.g.r.RouteDefinitionRouteLocator - RouteDefinition content applying {_genkey_0=/sharing/**} to Path
2026-03-02 00:03:54.227 [main] DEBUG o.s.c.g.r.RouteDefinitionRouteLocator - RouteDefinition content applying filter {_genkey_0=1} to StripPrefix
2026-03-02 00:03:54.228 [main] DEBUG o.s.c.g.r.RouteDefinitionRouteLocator - RouteDefinition matched: content
2026-03-02 00:03:54.228 [main] DEBUG o.s.c.g.r.RouteDefinitionRouteLocator - RouteDefinition user-relation applying {_genkey_0=/users/**} to Path
2026-03-02 00:03:54.229 [main] DEBUG o.s.c.g.r.RouteDefinitionRouteLocator - RouteDefinition user-relation applying filter {_genkey_0=1} to StripPrefix
2026-03-02 00:03:54.229 [main] DEBUG o.s.c.g.r.RouteDefinitionRouteLocator - RouteDefinition matched: user-relation
2026-03-02 00:03:54.229 [main] DEBUG o.s.c.g.r.RouteDefinitionRouteLocator - RouteDefinition notify applying {_genkey_0=/notify/**} to Path
2026-03-02 00:03:54.230 [main] DEBUG o.s.c.g.r.RouteDefinitionRouteLocator - RouteDefinition notify applying filter {_genkey_0=1} to StripPrefix
2026-03-02 00:03:54.231 [main] DEBUG o.s.c.g.r.RouteDefinitionRouteLocator - RouteDefinition matched: notify
2026-03-02 00:03:54.231 [main] DEBUG o.s.c.g.r.RouteDefinitionRouteLocator - RouteDefinition search applying {_genkey_0=/es/**} to Path
2026-03-02 00:03:54.232 [main] DEBUG o.s.c.g.r.RouteDefinitionRouteLocator - RouteDefinition search applying filter {_genkey_0=1} to StripPrefix
2026-03-02 00:03:54.232 [main] DEBUG o.s.c.g.r.RouteDefinitionRouteLocator - RouteDefinition matched: search
2026-03-02 00:03:54.233 [main] DEBUG o.s.c.g.r.RouteDefinitionRouteLocator - RouteDefinition comment applying {_genkey_0=/comment/**} to Path
2026-03-02 00:03:54.233 [main] DEBUG o.s.c.g.r.RouteDefinitionRouteLocator - RouteDefinition comment applying filter {_genkey_0=1} to StripPrefix
2026-03-02 00:03:54.234 [main] DEBUG o.s.c.g.r.RouteDefinitionRouteLocator - RouteDefinition matched: comment
2026-03-02 00:03:54.249 [main] INFO  o.s.c.o.FeignClientFactoryBean - For 'communitysharing-notify' URL not provided. Will try picking an instance via load-balancing.
2026-03-02 00:03:55.007 [main] WARN  o.s.c.l.c.LoadBalancerCacheAutoConfiguration$LoadBalancerCaffeineWarnLogger - Spring Cloud LoadBalancer is currently working with the default cache. While this cache implementation is useful for development and tests, it's recommended to use Caffeine cache in production.You can switch to using Caffeine cache, by adding it and org.springframework.cache.caffeine.CaffeineCacheManager to the classpath.
2026-03-02 00:03:55.051 [main] INFO  o.s.b.w.e.tomcat.TomcatWebServer - Tomcat started on port(s): 8081 (http) with context path ''
2026-03-02 00:03:55.316 [main] WARN  c.a.n.client.logging.NacosLogging - Load Logback Configuration of Nacos fail, message: Could not initialize Logback Nacos logging from classpath:nacos-logback.xml
2026-03-02 00:03:55.316 [main] INFO  com.alibaba.nacos.client.naming - initializer namespace from ans.namespace attribute : null
2026-03-02 00:03:55.317 [main] INFO  com.alibaba.nacos.client.naming - initializer namespace from ALIBABA_ALIWARE_NAMESPACE attribute :null
2026-03-02 00:03:55.317 [main] INFO  com.alibaba.nacos.client.naming - initializer namespace from namespace attribute :null
2026-03-02 00:03:55.335 [main] INFO  c.a.nacos.client.utils.ParamUtil - [settings] [req-serv] nacos-server port:8848
2026-03-02 00:03:55.335 [main] INFO  c.a.nacos.client.utils.ParamUtil - [settings] [http-client] connect timeout:1000
2026-03-02 00:03:55.335 [main] INFO  c.a.nacos.client.utils.ParamUtil - PER_TASK_CONFIG_SIZE: 3000.0
2026-03-02 00:03:55.339 [main] INFO  c.a.n.p.a.s.c.ClientAuthPluginManager - [ClientAuthPluginManager] Load ClientAuthService com.alibaba.nacos.client.auth.impl.NacosClientAuthServiceImpl success.
2026-03-02 00:03:55.339 [main] INFO  c.a.n.p.a.s.c.ClientAuthPluginManager - [ClientAuthPluginManager] Load ClientAuthService com.alibaba.nacos.client.auth.ram.RamClientAuthServiceImpl success.
2026-03-02 00:03:55.341 [main] INFO  c.a.n.c.a.r.i.CredentialWatcher - null No credential found
2026-03-02 00:03:55.348 [main] INFO  c.alibaba.nacos.common.remote.client - [RpcClientFactory] create a new rpc client of afb557ac-cae8-4fb8-876a-ee279f869dda
2026-03-02 00:03:55.361 [main] INFO  c.alibaba.nacos.common.remote.client - [afb557ac-cae8-4fb8-876a-ee279f869dda] RpcClient init, ServerListFactory = com.alibaba.nacos.client.naming.core.ServerListManager
2026-03-02 00:03:55.361 [main] INFO  c.alibaba.nacos.common.remote.client - [afb557ac-cae8-4fb8-876a-ee279f869dda] Registry connection listener to current client:com.alibaba.nacos.client.naming.remote.gprc.redo.NamingGrpcRedoService
2026-03-02 00:03:55.361 [main] INFO  c.alibaba.nacos.common.remote.client - [afb557ac-cae8-4fb8-876a-ee279f869dda] Register server push request handler:com.alibaba.nacos.client.naming.remote.gprc.NamingPushRequestHandler
2026-03-02 00:03:55.363 [main] INFO  c.alibaba.nacos.common.remote.client - [afb557ac-cae8-4fb8-876a-ee279f869dda] Try to connect to server on start up, server: {serverIp = '127.0.0.1', server main port = 8848}
2026-03-02 00:03:55.387 [main] INFO  c.a.n.c.r.client.grpc.GrpcClient - grpc client connection server:127.0.0.1 ip,serverPort:9848,grpcTslConfig:{"sslProvider":"OPENSSL","enableTls":false,"mutualAuthEnable":false,"trustAll":false}
2026-03-02 00:03:56.135 [main] INFO  c.alibaba.nacos.common.remote.client - [afb557ac-cae8-4fb8-876a-ee279f869dda] Success to connect to server [127.0.0.1:8848] on start up, connectionId = 1772381035943_172.17.0.1_58532
2026-03-02 00:03:56.136 [com.alibaba.nacos.client.remote.worker] INFO  c.alibaba.nacos.common.remote.client - [afb557ac-cae8-4fb8-876a-ee279f869dda] Notify connected event to listeners.
2026-03-02 00:03:56.136 [com.alibaba.nacos.client.remote.worker] INFO  com.alibaba.nacos.client.naming - Grpc connection connect
2026-03-02 00:03:56.136 [main] INFO  c.alibaba.nacos.common.remote.client - [afb557ac-cae8-4fb8-876a-ee279f869dda] Register server push request handler:com.alibaba.nacos.common.remote.client.RpcClient$ConnectResetRequestHandler
2026-03-02 00:03:56.136 [main] INFO  c.alibaba.nacos.common.remote.client - [afb557ac-cae8-4fb8-876a-ee279f869dda] Register server push request handler:com.alibaba.nacos.common.remote.client.RpcClient$$Lambda$1224/0x000000080149e238
2026-03-02 00:03:56.137 [main] INFO  com.alibaba.nacos.client.naming - [REGISTER-SERVICE] 2e254952-9803-4eae-8771-b086042c797f registering service communitysharing-gateway with instance Instance{instanceId='null', ip='26.26.26.1', port=8081, weight=1.0, healthy=true, enabled=true, ephemeral=true, clusterName='DEFAULT', serviceName='null', metadata={IPv6=null, preserved.register.source=SPRING_CLOUD}}
2026-03-02 00:03:56.151 [main] INFO  c.a.c.n.r.NacosServiceRegistry - nacos registry, DEFAULT_GROUP communitysharing-gateway 26.26.26.1:8081 register finished
2026-03-02 00:03:56.153 [main] DEBUG o.s.c.g.r.RouteDefinitionRouteLocator - RouteDefinition auth applying {_genkey_0=/auth/**} to Path
2026-03-02 00:03:56.154 [main] DEBUG o.s.c.g.r.RouteDefinitionRouteLocator - RouteDefinition auth applying filter {_genkey_0=1} to StripPrefix
2026-03-02 00:03:56.155 [main] DEBUG o.s.c.g.r.RouteDefinitionRouteLocator - RouteDefinition matched: auth
2026-03-02 00:03:56.155 [main] DEBUG o.s.c.g.r.RouteDefinitionRouteLocator - RouteDefinition user applying {_genkey_0=/user/**} to Path
2026-03-02 00:03:56.155 [main] DEBUG o.s.c.g.r.RouteDefinitionRouteLocator - RouteDefinition user applying filter {_genkey_0=1} to StripPrefix
2026-03-02 00:03:56.155 [main] DEBUG o.s.c.g.r.RouteDefinitionRouteLocator - RouteDefinition matched: user
2026-03-02 00:03:56.155 [main] DEBUG o.s.c.g.r.RouteDefinitionRouteLocator - RouteDefinition content applying {_genkey_0=/sharing/**} to Path
2026-03-02 00:03:56.156 [main] DEBUG o.s.c.g.r.RouteDefinitionRouteLocator - RouteDefinition content applying filter {_genkey_0=1} to StripPrefix
2026-03-02 00:03:56.156 [main] DEBUG o.s.c.g.r.RouteDefinitionRouteLocator - RouteDefinition matched: content
2026-03-02 00:03:56.156 [main] DEBUG o.s.c.g.r.RouteDefinitionRouteLocator - RouteDefinition user-relation applying {_genkey_0=/users/**} to Path
2026-03-02 00:03:56.156 [main] DEBUG o.s.c.g.r.RouteDefinitionRouteLocator - RouteDefinition user-relation applying filter {_genkey_0=1} to StripPrefix
2026-03-02 00:03:56.157 [main] DEBUG o.s.c.g.r.RouteDefinitionRouteLocator - RouteDefinition matched: user-relation
2026-03-02 00:03:56.157 [main] DEBUG o.s.c.g.r.RouteDefinitionRouteLocator - RouteDefinition notify applying {_genkey_0=/notify/**} to Path
2026-03-02 00:03:56.157 [main] DEBUG o.s.c.g.r.RouteDefinitionRouteLocator - RouteDefinition notify applying filter {_genkey_0=1} to StripPrefix
2026-03-02 00:03:56.158 [main] DEBUG o.s.c.g.r.RouteDefinitionRouteLocator - RouteDefinition matched: notify
2026-03-02 00:03:56.158 [main] DEBUG o.s.c.g.r.RouteDefinitionRouteLocator - RouteDefinition search applying {_genkey_0=/es/**} to Path
2026-03-02 00:03:56.158 [main] DEBUG o.s.c.g.r.RouteDefinitionRouteLocator - RouteDefinition search applying filter {_genkey_0=1} to StripPrefix
2026-03-02 00:03:56.158 [main] DEBUG o.s.c.g.r.RouteDefinitionRouteLocator - RouteDefinition matched: search
2026-03-02 00:03:56.158 [main] DEBUG o.s.c.g.r.RouteDefinitionRouteLocator - RouteDefinition comment applying {_genkey_0=/comment/**} to Path
2026-03-02 00:03:56.159 [main] DEBUG o.s.c.g.r.RouteDefinitionRouteLocator - RouteDefinition comment applying filter {_genkey_0=1} to StripPrefix
2026-03-02 00:03:56.159 [main] DEBUG o.s.c.g.r.RouteDefinitionRouteLocator - RouteDefinition matched: comment
2026-03-02 00:03:56.165 [main] DEBUG o.s.c.g.r.RouteDefinitionRouteLocator - RouteDefinition auth applying {_genkey_0=/auth/**} to Path
2026-03-02 00:03:56.167 [main] DEBUG o.s.c.g.r.RouteDefinitionRouteLocator - RouteDefinition auth applying filter {_genkey_0=1} to StripPrefix
2026-03-02 00:03:56.167 [main] DEBUG o.s.c.g.r.RouteDefinitionRouteLocator - RouteDefinition matched: auth
2026-03-02 00:03:56.168 [main] DEBUG o.s.c.g.r.RouteDefinitionRouteLocator - RouteDefinition user applying {_genkey_0=/user/**} to Path
2026-03-02 00:03:56.168 [main] DEBUG o.s.c.g.r.RouteDefinitionRouteLocator - RouteDefinition user applying filter {_genkey_0=1} to StripPrefix
2026-03-02 00:03:56.169 [main] DEBUG o.s.c.g.r.RouteDefinitionRouteLocator - RouteDefinition matched: user
2026-03-02 00:03:56.169 [main] DEBUG o.s.c.g.r.RouteDefinitionRouteLocator - RouteDefinition content applying {_genkey_0=/sharing/**} to Path
2026-03-02 00:03:56.170 [main] DEBUG o.s.c.g.r.RouteDefinitionRouteLocator - RouteDefinition content applying filter {_genkey_0=1} to StripPrefix
2026-03-02 00:03:56.170 [main] DEBUG o.s.c.g.r.RouteDefinitionRouteLocator - RouteDefinition matched: content
2026-03-02 00:03:56.170 [main] DEBUG o.s.c.g.r.RouteDefinitionRouteLocator - RouteDefinition user-relation applying {_genkey_0=/users/**} to Path
2026-03-02 00:03:56.170 [main] DEBUG o.s.c.g.r.RouteDefinitionRouteLocator - RouteDefinition user-relation applying filter {_genkey_0=1} to StripPrefix
2026-03-02 00:03:56.171 [main] DEBUG o.s.c.g.r.RouteDefinitionRouteLocator - RouteDefinition matched: user-relation
2026-03-02 00:03:56.171 [main] DEBUG o.s.c.g.r.RouteDefinitionRouteLocator - RouteDefinition notify applying {_genkey_0=/notify/**} to Path
2026-03-02 00:03:56.171 [main] DEBUG o.s.c.g.r.RouteDefinitionRouteLocator - RouteDefinition notify applying filter {_genkey_0=1} to StripPrefix
2026-03-02 00:03:56.171 [main] DEBUG o.s.c.g.r.RouteDefinitionRouteLocator - RouteDefinition matched: notify
2026-03-02 00:03:56.172 [main] DEBUG o.s.c.g.r.RouteDefinitionRouteLocator - RouteDefinition search applying {_genkey_0=/es/**} to Path
2026-03-02 00:03:56.172 [main] DEBUG o.s.c.g.r.RouteDefinitionRouteLocator - RouteDefinition search applying filter {_genkey_0=1} to StripPrefix
2026-03-02 00:03:56.172 [main] DEBUG o.s.c.g.r.RouteDefinitionRouteLocator - RouteDefinition matched: search
2026-03-02 00:03:56.172 [main] DEBUG o.s.c.g.r.RouteDefinitionRouteLocator - RouteDefinition comment applying {_genkey_0=/comment/**} to Path
2026-03-02 00:03:56.172 [main] DEBUG o.s.c.g.r.RouteDefinitionRouteLocator - RouteDefinition comment applying filter {_genkey_0=1} to StripPrefix
2026-03-02 00:03:56.173 [main] DEBUG o.s.c.g.r.RouteDefinitionRouteLocator - RouteDefinition matched: comment
2026-03-02 00:03:56.175 [main] INFO  c.t.c.g.CommunitysharingGatewayApplication - Started CommunitysharingGatewayApplication in 4.587 seconds (process running for 5.196)
2026-03-02 00:09:46.049 [http-nio-8081-exec-2] INFO  c.t.c.gateway.auth.SaTokenConfigure - [Sa-Token] 鉴权成功
2026-03-02 00:09:46.084 [http-nio-8081-exec-2] DEBUG o.s.c.g.h.RoutePredicateHandlerMapping - Route matched: comment
2026-03-02 00:09:46.089 [http-nio-8081-exec-2] DEBUG o.s.c.g.h.RoutePredicateHandlerMapping - Mapping [Exchange: POST http://localhost:8081/comment/publish] to Route{id='comment', uri=lb://communitysharing-comment, order=0, predicate=Paths: [/comment/**], match trailing slash: true, gatewayFilters=[[[StripPrefix parts = 1], order = 1]], metadata={}}
2026-03-02 00:09:46.090 [http-nio-8081-exec-2] DEBUG o.s.c.g.h.RoutePredicateHandlerMapping - [25789b18] Mapped to org.springframework.cloud.gateway.handler.FilteringWebHandler@3f28763c
2026-03-02 00:09:46.092 [http-nio-8081-exec-2] DEBUG o.s.c.g.handler.FilteringWebHandler - Sorted gatewayFilterFactories: [[GatewayFilterAdapter{delegate=org.springframework.cloud.gateway.filter.RemoveCachedBodyFilter@5a7e81}, order = -2147483648], [GatewayFilterAdapter{delegate=org.springframework.cloud.gateway.filter.AdaptCachedBodyGlobalFilter@79c4f23b}, order = -2147482648], [GatewayFilterAdapter{delegate=org.springframework.cloud.gateway.filter.NettyWriteResponseFilter@54941dfd}, order = -1], [GatewayFilterAdapter{delegate=org.springframework.cloud.gateway.filter.ForwardPathFilter@67e11bda}, order = 0], [[StripPrefix parts = 1], order = 1], [GatewayFilterAdapter{delegate=org.springframework.cloud.gateway.filter.RouteToRequestUrlFilter@4045fd1f}, order = 10000], [GatewayFilterAdapter{delegate=org.springframework.cloud.gateway.filter.ReactiveLoadBalancerClientFilter@40c28b0d}, order = 10150], [GatewayFilterAdapter{delegate=org.springframework.cloud.gateway.filter.LoadBalancerServiceInstanceCookieFilter@cf984d9}, order = 10151], [GatewayFilterAdapter{delegate=org.springframework.cloud.gateway.filter.WebsocketRoutingFilter@341ccfd1}, order = 2147483646], GatewayFilterAdapter{delegate=com.taoxin.communitysharing.gateway.filter.AddUserIdForHeader@6ae42248}, [GatewayFilterAdapter{delegate=org.springframework.cloud.gateway.filter.NettyRoutingFilter@1fa98a22}, order = 2147483647], [GatewayFilterAdapter{delegate=org.springframework.cloud.gateway.filter.ForwardRoutingFilter@13ee97af}, order = 2147483647]]
2026-03-02 00:09:46.201 [http-nio-8081-exec-2] DEBUG o.s.c.g.r.RouteDefinitionRouteLocator - RouteDefinition auth applying {_genkey_0=/auth/**} to Path
2026-03-02 00:09:46.203 [http-nio-8081-exec-2] DEBUG o.s.c.g.r.RouteDefinitionRouteLocator - RouteDefinition auth applying filter {_genkey_0=1} to StripPrefix
2026-03-02 00:09:46.206 [http-nio-8081-exec-2] DEBUG o.s.c.g.r.RouteDefinitionRouteLocator - RouteDefinition matched: auth
2026-03-02 00:09:46.207 [http-nio-8081-exec-2] DEBUG o.s.c.g.r.RouteDefinitionRouteLocator - RouteDefinition user applying {_genkey_0=/user/**} to Path
2026-03-02 00:09:46.208 [http-nio-8081-exec-2] DEBUG o.s.c.g.r.RouteDefinitionRouteLocator - RouteDefinition user applying filter {_genkey_0=1} to StripPrefix
2026-03-02 00:09:46.210 [http-nio-8081-exec-2] DEBUG o.s.c.g.r.RouteDefinitionRouteLocator - RouteDefinition matched: user
2026-03-02 00:09:46.210 [http-nio-8081-exec-2] DEBUG o.s.c.g.r.RouteDefinitionRouteLocator - RouteDefinition content applying {_genkey_0=/sharing/**} to Path
2026-03-02 00:09:46.212 [http-nio-8081-exec-2] DEBUG o.s.c.g.r.RouteDefinitionRouteLocator - RouteDefinition content applying filter {_genkey_0=1} to StripPrefix
2026-03-02 00:09:46.213 [http-nio-8081-exec-2] DEBUG o.s.c.g.r.RouteDefinitionRouteLocator - RouteDefinition matched: content
2026-03-02 00:09:46.213 [http-nio-8081-exec-2] DEBUG o.s.c.g.r.RouteDefinitionRouteLocator - RouteDefinition user-relation applying {_genkey_0=/users/**} to Path
2026-03-02 00:09:46.215 [http-nio-8081-exec-2] DEBUG o.s.c.g.r.RouteDefinitionRouteLocator - RouteDefinition user-relation applying filter {_genkey_0=1} to StripPrefix
2026-03-02 00:09:46.216 [http-nio-8081-exec-2] DEBUG o.s.c.g.r.RouteDefinitionRouteLocator - RouteDefinition matched: user-relation
2026-03-02 00:09:46.216 [http-nio-8081-exec-2] DEBUG o.s.c.g.r.RouteDefinitionRouteLocator - RouteDefinition notify applying {_genkey_0=/notify/**} to Path
2026-03-02 00:09:46.218 [http-nio-8081-exec-2] DEBUG o.s.c.g.r.RouteDefinitionRouteLocator - RouteDefinition notify applying filter {_genkey_0=1} to StripPrefix
2026-03-02 00:09:46.219 [http-nio-8081-exec-2] DEBUG o.s.c.g.r.RouteDefinitionRouteLocator - RouteDefinition matched: notify
2026-03-02 00:09:46.220 [http-nio-8081-exec-2] DEBUG o.s.c.g.r.RouteDefinitionRouteLocator - RouteDefinition search applying {_genkey_0=/es/**} to Path
2026-03-02 00:09:46.220 [http-nio-8081-exec-2] DEBUG o.s.c.g.r.RouteDefinitionRouteLocator - RouteDefinition search applying filter {_genkey_0=1} to StripPrefix
2026-03-02 00:09:46.221 [http-nio-8081-exec-2] DEBUG o.s.c.g.r.RouteDefinitionRouteLocator - RouteDefinition matched: search
2026-03-02 00:09:46.222 [http-nio-8081-exec-2] DEBUG o.s.c.g.r.RouteDefinitionRouteLocator - RouteDefinition comment applying {_genkey_0=/comment/**} to Path
2026-03-02 00:09:46.225 [http-nio-8081-exec-2] DEBUG o.s.c.g.r.RouteDefinitionRouteLocator - RouteDefinition comment applying filter {_genkey_0=1} to StripPrefix
2026-03-02 00:09:46.227 [http-nio-8081-exec-2] DEBUG o.s.c.g.r.RouteDefinitionRouteLocator - RouteDefinition matched: comment
2026-03-02 00:09:46.272 [boundedElastic-1] INFO  com.alibaba.nacos.client.naming - [SUBSCRIBE-SERVICE] service:communitysharing-comment, group:DEFAULT_GROUP, clusters: 
2026-03-02 00:09:46.313 [boundedElastic-1] INFO  com.alibaba.nacos.client.naming - init new ips(1) service: DEFAULT_GROUP@@communitysharing-comment -> [{"ip":"26.26.26.1","port":8094,"weight":1.0,"healthy":true,"enabled":true,"ephemeral":true,"clusterName":"DEFAULT","serviceName":"DEFAULT_GROUP@@communitysharing-comment","metadata":{"preserved.register.source":"SPRING_CLOUD"},"ipDeleteTimeout":30000,"instanceHeartBeatTimeOut":15000,"instanceHeartBeatInterval":5000}]
2026-03-02 00:09:46.339 [boundedElastic-1] INFO  com.alibaba.nacos.client.naming - current ips:(1) service: DEFAULT_GROUP@@communitysharing-comment -> [{"ip":"26.26.26.1","port":8094,"weight":1.0,"healthy":true,"enabled":true,"ephemeral":true,"clusterName":"DEFAULT","serviceName":"DEFAULT_GROUP@@communitysharing-comment","metadata":{"preserved.register.source":"SPRING_CLOUD"},"ipDeleteTimeout":30000,"instanceHeartBeatTimeOut":15000,"instanceHeartBeatInterval":5000}]
2026-03-02 00:09:46.380 [boundedElastic-1] INFO  c.t.c.g.filter.AddUserIdForHeader - =======> AddUserIdForHeader：10
2026-03-02 00:09:46.905 [nacos-grpc-client-executor-127.0.0.1-87] INFO  c.alibaba.nacos.common.remote.client - [afb557ac-cae8-4fb8-876a-ee279f869dda] Receive server push request, request = NotifySubscriberRequest, requestId = 95
2026-03-02 00:09:46.907 [nacos-grpc-client-executor-127.0.0.1-87] INFO  c.alibaba.nacos.common.remote.client - [afb557ac-cae8-4fb8-876a-ee279f869dda] Ack server push request, request = NotifySubscriberRequest, requestId = 95
2026-03-02 00:14:44.990 [nacos-grpc-client-executor-127.0.0.1-147] INFO  c.alibaba.nacos.common.remote.client - [afb557ac-cae8-4fb8-876a-ee279f869dda] Receive server push request, request = NotifySubscriberRequest, requestId = 98
2026-03-02 00:14:44.991 [nacos-grpc-client-executor-127.0.0.1-147] INFO  com.alibaba.nacos.client.naming - removed ips(1) service: DEFAULT_GROUP@@communitysharing-comment -> [{"ip":"26.26.26.1","port":8094,"weight":1.0,"healthy":true,"enabled":true,"ephemeral":true,"clusterName":"DEFAULT","serviceName":"DEFAULT_GROUP@@communitysharing-comment","metadata":{"preserved.register.source":"SPRING_CLOUD"},"ipDeleteTimeout":30000,"instanceHeartBeatTimeOut":15000,"instanceHeartBeatInterval":5000}]
2026-03-02 00:14:44.992 [nacos-grpc-client-executor-127.0.0.1-147] INFO  com.alibaba.nacos.client.naming - current ips:(0) service: DEFAULT_GROUP@@communitysharing-comment -> []
2026-03-02 00:14:44.993 [nacos-grpc-client-executor-127.0.0.1-147] INFO  c.alibaba.nacos.common.remote.client - [afb557ac-cae8-4fb8-876a-ee279f869dda] Ack server push request, request = NotifySubscriberRequest, requestId = 98
2026-03-02 00:14:59.171 [nacos-grpc-client-executor-127.0.0.1-150] INFO  c.alibaba.nacos.common.remote.client - [afb557ac-cae8-4fb8-876a-ee279f869dda] Receive server push request, request = NotifySubscriberRequest, requestId = 99
2026-03-02 00:14:59.172 [nacos-grpc-client-executor-127.0.0.1-150] INFO  com.alibaba.nacos.client.naming - new ips(1) service: DEFAULT_GROUP@@communitysharing-comment -> [{"ip":"26.26.26.1","port":8094,"weight":1.0,"healthy":true,"enabled":true,"ephemeral":true,"clusterName":"DEFAULT","serviceName":"DEFAULT_GROUP@@communitysharing-comment","metadata":{"preserved.register.source":"SPRING_CLOUD"},"ipDeleteTimeout":30000,"instanceHeartBeatTimeOut":15000,"instanceHeartBeatInterval":5000}]
2026-03-02 00:14:59.172 [nacos-grpc-client-executor-127.0.0.1-150] INFO  com.alibaba.nacos.client.naming - current ips:(1) service: DEFAULT_GROUP@@communitysharing-comment -> [{"ip":"26.26.26.1","port":8094,"weight":1.0,"healthy":true,"enabled":true,"ephemeral":true,"clusterName":"DEFAULT","serviceName":"DEFAULT_GROUP@@communitysharing-comment","metadata":{"preserved.register.source":"SPRING_CLOUD"},"ipDeleteTimeout":30000,"instanceHeartBeatTimeOut":15000,"instanceHeartBeatInterval":5000}]
2026-03-02 00:14:59.175 [nacos-grpc-client-executor-127.0.0.1-150] INFO  c.alibaba.nacos.common.remote.client - [afb557ac-cae8-4fb8-876a-ee279f869dda] Ack server push request, request = NotifySubscriberRequest, requestId = 99
2026-03-02 00:15:25.016 [http-nio-8081-exec-7] INFO  c.t.c.gateway.auth.SaTokenConfigure - [Sa-Token] 鉴权成功
2026-03-02 00:15:25.017 [http-nio-8081-exec-7] DEBUG o.s.c.g.h.RoutePredicateHandlerMapping - Route matched: comment
2026-03-02 00:15:25.017 [http-nio-8081-exec-7] DEBUG o.s.c.g.h.RoutePredicateHandlerMapping - Mapping [Exchange: POST http://localhost:8081/comment/publish] to Route{id='comment', uri=lb://communitysharing-comment, order=0, predicate=Paths: [/comment/**], match trailing slash: true, gatewayFilters=[[[StripPrefix parts = 1], order = 1]], metadata={}}
2026-03-02 00:15:25.017 [http-nio-8081-exec-7] DEBUG o.s.c.g.h.RoutePredicateHandlerMapping - [111841f8] Mapped to org.springframework.cloud.gateway.handler.FilteringWebHandler@3f28763c
2026-03-02 00:15:25.017 [http-nio-8081-exec-7] DEBUG o.s.c.g.handler.FilteringWebHandler - Sorted gatewayFilterFactories: [[GatewayFilterAdapter{delegate=org.springframework.cloud.gateway.filter.RemoveCachedBodyFilter@5a7e81}, order = -2147483648], [GatewayFilterAdapter{delegate=org.springframework.cloud.gateway.filter.AdaptCachedBodyGlobalFilter@79c4f23b}, order = -2147482648], [GatewayFilterAdapter{delegate=org.springframework.cloud.gateway.filter.NettyWriteResponseFilter@54941dfd}, order = -1], [GatewayFilterAdapter{delegate=org.springframework.cloud.gateway.filter.ForwardPathFilter@67e11bda}, order = 0], [[StripPrefix parts = 1], order = 1], [GatewayFilterAdapter{delegate=org.springframework.cloud.gateway.filter.RouteToRequestUrlFilter@4045fd1f}, order = 10000], [GatewayFilterAdapter{delegate=org.springframework.cloud.gateway.filter.ReactiveLoadBalancerClientFilter@40c28b0d}, order = 10150], [GatewayFilterAdapter{delegate=org.springframework.cloud.gateway.filter.LoadBalancerServiceInstanceCookieFilter@cf984d9}, order = 10151], [GatewayFilterAdapter{delegate=org.springframework.cloud.gateway.filter.WebsocketRoutingFilter@341ccfd1}, order = 2147483646], GatewayFilterAdapter{delegate=com.taoxin.communitysharing.gateway.filter.AddUserIdForHeader@6ae42248}, [GatewayFilterAdapter{delegate=org.springframework.cloud.gateway.filter.NettyRoutingFilter@1fa98a22}, order = 2147483647], [GatewayFilterAdapter{delegate=org.springframework.cloud.gateway.filter.ForwardRoutingFilter@13ee97af}, order = 2147483647]]
2026-03-02 00:15:25.020 [boundedElastic-2] INFO  c.t.c.g.filter.AddUserIdForHeader - =======> AddUserIdForHeader：10
2026-03-02 00:16:02.079 [http-nio-8081-exec-8] INFO  c.t.c.gateway.auth.SaTokenConfigure - [Sa-Token] 鉴权成功
2026-03-02 00:16:02.079 [http-nio-8081-exec-8] DEBUG o.s.c.g.h.RoutePredicateHandlerMapping - Route matched: comment
2026-03-02 00:16:02.080 [http-nio-8081-exec-8] DEBUG o.s.c.g.h.RoutePredicateHandlerMapping - Mapping [Exchange: POST http://localhost:8081/comment/publish] to Route{id='comment', uri=lb://communitysharing-comment, order=0, predicate=Paths: [/comment/**], match trailing slash: true, gatewayFilters=[[[StripPrefix parts = 1], order = 1]], metadata={}}
2026-03-02 00:16:02.080 [http-nio-8081-exec-8] DEBUG o.s.c.g.h.RoutePredicateHandlerMapping - [5a3b1d25] Mapped to org.springframework.cloud.gateway.handler.FilteringWebHandler@3f28763c
2026-03-02 00:16:02.080 [http-nio-8081-exec-8] DEBUG o.s.c.g.handler.FilteringWebHandler - Sorted gatewayFilterFactories: [[GatewayFilterAdapter{delegate=org.springframework.cloud.gateway.filter.RemoveCachedBodyFilter@5a7e81}, order = -2147483648], [GatewayFilterAdapter{delegate=org.springframework.cloud.gateway.filter.AdaptCachedBodyGlobalFilter@79c4f23b}, order = -2147482648], [GatewayFilterAdapter{delegate=org.springframework.cloud.gateway.filter.NettyWriteResponseFilter@54941dfd}, order = -1], [GatewayFilterAdapter{delegate=org.springframework.cloud.gateway.filter.ForwardPathFilter@67e11bda}, order = 0], [[StripPrefix parts = 1], order = 1], [GatewayFilterAdapter{delegate=org.springframework.cloud.gateway.filter.RouteToRequestUrlFilter@4045fd1f}, order = 10000], [GatewayFilterAdapter{delegate=org.springframework.cloud.gateway.filter.ReactiveLoadBalancerClientFilter@40c28b0d}, order = 10150], [GatewayFilterAdapter{delegate=org.springframework.cloud.gateway.filter.LoadBalancerServiceInstanceCookieFilter@cf984d9}, order = 10151], [GatewayFilterAdapter{delegate=org.springframework.cloud.gateway.filter.WebsocketRoutingFilter@341ccfd1}, order = 2147483646], GatewayFilterAdapter{delegate=com.taoxin.communitysharing.gateway.filter.AddUserIdForHeader@6ae42248}, [GatewayFilterAdapter{delegate=org.springframework.cloud.gateway.filter.NettyRoutingFilter@1fa98a22}, order = 2147483647], [GatewayFilterAdapter{delegate=org.springframework.cloud.gateway.filter.ForwardRoutingFilter@13ee97af}, order = 2147483647]]
2026-03-02 00:16:02.082 [boundedElastic-2] INFO  c.t.c.g.filter.AddUserIdForHeader - =======> AddUserIdForHeader：10
2026-03-02 00:17:00.380 [nacos-grpc-client-executor-127.0.0.1-174] INFO  c.alibaba.nacos.common.remote.client - [afb557ac-cae8-4fb8-876a-ee279f869dda] Receive server push request, request = NotifySubscriberRequest, requestId = 102
2026-03-02 00:17:00.380 [nacos-grpc-client-executor-127.0.0.1-174] INFO  com.alibaba.nacos.client.naming - removed ips(1) service: DEFAULT_GROUP@@communitysharing-comment -> [{"ip":"26.26.26.1","port":8094,"weight":1.0,"healthy":true,"enabled":true,"ephemeral":true,"clusterName":"DEFAULT","serviceName":"DEFAULT_GROUP@@communitysharing-comment","metadata":{"preserved.register.source":"SPRING_CLOUD"},"ipDeleteTimeout":30000,"instanceHeartBeatTimeOut":15000,"instanceHeartBeatInterval":5000}]
2026-03-02 00:17:00.380 [nacos-grpc-client-executor-127.0.0.1-174] INFO  com.alibaba.nacos.client.naming - current ips:(0) service: DEFAULT_GROUP@@communitysharing-comment -> []
2026-03-02 00:17:00.381 [nacos-grpc-client-executor-127.0.0.1-174] INFO  c.alibaba.nacos.common.remote.client - [afb557ac-cae8-4fb8-876a-ee279f869dda] Ack server push request, request = NotifySubscriberRequest, requestId = 102
2026-03-02 00:17:08.141 [nacos-grpc-client-executor-127.0.0.1-176] INFO  c.alibaba.nacos.common.remote.client - [afb557ac-cae8-4fb8-876a-ee279f869dda] Receive server push request, request = NotifySubscriberRequest, requestId = 103
2026-03-02 00:17:08.142 [nacos-grpc-client-executor-127.0.0.1-176] INFO  com.alibaba.nacos.client.naming - new ips(1) service: DEFAULT_GROUP@@communitysharing-comment -> [{"ip":"26.26.26.1","port":8094,"weight":1.0,"healthy":true,"enabled":true,"ephemeral":true,"clusterName":"DEFAULT","serviceName":"DEFAULT_GROUP@@communitysharing-comment","metadata":{"preserved.register.source":"SPRING_CLOUD"},"ipDeleteTimeout":30000,"instanceHeartBeatTimeOut":15000,"instanceHeartBeatInterval":5000}]
2026-03-02 00:17:08.142 [nacos-grpc-client-executor-127.0.0.1-176] INFO  com.alibaba.nacos.client.naming - current ips:(1) service: DEFAULT_GROUP@@communitysharing-comment -> [{"ip":"26.26.26.1","port":8094,"weight":1.0,"healthy":true,"enabled":true,"ephemeral":true,"clusterName":"DEFAULT","serviceName":"DEFAULT_GROUP@@communitysharing-comment","metadata":{"preserved.register.source":"SPRING_CLOUD"},"ipDeleteTimeout":30000,"instanceHeartBeatTimeOut":15000,"instanceHeartBeatInterval":5000}]
2026-03-02 00:17:08.143 [nacos-grpc-client-executor-127.0.0.1-176] INFO  c.alibaba.nacos.common.remote.client - [afb557ac-cae8-4fb8-876a-ee279f869dda] Ack server push request, request = NotifySubscriberRequest, requestId = 103
2026-03-02 00:17:36.897 [http-nio-8081-exec-2] INFO  c.t.c.gateway.auth.SaTokenConfigure - [Sa-Token] 鉴权成功
2026-03-02 00:17:36.898 [http-nio-8081-exec-2] DEBUG o.s.c.g.h.RoutePredicateHandlerMapping - Route matched: comment
2026-03-02 00:17:36.898 [http-nio-8081-exec-2] DEBUG o.s.c.g.h.RoutePredicateHandlerMapping - Mapping [Exchange: POST http://localhost:8081/comment/publish] to Route{id='comment', uri=lb://communitysharing-comment, order=0, predicate=Paths: [/comment/**], match trailing slash: true, gatewayFilters=[[[StripPrefix parts = 1], order = 1]], metadata={}}
2026-03-02 00:17:36.898 [http-nio-8081-exec-2] DEBUG o.s.c.g.h.RoutePredicateHandlerMapping - [50007a55] Mapped to org.springframework.cloud.gateway.handler.FilteringWebHandler@3f28763c
2026-03-02 00:17:36.898 [http-nio-8081-exec-2] DEBUG o.s.c.g.handler.FilteringWebHandler - Sorted gatewayFilterFactories: [[GatewayFilterAdapter{delegate=org.springframework.cloud.gateway.filter.RemoveCachedBodyFilter@5a7e81}, order = -2147483648], [GatewayFilterAdapter{delegate=org.springframework.cloud.gateway.filter.AdaptCachedBodyGlobalFilter@79c4f23b}, order = -2147482648], [GatewayFilterAdapter{delegate=org.springframework.cloud.gateway.filter.NettyWriteResponseFilter@54941dfd}, order = -1], [GatewayFilterAdapter{delegate=org.springframework.cloud.gateway.filter.ForwardPathFilter@67e11bda}, order = 0], [[StripPrefix parts = 1], order = 1], [GatewayFilterAdapter{delegate=org.springframework.cloud.gateway.filter.RouteToRequestUrlFilter@4045fd1f}, order = 10000], [GatewayFilterAdapter{delegate=org.springframework.cloud.gateway.filter.ReactiveLoadBalancerClientFilter@40c28b0d}, order = 10150], [GatewayFilterAdapter{delegate=org.springframework.cloud.gateway.filter.LoadBalancerServiceInstanceCookieFilter@cf984d9}, order = 10151], [GatewayFilterAdapter{delegate=org.springframework.cloud.gateway.filter.WebsocketRoutingFilter@341ccfd1}, order = 2147483646], GatewayFilterAdapter{delegate=com.taoxin.communitysharing.gateway.filter.AddUserIdForHeader@6ae42248}, [GatewayFilterAdapter{delegate=org.springframework.cloud.gateway.filter.NettyRoutingFilter@1fa98a22}, order = 2147483647], [GatewayFilterAdapter{delegate=org.springframework.cloud.gateway.filter.ForwardRoutingFilter@13ee97af}, order = 2147483647]]
2026-03-02 00:17:36.902 [boundedElastic-2] INFO  c.t.c.g.filter.AddUserIdForHeader - =======> AddUserIdForHeader：10
2026-03-02 00:18:48.365 [http-nio-8081-exec-7] INFO  c.t.c.gateway.auth.SaTokenConfigure - [Sa-Token] 鉴权成功
2026-03-02 00:18:48.366 [http-nio-8081-exec-7] DEBUG o.s.c.g.h.RoutePredicateHandlerMapping - Route matched: comment
2026-03-02 00:18:48.366 [http-nio-8081-exec-7] DEBUG o.s.c.g.h.RoutePredicateHandlerMapping - Mapping [Exchange: POST http://localhost:8081/comment/publish] to Route{id='comment', uri=lb://communitysharing-comment, order=0, predicate=Paths: [/comment/**], match trailing slash: true, gatewayFilters=[[[StripPrefix parts = 1], order = 1]], metadata={}}
2026-03-02 00:18:48.366 [http-nio-8081-exec-7] DEBUG o.s.c.g.h.RoutePredicateHandlerMapping - [da63a35] Mapped to org.springframework.cloud.gateway.handler.FilteringWebHandler@3f28763c
2026-03-02 00:18:48.366 [http-nio-8081-exec-7] DEBUG o.s.c.g.handler.FilteringWebHandler - Sorted gatewayFilterFactories: [[GatewayFilterAdapter{delegate=org.springframework.cloud.gateway.filter.RemoveCachedBodyFilter@5a7e81}, order = -2147483648], [GatewayFilterAdapter{delegate=org.springframework.cloud.gateway.filter.AdaptCachedBodyGlobalFilter@79c4f23b}, order = -2147482648], [GatewayFilterAdapter{delegate=org.springframework.cloud.gateway.filter.NettyWriteResponseFilter@54941dfd}, order = -1], [GatewayFilterAdapter{delegate=org.springframework.cloud.gateway.filter.ForwardPathFilter@67e11bda}, order = 0], [[StripPrefix parts = 1], order = 1], [GatewayFilterAdapter{delegate=org.springframework.cloud.gateway.filter.RouteToRequestUrlFilter@4045fd1f}, order = 10000], [GatewayFilterAdapter{delegate=org.springframework.cloud.gateway.filter.ReactiveLoadBalancerClientFilter@40c28b0d}, order = 10150], [GatewayFilterAdapter{delegate=org.springframework.cloud.gateway.filter.LoadBalancerServiceInstanceCookieFilter@cf984d9}, order = 10151], [GatewayFilterAdapter{delegate=org.springframework.cloud.gateway.filter.WebsocketRoutingFilter@341ccfd1}, order = 2147483646], GatewayFilterAdapter{delegate=com.taoxin.communitysharing.gateway.filter.AddUserIdForHeader@6ae42248}, [GatewayFilterAdapter{delegate=org.springframework.cloud.gateway.filter.NettyRoutingFilter@1fa98a22}, order = 2147483647], [GatewayFilterAdapter{delegate=org.springframework.cloud.gateway.filter.ForwardRoutingFilter@13ee97af}, order = 2147483647]]
2026-03-02 00:18:48.370 [boundedElastic-2] INFO  c.t.c.g.filter.AddUserIdForHeader - =======> AddUserIdForHeader：10
2026-03-02 00:21:09.350 [nacos-grpc-client-executor-127.0.0.1-224] INFO  c.alibaba.nacos.common.remote.client - [afb557ac-cae8-4fb8-876a-ee279f869dda] Receive server push request, request = NotifySubscriberRequest, requestId = 106
2026-03-02 00:21:09.350 [nacos-grpc-client-executor-127.0.0.1-224] INFO  com.alibaba.nacos.client.naming - removed ips(1) service: DEFAULT_GROUP@@communitysharing-comment -> [{"ip":"26.26.26.1","port":8094,"weight":1.0,"healthy":true,"enabled":true,"ephemeral":true,"clusterName":"DEFAULT","serviceName":"DEFAULT_GROUP@@communitysharing-comment","metadata":{"preserved.register.source":"SPRING_CLOUD"},"ipDeleteTimeout":30000,"instanceHeartBeatTimeOut":15000,"instanceHeartBeatInterval":5000}]
2026-03-02 00:21:09.350 [nacos-grpc-client-executor-127.0.0.1-224] INFO  com.alibaba.nacos.client.naming - current ips:(0) service: DEFAULT_GROUP@@communitysharing-comment -> []
2026-03-02 00:21:09.351 [nacos-grpc-client-executor-127.0.0.1-224] INFO  c.alibaba.nacos.common.remote.client - [afb557ac-cae8-4fb8-876a-ee279f869dda] Ack server push request, request = NotifySubscriberRequest, requestId = 106
2026-03-02 00:21:21.745 [nacos-grpc-client-executor-127.0.0.1-226] INFO  c.alibaba.nacos.common.remote.client - [afb557ac-cae8-4fb8-876a-ee279f869dda] Receive server push request, request = NotifySubscriberRequest, requestId = 107
2026-03-02 00:21:21.746 [nacos-grpc-client-executor-127.0.0.1-226] INFO  com.alibaba.nacos.client.naming - new ips(1) service: DEFAULT_GROUP@@communitysharing-comment -> [{"ip":"26.26.26.1","port":8094,"weight":1.0,"healthy":true,"enabled":true,"ephemeral":true,"clusterName":"DEFAULT","serviceName":"DEFAULT_GROUP@@communitysharing-comment","metadata":{"preserved.register.source":"SPRING_CLOUD"},"ipDeleteTimeout":30000,"instanceHeartBeatTimeOut":15000,"instanceHeartBeatInterval":5000}]
2026-03-02 00:21:21.748 [nacos-grpc-client-executor-127.0.0.1-226] INFO  com.alibaba.nacos.client.naming - current ips:(1) service: DEFAULT_GROUP@@communitysharing-comment -> [{"ip":"26.26.26.1","port":8094,"weight":1.0,"healthy":true,"enabled":true,"ephemeral":true,"clusterName":"DEFAULT","serviceName":"DEFAULT_GROUP@@communitysharing-comment","metadata":{"preserved.register.source":"SPRING_CLOUD"},"ipDeleteTimeout":30000,"instanceHeartBeatTimeOut":15000,"instanceHeartBeatInterval":5000}]
2026-03-02 00:21:21.748 [nacos-grpc-client-executor-127.0.0.1-226] INFO  c.alibaba.nacos.common.remote.client - [afb557ac-cae8-4fb8-876a-ee279f869dda] Ack server push request, request = NotifySubscriberRequest, requestId = 107
2026-03-02 00:22:07.316 [http-nio-8081-exec-10] INFO  c.t.c.gateway.auth.SaTokenConfigure - [Sa-Token] 鉴权成功
2026-03-02 00:22:07.317 [http-nio-8081-exec-10] DEBUG o.s.c.g.h.RoutePredicateHandlerMapping - Route matched: comment
2026-03-02 00:22:07.318 [http-nio-8081-exec-10] DEBUG o.s.c.g.h.RoutePredicateHandlerMapping - Mapping [Exchange: POST http://localhost:8081/comment/publish] to Route{id='comment', uri=lb://communitysharing-comment, order=0, predicate=Paths: [/comment/**], match trailing slash: true, gatewayFilters=[[[StripPrefix parts = 1], order = 1]], metadata={}}
2026-03-02 00:22:07.318 [http-nio-8081-exec-10] DEBUG o.s.c.g.h.RoutePredicateHandlerMapping - [1f0cf1de] Mapped to org.springframework.cloud.gateway.handler.FilteringWebHandler@3f28763c
2026-03-02 00:22:07.318 [http-nio-8081-exec-10] DEBUG o.s.c.g.handler.FilteringWebHandler - Sorted gatewayFilterFactories: [[GatewayFilterAdapter{delegate=org.springframework.cloud.gateway.filter.RemoveCachedBodyFilter@5a7e81}, order = -2147483648], [GatewayFilterAdapter{delegate=org.springframework.cloud.gateway.filter.AdaptCachedBodyGlobalFilter@79c4f23b}, order = -2147482648], [GatewayFilterAdapter{delegate=org.springframework.cloud.gateway.filter.NettyWriteResponseFilter@54941dfd}, order = -1], [GatewayFilterAdapter{delegate=org.springframework.cloud.gateway.filter.ForwardPathFilter@67e11bda}, order = 0], [[StripPrefix parts = 1], order = 1], [GatewayFilterAdapter{delegate=org.springframework.cloud.gateway.filter.RouteToRequestUrlFilter@4045fd1f}, order = 10000], [GatewayFilterAdapter{delegate=org.springframework.cloud.gateway.filter.ReactiveLoadBalancerClientFilter@40c28b0d}, order = 10150], [GatewayFilterAdapter{delegate=org.springframework.cloud.gateway.filter.LoadBalancerServiceInstanceCookieFilter@cf984d9}, order = 10151], [GatewayFilterAdapter{delegate=org.springframework.cloud.gateway.filter.WebsocketRoutingFilter@341ccfd1}, order = 2147483646], GatewayFilterAdapter{delegate=com.taoxin.communitysharing.gateway.filter.AddUserIdForHeader@6ae42248}, [GatewayFilterAdapter{delegate=org.springframework.cloud.gateway.filter.NettyRoutingFilter@1fa98a22}, order = 2147483647], [GatewayFilterAdapter{delegate=org.springframework.cloud.gateway.filter.ForwardRoutingFilter@13ee97af}, order = 2147483647]]
2026-03-02 00:22:07.322 [boundedElastic-3] INFO  c.t.c.g.filter.AddUserIdForHeader - =======> AddUserIdForHeader：10
2026-03-02 01:16:33.900 [nacos-grpc-client-executor-127.0.0.1-887] INFO  c.alibaba.nacos.common.remote.client - [afb557ac-cae8-4fb8-876a-ee279f869dda] Receive server push request, request = NotifySubscriberRequest, requestId = 110
2026-03-02 01:16:33.902 [nacos-grpc-client-executor-127.0.0.1-887] INFO  com.alibaba.nacos.client.naming - removed ips(1) service: DEFAULT_GROUP@@communitysharing-comment -> [{"ip":"26.26.26.1","port":8094,"weight":1.0,"healthy":true,"enabled":true,"ephemeral":true,"clusterName":"DEFAULT","serviceName":"DEFAULT_GROUP@@communitysharing-comment","metadata":{"preserved.register.source":"SPRING_CLOUD"},"ipDeleteTimeout":30000,"instanceHeartBeatTimeOut":15000,"instanceHeartBeatInterval":5000}]
2026-03-02 01:16:33.902 [nacos-grpc-client-executor-127.0.0.1-887] INFO  com.alibaba.nacos.client.naming - current ips:(0) service: DEFAULT_GROUP@@communitysharing-comment -> []
2026-03-02 01:16:33.903 [nacos-grpc-client-executor-127.0.0.1-887] INFO  c.alibaba.nacos.common.remote.client - [afb557ac-cae8-4fb8-876a-ee279f869dda] Ack server push request, request = NotifySubscriberRequest, requestId = 110
2026-03-02 01:16:44.465 [nacos-grpc-client-executor-127.0.0.1-889] INFO  c.alibaba.nacos.common.remote.client - [afb557ac-cae8-4fb8-876a-ee279f869dda] Receive server push request, request = NotifySubscriberRequest, requestId = 111
2026-03-02 01:16:44.465 [nacos-grpc-client-executor-127.0.0.1-889] INFO  com.alibaba.nacos.client.naming - new ips(1) service: DEFAULT_GROUP@@communitysharing-comment -> [{"ip":"26.26.26.1","port":8094,"weight":1.0,"healthy":true,"enabled":true,"ephemeral":true,"clusterName":"DEFAULT","serviceName":"DEFAULT_GROUP@@communitysharing-comment","metadata":{"preserved.register.source":"SPRING_CLOUD"},"ipDeleteTimeout":30000,"instanceHeartBeatTimeOut":15000,"instanceHeartBeatInterval":5000}]
2026-03-02 01:16:44.465 [nacos-grpc-client-executor-127.0.0.1-889] INFO  com.alibaba.nacos.client.naming - current ips:(1) service: DEFAULT_GROUP@@communitysharing-comment -> [{"ip":"26.26.26.1","port":8094,"weight":1.0,"healthy":true,"enabled":true,"ephemeral":true,"clusterName":"DEFAULT","serviceName":"DEFAULT_GROUP@@communitysharing-comment","metadata":{"preserved.register.source":"SPRING_CLOUD"},"ipDeleteTimeout":30000,"instanceHeartBeatTimeOut":15000,"instanceHeartBeatInterval":5000}]
2026-03-02 01:16:44.466 [nacos-grpc-client-executor-127.0.0.1-889] INFO  c.alibaba.nacos.common.remote.client - [afb557ac-cae8-4fb8-876a-ee279f869dda] Ack server push request, request = NotifySubscriberRequest, requestId = 111
2026-03-02 01:18:01.007 [http-nio-8081-exec-4] INFO  c.t.c.gateway.auth.SaTokenConfigure - [Sa-Token] 鉴权成功
2026-03-02 01:18:01.010 [http-nio-8081-exec-4] DEBUG o.s.c.g.h.RoutePredicateHandlerMapping - Route matched: comment
2026-03-02 01:18:01.010 [http-nio-8081-exec-4] DEBUG o.s.c.g.h.RoutePredicateHandlerMapping - Mapping [Exchange: POST http://localhost:8081/comment/publish] to Route{id='comment', uri=lb://communitysharing-comment, order=0, predicate=Paths: [/comment/**], match trailing slash: true, gatewayFilters=[[[StripPrefix parts = 1], order = 1]], metadata={}}
2026-03-02 01:18:01.011 [http-nio-8081-exec-4] DEBUG o.s.c.g.h.RoutePredicateHandlerMapping - [7cea3753] Mapped to org.springframework.cloud.gateway.handler.FilteringWebHandler@3f28763c
2026-03-02 01:18:01.012 [http-nio-8081-exec-4] DEBUG o.s.c.g.handler.FilteringWebHandler - Sorted gatewayFilterFactories: [[GatewayFilterAdapter{delegate=org.springframework.cloud.gateway.filter.RemoveCachedBodyFilter@5a7e81}, order = -2147483648], [GatewayFilterAdapter{delegate=org.springframework.cloud.gateway.filter.AdaptCachedBodyGlobalFilter@79c4f23b}, order = -2147482648], [GatewayFilterAdapter{delegate=org.springframework.cloud.gateway.filter.NettyWriteResponseFilter@54941dfd}, order = -1], [GatewayFilterAdapter{delegate=org.springframework.cloud.gateway.filter.ForwardPathFilter@67e11bda}, order = 0], [[StripPrefix parts = 1], order = 1], [GatewayFilterAdapter{delegate=org.springframework.cloud.gateway.filter.RouteToRequestUrlFilter@4045fd1f}, order = 10000], [GatewayFilterAdapter{delegate=org.springframework.cloud.gateway.filter.ReactiveLoadBalancerClientFilter@40c28b0d}, order = 10150], [GatewayFilterAdapter{delegate=org.springframework.cloud.gateway.filter.LoadBalancerServiceInstanceCookieFilter@cf984d9}, order = 10151], [GatewayFilterAdapter{delegate=org.springframework.cloud.gateway.filter.WebsocketRoutingFilter@341ccfd1}, order = 2147483646], GatewayFilterAdapter{delegate=com.taoxin.communitysharing.gateway.filter.AddUserIdForHeader@6ae42248}, [GatewayFilterAdapter{delegate=org.springframework.cloud.gateway.filter.NettyRoutingFilter@1fa98a22}, order = 2147483647], [GatewayFilterAdapter{delegate=org.springframework.cloud.gateway.filter.ForwardRoutingFilter@13ee97af}, order = 2147483647]]
2026-03-02 01:18:01.019 [boundedElastic-4] INFO  c.t.c.g.filter.AddUserIdForHeader - =======> AddUserIdForHeader：10
2026-03-02 01:21:12.210 [http-nio-8081-exec-8] INFO  c.t.c.gateway.auth.SaTokenConfigure - [Sa-Token] 鉴权成功
2026-03-02 01:21:12.211 [http-nio-8081-exec-8] DEBUG o.s.c.g.h.RoutePredicateHandlerMapping - Route matched: comment
2026-03-02 01:21:12.211 [http-nio-8081-exec-8] DEBUG o.s.c.g.h.RoutePredicateHandlerMapping - Mapping [Exchange: POST http://localhost:8081/comment/publish] to Route{id='comment', uri=lb://communitysharing-comment, order=0, predicate=Paths: [/comment/**], match trailing slash: true, gatewayFilters=[[[StripPrefix parts = 1], order = 1]], metadata={}}
2026-03-02 01:21:12.211 [http-nio-8081-exec-8] DEBUG o.s.c.g.h.RoutePredicateHandlerMapping - [50c37655] Mapped to org.springframework.cloud.gateway.handler.FilteringWebHandler@3f28763c
2026-03-02 01:21:12.211 [http-nio-8081-exec-8] DEBUG o.s.c.g.handler.FilteringWebHandler - Sorted gatewayFilterFactories: [[GatewayFilterAdapter{delegate=org.springframework.cloud.gateway.filter.RemoveCachedBodyFilter@5a7e81}, order = -2147483648], [GatewayFilterAdapter{delegate=org.springframework.cloud.gateway.filter.AdaptCachedBodyGlobalFilter@79c4f23b}, order = -2147482648], [GatewayFilterAdapter{delegate=org.springframework.cloud.gateway.filter.NettyWriteResponseFilter@54941dfd}, order = -1], [GatewayFilterAdapter{delegate=org.springframework.cloud.gateway.filter.ForwardPathFilter@67e11bda}, order = 0], [[StripPrefix parts = 1], order = 1], [GatewayFilterAdapter{delegate=org.springframework.cloud.gateway.filter.RouteToRequestUrlFilter@4045fd1f}, order = 10000], [GatewayFilterAdapter{delegate=org.springframework.cloud.gateway.filter.ReactiveLoadBalancerClientFilter@40c28b0d}, order = 10150], [GatewayFilterAdapter{delegate=org.springframework.cloud.gateway.filter.LoadBalancerServiceInstanceCookieFilter@cf984d9}, order = 10151], [GatewayFilterAdapter{delegate=org.springframework.cloud.gateway.filter.WebsocketRoutingFilter@341ccfd1}, order = 2147483646], GatewayFilterAdapter{delegate=com.taoxin.communitysharing.gateway.filter.AddUserIdForHeader@6ae42248}, [GatewayFilterAdapter{delegate=org.springframework.cloud.gateway.filter.NettyRoutingFilter@1fa98a22}, order = 2147483647], [GatewayFilterAdapter{delegate=org.springframework.cloud.gateway.filter.ForwardRoutingFilter@13ee97af}, order = 2147483647]]
2026-03-02 01:21:12.214 [boundedElastic-5] INFO  c.t.c.g.filter.AddUserIdForHeader - =======> AddUserIdForHeader：10
2026-03-02 01:54:13.013 [nacos-grpc-client-executor-127.0.0.1-1339] INFO  c.alibaba.nacos.common.remote.client - [afb557ac-cae8-4fb8-876a-ee279f869dda] Receive server push request, request = NotifySubscriberRequest, requestId = 114
2026-03-02 01:54:13.015 [nacos-grpc-client-executor-127.0.0.1-1339] INFO  com.alibaba.nacos.client.naming - removed ips(1) service: DEFAULT_GROUP@@communitysharing-comment -> [{"ip":"26.26.26.1","port":8094,"weight":1.0,"healthy":true,"enabled":true,"ephemeral":true,"clusterName":"DEFAULT","serviceName":"DEFAULT_GROUP@@communitysharing-comment","metadata":{"preserved.register.source":"SPRING_CLOUD"},"ipDeleteTimeout":30000,"instanceHeartBeatTimeOut":15000,"instanceHeartBeatInterval":5000}]
2026-03-02 01:54:13.016 [nacos-grpc-client-executor-127.0.0.1-1339] INFO  com.alibaba.nacos.client.naming - current ips:(0) service: DEFAULT_GROUP@@communitysharing-comment -> []
2026-03-02 01:54:13.018 [nacos-grpc-client-executor-127.0.0.1-1339] INFO  c.alibaba.nacos.common.remote.client - [afb557ac-cae8-4fb8-876a-ee279f869dda] Ack server push request, request = NotifySubscriberRequest, requestId = 114
2026-03-02 01:54:21.735 [nacos-grpc-client-executor-127.0.0.1-1341] INFO  c.alibaba.nacos.common.remote.client - [afb557ac-cae8-4fb8-876a-ee279f869dda] Receive server push request, request = NotifySubscriberRequest, requestId = 115
2026-03-02 01:54:21.735 [nacos-grpc-client-executor-127.0.0.1-1341] INFO  com.alibaba.nacos.client.naming - new ips(1) service: DEFAULT_GROUP@@communitysharing-comment -> [{"ip":"26.26.26.1","port":8094,"weight":1.0,"healthy":true,"enabled":true,"ephemeral":true,"clusterName":"DEFAULT","serviceName":"DEFAULT_GROUP@@communitysharing-comment","metadata":{"preserved.register.source":"SPRING_CLOUD"},"ipDeleteTimeout":30000,"instanceHeartBeatTimeOut":15000,"instanceHeartBeatInterval":5000}]
2026-03-02 01:54:21.735 [nacos-grpc-client-executor-127.0.0.1-1341] INFO  com.alibaba.nacos.client.naming - current ips:(1) service: DEFAULT_GROUP@@communitysharing-comment -> [{"ip":"26.26.26.1","port":8094,"weight":1.0,"healthy":true,"enabled":true,"ephemeral":true,"clusterName":"DEFAULT","serviceName":"DEFAULT_GROUP@@communitysharing-comment","metadata":{"preserved.register.source":"SPRING_CLOUD"},"ipDeleteTimeout":30000,"instanceHeartBeatTimeOut":15000,"instanceHeartBeatInterval":5000}]
2026-03-02 01:54:21.736 [nacos-grpc-client-executor-127.0.0.1-1341] INFO  c.alibaba.nacos.common.remote.client - [afb557ac-cae8-4fb8-876a-ee279f869dda] Ack server push request, request = NotifySubscriberRequest, requestId = 115
2026-03-02 01:54:58.515 [http-nio-8081-exec-2] INFO  c.t.c.gateway.auth.SaTokenConfigure - [Sa-Token] 鉴权成功
2026-03-02 01:54:58.516 [http-nio-8081-exec-2] DEBUG o.s.c.g.h.RoutePredicateHandlerMapping - Route matched: comment
2026-03-02 01:54:58.517 [http-nio-8081-exec-2] DEBUG o.s.c.g.h.RoutePredicateHandlerMapping - Mapping [Exchange: POST http://localhost:8081/comment/publish] to Route{id='comment', uri=lb://communitysharing-comment, order=0, predicate=Paths: [/comment/**], match trailing slash: true, gatewayFilters=[[[StripPrefix parts = 1], order = 1]], metadata={}}
2026-03-02 01:54:58.517 [http-nio-8081-exec-2] DEBUG o.s.c.g.h.RoutePredicateHandlerMapping - [4683e729] Mapped to org.springframework.cloud.gateway.handler.FilteringWebHandler@3f28763c
2026-03-02 01:54:58.517 [http-nio-8081-exec-2] DEBUG o.s.c.g.handler.FilteringWebHandler - Sorted gatewayFilterFactories: [[GatewayFilterAdapter{delegate=org.springframework.cloud.gateway.filter.RemoveCachedBodyFilter@5a7e81}, order = -2147483648], [GatewayFilterAdapter{delegate=org.springframework.cloud.gateway.filter.AdaptCachedBodyGlobalFilter@79c4f23b}, order = -2147482648], [GatewayFilterAdapter{delegate=org.springframework.cloud.gateway.filter.NettyWriteResponseFilter@54941dfd}, order = -1], [GatewayFilterAdapter{delegate=org.springframework.cloud.gateway.filter.ForwardPathFilter@67e11bda}, order = 0], [[StripPrefix parts = 1], order = 1], [GatewayFilterAdapter{delegate=org.springframework.cloud.gateway.filter.RouteToRequestUrlFilter@4045fd1f}, order = 10000], [GatewayFilterAdapter{delegate=org.springframework.cloud.gateway.filter.ReactiveLoadBalancerClientFilter@40c28b0d}, order = 10150], [GatewayFilterAdapter{delegate=org.springframework.cloud.gateway.filter.LoadBalancerServiceInstanceCookieFilter@cf984d9}, order = 10151], [GatewayFilterAdapter{delegate=org.springframework.cloud.gateway.filter.WebsocketRoutingFilter@341ccfd1}, order = 2147483646], GatewayFilterAdapter{delegate=com.taoxin.communitysharing.gateway.filter.AddUserIdForHeader@6ae42248}, [GatewayFilterAdapter{delegate=org.springframework.cloud.gateway.filter.NettyRoutingFilter@1fa98a22}, order = 2147483647], [GatewayFilterAdapter{delegate=org.springframework.cloud.gateway.filter.ForwardRoutingFilter@13ee97af}, order = 2147483647]]
2026-03-02 01:54:58.524 [boundedElastic-6] INFO  c.t.c.g.filter.AddUserIdForHeader - =======> AddUserIdForHeader：10
2026-03-02 01:56:10.757 [http-nio-8081-exec-7] INFO  c.t.c.gateway.auth.SaTokenConfigure - [Sa-Token] 鉴权成功
2026-03-02 01:56:10.758 [http-nio-8081-exec-7] DEBUG o.s.c.g.h.RoutePredicateHandlerMapping - Route matched: comment
2026-03-02 01:56:10.758 [http-nio-8081-exec-7] DEBUG o.s.c.g.h.RoutePredicateHandlerMapping - Mapping [Exchange: POST http://localhost:8081/comment/publish] to Route{id='comment', uri=lb://communitysharing-comment, order=0, predicate=Paths: [/comment/**], match trailing slash: true, gatewayFilters=[[[StripPrefix parts = 1], order = 1]], metadata={}}
2026-03-02 01:56:10.758 [http-nio-8081-exec-7] DEBUG o.s.c.g.h.RoutePredicateHandlerMapping - [7558bfc3] Mapped to org.springframework.cloud.gateway.handler.FilteringWebHandler@3f28763c
2026-03-02 01:56:10.758 [http-nio-8081-exec-7] DEBUG o.s.c.g.handler.FilteringWebHandler - Sorted gatewayFilterFactories: [[GatewayFilterAdapter{delegate=org.springframework.cloud.gateway.filter.RemoveCachedBodyFilter@5a7e81}, order = -2147483648], [GatewayFilterAdapter{delegate=org.springframework.cloud.gateway.filter.AdaptCachedBodyGlobalFilter@79c4f23b}, order = -2147482648], [GatewayFilterAdapter{delegate=org.springframework.cloud.gateway.filter.NettyWriteResponseFilter@54941dfd}, order = -1], [GatewayFilterAdapter{delegate=org.springframework.cloud.gateway.filter.ForwardPathFilter@67e11bda}, order = 0], [[StripPrefix parts = 1], order = 1], [GatewayFilterAdapter{delegate=org.springframework.cloud.gateway.filter.RouteToRequestUrlFilter@4045fd1f}, order = 10000], [GatewayFilterAdapter{delegate=org.springframework.cloud.gateway.filter.ReactiveLoadBalancerClientFilter@40c28b0d}, order = 10150], [GatewayFilterAdapter{delegate=org.springframework.cloud.gateway.filter.LoadBalancerServiceInstanceCookieFilter@cf984d9}, order = 10151], [GatewayFilterAdapter{delegate=org.springframework.cloud.gateway.filter.WebsocketRoutingFilter@341ccfd1}, order = 2147483646], GatewayFilterAdapter{delegate=com.taoxin.communitysharing.gateway.filter.AddUserIdForHeader@6ae42248}, [GatewayFilterAdapter{delegate=org.springframework.cloud.gateway.filter.NettyRoutingFilter@1fa98a22}, order = 2147483647], [GatewayFilterAdapter{delegate=org.springframework.cloud.gateway.filter.ForwardRoutingFilter@13ee97af}, order = 2147483647]]
2026-03-02 01:56:10.762 [boundedElastic-6] INFO  c.t.c.g.filter.AddUserIdForHeader - =======> AddUserIdForHeader：10
2026-03-02 02:02:46.779 [http-nio-8081-exec-10] INFO  c.t.c.gateway.auth.SaTokenConfigure - [Sa-Token] 鉴权成功
2026-03-02 02:02:46.780 [http-nio-8081-exec-10] DEBUG o.s.c.g.h.RoutePredicateHandlerMapping - Route matched: comment
2026-03-02 02:02:46.781 [http-nio-8081-exec-10] DEBUG o.s.c.g.h.RoutePredicateHandlerMapping - Mapping [Exchange: POST http://localhost:8081/comment/publish] to Route{id='comment', uri=lb://communitysharing-comment, order=0, predicate=Paths: [/comment/**], match trailing slash: true, gatewayFilters=[[[StripPrefix parts = 1], order = 1]], metadata={}}
2026-03-02 02:02:46.781 [http-nio-8081-exec-10] DEBUG o.s.c.g.h.RoutePredicateHandlerMapping - [50f61674] Mapped to org.springframework.cloud.gateway.handler.FilteringWebHandler@3f28763c
2026-03-02 02:02:46.781 [http-nio-8081-exec-10] DEBUG o.s.c.g.handler.FilteringWebHandler - Sorted gatewayFilterFactories: [[GatewayFilterAdapter{delegate=org.springframework.cloud.gateway.filter.RemoveCachedBodyFilter@5a7e81}, order = -2147483648], [GatewayFilterAdapter{delegate=org.springframework.cloud.gateway.filter.AdaptCachedBodyGlobalFilter@79c4f23b}, order = -2147482648], [GatewayFilterAdapter{delegate=org.springframework.cloud.gateway.filter.NettyWriteResponseFilter@54941dfd}, order = -1], [GatewayFilterAdapter{delegate=org.springframework.cloud.gateway.filter.ForwardPathFilter@67e11bda}, order = 0], [[StripPrefix parts = 1], order = 1], [GatewayFilterAdapter{delegate=org.springframework.cloud.gateway.filter.RouteToRequestUrlFilter@4045fd1f}, order = 10000], [GatewayFilterAdapter{delegate=org.springframework.cloud.gateway.filter.ReactiveLoadBalancerClientFilter@40c28b0d}, order = 10150], [GatewayFilterAdapter{delegate=org.springframework.cloud.gateway.filter.LoadBalancerServiceInstanceCookieFilter@cf984d9}, order = 10151], [GatewayFilterAdapter{delegate=org.springframework.cloud.gateway.filter.WebsocketRoutingFilter@341ccfd1}, order = 2147483646], GatewayFilterAdapter{delegate=com.taoxin.communitysharing.gateway.filter.AddUserIdForHeader@6ae42248}, [GatewayFilterAdapter{delegate=org.springframework.cloud.gateway.filter.NettyRoutingFilter@1fa98a22}, order = 2147483647], [GatewayFilterAdapter{delegate=org.springframework.cloud.gateway.filter.ForwardRoutingFilter@13ee97af}, order = 2147483647]]
2026-03-02 02:02:46.785 [boundedElastic-7] INFO  c.t.c.g.filter.AddUserIdForHeader - =======> AddUserIdForHeader：10
