2026-03-02 00:04:23.470 [main] WARN  c.a.n.client.logging.NacosLogging - Load Logback Configuration of Nacos fail, message: Could not initialize Logback Nacos logging from classpath:nacos-logback.xml
2026-03-02 00:04:23.520 [main] WARN  c.a.n.client.logging.NacosLogging - Load Logback Configuration of Nacos fail, message: Could not initialize Logback Nacos logging from classpath:nacos-logback.xml
2026-03-02 00:04:23.703 [main] WARN  c.a.n.client.logging.NacosLogging - Load Logback Configuration of Nacos fail, message: Could not initialize Logback Nacos logging from classpath:nacos-logback.xml
2026-03-02 00:04:23.706 [main] INFO  c.a.nacos.client.utils.ParamUtil - [settings] [req-serv] nacos-server port:8848
2026-03-02 00:04:23.707 [main] INFO  c.a.nacos.client.utils.ParamUtil - [settings] [http-client] connect timeout:1000
2026-03-02 00:04:23.707 [main] INFO  c.a.nacos.client.utils.ParamUtil - PER_TASK_CONFIG_SIZE: 3000.0
2026-03-02 00:04:23.729 [main] INFO  c.a.n.p.a.s.c.ClientAuthPluginManager - [ClientAuthPluginManager] Load ClientAuthService com.alibaba.nacos.client.auth.impl.NacosClientAuthServiceImpl success.
2026-03-02 00:04:23.729 [main] INFO  c.a.n.p.a.s.c.ClientAuthPluginManager - [ClientAuthPluginManager] Load ClientAuthService com.alibaba.nacos.client.auth.ram.RamClientAuthServiceImpl success.
2026-03-02 00:04:23.735 [main] INFO  c.a.n.c.a.r.i.CredentialWatcher - null No credential found
2026-03-02 00:04:24.096 [main] WARN  c.a.n.client.logging.NacosLogging - Load Logback Configuration of Nacos fail, message: Could not initialize Logback Nacos logging from classpath:nacos-logback.xml
2026-03-02 00:04:24.111 [main] INFO  c.a.n.c.c.i.LocalConfigInfoProcessor - LOCAL_SNAPSHOT_PATH:C:\Users\moonth\nacos\config
2026-03-02 00:04:24.115 [main] INFO  c.alibaba.nacos.common.remote.client - [RpcClientFactory] create a new rpc client of 6df9b35b-9c6d-47cf-a3f6-8ff6b1ea2f81_config-0
2026-03-02 00:04:24.126 [main] INFO  c.alibaba.nacos.common.remote.client - [6df9b35b-9c6d-47cf-a3f6-8ff6b1ea2f81_config-0] Register server push request handler:com.alibaba.nacos.client.config.impl.ClientWorker$ConfigRpcTransportClient$$Lambda$583/0x0000000800f8e908
2026-03-02 00:04:24.126 [main] INFO  c.alibaba.nacos.common.remote.client - [6df9b35b-9c6d-47cf-a3f6-8ff6b1ea2f81_config-0] Register server push request handler:com.alibaba.nacos.client.config.impl.ClientWorker$ConfigRpcTransportClient$$Lambda$584/0x0000000800f8ed28
2026-03-02 00:04:24.126 [main] INFO  c.alibaba.nacos.common.remote.client - [6df9b35b-9c6d-47cf-a3f6-8ff6b1ea2f81_config-0] Registry connection listener to current client:com.alibaba.nacos.client.config.impl.ClientWorker$ConfigRpcTransportClient$1
2026-03-02 00:04:24.127 [main] INFO  c.alibaba.nacos.common.remote.client - [6df9b35b-9c6d-47cf-a3f6-8ff6b1ea2f81_config-0] RpcClient init, ServerListFactory = com.alibaba.nacos.client.config.impl.ClientWorker$ConfigRpcTransportClient$2
2026-03-02 00:04:24.132 [main] INFO  c.alibaba.nacos.common.remote.client - [6df9b35b-9c6d-47cf-a3f6-8ff6b1ea2f81_config-0] Try to connect to server on start up, server: {serverIp = '127.0.0.1', server main port = 8848}
2026-03-02 00:04:24.161 [main] INFO  c.a.n.c.r.client.grpc.GrpcClient - grpc client connection server:127.0.0.1 ip,serverPort:9848,grpcTslConfig:{"sslProvider":"OPENSSL","enableTls":false,"mutualAuthEnable":false,"trustAll":false}
2026-03-02 00:04:24.858 [main] INFO  c.alibaba.nacos.common.remote.client - [6df9b35b-9c6d-47cf-a3f6-8ff6b1ea2f81_config-0] Success to connect to server [127.0.0.1:8848] on start up, connectionId = 1772381064696_172.17.0.1_43156
2026-03-02 00:04:24.859 [com.alibaba.nacos.client.remote.worker] INFO  c.alibaba.nacos.common.remote.client - [6df9b35b-9c6d-47cf-a3f6-8ff6b1ea2f81_config-0] Notify connected event to listeners.
2026-03-02 00:04:24.859 [com.alibaba.nacos.client.remote.worker] INFO  c.a.n.c.config.impl.ClientWorker - [6df9b35b-9c6d-47cf-a3f6-8ff6b1ea2f81_config-0] Connected,notify listen context...
2026-03-02 00:04:24.859 [main] INFO  c.alibaba.nacos.common.remote.client - [6df9b35b-9c6d-47cf-a3f6-8ff6b1ea2f81_config-0] Register server push request handler:com.alibaba.nacos.common.remote.client.RpcClient$ConnectResetRequestHandler
2026-03-02 00:04:24.859 [main] INFO  c.alibaba.nacos.common.remote.client - [6df9b35b-9c6d-47cf-a3f6-8ff6b1ea2f81_config-0] Register server push request handler:com.alibaba.nacos.common.remote.client.RpcClient$$Lambda$604/0x00000008010d8890
2026-03-02 00:04:24.886 [main] INFO  c.a.nacos.client.config.impl.Limiter - limitTime:5.0
2026-03-02 00:04:24.905 [main] WARN  c.a.c.n.c.NacosPropertySourceBuilder - Ignore the empty nacos configuration and get it based on dataId[communitysharing-kv] & group[DEFAULT_GROUP]
2026-03-02 00:04:24.912 [main] WARN  c.a.c.n.c.NacosPropertySourceBuilder - Ignore the empty nacos configuration and get it based on dataId[communitysharing-kv.properties] & group[DEFAULT_GROUP]
2026-03-02 00:04:24.919 [main] WARN  c.a.c.n.c.NacosPropertySourceBuilder - Ignore the empty nacos configuration and get it based on dataId[communitysharing-kv-dev.properties] & group[DEFAULT_GROUP]
2026-03-02 00:04:24.920 [main] INFO  o.s.c.b.c.PropertySourceBootstrapConfiguration - Located property source: [BootstrapPropertySource {name='bootstrapProperties-communitysharing-kv-dev.properties,DEFAULT_GROUP'}, BootstrapPropertySource {name='bootstrapProperties-communitysharing-kv.properties,DEFAULT_GROUP'}, BootstrapPropertySource {name='bootstrapProperties-communitysharing-kv,DEFAULT_GROUP'}]
2026-03-02 00:04:24.925 [main] WARN  c.a.n.client.logging.NacosLogging - Load Logback Configuration of Nacos fail, message: Could not initialize Logback Nacos logging from classpath:nacos-logback.xml
2026-03-02 00:04:24.925 [main] INFO  c.t.c.K.CommunitysharingKVBusinessApplication - The following 1 profile is active: "dev"
2026-03-02 00:04:25.309 [main] INFO  o.s.d.r.c.RepositoryConfigurationDelegate - Bootstrapping Spring Data Reactive Cassandra repositories in DEFAULT mode.
2026-03-02 00:04:25.377 [main] INFO  o.s.d.r.c.RepositoryConfigurationDelegate - Finished Spring Data repository scanning in 64 ms. Found 0 Reactive Cassandra repository interfaces.
2026-03-02 00:04:25.380 [main] INFO  o.s.d.r.c.RepositoryConfigurationDelegate - Bootstrapping Spring Data Cassandra repositories in DEFAULT mode.
2026-03-02 00:04:25.394 [main] INFO  o.s.d.r.c.RepositoryConfigurationDelegate - Finished Spring Data repository scanning in 12 ms. Found 1 Cassandra repository interfaces.
2026-03-02 00:04:25.511 [main] INFO  o.s.cloud.context.scope.GenericScope - BeanFactory id=47dfe372-ea59-3421-b77f-182b87c0c62c
2026-03-02 00:04:25.864 [main] INFO  o.s.b.w.e.tomcat.TomcatWebServer - Tomcat initialized with port(s): 8084 (http)
2026-03-02 00:04:25.872 [main] INFO  o.a.catalina.core.StandardService - Starting service [Tomcat]
2026-03-02 00:04:25.872 [main] INFO  o.a.catalina.core.StandardEngine - Starting Servlet engine: [Apache Tomcat/10.1.5]
2026-03-02 00:04:25.947 [main] INFO  o.a.c.c.C.[Tomcat].[localhost].[/] - Initializing Spring embedded WebApplicationContext
2026-03-02 00:04:25.948 [main] INFO  o.s.b.w.s.c.ServletWebServerApplicationContext - Root WebApplicationContext: initialization completed in 1012 ms
2026-03-02 00:04:26.215 [main] INFO  c.d.o.d.i.c.DefaultMavenCoordinates - DataStax Java driver for Apache Cassandra(R) (com.datastax.oss:java-driver-core) version 4.15.0
2026-03-02 00:04:26.519 [s0-admin-0] INFO  c.d.o.d.internal.core.time.Clock - Using native clock for microsecond precision
2026-03-02 00:04:27.012 [s1-admin-0] INFO  c.d.o.d.internal.core.time.Clock - Using native clock for microsecond precision
2026-03-02 00:04:28.019 [main] WARN  o.s.c.l.c.LoadBalancerCacheAutoConfiguration$LoadBalancerCaffeineWarnLogger - Spring Cloud LoadBalancer is currently working with the default cache. While this cache implementation is useful for development and tests, it's recommended to use Caffeine cache in production.You can switch to using Caffeine cache, by adding it and org.springframework.cache.caffeine.CaffeineCacheManager to the classpath.
2026-03-02 00:04:28.081 [main] INFO  o.s.b.w.e.tomcat.TomcatWebServer - Tomcat started on port(s): 8084 (http) with context path ''
2026-03-02 00:04:28.084 [main] INFO  com.alibaba.nacos.client.naming - initializer namespace from ans.namespace attribute : null
2026-03-02 00:04:28.084 [main] INFO  com.alibaba.nacos.client.naming - initializer namespace from ALIBABA_ALIWARE_NAMESPACE attribute :null
2026-03-02 00:04:28.085 [main] INFO  com.alibaba.nacos.client.naming - initializer namespace from namespace attribute :null
2026-03-02 00:04:28.089 [main] INFO  c.a.n.p.a.s.c.ClientAuthPluginManager - [ClientAuthPluginManager] Load ClientAuthService com.alibaba.nacos.client.auth.impl.NacosClientAuthServiceImpl success.
2026-03-02 00:04:28.090 [main] INFO  c.a.n.p.a.s.c.ClientAuthPluginManager - [ClientAuthPluginManager] Load ClientAuthService com.alibaba.nacos.client.auth.ram.RamClientAuthServiceImpl success.
2026-03-02 00:04:28.093 [main] INFO  c.alibaba.nacos.common.remote.client - [RpcClientFactory] create a new rpc client of eeb8410c-a960-4748-86d9-3e7d238ab997
2026-03-02 00:04:28.094 [main] INFO  c.alibaba.nacos.common.remote.client - [eeb8410c-a960-4748-86d9-3e7d238ab997] RpcClient init, ServerListFactory = com.alibaba.nacos.client.naming.core.ServerListManager
2026-03-02 00:04:28.094 [main] INFO  c.alibaba.nacos.common.remote.client - [eeb8410c-a960-4748-86d9-3e7d238ab997] Registry connection listener to current client:com.alibaba.nacos.client.naming.remote.gprc.redo.NamingGrpcRedoService
2026-03-02 00:04:28.094 [main] INFO  c.alibaba.nacos.common.remote.client - [eeb8410c-a960-4748-86d9-3e7d238ab997] Register server push request handler:com.alibaba.nacos.client.naming.remote.gprc.NamingPushRequestHandler
2026-03-02 00:04:28.096 [main] INFO  c.alibaba.nacos.common.remote.client - [eeb8410c-a960-4748-86d9-3e7d238ab997] Try to connect to server on start up, server: {serverIp = '127.0.0.1', server main port = 8848}
2026-03-02 00:04:28.096 [main] INFO  c.a.n.c.r.client.grpc.GrpcClient - grpc client connection server:127.0.0.1 ip,serverPort:9848,grpcTslConfig:{"sslProvider":"OPENSSL","enableTls":false,"mutualAuthEnable":false,"trustAll":false}
2026-03-02 00:04:28.215 [main] INFO  c.alibaba.nacos.common.remote.client - [eeb8410c-a960-4748-86d9-3e7d238ab997] Success to connect to server [127.0.0.1:8848] on start up, connectionId = 1772381068103_172.17.0.1_43168
2026-03-02 00:04:28.215 [main] INFO  c.alibaba.nacos.common.remote.client - [eeb8410c-a960-4748-86d9-3e7d238ab997] Register server push request handler:com.alibaba.nacos.common.remote.client.RpcClient$ConnectResetRequestHandler
2026-03-02 00:04:28.215 [main] INFO  c.alibaba.nacos.common.remote.client - [eeb8410c-a960-4748-86d9-3e7d238ab997] Register server push request handler:com.alibaba.nacos.common.remote.client.RpcClient$$Lambda$604/0x00000008010d8890
2026-03-02 00:04:28.215 [com.alibaba.nacos.client.remote.worker] INFO  c.alibaba.nacos.common.remote.client - [eeb8410c-a960-4748-86d9-3e7d238ab997] Notify connected event to listeners.
2026-03-02 00:04:28.215 [com.alibaba.nacos.client.remote.worker] INFO  com.alibaba.nacos.client.naming - Grpc connection connect
2026-03-02 00:04:28.217 [main] INFO  com.alibaba.nacos.client.naming - [REGISTER-SERVICE] 2e254952-9803-4eae-8771-b086042c797f registering service communitysharing-kv with instance Instance{instanceId='null', ip='26.26.26.1', port=8084, weight=1.0, healthy=true, enabled=true, ephemeral=true, clusterName='DEFAULT', serviceName='null', metadata={IPv6=null, preserved.register.source=SPRING_CLOUD}}
2026-03-02 00:04:28.227 [main] INFO  c.a.c.n.r.NacosServiceRegistry - nacos registry, DEFAULT_GROUP communitysharing-kv 26.26.26.1:8084 register finished
2026-03-02 00:04:28.363 [main] INFO  c.t.c.K.CommunitysharingKVBusinessApplication - Started CommunitysharingKVBusinessApplication in 5.631 seconds (process running for 6.388)
2026-03-02 00:04:28.366 [main] INFO  c.a.n.client.config.impl.CacheData - nacos.cache.data.init.snapshot = true 
2026-03-02 00:04:28.367 [main] INFO  c.a.n.c.config.impl.ClientWorker - [fixed-127.0.0.1_8848] [subscribe] communitysharing-kv-dev.properties+DEFAULT_GROUP
2026-03-02 00:04:28.373 [main] INFO  c.a.n.client.config.impl.CacheData - [fixed-127.0.0.1_8848] [add-listener] ok, tenant=, dataId=communitysharing-kv-dev.properties, group=DEFAULT_GROUP, cnt=1
2026-03-02 00:04:28.373 [main] INFO  c.a.c.n.r.NacosContextRefresher - [Nacos Config] Listening config: dataId=communitysharing-kv-dev.properties, group=DEFAULT_GROUP
2026-03-02 00:04:28.373 [main] INFO  c.a.n.c.config.impl.ClientWorker - [fixed-127.0.0.1_8848] [subscribe] communitysharing-kv.properties+DEFAULT_GROUP
2026-03-02 00:04:28.373 [main] INFO  c.a.n.client.config.impl.CacheData - [fixed-127.0.0.1_8848] [add-listener] ok, tenant=, dataId=communitysharing-kv.properties, group=DEFAULT_GROUP, cnt=1
2026-03-02 00:04:28.373 [main] INFO  c.a.c.n.r.NacosContextRefresher - [Nacos Config] Listening config: dataId=communitysharing-kv.properties, group=DEFAULT_GROUP
2026-03-02 00:04:28.374 [main] INFO  c.a.n.c.config.impl.ClientWorker - [fixed-127.0.0.1_8848] [subscribe] communitysharing-kv+DEFAULT_GROUP
2026-03-02 00:04:28.374 [main] INFO  c.a.n.client.config.impl.CacheData - [fixed-127.0.0.1_8848] [add-listener] ok, tenant=, dataId=communitysharing-kv, group=DEFAULT_GROUP, cnt=1
2026-03-02 00:04:28.374 [main] INFO  c.a.c.n.r.NacosContextRefresher - [Nacos Config] Listening config: dataId=communitysharing-kv, group=DEFAULT_GROUP
2026-03-02 00:09:49.090 [http-nio-8084-exec-1] INFO  o.a.c.c.C.[Tomcat].[localhost].[/] - Initializing Spring DispatcherServlet 'dispatcherServlet'
2026-03-02 00:09:49.090 [http-nio-8084-exec-1] INFO  o.s.web.servlet.DispatcherServlet - Initializing Servlet 'dispatcherServlet'
2026-03-02 00:09:49.093 [http-nio-8084-exec-1] INFO  o.s.web.servlet.DispatcherServlet - Completed initialization in 2 ms
2026-03-02 00:09:49.547 [http-nio-8084-exec-1] INFO  c.t.c.f.b.o.a.ApiOperationLogAspect - ====== 请求开始: [批量添加笔记内容], 入参: {"comments":[{"contentId":2017271718413860910,"yearMonth":"2026-03","commentId":"e7d29333-f497-400e-8073-e4e3fb566198","comment":"写的真好！"}]}, 请求类: com.taoxin.communitysharing.KV.controller.SharingContentController, 请求方法: addBatchComment =================================== 
2026-03-02 00:09:49.716 [http-nio-8084-exec-1] INFO  c.t.c.f.b.o.a.ApiOperationLogAspect - ====== 响应结束: [批量添加笔记内容], 耗时: 166ms, 返回参数: {"success":true} =================================== 
2026-03-02 00:15:25.702 [http-nio-8084-exec-2] INFO  c.t.c.f.b.o.a.ApiOperationLogAspect - ====== 请求开始: [批量添加笔记内容], 入参: {"comments":[{"contentId":2017271718413860910,"yearMonth":"2026-03","commentId":"3ff8e614-7fbe-49a6-993b-018349586b61","comment":"写的真好！"}]}, 请求类: com.taoxin.communitysharing.KV.controller.SharingContentController, 请求方法: addBatchComment =================================== 
2026-03-02 00:15:25.709 [http-nio-8084-exec-2] INFO  c.t.c.f.b.o.a.ApiOperationLogAspect - ====== 响应结束: [批量添加笔记内容], 耗时: 7ms, 返回参数: {"success":true} =================================== 
2026-03-02 00:16:02.112 [http-nio-8084-exec-4] INFO  c.t.c.f.b.o.a.ApiOperationLogAspect - ====== 请求开始: [批量添加笔记内容], 入参: {"comments":[{"contentId":2017271718413860910,"yearMonth":"2026-03","commentId":"a4f87869-9845-4476-88e5-d3d2de4eb7ca","comment":"写的真好！"}]}, 请求类: com.taoxin.communitysharing.KV.controller.SharingContentController, 请求方法: addBatchComment =================================== 
2026-03-02 00:16:02.117 [http-nio-8084-exec-4] INFO  c.t.c.f.b.o.a.ApiOperationLogAspect - ====== 响应结束: [批量添加笔记内容], 耗时: 4ms, 返回参数: {"success":true} =================================== 
2026-03-02 00:17:37.653 [http-nio-8084-exec-3] INFO  c.t.c.f.b.o.a.ApiOperationLogAspect - ====== 请求开始: [批量添加笔记内容], 入参: {"comments":[{"contentId":2017271718413860910,"yearMonth":"2026-03","commentId":"3ba3408b-0220-4033-8e67-4183ea1db749","comment":"写的真好！"}]}, 请求类: com.taoxin.communitysharing.KV.controller.SharingContentController, 请求方法: addBatchComment =================================== 
2026-03-02 00:17:37.658 [http-nio-8084-exec-3] INFO  c.t.c.f.b.o.a.ApiOperationLogAspect - ====== 响应结束: [批量添加笔记内容], 耗时: 4ms, 返回参数: {"success":true} =================================== 
2026-03-02 00:18:48.414 [http-nio-8084-exec-8] INFO  c.t.c.f.b.o.a.ApiOperationLogAspect - ====== 请求开始: [批量添加笔记内容], 入参: {"comments":[{"contentId":2017271718413860910,"yearMonth":"2026-03","commentId":"c9a67aac-4de3-4a38-819c-d581181a421c","comment":"写的真好！"}]}, 请求类: com.taoxin.communitysharing.KV.controller.SharingContentController, 请求方法: addBatchComment =================================== 
2026-03-02 00:18:48.420 [http-nio-8084-exec-8] INFO  c.t.c.f.b.o.a.ApiOperationLogAspect - ====== 响应结束: [批量添加笔记内容], 耗时: 5ms, 返回参数: {"success":true} =================================== 
2026-03-02 00:22:08.100 [http-nio-8084-exec-10] INFO  c.t.c.f.b.o.a.ApiOperationLogAspect - ====== 请求开始: [批量添加笔记内容], 入参: {"comments":[{"contentId":2017271718413860910,"yearMonth":"2026-03","commentId":"b9cc47c8-fbcb-4490-9248-0e69821ae2ce","comment":"写的真好！"}]}, 请求类: com.taoxin.communitysharing.KV.controller.SharingContentController, 请求方法: addBatchComment =================================== 
2026-03-02 00:22:08.105 [http-nio-8084-exec-10] INFO  c.t.c.f.b.o.a.ApiOperationLogAspect - ====== 响应结束: [批量添加笔记内容], 耗时: 5ms, 返回参数: {"success":true} =================================== 
2026-03-02 01:18:01.764 [http-nio-8084-exec-6] INFO  c.t.c.f.b.o.a.ApiOperationLogAspect - ====== 请求开始: [批量添加笔记内容], 入参: {"comments":[{"contentId":2017271718413860910,"yearMonth":"2026-03","commentId":"02e6bfc2-9a67-422c-919b-2bb2539db64d","comment":"写的真好！"}]}, 请求类: com.taoxin.communitysharing.KV.controller.SharingContentController, 请求方法: addBatchComment =================================== 
2026-03-02 01:18:01.793 [http-nio-8084-exec-6] INFO  c.t.c.f.b.o.a.ApiOperationLogAspect - ====== 响应结束: [批量添加笔记内容], 耗时: 29ms, 返回参数: {"success":true} =================================== 
2026-03-02 01:21:12.290 [http-nio-8084-exec-4] INFO  c.t.c.f.b.o.a.ApiOperationLogAspect - ====== 请求开始: [批量添加笔记内容], 入参: {"comments":[{"contentId":2017271718413860910,"yearMonth":"2026-03","commentId":"e226642f-50e7-4c6c-b768-cb2378d09585","comment":"这是二级评论(回复)"}]}, 请求类: com.taoxin.communitysharing.KV.controller.SharingContentController, 请求方法: addBatchComment =================================== 
2026-03-02 01:21:12.296 [http-nio-8084-exec-4] INFO  c.t.c.f.b.o.a.ApiOperationLogAspect - ====== 响应结束: [批量添加笔记内容], 耗时: 5ms, 返回参数: {"success":true} =================================== 
2026-03-02 01:54:59.251 [http-nio-8084-exec-3] INFO  c.t.c.f.b.o.a.ApiOperationLogAspect - ====== 请求开始: [批量添加笔记内容], 入参: {"comments":[{"contentId":2017271718413860910,"yearMonth":"2026-03","commentId":"1cce7c77-f932-44b9-bb06-cf264acf73b0","comment":"这是二级评论(回复)"}]}, 请求类: com.taoxin.communitysharing.KV.controller.SharingContentController, 请求方法: addBatchComment =================================== 
2026-03-02 01:54:59.286 [http-nio-8084-exec-3] INFO  c.t.c.f.b.o.a.ApiOperationLogAspect - ====== 响应结束: [批量添加笔记内容], 耗时: 33ms, 返回参数: {"success":true} =================================== 
2026-03-02 01:56:10.801 [http-nio-8084-exec-8] INFO  c.t.c.f.b.o.a.ApiOperationLogAspect - ====== 请求开始: [批量添加笔记内容], 入参: {"comments":[{"contentId":2017271718413860910,"yearMonth":"2026-03","commentId":"34e1dd1e-662c-4d49-9f91-780087bef63e","comment":"这是二级评论(回复)"}]}, 请求类: com.taoxin.communitysharing.KV.controller.SharingContentController, 请求方法: addBatchComment =================================== 
2026-03-02 01:56:10.808 [http-nio-8084-exec-8] INFO  c.t.c.f.b.o.a.ApiOperationLogAspect - ====== 响应结束: [批量添加笔记内容], 耗时: 7ms, 返回参数: {"success":true} =================================== 
2026-03-02 02:02:46.826 [http-nio-8084-exec-10] INFO  c.t.c.f.b.o.a.ApiOperationLogAspect - ====== 请求开始: [批量添加笔记内容], 入参: {"comments":[{"contentId":2017271718413860910,"yearMonth":"2026-03","commentId":"8ddb6f2e-e6c7-4e3c-b8de-b0128b0dbe6f","comment":"这是二级评论(回复)"}]}, 请求类: com.taoxin.communitysharing.KV.controller.SharingContentController, 请求方法: addBatchComment =================================== 
2026-03-02 02:02:46.834 [http-nio-8084-exec-10] INFO  c.t.c.f.b.o.a.ApiOperationLogAspect - ====== 响应结束: [批量添加笔记内容], 耗时: 8ms, 返回参数: {"success":true} =================================== 
2026-03-02 02:17:42.181 [http-nio-8084-exec-6] INFO  c.t.c.f.b.o.a.ApiOperationLogAspect - ====== 请求开始: [批量添加笔记内容], 入参: {"comments":[{"contentId":2017271718413860910,"yearMonth":"2026-03","commentId":"450f32c0-59de-4e90-8167-def564ddfc5a","comment":"这是二级评论(回复)"}]}, 请求类: com.taoxin.communitysharing.KV.controller.SharingContentController, 请求方法: addBatchComment =================================== 
2026-03-02 02:17:42.189 [http-nio-8084-exec-6] INFO  c.t.c.f.b.o.a.ApiOperationLogAspect - ====== 响应结束: [批量添加笔记内容], 耗时: 7ms, 返回参数: {"success":true} =================================== 
2026-03-02 02:30:21.500 [http-nio-8084-exec-4] INFO  c.t.c.f.b.o.a.ApiOperationLogAspect - ====== 请求开始: [批量添加笔记内容], 入参: {"comments":[{"contentId":2017271718413860910,"yearMonth":"2026-03","commentId":"a059911b-5d8a-4e5f-b078-17c341205994","comment":"这是二级评论(回复)"}]}, 请求类: com.taoxin.communitysharing.KV.controller.SharingContentController, 请求方法: addBatchComment =================================== 
2026-03-02 02:30:21.506 [http-nio-8084-exec-4] INFO  c.t.c.f.b.o.a.ApiOperationLogAspect - ====== 响应结束: [批量添加笔记内容], 耗时: 6ms, 返回参数: {"success":true} =================================== 
2026-03-02 02:33:09.870 [http-nio-8084-exec-3] INFO  c.t.c.f.b.o.a.ApiOperationLogAspect - ====== 请求开始: [批量添加笔记内容], 入参: {"comments":[{"contentId":2017271718413860910,"yearMonth":"2026-03","commentId":"e4e306f3-ea90-46e9-bb39-e77a47bb23d8","comment":"这是二级评论(回复)"}]}, 请求类: com.taoxin.communitysharing.KV.controller.SharingContentController, 请求方法: addBatchComment =================================== 
2026-03-02 02:33:09.875 [http-nio-8084-exec-3] INFO  c.t.c.f.b.o.a.ApiOperationLogAspect - ====== 响应结束: [批量添加笔记内容], 耗时: 4ms, 返回参数: {"success":true} =================================== 
2026-03-02 02:36:43.109 [http-nio-8084-exec-8] INFO  c.t.c.f.b.o.a.ApiOperationLogAspect - ====== 请求开始: [批量添加笔记内容], 入参: {"comments":[{"contentId":2017271718413860910,"yearMonth":"2026-03","commentId":"6afbfa87-fb04-4bfb-adee-27a282eb88b0","comment":"这是二级评论(回复)"}]}, 请求类: com.taoxin.communitysharing.KV.controller.SharingContentController, 请求方法: addBatchComment =================================== 
2026-03-02 02:36:43.114 [http-nio-8084-exec-8] INFO  c.t.c.f.b.o.a.ApiOperationLogAspect - ====== 响应结束: [批量添加笔记内容], 耗时: 5ms, 返回参数: {"success":true} =================================== 
2026-03-02 10:56:02.186 [http-nio-8084-exec-10] INFO  c.t.c.f.b.o.a.ApiOperationLogAspect - ====== 请求开始: [批量添加笔记内容], 入参: {"comments":[{"contentId":2017271718413860910,"yearMonth":"2026-03","commentId":"61696151-d5e1-42e9-ab15-a438c90735c0","comment":"这是二级评论(回复)"}]}, 请求类: com.taoxin.communitysharing.KV.controller.SharingContentController, 请求方法: addBatchComment =================================== 
2026-03-02 10:56:02.233 [http-nio-8084-exec-10] INFO  c.t.c.f.b.o.a.ApiOperationLogAspect - ====== 响应结束: [批量添加笔记内容], 耗时: 46ms, 返回参数: {"success":true} =================================== 
2026-03-02 11:04:54.728 [http-nio-8084-exec-6] INFO  c.t.c.f.b.o.a.ApiOperationLogAspect - ====== 请求开始: [批量添加笔记内容], 入参: {"comments":[{"contentId":2017271718413860910,"yearMonth":"2026-03","commentId":"45d517ce-b422-43fa-a8ce-05fe492d6225","comment":"这是二级评论(回复)"}]}, 请求类: com.taoxin.communitysharing.KV.controller.SharingContentController, 请求方法: addBatchComment =================================== 
2026-03-02 11:04:54.736 [http-nio-8084-exec-6] INFO  c.t.c.f.b.o.a.ApiOperationLogAspect - ====== 响应结束: [批量添加笔记内容], 耗时: 8ms, 返回参数: {"success":true} =================================== 
2026-03-02 11:54:34.405 [http-nio-8084-exec-4] INFO  c.t.c.f.b.o.a.ApiOperationLogAspect - ====== 请求开始: [批量添加笔记内容], 入参: {"comments":[{"contentId":2017271718413860910,"yearMonth":"2026-03","commentId":"6b40dfc1-3674-47fa-95e4-15432b92abba","comment":"这是二级评论(回复)"}]}, 请求类: com.taoxin.communitysharing.KV.controller.SharingContentController, 请求方法: addBatchComment =================================== 
2026-03-02 11:54:34.439 [http-nio-8084-exec-4] INFO  c.t.c.f.b.o.a.ApiOperationLogAspect - ====== 响应结束: [批量添加笔记内容], 耗时: 33ms, 返回参数: {"success":true} =================================== 
2026-03-02 11:59:30.987 [http-nio-8084-exec-3] INFO  c.t.c.f.b.o.a.ApiOperationLogAspect - ====== 请求开始: [批量添加笔记内容], 入参: {"comments":[{"contentId":2017271718413860910,"yearMonth":"2026-03","commentId":"9ed7b16b-3fd3-4743-ab6c-ce89dcfbadff","comment":"这是二级评论(回复)"}]}, 请求类: com.taoxin.communitysharing.KV.controller.SharingContentController, 请求方法: addBatchComment =================================== 
2026-03-02 11:59:30.993 [http-nio-8084-exec-3] INFO  c.t.c.f.b.o.a.ApiOperationLogAspect - ====== 响应结束: [批量添加笔记内容], 耗时: 6ms, 返回参数: {"success":true} =================================== 
2026-03-02 12:01:47.773 [http-nio-8084-exec-8] INFO  c.t.c.f.b.o.a.ApiOperationLogAspect - ====== 请求开始: [批量添加笔记内容], 入参: {"comments":[{"contentId":2017271718413860910,"yearMonth":"2026-03","commentId":"66298233-a436-464e-8be2-7ea6c8295cc0","comment":"这是二级评论(回复)"}]}, 请求类: com.taoxin.communitysharing.KV.controller.SharingContentController, 请求方法: addBatchComment =================================== 
2026-03-02 12:01:47.779 [http-nio-8084-exec-8] INFO  c.t.c.f.b.o.a.ApiOperationLogAspect - ====== 响应结束: [批量添加笔记内容], 耗时: 5ms, 返回参数: {"success":true} =================================== 
2026-03-02 12:04:21.678 [http-nio-8084-exec-10] INFO  c.t.c.f.b.o.a.ApiOperationLogAspect - ====== 请求开始: [批量添加笔记内容], 入参: {"comments":[{"contentId":2017271718413860910,"yearMonth":"2026-03","commentId":"bcbfe67c-aa40-4baa-be3e-dd471df418fc","comment":"这是二级评论(回复)"}]}, 请求类: com.taoxin.communitysharing.KV.controller.SharingContentController, 请求方法: addBatchComment =================================== 
2026-03-02 12:04:21.684 [http-nio-8084-exec-10] INFO  c.t.c.f.b.o.a.ApiOperationLogAspect - ====== 响应结束: [批量添加笔记内容], 耗时: 5ms, 返回参数: {"success":true} =================================== 
2026-03-02 12:07:15.143 [http-nio-8084-exec-6] INFO  c.t.c.f.b.o.a.ApiOperationLogAspect - ====== 请求开始: [批量添加笔记内容], 入参: {"comments":[{"contentId":2017271718413860910,"yearMonth":"2026-03","commentId":"0268057d-bbd3-46ff-95c0-785cecd9985f","comment":"这是二级评论(回复)"}]}, 请求类: com.taoxin.communitysharing.KV.controller.SharingContentController, 请求方法: addBatchComment =================================== 
2026-03-02 12:07:15.151 [http-nio-8084-exec-6] INFO  c.t.c.f.b.o.a.ApiOperationLogAspect - ====== 响应结束: [批量添加笔记内容], 耗时: 7ms, 返回参数: {"success":true} =================================== 
2026-03-02 12:15:33.419 [http-nio-8084-exec-4] INFO  c.t.c.f.b.o.a.ApiOperationLogAspect - ====== 请求开始: [批量添加笔记内容], 入参: {"comments":[{"contentId":2017271718413860910,"yearMonth":"2026-03","commentId":"93a1f5b4-2375-4383-a96a-6858965bb92c","comment":"这是二级评论(回复)"}]}, 请求类: com.taoxin.communitysharing.KV.controller.SharingContentController, 请求方法: addBatchComment =================================== 
2026-03-02 12:15:33.424 [http-nio-8084-exec-4] INFO  c.t.c.f.b.o.a.ApiOperationLogAspect - ====== 响应结束: [批量添加笔记内容], 耗时: 5ms, 返回参数: {"success":true} =================================== 
2026-03-02 13:11:27.199 [http-nio-8084-exec-3] INFO  c.t.c.f.b.o.a.ApiOperationLogAspect - ====== 请求开始: [批量添加笔记内容], 入参: {"comments":[{"contentId":2017271718413860910,"yearMonth":"2026-03","commentId":"b3b5eaa5-73b8-4a27-b335-af25cd9b29b1","comment":"这是二级评论(回复)"}]}, 请求类: com.taoxin.communitysharing.KV.controller.SharingContentController, 请求方法: addBatchComment =================================== 
2026-03-02 13:11:27.237 [http-nio-8084-exec-3] INFO  c.t.c.f.b.o.a.ApiOperationLogAspect - ====== 响应结束: [批量添加笔记内容], 耗时: 37ms, 返回参数: {"success":true} =================================== 
