2026-03-02 00:03:32.047 [main] WARN  c.a.n.client.logging.NacosLogging - Load Logback Configuration of Nacos fail, message: Could not initialize Logback Nacos logging from classpath:nacos-logback.xml
2026-03-02 00:03:32.092 [main] WARN  c.a.n.client.logging.NacosLogging - Load Logback Configuration of Nacos fail, message: Could not initialize Logback Nacos logging from classpath:nacos-logback.xml
2026-03-02 00:03:32.256 [main] WARN  c.a.n.client.logging.NacosLogging - Load Logback Configuration of Nacos fail, message: Could not initialize Logback Nacos logging from classpath:nacos-logback.xml
2026-03-02 00:03:32.258 [main] INFO  c.a.nacos.client.utils.ParamUtil - [settings] [req-serv] nacos-server port:8848
2026-03-02 00:03:32.258 [main] INFO  c.a.nacos.client.utils.ParamUtil - [settings] [http-client] connect timeout:1000
2026-03-02 00:03:32.259 [main] INFO  c.a.nacos.client.utils.ParamUtil - PER_TASK_CONFIG_SIZE: 3000.0
2026-03-02 00:03:32.287 [main] INFO  c.a.n.p.a.s.c.ClientAuthPluginManager - [ClientAuthPluginManager] Load ClientAuthService com.alibaba.nacos.client.auth.impl.NacosClientAuthServiceImpl success.
2026-03-02 00:03:32.288 [main] INFO  c.a.n.p.a.s.c.ClientAuthPluginManager - [ClientAuthPluginManager] Load ClientAuthService com.alibaba.nacos.client.auth.ram.RamClientAuthServiceImpl success.
2026-03-02 00:03:32.292 [main] INFO  c.a.n.c.a.r.i.CredentialWatcher - null No credential found
2026-03-02 00:03:32.603 [main] WARN  c.a.n.client.logging.NacosLogging - Load Logback Configuration of Nacos fail, message: Could not initialize Logback Nacos logging from classpath:nacos-logback.xml
2026-03-02 00:03:32.613 [main] INFO  c.a.n.c.c.i.LocalConfigInfoProcessor - LOCAL_SNAPSHOT_PATH:C:\Users\moonth\nacos\config
2026-03-02 00:03:32.615 [main] INFO  c.alibaba.nacos.common.remote.client - [RpcClientFactory] create a new rpc client of 2f5ace1b-453b-4bab-9277-734de0eb77d5_config-0
2026-03-02 00:03:32.625 [main] INFO  c.alibaba.nacos.common.remote.client - [2f5ace1b-453b-4bab-9277-734de0eb77d5_config-0] Register server push request handler:com.alibaba.nacos.client.config.impl.ClientWorker$ConfigRpcTransportClient$$Lambda$583/0x0000000800f903f0
2026-03-02 00:03:32.625 [main] INFO  c.alibaba.nacos.common.remote.client - [2f5ace1b-453b-4bab-9277-734de0eb77d5_config-0] Register server push request handler:com.alibaba.nacos.client.config.impl.ClientWorker$ConfigRpcTransportClient$$Lambda$584/0x0000000800f90810
2026-03-02 00:03:32.625 [main] INFO  c.alibaba.nacos.common.remote.client - [2f5ace1b-453b-4bab-9277-734de0eb77d5_config-0] Registry connection listener to current client:com.alibaba.nacos.client.config.impl.ClientWorker$ConfigRpcTransportClient$1
2026-03-02 00:03:32.626 [main] INFO  c.alibaba.nacos.common.remote.client - [2f5ace1b-453b-4bab-9277-734de0eb77d5_config-0] RpcClient init, ServerListFactory = com.alibaba.nacos.client.config.impl.ClientWorker$ConfigRpcTransportClient$2
2026-03-02 00:03:32.630 [main] INFO  c.alibaba.nacos.common.remote.client - [2f5ace1b-453b-4bab-9277-734de0eb77d5_config-0] Try to connect to server on start up, server: {serverIp = '127.0.0.1', server main port = 8848}
2026-03-02 00:03:32.656 [main] INFO  c.a.n.c.r.client.grpc.GrpcClient - grpc client connection server:127.0.0.1 ip,serverPort:9848,grpcTslConfig:{"sslProvider":"OPENSSL","enableTls":false,"mutualAuthEnable":false,"trustAll":false}
2026-03-02 00:03:33.354 [main] INFO  c.alibaba.nacos.common.remote.client - [2f5ace1b-453b-4bab-9277-734de0eb77d5_config-0] Success to connect to server [127.0.0.1:8848] on start up, connectionId = 1772381013190_172.17.0.1_53590
2026-03-02 00:03:33.355 [com.alibaba.nacos.client.remote.worker] INFO  c.alibaba.nacos.common.remote.client - [2f5ace1b-453b-4bab-9277-734de0eb77d5_config-0] Notify connected event to listeners.
2026-03-02 00:03:33.355 [main] INFO  c.alibaba.nacos.common.remote.client - [2f5ace1b-453b-4bab-9277-734de0eb77d5_config-0] Register server push request handler:com.alibaba.nacos.common.remote.client.RpcClient$ConnectResetRequestHandler
2026-03-02 00:03:33.355 [com.alibaba.nacos.client.remote.worker] INFO  c.a.n.c.config.impl.ClientWorker - [2f5ace1b-453b-4bab-9277-734de0eb77d5_config-0] Connected,notify listen context...
2026-03-02 00:03:33.355 [main] INFO  c.alibaba.nacos.common.remote.client - [2f5ace1b-453b-4bab-9277-734de0eb77d5_config-0] Register server push request handler:com.alibaba.nacos.common.remote.client.RpcClient$$Lambda$604/0x00000008010d77a0
2026-03-02 00:03:33.385 [main] INFO  c.a.nacos.client.config.impl.Limiter - limitTime:5.0
2026-03-02 00:03:33.398 [main] WARN  c.a.c.n.c.NacosPropertySourceBuilder - Ignore the empty nacos configuration and get it based on dataId[communitysharing-notify] & group[DEFAULT_GROUP]
2026-03-02 00:03:33.406 [main] WARN  c.a.c.n.c.NacosPropertySourceBuilder - Ignore the empty nacos configuration and get it based on dataId[communitysharing-notify.properties] & group[DEFAULT_GROUP]
2026-03-02 00:03:33.412 [main] WARN  c.a.c.n.c.NacosPropertySourceBuilder - Ignore the empty nacos configuration and get it based on dataId[communitysharing-notify-dev.properties] & group[DEFAULT_GROUP]
2026-03-02 00:03:33.412 [main] INFO  o.s.c.b.c.PropertySourceBootstrapConfiguration - Located property source: [BootstrapPropertySource {name='bootstrapProperties-communitysharing-notify-dev.properties,DEFAULT_GROUP'}, BootstrapPropertySource {name='bootstrapProperties-communitysharing-notify.properties,DEFAULT_GROUP'}, BootstrapPropertySource {name='bootstrapProperties-communitysharing-notify,DEFAULT_GROUP'}]
2026-03-02 00:03:33.416 [main] WARN  c.a.n.client.logging.NacosLogging - Load Logback Configuration of Nacos fail, message: Could not initialize Logback Nacos logging from classpath:nacos-logback.xml
2026-03-02 00:03:33.417 [main] INFO  c.t.c.n.b.CommunitysharingNotifyApplication - The following 1 profile is active: "dev"
2026-03-02 00:03:33.810 [main] INFO  o.s.d.r.c.RepositoryConfigurationDelegate - Multiple Spring Data modules found, entering strict repository configuration mode
2026-03-02 00:03:33.812 [main] INFO  o.s.d.r.c.RepositoryConfigurationDelegate - Bootstrapping Spring Data Redis repositories in DEFAULT mode.
2026-03-02 00:03:33.827 [main] INFO  o.s.d.r.c.RepositoryConfigurationDelegate - Finished Spring Data repository scanning in 6 ms. Found 0 Redis repository interfaces.
2026-03-02 00:03:33.891 [main] WARN  o.m.s.mapper.ClassPathMapperScanner - No MyBatis mapper was found in '[com.taoxin.communitysharing.notify.business]' package. Please check your configuration.
2026-03-02 00:03:33.941 [main] INFO  o.s.cloud.context.scope.GenericScope - BeanFactory id=687648c4-e06e-333d-8941-0dfb7a84e507
2026-03-02 00:03:34.382 [main] INFO  o.s.b.w.e.tomcat.TomcatWebServer - Tomcat initialized with port(s): 8091 (http)
2026-03-02 00:03:34.389 [main] INFO  o.a.catalina.core.StandardService - Starting service [Tomcat]
2026-03-02 00:03:34.389 [main] INFO  o.a.catalina.core.StandardEngine - Starting Servlet engine: [Apache Tomcat/10.1.5]
2026-03-02 00:03:34.472 [main] INFO  o.a.c.c.C.[Tomcat].[localhost].[/] - Initializing Spring embedded WebApplicationContext
2026-03-02 00:03:34.473 [main] INFO  o.s.b.w.s.c.ServletWebServerApplicationContext - Root WebApplicationContext: initialization completed in 1048 ms
2026-03-02 00:03:35.309 [main] INFO  c.a.d.s.b.a.DruidDataSourceAutoConfigure - Init DruidDataSource
2026-03-02 00:03:35.537 [main] INFO  c.alibaba.druid.pool.DruidDataSource - {dataSource-1} inited
2026-03-02 00:03:35.849 [main] INFO  o.s.b.w.e.tomcat.TomcatWebServer - Tomcat started on port(s): 8091 (http) with context path ''
2026-03-02 00:03:35.853 [main] INFO  com.alibaba.nacos.client.naming - initializer namespace from ans.namespace attribute : null
2026-03-02 00:03:35.853 [main] INFO  com.alibaba.nacos.client.naming - initializer namespace from ALIBABA_ALIWARE_NAMESPACE attribute :null
2026-03-02 00:03:35.854 [main] INFO  com.alibaba.nacos.client.naming - initializer namespace from namespace attribute :null
2026-03-02 00:03:35.860 [main] INFO  c.a.n.p.a.s.c.ClientAuthPluginManager - [ClientAuthPluginManager] Load ClientAuthService com.alibaba.nacos.client.auth.impl.NacosClientAuthServiceImpl success.
2026-03-02 00:03:35.860 [main] INFO  c.a.n.p.a.s.c.ClientAuthPluginManager - [ClientAuthPluginManager] Load ClientAuthService com.alibaba.nacos.client.auth.ram.RamClientAuthServiceImpl success.
2026-03-02 00:03:35.863 [main] INFO  c.alibaba.nacos.common.remote.client - [RpcClientFactory] create a new rpc client of fef0511e-d390-4215-bbe0-5ac627f782d5
2026-03-02 00:03:35.864 [main] INFO  c.alibaba.nacos.common.remote.client - [fef0511e-d390-4215-bbe0-5ac627f782d5] RpcClient init, ServerListFactory = com.alibaba.nacos.client.naming.core.ServerListManager
2026-03-02 00:03:35.864 [main] INFO  c.alibaba.nacos.common.remote.client - [fef0511e-d390-4215-bbe0-5ac627f782d5] Registry connection listener to current client:com.alibaba.nacos.client.naming.remote.gprc.redo.NamingGrpcRedoService
2026-03-02 00:03:35.864 [main] INFO  c.alibaba.nacos.common.remote.client - [fef0511e-d390-4215-bbe0-5ac627f782d5] Register server push request handler:com.alibaba.nacos.client.naming.remote.gprc.NamingPushRequestHandler
2026-03-02 00:03:35.864 [main] INFO  c.alibaba.nacos.common.remote.client - [fef0511e-d390-4215-bbe0-5ac627f782d5] Try to connect to server on start up, server: {serverIp = '127.0.0.1', server main port = 8848}
2026-03-02 00:03:35.865 [main] INFO  c.a.n.c.r.client.grpc.GrpcClient - grpc client connection server:127.0.0.1 ip,serverPort:9848,grpcTslConfig:{"sslProvider":"OPENSSL","enableTls":false,"mutualAuthEnable":false,"trustAll":false}
2026-03-02 00:03:35.975 [main] INFO  c.alibaba.nacos.common.remote.client - [fef0511e-d390-4215-bbe0-5ac627f782d5] Success to connect to server [127.0.0.1:8848] on start up, connectionId = 1772381015870_172.17.0.1_53598
2026-03-02 00:03:35.975 [main] INFO  c.alibaba.nacos.common.remote.client - [fef0511e-d390-4215-bbe0-5ac627f782d5] Register server push request handler:com.alibaba.nacos.common.remote.client.RpcClient$ConnectResetRequestHandler
2026-03-02 00:03:35.975 [main] INFO  c.alibaba.nacos.common.remote.client - [fef0511e-d390-4215-bbe0-5ac627f782d5] Register server push request handler:com.alibaba.nacos.common.remote.client.RpcClient$$Lambda$604/0x00000008010d77a0
2026-03-02 00:03:35.975 [com.alibaba.nacos.client.remote.worker] INFO  c.alibaba.nacos.common.remote.client - [fef0511e-d390-4215-bbe0-5ac627f782d5] Notify connected event to listeners.
2026-03-02 00:03:35.975 [com.alibaba.nacos.client.remote.worker] INFO  com.alibaba.nacos.client.naming - Grpc connection connect
2026-03-02 00:03:35.976 [main] INFO  com.alibaba.nacos.client.naming - [REGISTER-SERVICE] 2e254952-9803-4eae-8771-b086042c797f registering service communitysharing-notify with instance Instance{instanceId='null', ip='26.26.26.1', port=8091, weight=1.0, healthy=true, enabled=true, ephemeral=true, clusterName='DEFAULT', serviceName='null', metadata={IPv6=null, preserved.register.source=SPRING_CLOUD}}
2026-03-02 00:03:35.990 [main] INFO  c.a.c.n.r.NacosServiceRegistry - nacos registry, DEFAULT_GROUP communitysharing-notify 26.26.26.1:8091 register finished
2026-03-02 00:03:36.137 [main] INFO  c.t.c.n.b.CommunitysharingNotifyApplication - Started CommunitysharingNotifyApplication in 4.578 seconds (process running for 5.238)
2026-03-02 00:03:36.141 [main] INFO  c.a.n.client.config.impl.CacheData - nacos.cache.data.init.snapshot = true 
2026-03-02 00:03:36.142 [main] INFO  c.a.n.c.config.impl.ClientWorker - [fixed-127.0.0.1_8848] [subscribe] communitysharing-notify+DEFAULT_GROUP
2026-03-02 00:03:36.148 [main] INFO  c.a.n.client.config.impl.CacheData - [fixed-127.0.0.1_8848] [add-listener] ok, tenant=, dataId=communitysharing-notify, group=DEFAULT_GROUP, cnt=1
2026-03-02 00:03:36.149 [main] INFO  c.a.c.n.r.NacosContextRefresher - [Nacos Config] Listening config: dataId=communitysharing-notify, group=DEFAULT_GROUP
2026-03-02 00:03:36.149 [main] INFO  c.a.n.c.config.impl.ClientWorker - [fixed-127.0.0.1_8848] [subscribe] communitysharing-notify.properties+DEFAULT_GROUP
2026-03-02 00:03:36.149 [main] INFO  c.a.n.client.config.impl.CacheData - [fixed-127.0.0.1_8848] [add-listener] ok, tenant=, dataId=communitysharing-notify.properties, group=DEFAULT_GROUP, cnt=1
2026-03-02 00:03:36.149 [main] INFO  c.a.c.n.r.NacosContextRefresher - [Nacos Config] Listening config: dataId=communitysharing-notify.properties, group=DEFAULT_GROUP
2026-03-02 00:03:36.150 [main] INFO  c.a.n.c.config.impl.ClientWorker - [fixed-127.0.0.1_8848] [subscribe] communitysharing-notify-dev.properties+DEFAULT_GROUP
2026-03-02 00:03:36.150 [main] INFO  c.a.n.client.config.impl.CacheData - [fixed-127.0.0.1_8848] [add-listener] ok, tenant=, dataId=communitysharing-notify-dev.properties, group=DEFAULT_GROUP, cnt=1
2026-03-02 00:03:36.150 [main] INFO  c.a.c.n.r.NacosContextRefresher - [Nacos Config] Listening config: dataId=communitysharing-notify-dev.properties, group=DEFAULT_GROUP
2026-03-02 16:06:03.248 [Thread-1] WARN  c.a.n.c.http.HttpClientBeanHolder - [HttpClientBeanHolder] Start destroying common HttpClient
2026-03-02 16:06:03.248 [Thread-7] WARN  c.a.nacos.common.notify.NotifyCenter - [NotifyCenter] Start destroying Publisher
2026-03-02 16:06:03.262 [Thread-1] WARN  c.a.n.c.http.HttpClientBeanHolder - [HttpClientBeanHolder] Destruction of the end
2026-03-02 16:06:03.263 [Thread-7] WARN  c.a.nacos.common.notify.NotifyCenter - [NotifyCenter] Destruction of the end
2026-03-02 16:06:03.591 [SpringApplicationShutdownHook] INFO  c.alibaba.druid.pool.DruidDataSource - {dataSource-1} closing ...
2026-03-02 16:06:03.594 [SpringApplicationShutdownHook] INFO  c.alibaba.druid.pool.DruidDataSource - {dataSource-1} closed
2026-03-02 16:06:03.597 [SpringApplicationShutdownHook] INFO  c.a.c.n.r.NacosServiceRegistry - De-registering from Nacos Server now...
2026-03-02 16:06:03.599 [SpringApplicationShutdownHook] INFO  com.alibaba.nacos.client.naming - [DEREGISTER-SERVICE] 2e254952-9803-4eae-8771-b086042c797f deregistering service communitysharing-notify with instance: Instance{instanceId='null', ip='26.26.26.1', port=8091, weight=1.0, healthy=true, enabled=true, ephemeral=true, clusterName='DEFAULT', serviceName='null', metadata={}}
2026-03-02 16:06:03.613 [SpringApplicationShutdownHook] INFO  c.a.c.n.r.NacosServiceRegistry - De-registration finished.
2026-03-02 16:06:03.614 [SpringApplicationShutdownHook] INFO  com.alibaba.nacos.client.naming - com.alibaba.nacos.client.naming.cache.ServiceInfoHolder do shutdown begin
2026-03-02 16:06:03.615 [SpringApplicationShutdownHook] INFO  com.alibaba.nacos.client.naming - com.alibaba.nacos.client.naming.backups.FailoverReactor do shutdown begin
2026-03-02 16:06:03.617 [SpringApplicationShutdownHook] INFO  com.alibaba.nacos.client.naming - com.alibaba.nacos.client.naming.backups.FailoverReactor do shutdown stop
2026-03-02 16:06:03.617 [SpringApplicationShutdownHook] INFO  com.alibaba.nacos.client.naming - com.alibaba.nacos.client.naming.cache.ServiceInfoHolder do shutdown stop
2026-03-02 16:06:03.617 [SpringApplicationShutdownHook] INFO  com.alibaba.nacos.client.naming - com.alibaba.nacos.client.naming.remote.NamingClientProxyDelegate do shutdown begin
2026-03-02 16:06:03.617 [SpringApplicationShutdownHook] INFO  com.alibaba.nacos.client.naming - com.alibaba.nacos.client.naming.core.ServiceInfoUpdateService do shutdown begin
2026-03-02 16:06:03.617 [SpringApplicationShutdownHook] INFO  com.alibaba.nacos.client.naming - com.alibaba.nacos.client.naming.core.ServiceInfoUpdateService do shutdown stop
2026-03-02 16:06:03.617 [SpringApplicationShutdownHook] INFO  com.alibaba.nacos.client.naming - com.alibaba.nacos.client.naming.core.ServerListManager do shutdown begin
2026-03-02 16:06:03.618 [SpringApplicationShutdownHook] WARN  com.alibaba.nacos.client.naming - [NamingHttpClientManager] Start destroying NacosRestTemplate
2026-03-02 16:06:03.620 [SpringApplicationShutdownHook] WARN  com.alibaba.nacos.client.naming - [NamingHttpClientManager] Destruction of the end
2026-03-02 16:06:03.620 [SpringApplicationShutdownHook] INFO  com.alibaba.nacos.client.naming - com.alibaba.nacos.client.naming.core.ServerListManager do shutdown stop
2026-03-02 16:06:03.620 [SpringApplicationShutdownHook] INFO  com.alibaba.nacos.client.naming - com.alibaba.nacos.client.naming.remote.http.NamingHttpClientProxy do shutdown begin
2026-03-02 16:06:03.621 [SpringApplicationShutdownHook] WARN  com.alibaba.nacos.client.naming - [NamingHttpClientManager] Start destroying NacosRestTemplate
2026-03-02 16:06:03.621 [SpringApplicationShutdownHook] WARN  com.alibaba.nacos.client.naming - [NamingHttpClientManager] Destruction of the end
2026-03-02 16:06:03.621 [SpringApplicationShutdownHook] INFO  com.alibaba.nacos.client.naming - com.alibaba.nacos.client.naming.remote.http.NamingHttpClientProxy do shutdown stop
2026-03-02 16:06:03.621 [SpringApplicationShutdownHook] INFO  c.alibaba.nacos.common.remote.client - Shutdown rpc client, set status to shutdown
2026-03-02 16:06:03.622 [SpringApplicationShutdownHook] INFO  c.alibaba.nacos.common.remote.client - Shutdown client event executor java.util.concurrent.ScheduledThreadPoolExecutor@ec75acf[Running, pool size = 2, active threads = 2, queued tasks = 0, completed tasks = 0]
2026-03-02 16:06:03.622 [SpringApplicationShutdownHook] INFO  c.alibaba.nacos.common.remote.client - Close current connection 1772381015870_172.17.0.1_53598
2026-03-02 16:06:03.628 [nacos-grpc-client-executor-127.0.0.1-11520] INFO  c.a.n.c.r.client.grpc.GrpcClient - [1772381015870_172.17.0.1_53598]Ignore complete event,isRunning:false,isAbandon=false
2026-03-02 16:06:03.636 [SpringApplicationShutdownHook] INFO  c.a.n.c.r.client.grpc.GrpcClient - Shutdown grpc executor java.util.concurrent.ThreadPoolExecutor@433e3d23[Running, pool size = 4, active threads = 0, queued tasks = 0, completed tasks = 11521]
2026-03-02 16:06:03.636 [SpringApplicationShutdownHook] INFO  com.alibaba.nacos.client.naming - Shutdown grpc redo service executor java.util.concurrent.ScheduledThreadPoolExecutor@727a7d09[Running, pool size = 1, active threads = 0, queued tasks = 1, completed tasks = 19197]
2026-03-02 16:06:03.637 [SpringApplicationShutdownHook] INFO  c.a.n.c.a.r.i.CredentialWatcher - [null] CredentialWatcher is stopped
2026-03-02 16:06:03.638 [SpringApplicationShutdownHook] INFO  c.a.n.c.a.r.i.CredentialService - [null] CredentialService is freed
2026-03-02 16:06:03.638 [SpringApplicationShutdownHook] INFO  com.alibaba.nacos.client.naming - com.alibaba.nacos.client.naming.remote.NamingClientProxyDelegate do shutdown stop
2026-03-02 16:14:24.476 [main] WARN  c.a.n.client.logging.NacosLogging - Load Logback Configuration of Nacos fail, message: Could not initialize Logback Nacos logging from classpath:nacos-logback.xml
2026-03-02 16:14:24.519 [main] WARN  c.a.n.client.logging.NacosLogging - Load Logback Configuration of Nacos fail, message: Could not initialize Logback Nacos logging from classpath:nacos-logback.xml
2026-03-02 16:14:24.714 [main] WARN  c.a.n.client.logging.NacosLogging - Load Logback Configuration of Nacos fail, message: Could not initialize Logback Nacos logging from classpath:nacos-logback.xml
2026-03-02 16:14:24.715 [main] INFO  c.a.nacos.client.utils.ParamUtil - [settings] [req-serv] nacos-server port:8848
2026-03-02 16:14:24.716 [main] INFO  c.a.nacos.client.utils.ParamUtil - [settings] [http-client] connect timeout:1000
2026-03-02 16:14:24.718 [main] INFO  c.a.nacos.client.utils.ParamUtil - PER_TASK_CONFIG_SIZE: 3000.0
2026-03-02 16:14:24.747 [main] INFO  c.a.n.p.a.s.c.ClientAuthPluginManager - [ClientAuthPluginManager] Load ClientAuthService com.alibaba.nacos.client.auth.impl.NacosClientAuthServiceImpl success.
2026-03-02 16:14:24.747 [main] INFO  c.a.n.p.a.s.c.ClientAuthPluginManager - [ClientAuthPluginManager] Load ClientAuthService com.alibaba.nacos.client.auth.ram.RamClientAuthServiceImpl success.
2026-03-02 16:14:24.752 [main] INFO  c.a.n.c.a.r.i.CredentialWatcher - null No credential found
2026-03-02 16:14:25.116 [main] WARN  c.a.n.client.logging.NacosLogging - Load Logback Configuration of Nacos fail, message: Could not initialize Logback Nacos logging from classpath:nacos-logback.xml
2026-03-02 16:14:25.127 [main] INFO  c.a.n.c.c.i.LocalConfigInfoProcessor - LOCAL_SNAPSHOT_PATH:C:\Users\moonth\nacos\config
2026-03-02 16:14:25.131 [main] INFO  c.alibaba.nacos.common.remote.client - [RpcClientFactory] create a new rpc client of 03027277-95a9-4c0e-a177-b00543971448_config-0
2026-03-02 16:14:25.143 [main] INFO  c.alibaba.nacos.common.remote.client - [03027277-95a9-4c0e-a177-b00543971448_config-0] Register server push request handler:com.alibaba.nacos.client.config.impl.ClientWorker$ConfigRpcTransportClient$$Lambda$583/0x0000000800f8f3b0
2026-03-02 16:14:25.144 [main] INFO  c.alibaba.nacos.common.remote.client - [03027277-95a9-4c0e-a177-b00543971448_config-0] Register server push request handler:com.alibaba.nacos.client.config.impl.ClientWorker$ConfigRpcTransportClient$$Lambda$584/0x0000000800f8f7d0
2026-03-02 16:14:25.144 [main] INFO  c.alibaba.nacos.common.remote.client - [03027277-95a9-4c0e-a177-b00543971448_config-0] Registry connection listener to current client:com.alibaba.nacos.client.config.impl.ClientWorker$ConfigRpcTransportClient$1
2026-03-02 16:14:25.144 [main] INFO  c.alibaba.nacos.common.remote.client - [03027277-95a9-4c0e-a177-b00543971448_config-0] RpcClient init, ServerListFactory = com.alibaba.nacos.client.config.impl.ClientWorker$ConfigRpcTransportClient$2
2026-03-02 16:14:25.150 [main] INFO  c.alibaba.nacos.common.remote.client - [03027277-95a9-4c0e-a177-b00543971448_config-0] Try to connect to server on start up, server: {serverIp = '127.0.0.1', server main port = 8848}
2026-03-02 16:14:25.182 [main] INFO  c.a.n.c.r.client.grpc.GrpcClient - grpc client connection server:127.0.0.1 ip,serverPort:9848,grpcTslConfig:{"sslProvider":"OPENSSL","enableTls":false,"mutualAuthEnable":false,"trustAll":false}
2026-03-02 16:14:25.963 [main] INFO  c.alibaba.nacos.common.remote.client - [03027277-95a9-4c0e-a177-b00543971448_config-0] Success to connect to server [127.0.0.1:8848] on start up, connectionId = 1772439265794_172.17.0.1_39792
2026-03-02 16:14:25.964 [com.alibaba.nacos.client.remote.worker] INFO  c.alibaba.nacos.common.remote.client - [03027277-95a9-4c0e-a177-b00543971448_config-0] Notify connected event to listeners.
2026-03-02 16:14:25.965 [com.alibaba.nacos.client.remote.worker] INFO  c.a.n.c.config.impl.ClientWorker - [03027277-95a9-4c0e-a177-b00543971448_config-0] Connected,notify listen context...
2026-03-02 16:14:25.965 [main] INFO  c.alibaba.nacos.common.remote.client - [03027277-95a9-4c0e-a177-b00543971448_config-0] Register server push request handler:com.alibaba.nacos.common.remote.client.RpcClient$ConnectResetRequestHandler
2026-03-02 16:14:25.965 [main] INFO  c.alibaba.nacos.common.remote.client - [03027277-95a9-4c0e-a177-b00543971448_config-0] Register server push request handler:com.alibaba.nacos.common.remote.client.RpcClient$$Lambda$604/0x00000008010d6e70
2026-03-02 16:14:26.003 [main] INFO  c.a.nacos.client.config.impl.Limiter - limitTime:5.0
2026-03-02 16:14:26.022 [main] WARN  c.a.c.n.c.NacosPropertySourceBuilder - Ignore the empty nacos configuration and get it based on dataId[communitysharing-notify] & group[DEFAULT_GROUP]
2026-03-02 16:14:26.034 [main] WARN  c.a.c.n.c.NacosPropertySourceBuilder - Ignore the empty nacos configuration and get it based on dataId[communitysharing-notify.properties] & group[DEFAULT_GROUP]
2026-03-02 16:14:26.043 [main] WARN  c.a.c.n.c.NacosPropertySourceBuilder - Ignore the empty nacos configuration and get it based on dataId[communitysharing-notify-dev.properties] & group[DEFAULT_GROUP]
2026-03-02 16:14:26.044 [main] INFO  o.s.c.b.c.PropertySourceBootstrapConfiguration - Located property source: [BootstrapPropertySource {name='bootstrapProperties-communitysharing-notify-dev.properties,DEFAULT_GROUP'}, BootstrapPropertySource {name='bootstrapProperties-communitysharing-notify.properties,DEFAULT_GROUP'}, BootstrapPropertySource {name='bootstrapProperties-communitysharing-notify,DEFAULT_GROUP'}]
2026-03-02 16:14:26.051 [main] WARN  c.a.n.client.logging.NacosLogging - Load Logback Configuration of Nacos fail, message: Could not initialize Logback Nacos logging from classpath:nacos-logback.xml
2026-03-02 16:14:26.052 [main] INFO  c.t.c.n.b.CommunitysharingNotifyApplication - The following 1 profile is active: "dev"
2026-03-02 16:14:26.514 [main] INFO  o.s.d.r.c.RepositoryConfigurationDelegate - Multiple Spring Data modules found, entering strict repository configuration mode
2026-03-02 16:14:26.517 [main] INFO  o.s.d.r.c.RepositoryConfigurationDelegate - Bootstrapping Spring Data Redis repositories in DEFAULT mode.
2026-03-02 16:14:26.534 [main] INFO  o.s.d.r.c.RepositoryConfigurationDelegate - Finished Spring Data repository scanning in 7 ms. Found 0 Redis repository interfaces.
2026-03-02 16:14:26.603 [main] WARN  o.m.s.mapper.ClassPathMapperScanner - No MyBatis mapper was found in '[com.taoxin.communitysharing.notify.business]' package. Please check your configuration.
2026-03-02 16:14:26.660 [main] INFO  o.s.cloud.context.scope.GenericScope - BeanFactory id=687648c4-e06e-333d-8941-0dfb7a84e507
2026-03-02 16:14:27.129 [main] INFO  o.s.b.w.e.tomcat.TomcatWebServer - Tomcat initialized with port(s): 8091 (http)
2026-03-02 16:14:27.139 [main] INFO  o.a.catalina.core.StandardService - Starting service [Tomcat]
2026-03-02 16:14:27.140 [main] INFO  o.a.catalina.core.StandardEngine - Starting Servlet engine: [Apache Tomcat/10.1.5]
2026-03-02 16:14:27.245 [main] INFO  o.a.c.c.C.[Tomcat].[localhost].[/] - Initializing Spring embedded WebApplicationContext
2026-03-02 16:14:27.246 [main] INFO  o.s.b.w.s.c.ServletWebServerApplicationContext - Root WebApplicationContext: initialization completed in 1177 ms
2026-03-02 16:14:28.278 [main] INFO  c.a.d.s.b.a.DruidDataSourceAutoConfigure - Init DruidDataSource
2026-03-02 16:14:28.519 [main] INFO  c.alibaba.druid.pool.DruidDataSource - {dataSource-1} inited
2026-03-02 16:14:28.919 [main] INFO  o.s.b.w.e.tomcat.TomcatWebServer - Tomcat started on port(s): 8091 (http) with context path ''
2026-03-02 16:14:28.923 [main] INFO  com.alibaba.nacos.client.naming - initializer namespace from ans.namespace attribute : null
2026-03-02 16:14:28.923 [main] INFO  com.alibaba.nacos.client.naming - initializer namespace from ALIBABA_ALIWARE_NAMESPACE attribute :null
2026-03-02 16:14:28.923 [main] INFO  com.alibaba.nacos.client.naming - initializer namespace from namespace attribute :null
2026-03-02 16:14:28.929 [main] INFO  c.a.n.p.a.s.c.ClientAuthPluginManager - [ClientAuthPluginManager] Load ClientAuthService com.alibaba.nacos.client.auth.impl.NacosClientAuthServiceImpl success.
2026-03-02 16:14:28.929 [main] INFO  c.a.n.p.a.s.c.ClientAuthPluginManager - [ClientAuthPluginManager] Load ClientAuthService com.alibaba.nacos.client.auth.ram.RamClientAuthServiceImpl success.
2026-03-02 16:14:28.932 [main] INFO  c.alibaba.nacos.common.remote.client - [RpcClientFactory] create a new rpc client of b35bf82b-216f-42ec-b4d6-4b407447ee01
2026-03-02 16:14:28.934 [main] INFO  c.alibaba.nacos.common.remote.client - [b35bf82b-216f-42ec-b4d6-4b407447ee01] RpcClient init, ServerListFactory = com.alibaba.nacos.client.naming.core.ServerListManager
2026-03-02 16:14:28.934 [main] INFO  c.alibaba.nacos.common.remote.client - [b35bf82b-216f-42ec-b4d6-4b407447ee01] Registry connection listener to current client:com.alibaba.nacos.client.naming.remote.gprc.redo.NamingGrpcRedoService
2026-03-02 16:14:28.934 [main] INFO  c.alibaba.nacos.common.remote.client - [b35bf82b-216f-42ec-b4d6-4b407447ee01] Register server push request handler:com.alibaba.nacos.client.naming.remote.gprc.NamingPushRequestHandler
2026-03-02 16:14:28.934 [main] INFO  c.alibaba.nacos.common.remote.client - [b35bf82b-216f-42ec-b4d6-4b407447ee01] Try to connect to server on start up, server: {serverIp = '127.0.0.1', server main port = 8848}
2026-03-02 16:14:28.934 [main] INFO  c.a.n.c.r.client.grpc.GrpcClient - grpc client connection server:127.0.0.1 ip,serverPort:9848,grpcTslConfig:{"sslProvider":"OPENSSL","enableTls":false,"mutualAuthEnable":false,"trustAll":false}
2026-03-02 16:14:29.056 [main] INFO  c.alibaba.nacos.common.remote.client - [b35bf82b-216f-42ec-b4d6-4b407447ee01] Success to connect to server [127.0.0.1:8848] on start up, connectionId = 1772439268943_172.17.0.1_39828
2026-03-02 16:14:29.057 [main] INFO  c.alibaba.nacos.common.remote.client - [b35bf82b-216f-42ec-b4d6-4b407447ee01] Register server push request handler:com.alibaba.nacos.common.remote.client.RpcClient$ConnectResetRequestHandler
2026-03-02 16:14:29.057 [com.alibaba.nacos.client.remote.worker] INFO  c.alibaba.nacos.common.remote.client - [b35bf82b-216f-42ec-b4d6-4b407447ee01] Notify connected event to listeners.
2026-03-02 16:14:29.057 [main] INFO  c.alibaba.nacos.common.remote.client - [b35bf82b-216f-42ec-b4d6-4b407447ee01] Register server push request handler:com.alibaba.nacos.common.remote.client.RpcClient$$Lambda$604/0x00000008010d6e70
2026-03-02 16:14:29.057 [com.alibaba.nacos.client.remote.worker] INFO  com.alibaba.nacos.client.naming - Grpc connection connect
2026-03-02 16:14:29.058 [main] INFO  com.alibaba.nacos.client.naming - [REGISTER-SERVICE] 2e254952-9803-4eae-8771-b086042c797f registering service communitysharing-notify with instance Instance{instanceId='null', ip='26.26.26.1', port=8091, weight=1.0, healthy=true, enabled=true, ephemeral=true, clusterName='DEFAULT', serviceName='null', metadata={IPv6=null, preserved.register.source=SPRING_CLOUD}}
2026-03-02 16:14:29.072 [main] INFO  c.a.c.n.r.NacosServiceRegistry - nacos registry, DEFAULT_GROUP communitysharing-notify 26.26.26.1:8091 register finished
2026-03-02 16:14:29.292 [main] INFO  c.t.c.n.b.CommunitysharingNotifyApplication - Started CommunitysharingNotifyApplication in 5.421 seconds (process running for 6.022)
2026-03-02 16:14:29.295 [main] INFO  c.a.n.client.config.impl.CacheData - nacos.cache.data.init.snapshot = true 
2026-03-02 16:14:29.296 [main] INFO  c.a.n.c.config.impl.ClientWorker - [fixed-127.0.0.1_8848] [subscribe] communitysharing-notify+DEFAULT_GROUP
2026-03-02 16:14:29.302 [main] INFO  c.a.n.client.config.impl.CacheData - [fixed-127.0.0.1_8848] [add-listener] ok, tenant=, dataId=communitysharing-notify, group=DEFAULT_GROUP, cnt=1
2026-03-02 16:14:29.302 [main] INFO  c.a.c.n.r.NacosContextRefresher - [Nacos Config] Listening config: dataId=communitysharing-notify, group=DEFAULT_GROUP
2026-03-02 16:14:29.303 [main] INFO  c.a.n.c.config.impl.ClientWorker - [fixed-127.0.0.1_8848] [subscribe] communitysharing-notify.properties+DEFAULT_GROUP
2026-03-02 16:14:29.303 [main] INFO  c.a.n.client.config.impl.CacheData - [fixed-127.0.0.1_8848] [add-listener] ok, tenant=, dataId=communitysharing-notify.properties, group=DEFAULT_GROUP, cnt=1
2026-03-02 16:14:29.303 [main] INFO  c.a.c.n.r.NacosContextRefresher - [Nacos Config] Listening config: dataId=communitysharing-notify.properties, group=DEFAULT_GROUP
2026-03-02 16:14:29.303 [main] INFO  c.a.n.c.config.impl.ClientWorker - [fixed-127.0.0.1_8848] [subscribe] communitysharing-notify-dev.properties+DEFAULT_GROUP
2026-03-02 16:14:29.303 [main] INFO  c.a.n.client.config.impl.CacheData - [fixed-127.0.0.1_8848] [add-listener] ok, tenant=, dataId=communitysharing-notify-dev.properties, group=DEFAULT_GROUP, cnt=1
2026-03-02 16:14:29.303 [main] INFO  c.a.c.n.r.NacosContextRefresher - [Nacos Config] Listening config: dataId=communitysharing-notify-dev.properties, group=DEFAULT_GROUP
2026-03-02 21:27:33.095 [Thread-7] WARN  c.a.nacos.common.notify.NotifyCenter - [NotifyCenter] Start destroying Publisher
2026-03-02 21:27:33.095 [Thread-1] WARN  c.a.n.c.http.HttpClientBeanHolder - [HttpClientBeanHolder] Start destroying common HttpClient
2026-03-02 21:27:33.106 [Thread-7] WARN  c.a.nacos.common.notify.NotifyCenter - [NotifyCenter] Destruction of the end
2026-03-02 21:27:33.112 [Thread-1] WARN  c.a.n.c.http.HttpClientBeanHolder - [HttpClientBeanHolder] Destruction of the end
2026-03-02 21:27:33.454 [SpringApplicationShutdownHook] INFO  c.alibaba.druid.pool.DruidDataSource - {dataSource-1} closing ...
2026-03-02 21:27:33.479 [SpringApplicationShutdownHook] INFO  c.alibaba.druid.pool.DruidDataSource - {dataSource-1} closed
2026-03-02 21:27:33.480 [SpringApplicationShutdownHook] INFO  c.a.c.n.r.NacosServiceRegistry - De-registering from Nacos Server now...
2026-03-02 21:27:33.482 [SpringApplicationShutdownHook] INFO  com.alibaba.nacos.client.naming - [DEREGISTER-SERVICE] 2e254952-9803-4eae-8771-b086042c797f deregistering service communitysharing-notify with instance: Instance{instanceId='null', ip='26.26.26.1', port=8091, weight=1.0, healthy=true, enabled=true, ephemeral=true, clusterName='DEFAULT', serviceName='null', metadata={}}
2026-03-02 21:27:33.496 [SpringApplicationShutdownHook] INFO  c.a.c.n.r.NacosServiceRegistry - De-registration finished.
2026-03-02 21:27:33.497 [SpringApplicationShutdownHook] INFO  com.alibaba.nacos.client.naming - com.alibaba.nacos.client.naming.cache.ServiceInfoHolder do shutdown begin
2026-03-02 21:27:33.498 [SpringApplicationShutdownHook] INFO  com.alibaba.nacos.client.naming - com.alibaba.nacos.client.naming.backups.FailoverReactor do shutdown begin
2026-03-02 21:27:33.498 [SpringApplicationShutdownHook] INFO  com.alibaba.nacos.client.naming - com.alibaba.nacos.client.naming.backups.FailoverReactor do shutdown stop
2026-03-02 21:27:33.498 [SpringApplicationShutdownHook] INFO  com.alibaba.nacos.client.naming - com.alibaba.nacos.client.naming.cache.ServiceInfoHolder do shutdown stop
2026-03-02 21:27:33.498 [SpringApplicationShutdownHook] INFO  com.alibaba.nacos.client.naming - com.alibaba.nacos.client.naming.remote.NamingClientProxyDelegate do shutdown begin
2026-03-02 21:27:33.498 [SpringApplicationShutdownHook] INFO  com.alibaba.nacos.client.naming - com.alibaba.nacos.client.naming.core.ServiceInfoUpdateService do shutdown begin
2026-03-02 21:27:33.499 [SpringApplicationShutdownHook] INFO  com.alibaba.nacos.client.naming - com.alibaba.nacos.client.naming.core.ServiceInfoUpdateService do shutdown stop
2026-03-02 21:27:33.499 [SpringApplicationShutdownHook] INFO  com.alibaba.nacos.client.naming - com.alibaba.nacos.client.naming.core.ServerListManager do shutdown begin
2026-03-02 21:27:33.499 [SpringApplicationShutdownHook] WARN  com.alibaba.nacos.client.naming - [NamingHttpClientManager] Start destroying NacosRestTemplate
2026-03-02 21:27:33.499 [SpringApplicationShutdownHook] WARN  com.alibaba.nacos.client.naming - [NamingHttpClientManager] Destruction of the end
2026-03-02 21:27:33.500 [SpringApplicationShutdownHook] INFO  com.alibaba.nacos.client.naming - com.alibaba.nacos.client.naming.core.ServerListManager do shutdown stop
2026-03-02 21:27:33.500 [SpringApplicationShutdownHook] INFO  com.alibaba.nacos.client.naming - com.alibaba.nacos.client.naming.remote.http.NamingHttpClientProxy do shutdown begin
2026-03-02 21:27:33.500 [SpringApplicationShutdownHook] WARN  com.alibaba.nacos.client.naming - [NamingHttpClientManager] Start destroying NacosRestTemplate
2026-03-02 21:27:33.500 [SpringApplicationShutdownHook] WARN  com.alibaba.nacos.client.naming - [NamingHttpClientManager] Destruction of the end
2026-03-02 21:27:33.500 [SpringApplicationShutdownHook] INFO  com.alibaba.nacos.client.naming - com.alibaba.nacos.client.naming.remote.http.NamingHttpClientProxy do shutdown stop
2026-03-02 21:27:33.501 [SpringApplicationShutdownHook] INFO  c.alibaba.nacos.common.remote.client - Shutdown rpc client, set status to shutdown
2026-03-02 21:27:33.501 [SpringApplicationShutdownHook] INFO  c.alibaba.nacos.common.remote.client - Shutdown client event executor java.util.concurrent.ScheduledThreadPoolExecutor@3a5dfdf6[Running, pool size = 2, active threads = 2, queued tasks = 0, completed tasks = 0]
2026-03-02 21:27:33.501 [SpringApplicationShutdownHook] INFO  c.alibaba.nacos.common.remote.client - Close current connection 1772439268943_172.17.0.1_39828
2026-03-02 21:27:33.505 [SpringApplicationShutdownHook] INFO  c.a.n.c.r.client.grpc.GrpcClient - Shutdown grpc executor java.util.concurrent.ThreadPoolExecutor@63f118d1[Running, pool size = 3, active threads = 0, queued tasks = 0, completed tasks = 3765]
2026-03-02 21:27:33.506 [SpringApplicationShutdownHook] INFO  com.alibaba.nacos.client.naming - Shutdown grpc redo service executor java.util.concurrent.ScheduledThreadPoolExecutor@52e603c9[Running, pool size = 1, active threads = 0, queued tasks = 1, completed tasks = 6244]
2026-03-02 21:27:33.506 [SpringApplicationShutdownHook] INFO  c.a.n.c.a.r.i.CredentialWatcher - [null] CredentialWatcher is stopped
2026-03-02 21:27:33.506 [SpringApplicationShutdownHook] INFO  c.a.n.c.a.r.i.CredentialService - [null] CredentialService is freed
2026-03-02 21:27:33.506 [SpringApplicationShutdownHook] INFO  com.alibaba.nacos.client.naming - com.alibaba.nacos.client.naming.remote.NamingClientProxyDelegate do shutdown stop
2026-03-02 21:28:05.426 [main] WARN  c.a.n.client.logging.NacosLogging - Load Logback Configuration of Nacos fail, message: Could not initialize Logback Nacos logging from classpath:nacos-logback.xml
2026-03-02 21:28:05.476 [main] WARN  c.a.n.client.logging.NacosLogging - Load Logback Configuration of Nacos fail, message: Could not initialize Logback Nacos logging from classpath:nacos-logback.xml
2026-03-02 21:28:05.661 [main] WARN  c.a.n.client.logging.NacosLogging - Load Logback Configuration of Nacos fail, message: Could not initialize Logback Nacos logging from classpath:nacos-logback.xml
2026-03-02 21:28:05.663 [main] INFO  c.a.nacos.client.utils.ParamUtil - [settings] [req-serv] nacos-server port:8848
2026-03-02 21:28:05.663 [main] INFO  c.a.nacos.client.utils.ParamUtil - [settings] [http-client] connect timeout:1000
2026-03-02 21:28:05.664 [main] INFO  c.a.nacos.client.utils.ParamUtil - PER_TASK_CONFIG_SIZE: 3000.0
2026-03-02 21:28:05.688 [main] INFO  c.a.n.p.a.s.c.ClientAuthPluginManager - [ClientAuthPluginManager] Load ClientAuthService com.alibaba.nacos.client.auth.impl.NacosClientAuthServiceImpl success.
2026-03-02 21:28:05.688 [main] INFO  c.a.n.p.a.s.c.ClientAuthPluginManager - [ClientAuthPluginManager] Load ClientAuthService com.alibaba.nacos.client.auth.ram.RamClientAuthServiceImpl success.
2026-03-02 21:28:05.695 [main] INFO  c.a.n.c.a.r.i.CredentialWatcher - null No credential found
2026-03-02 21:28:06.013 [main] WARN  c.a.n.client.logging.NacosLogging - Load Logback Configuration of Nacos fail, message: Could not initialize Logback Nacos logging from classpath:nacos-logback.xml
2026-03-02 21:28:06.024 [main] INFO  c.a.n.c.c.i.LocalConfigInfoProcessor - LOCAL_SNAPSHOT_PATH:C:\Users\moonth\nacos\config
2026-03-02 21:28:06.027 [main] INFO  c.alibaba.nacos.common.remote.client - [RpcClientFactory] create a new rpc client of 5c3ae54e-39f6-4925-a7ae-17ed41594940_config-0
2026-03-02 21:28:06.039 [main] INFO  c.alibaba.nacos.common.remote.client - [5c3ae54e-39f6-4925-a7ae-17ed41594940_config-0] Register server push request handler:com.alibaba.nacos.client.config.impl.ClientWorker$ConfigRpcTransportClient$$Lambda$583/0x0000000800f903f0
2026-03-02 21:28:06.040 [main] INFO  c.alibaba.nacos.common.remote.client - [5c3ae54e-39f6-4925-a7ae-17ed41594940_config-0] Register server push request handler:com.alibaba.nacos.client.config.impl.ClientWorker$ConfigRpcTransportClient$$Lambda$584/0x0000000800f90810
2026-03-02 21:28:06.040 [main] INFO  c.alibaba.nacos.common.remote.client - [5c3ae54e-39f6-4925-a7ae-17ed41594940_config-0] Registry connection listener to current client:com.alibaba.nacos.client.config.impl.ClientWorker$ConfigRpcTransportClient$1
2026-03-02 21:28:06.040 [main] INFO  c.alibaba.nacos.common.remote.client - [5c3ae54e-39f6-4925-a7ae-17ed41594940_config-0] RpcClient init, ServerListFactory = com.alibaba.nacos.client.config.impl.ClientWorker$ConfigRpcTransportClient$2
2026-03-02 21:28:06.044 [main] INFO  c.alibaba.nacos.common.remote.client - [5c3ae54e-39f6-4925-a7ae-17ed41594940_config-0] Try to connect to server on start up, server: {serverIp = '127.0.0.1', server main port = 8848}
2026-03-02 21:28:06.076 [main] INFO  c.a.n.c.r.client.grpc.GrpcClient - grpc client connection server:127.0.0.1 ip,serverPort:9848,grpcTslConfig:{"sslProvider":"OPENSSL","enableTls":false,"mutualAuthEnable":false,"trustAll":false}
2026-03-02 21:28:06.949 [main] INFO  c.alibaba.nacos.common.remote.client - [5c3ae54e-39f6-4925-a7ae-17ed41594940_config-0] Success to connect to server [127.0.0.1:8848] on start up, connectionId = 1772458086695_172.17.0.1_41422
2026-03-02 21:28:06.949 [com.alibaba.nacos.client.remote.worker] INFO  c.alibaba.nacos.common.remote.client - [5c3ae54e-39f6-4925-a7ae-17ed41594940_config-0] Notify connected event to listeners.
2026-03-02 21:28:06.949 [com.alibaba.nacos.client.remote.worker] INFO  c.a.n.c.config.impl.ClientWorker - [5c3ae54e-39f6-4925-a7ae-17ed41594940_config-0] Connected,notify listen context...
2026-03-02 21:28:06.949 [main] INFO  c.alibaba.nacos.common.remote.client - [5c3ae54e-39f6-4925-a7ae-17ed41594940_config-0] Register server push request handler:com.alibaba.nacos.common.remote.client.RpcClient$ConnectResetRequestHandler
2026-03-02 21:28:06.949 [main] INFO  c.alibaba.nacos.common.remote.client - [5c3ae54e-39f6-4925-a7ae-17ed41594940_config-0] Register server push request handler:com.alibaba.nacos.common.remote.client.RpcClient$$Lambda$604/0x00000008010d76d8
2026-03-02 21:28:06.974 [main] INFO  c.a.nacos.client.config.impl.Limiter - limitTime:5.0
2026-03-02 21:28:06.988 [main] WARN  c.a.c.n.c.NacosPropertySourceBuilder - Ignore the empty nacos configuration and get it based on dataId[communitysharing-notify] & group[DEFAULT_GROUP]
2026-03-02 21:28:06.997 [main] WARN  c.a.c.n.c.NacosPropertySourceBuilder - Ignore the empty nacos configuration and get it based on dataId[communitysharing-notify.properties] & group[DEFAULT_GROUP]
2026-03-02 21:28:07.002 [main] WARN  c.a.c.n.c.NacosPropertySourceBuilder - Ignore the empty nacos configuration and get it based on dataId[communitysharing-notify-dev.properties] & group[DEFAULT_GROUP]
2026-03-02 21:28:07.003 [main] INFO  o.s.c.b.c.PropertySourceBootstrapConfiguration - Located property source: [BootstrapPropertySource {name='bootstrapProperties-communitysharing-notify-dev.properties,DEFAULT_GROUP'}, BootstrapPropertySource {name='bootstrapProperties-communitysharing-notify.properties,DEFAULT_GROUP'}, BootstrapPropertySource {name='bootstrapProperties-communitysharing-notify,DEFAULT_GROUP'}]
2026-03-02 21:28:07.007 [main] WARN  c.a.n.client.logging.NacosLogging - Load Logback Configuration of Nacos fail, message: Could not initialize Logback Nacos logging from classpath:nacos-logback.xml
2026-03-02 21:28:07.008 [main] INFO  c.t.c.n.b.CommunitysharingNotifyApplication - The following 1 profile is active: "dev"
2026-03-02 21:28:07.456 [main] INFO  o.s.d.r.c.RepositoryConfigurationDelegate - Multiple Spring Data modules found, entering strict repository configuration mode
2026-03-02 21:28:07.458 [main] INFO  o.s.d.r.c.RepositoryConfigurationDelegate - Bootstrapping Spring Data Redis repositories in DEFAULT mode.
2026-03-02 21:28:07.476 [main] INFO  o.s.d.r.c.RepositoryConfigurationDelegate - Finished Spring Data repository scanning in 6 ms. Found 0 Redis repository interfaces.
2026-03-02 21:28:07.564 [main] WARN  o.m.s.mapper.ClassPathMapperScanner - No MyBatis mapper was found in '[com.taoxin.communitysharing.notify.business]' package. Please check your configuration.
2026-03-02 21:28:07.627 [main] INFO  o.s.cloud.context.scope.GenericScope - BeanFactory id=687648c4-e06e-333d-8941-0dfb7a84e507
2026-03-02 21:28:08.138 [main] INFO  o.s.b.w.e.tomcat.TomcatWebServer - Tomcat initialized with port(s): 8091 (http)
2026-03-02 21:28:08.148 [main] INFO  o.a.catalina.core.StandardService - Starting service [Tomcat]
2026-03-02 21:28:08.149 [main] INFO  o.a.catalina.core.StandardEngine - Starting Servlet engine: [Apache Tomcat/10.1.5]
2026-03-02 21:28:08.258 [main] INFO  o.a.c.c.C.[Tomcat].[localhost].[/] - Initializing Spring embedded WebApplicationContext
2026-03-02 21:28:08.258 [main] INFO  o.s.b.w.s.c.ServletWebServerApplicationContext - Root WebApplicationContext: initialization completed in 1237 ms
2026-03-02 21:28:09.238 [main] INFO  c.a.d.s.b.a.DruidDataSourceAutoConfigure - Init DruidDataSource
2026-03-02 21:28:09.449 [main] INFO  c.alibaba.druid.pool.DruidDataSource - {dataSource-1} inited
2026-03-02 21:28:09.833 [main] INFO  o.s.b.w.e.tomcat.TomcatWebServer - Tomcat started on port(s): 8091 (http) with context path ''
2026-03-02 21:28:09.836 [main] INFO  com.alibaba.nacos.client.naming - initializer namespace from ans.namespace attribute : null
2026-03-02 21:28:09.836 [main] INFO  com.alibaba.nacos.client.naming - initializer namespace from ALIBABA_ALIWARE_NAMESPACE attribute :null
2026-03-02 21:28:09.837 [main] INFO  com.alibaba.nacos.client.naming - initializer namespace from namespace attribute :null
2026-03-02 21:28:09.841 [main] INFO  c.a.n.p.a.s.c.ClientAuthPluginManager - [ClientAuthPluginManager] Load ClientAuthService com.alibaba.nacos.client.auth.impl.NacosClientAuthServiceImpl success.
2026-03-02 21:28:09.841 [main] INFO  c.a.n.p.a.s.c.ClientAuthPluginManager - [ClientAuthPluginManager] Load ClientAuthService com.alibaba.nacos.client.auth.ram.RamClientAuthServiceImpl success.
2026-03-02 21:28:09.845 [main] INFO  c.alibaba.nacos.common.remote.client - [RpcClientFactory] create a new rpc client of 11eedadf-adde-47b7-8c1b-a27c8ff71abe
2026-03-02 21:28:09.846 [main] INFO  c.alibaba.nacos.common.remote.client - [11eedadf-adde-47b7-8c1b-a27c8ff71abe] RpcClient init, ServerListFactory = com.alibaba.nacos.client.naming.core.ServerListManager
2026-03-02 21:28:09.846 [main] INFO  c.alibaba.nacos.common.remote.client - [11eedadf-adde-47b7-8c1b-a27c8ff71abe] Registry connection listener to current client:com.alibaba.nacos.client.naming.remote.gprc.redo.NamingGrpcRedoService
2026-03-02 21:28:09.846 [main] INFO  c.alibaba.nacos.common.remote.client - [11eedadf-adde-47b7-8c1b-a27c8ff71abe] Register server push request handler:com.alibaba.nacos.client.naming.remote.gprc.NamingPushRequestHandler
2026-03-02 21:28:09.847 [main] INFO  c.alibaba.nacos.common.remote.client - [11eedadf-adde-47b7-8c1b-a27c8ff71abe] Try to connect to server on start up, server: {serverIp = '127.0.0.1', server main port = 8848}
2026-03-02 21:28:09.847 [main] INFO  c.a.n.c.r.client.grpc.GrpcClient - grpc client connection server:127.0.0.1 ip,serverPort:9848,grpcTslConfig:{"sslProvider":"OPENSSL","enableTls":false,"mutualAuthEnable":false,"trustAll":false}
2026-03-02 21:28:09.968 [main] INFO  c.alibaba.nacos.common.remote.client - [11eedadf-adde-47b7-8c1b-a27c8ff71abe] Success to connect to server [127.0.0.1:8848] on start up, connectionId = 1772458089857_172.17.0.1_42292
2026-03-02 21:28:09.968 [main] INFO  c.alibaba.nacos.common.remote.client - [11eedadf-adde-47b7-8c1b-a27c8ff71abe] Register server push request handler:com.alibaba.nacos.common.remote.client.RpcClient$ConnectResetRequestHandler
2026-03-02 21:28:09.968 [main] INFO  c.alibaba.nacos.common.remote.client - [11eedadf-adde-47b7-8c1b-a27c8ff71abe] Register server push request handler:com.alibaba.nacos.common.remote.client.RpcClient$$Lambda$604/0x00000008010d76d8
2026-03-02 21:28:09.968 [com.alibaba.nacos.client.remote.worker] INFO  c.alibaba.nacos.common.remote.client - [11eedadf-adde-47b7-8c1b-a27c8ff71abe] Notify connected event to listeners.
2026-03-02 21:28:09.968 [com.alibaba.nacos.client.remote.worker] INFO  com.alibaba.nacos.client.naming - Grpc connection connect
2026-03-02 21:28:09.970 [main] INFO  com.alibaba.nacos.client.naming - [REGISTER-SERVICE] 2e254952-9803-4eae-8771-b086042c797f registering service communitysharing-notify with instance Instance{instanceId='null', ip='26.26.26.1', port=8091, weight=1.0, healthy=true, enabled=true, ephemeral=true, clusterName='DEFAULT', serviceName='null', metadata={IPv6=null, preserved.register.source=SPRING_CLOUD}}
2026-03-02 21:28:09.988 [main] INFO  c.a.c.n.r.NacosServiceRegistry - nacos registry, DEFAULT_GROUP communitysharing-notify 26.26.26.1:8091 register finished
2026-03-02 21:28:10.205 [main] INFO  c.t.c.n.b.CommunitysharingNotifyApplication - Started CommunitysharingNotifyApplication in 5.341 seconds (process running for 5.922)
2026-03-02 21:28:10.209 [main] INFO  c.a.n.client.config.impl.CacheData - nacos.cache.data.init.snapshot = true 
2026-03-02 21:28:10.210 [main] INFO  c.a.n.c.config.impl.ClientWorker - [fixed-127.0.0.1_8848] [subscribe] communitysharing-notify+DEFAULT_GROUP
2026-03-02 21:28:10.215 [main] INFO  c.a.n.client.config.impl.CacheData - [fixed-127.0.0.1_8848] [add-listener] ok, tenant=, dataId=communitysharing-notify, group=DEFAULT_GROUP, cnt=1
2026-03-02 21:28:10.215 [main] INFO  c.a.c.n.r.NacosContextRefresher - [Nacos Config] Listening config: dataId=communitysharing-notify, group=DEFAULT_GROUP
2026-03-02 21:28:10.216 [main] INFO  c.a.n.c.config.impl.ClientWorker - [fixed-127.0.0.1_8848] [subscribe] communitysharing-notify.properties+DEFAULT_GROUP
2026-03-02 21:28:10.216 [main] INFO  c.a.n.client.config.impl.CacheData - [fixed-127.0.0.1_8848] [add-listener] ok, tenant=, dataId=communitysharing-notify.properties, group=DEFAULT_GROUP, cnt=1
2026-03-02 21:28:10.216 [main] INFO  c.a.c.n.r.NacosContextRefresher - [Nacos Config] Listening config: dataId=communitysharing-notify.properties, group=DEFAULT_GROUP
2026-03-02 21:28:10.216 [main] INFO  c.a.n.c.config.impl.ClientWorker - [fixed-127.0.0.1_8848] [subscribe] communitysharing-notify-dev.properties+DEFAULT_GROUP
2026-03-02 21:28:10.216 [main] INFO  c.a.n.client.config.impl.CacheData - [fixed-127.0.0.1_8848] [add-listener] ok, tenant=, dataId=communitysharing-notify-dev.properties, group=DEFAULT_GROUP, cnt=1
2026-03-02 21:28:10.216 [main] INFO  c.a.c.n.r.NacosContextRefresher - [Nacos Config] Listening config: dataId=communitysharing-notify-dev.properties, group=DEFAULT_GROUP
