2026-03-02 00:03:59.609 [main] WARN  c.a.n.client.logging.NacosLogging - Load Logback Configuration of Nacos fail, message: Could not initialize Logback Nacos logging from classpath:nacos-logback.xml
2026-03-02 00:03:59.657 [main] WARN  c.a.n.client.logging.NacosLogging - Load Logback Configuration of Nacos fail, message: Could not initialize Logback Nacos logging from classpath:nacos-logback.xml
2026-03-02 00:03:59.826 [main] WARN  c.a.n.client.logging.NacosLogging - Load Logback Configuration of Nacos fail, message: Could not initialize Logback Nacos logging from classpath:nacos-logback.xml
2026-03-02 00:03:59.827 [main] INFO  c.a.nacos.client.utils.ParamUtil - [settings] [req-serv] nacos-server port:8848
2026-03-02 00:03:59.827 [main] INFO  c.a.nacos.client.utils.ParamUtil - [settings] [http-client] connect timeout:1000
2026-03-02 00:03:59.828 [main] INFO  c.a.nacos.client.utils.ParamUtil - PER_TASK_CONFIG_SIZE: 3000.0
2026-03-02 00:03:59.847 [main] INFO  c.a.n.p.a.s.c.ClientAuthPluginManager - [ClientAuthPluginManager] Load ClientAuthService com.alibaba.nacos.client.auth.impl.NacosClientAuthServiceImpl success.
2026-03-02 00:03:59.847 [main] INFO  c.a.n.p.a.s.c.ClientAuthPluginManager - [ClientAuthPluginManager] Load ClientAuthService com.alibaba.nacos.client.auth.ram.RamClientAuthServiceImpl success.
2026-03-02 00:03:59.850 [main] INFO  c.a.n.c.a.r.i.CredentialWatcher - null No credential found
2026-03-02 00:04:00.199 [main] WARN  c.a.n.client.logging.NacosLogging - Load Logback Configuration of Nacos fail, message: Could not initialize Logback Nacos logging from classpath:nacos-logback.xml
2026-03-02 00:04:00.209 [main] INFO  c.a.n.c.c.i.LocalConfigInfoProcessor - LOCAL_SNAPSHOT_PATH:C:\Users\moonth\nacos\config
2026-03-02 00:04:00.212 [main] INFO  c.alibaba.nacos.common.remote.client - [RpcClientFactory] create a new rpc client of 1c70b4d3-23b1-4b6c-95db-af3011a15021_config-0
2026-03-02 00:04:00.222 [main] INFO  c.alibaba.nacos.common.remote.client - [1c70b4d3-23b1-4b6c-95db-af3011a15021_config-0] Register server push request handler:com.alibaba.nacos.client.config.impl.ClientWorker$ConfigRpcTransportClient$$Lambda$584/0x0000000800f8eb58
2026-03-02 00:04:00.223 [main] INFO  c.alibaba.nacos.common.remote.client - [1c70b4d3-23b1-4b6c-95db-af3011a15021_config-0] Register server push request handler:com.alibaba.nacos.client.config.impl.ClientWorker$ConfigRpcTransportClient$$Lambda$585/0x0000000800f8ef78
2026-03-02 00:04:00.223 [main] INFO  c.alibaba.nacos.common.remote.client - [1c70b4d3-23b1-4b6c-95db-af3011a15021_config-0] Registry connection listener to current client:com.alibaba.nacos.client.config.impl.ClientWorker$ConfigRpcTransportClient$1
2026-03-02 00:04:00.223 [main] INFO  c.alibaba.nacos.common.remote.client - [1c70b4d3-23b1-4b6c-95db-af3011a15021_config-0] RpcClient init, ServerListFactory = com.alibaba.nacos.client.config.impl.ClientWorker$ConfigRpcTransportClient$2
2026-03-02 00:04:00.228 [main] INFO  c.alibaba.nacos.common.remote.client - [1c70b4d3-23b1-4b6c-95db-af3011a15021_config-0] Try to connect to server on start up, server: {serverIp = '127.0.0.1', server main port = 8848}
2026-03-02 00:04:00.262 [main] INFO  c.a.n.c.r.client.grpc.GrpcClient - grpc client connection server:127.0.0.1 ip,serverPort:9848,grpcTslConfig:{"sslProvider":"OPENSSL","enableTls":false,"mutualAuthEnable":false,"trustAll":false}
2026-03-02 00:04:00.909 [main] INFO  c.alibaba.nacos.common.remote.client - [1c70b4d3-23b1-4b6c-95db-af3011a15021_config-0] Success to connect to server [127.0.0.1:8848] on start up, connectionId = 1772381040752_172.17.0.1_53120
2026-03-02 00:04:00.909 [com.alibaba.nacos.client.remote.worker] INFO  c.alibaba.nacos.common.remote.client - [1c70b4d3-23b1-4b6c-95db-af3011a15021_config-0] Notify connected event to listeners.
2026-03-02 00:04:00.909 [main] INFO  c.alibaba.nacos.common.remote.client - [1c70b4d3-23b1-4b6c-95db-af3011a15021_config-0] Register server push request handler:com.alibaba.nacos.common.remote.client.RpcClient$ConnectResetRequestHandler
2026-03-02 00:04:00.909 [com.alibaba.nacos.client.remote.worker] INFO  c.a.n.c.config.impl.ClientWorker - [1c70b4d3-23b1-4b6c-95db-af3011a15021_config-0] Connected,notify listen context...
2026-03-02 00:04:00.910 [main] INFO  c.alibaba.nacos.common.remote.client - [1c70b4d3-23b1-4b6c-95db-af3011a15021_config-0] Register server push request handler:com.alibaba.nacos.common.remote.client.RpcClient$$Lambda$605/0x00000008010d8a88
2026-03-02 00:04:00.939 [main] INFO  c.a.nacos.client.config.impl.Limiter - limitTime:5.0
2026-03-02 00:04:01.088 [main] WARN  c.a.c.n.c.NacosPropertySourceBuilder - Ignore the empty nacos configuration and get it based on dataId[communitysharing-user] & group[DEFAULT_GROUP]
2026-03-02 00:04:01.095 [main] WARN  c.a.c.n.c.NacosPropertySourceBuilder - Ignore the empty nacos configuration and get it based on dataId[communitysharing-user.yaml] & group[DEFAULT_GROUP]
2026-03-02 00:04:01.104 [main] WARN  c.a.c.n.c.NacosPropertySourceBuilder - Ignore the empty nacos configuration and get it based on dataId[communitysharing-user-dev.yaml] & group[DEFAULT_GROUP]
2026-03-02 00:04:01.105 [main] INFO  o.s.c.b.c.PropertySourceBootstrapConfiguration - Located property source: [BootstrapPropertySource {name='bootstrapProperties-communitysharing-user-dev.yaml,DEFAULT_GROUP'}, BootstrapPropertySource {name='bootstrapProperties-communitysharing-user.yaml,DEFAULT_GROUP'}, BootstrapPropertySource {name='bootstrapProperties-communitysharing-user,DEFAULT_GROUP'}]
2026-03-02 00:04:01.128 [main] WARN  c.a.n.client.logging.NacosLogging - Load Logback Configuration of Nacos fail, message: Could not initialize Logback Nacos logging from classpath:nacos-logback.xml
2026-03-02 00:04:01.129 [main] INFO  c.t.c.u.b.CommunitysharingUserBusinessApplication - The following 1 profile is active: "dev"
2026-03-02 00:04:01.604 [main] INFO  o.s.d.r.c.RepositoryConfigurationDelegate - Multiple Spring Data modules found, entering strict repository configuration mode
2026-03-02 00:04:01.605 [main] INFO  o.s.d.r.c.RepositoryConfigurationDelegate - Bootstrapping Spring Data Redis repositories in DEFAULT mode.
2026-03-02 00:04:01.625 [main] INFO  o.s.d.r.c.RepositoryConfigurationDelegate - Finished Spring Data repository scanning in 8 ms. Found 0 Redis repository interfaces.
2026-03-02 00:04:01.782 [main] INFO  o.s.cloud.context.scope.GenericScope - BeanFactory id=8e3783c6-4698-3abd-81be-aa6853e06300
2026-03-02 00:04:01.806 [main] INFO  o.s.c.s.PostProcessorRegistrationDelegate$BeanPostProcessorChecker - Bean 'com.taoxin.communitysharing.distributed.id.constructor.api.IdConstructorFeignApi' of type [org.springframework.cloud.openfeign.FeignClientFactoryBean] is not eligible for getting processed by all BeanPostProcessors (for example: not eligible for auto-proxying)
2026-03-02 00:04:01.807 [main] INFO  o.s.c.s.PostProcessorRegistrationDelegate$BeanPostProcessorChecker - Bean 'com.taoxin.communitysharing.oss.api.FileFeignApi' of type [org.springframework.cloud.openfeign.FeignClientFactoryBean] is not eligible for getting processed by all BeanPostProcessors (for example: not eligible for auto-proxying)
2026-03-02 00:04:01.809 [main] INFO  o.s.c.s.PostProcessorRegistrationDelegate$BeanPostProcessorChecker - Bean 'com.taoxin.communitysharing.search.user.api.UserFeignApi' of type [org.springframework.cloud.openfeign.FeignClientFactoryBean] is not eligible for getting processed by all BeanPostProcessors (for example: not eligible for auto-proxying)
2026-03-02 00:04:02.206 [main] INFO  o.s.b.w.e.tomcat.TomcatWebServer - Tomcat initialized with port(s): 8083 (http)
2026-03-02 00:04:02.213 [main] INFO  o.a.catalina.core.StandardService - Starting service [Tomcat]
2026-03-02 00:04:02.214 [main] INFO  o.a.catalina.core.StandardEngine - Starting Servlet engine: [Apache Tomcat/10.1.5]
2026-03-02 00:04:02.311 [main] INFO  o.a.c.c.C.[Tomcat].[localhost].[/] - Initializing Spring embedded WebApplicationContext
2026-03-02 00:04:02.311 [main] INFO  o.s.b.w.s.c.ServletWebServerApplicationContext - Root WebApplicationContext: initialization completed in 1171 ms
2026-03-02 00:04:02.410 [main] INFO  c.a.d.s.b.a.DruidDataSourceAutoConfigure - Init DruidDataSource
2026-03-02 00:04:02.668 [main] INFO  c.alibaba.druid.pool.DruidDataSource - {dataSource-1} inited
2026-03-02 00:04:02.919 [main] INFO  o.s.c.o.FeignClientFactoryBean - For 'communitysharing-oss' URL not provided. Will try picking an instance via load-balancing.
2026-03-02 00:04:03.139 [main] INFO  o.s.c.o.FeignClientFactoryBean - For 'communitysharing-distributed-id-constructor' URL not provided. Will try picking an instance via load-balancing.
2026-03-02 00:04:03.956 [main] INFO  o.s.b.w.e.tomcat.TomcatWebServer - Tomcat started on port(s): 8083 (http) with context path ''
2026-03-02 00:04:03.960 [main] INFO  com.alibaba.nacos.client.naming - initializer namespace from ans.namespace attribute : null
2026-03-02 00:04:03.960 [main] INFO  com.alibaba.nacos.client.naming - initializer namespace from ALIBABA_ALIWARE_NAMESPACE attribute :null
2026-03-02 00:04:03.961 [main] INFO  com.alibaba.nacos.client.naming - initializer namespace from namespace attribute :null
2026-03-02 00:04:03.966 [main] INFO  c.a.n.p.a.s.c.ClientAuthPluginManager - [ClientAuthPluginManager] Load ClientAuthService com.alibaba.nacos.client.auth.impl.NacosClientAuthServiceImpl success.
2026-03-02 00:04:03.966 [main] INFO  c.a.n.p.a.s.c.ClientAuthPluginManager - [ClientAuthPluginManager] Load ClientAuthService com.alibaba.nacos.client.auth.ram.RamClientAuthServiceImpl success.
2026-03-02 00:04:03.970 [main] INFO  c.alibaba.nacos.common.remote.client - [RpcClientFactory] create a new rpc client of b6daa09b-1ad3-40f5-a436-1cbae0630fdd
2026-03-02 00:04:03.971 [main] INFO  c.alibaba.nacos.common.remote.client - [b6daa09b-1ad3-40f5-a436-1cbae0630fdd] RpcClient init, ServerListFactory = com.alibaba.nacos.client.naming.core.ServerListManager
2026-03-02 00:04:03.971 [main] INFO  c.alibaba.nacos.common.remote.client - [b6daa09b-1ad3-40f5-a436-1cbae0630fdd] Registry connection listener to current client:com.alibaba.nacos.client.naming.remote.gprc.redo.NamingGrpcRedoService
2026-03-02 00:04:03.972 [main] INFO  c.alibaba.nacos.common.remote.client - [b6daa09b-1ad3-40f5-a436-1cbae0630fdd] Register server push request handler:com.alibaba.nacos.client.naming.remote.gprc.NamingPushRequestHandler
2026-03-02 00:04:03.972 [main] INFO  c.alibaba.nacos.common.remote.client - [b6daa09b-1ad3-40f5-a436-1cbae0630fdd] Try to connect to server on start up, server: {serverIp = '127.0.0.1', server main port = 8848}
2026-03-02 00:04:03.972 [main] INFO  c.a.n.c.r.client.grpc.GrpcClient - grpc client connection server:127.0.0.1 ip,serverPort:9848,grpcTslConfig:{"sslProvider":"OPENSSL","enableTls":false,"mutualAuthEnable":false,"trustAll":false}
2026-03-02 00:04:04.097 [main] INFO  c.alibaba.nacos.common.remote.client - [b6daa09b-1ad3-40f5-a436-1cbae0630fdd] Success to connect to server [127.0.0.1:8848] on start up, connectionId = 1772381043978_172.17.0.1_53130
2026-03-02 00:04:04.097 [main] INFO  c.alibaba.nacos.common.remote.client - [b6daa09b-1ad3-40f5-a436-1cbae0630fdd] Register server push request handler:com.alibaba.nacos.common.remote.client.RpcClient$ConnectResetRequestHandler
2026-03-02 00:04:04.097 [com.alibaba.nacos.client.remote.worker] INFO  c.alibaba.nacos.common.remote.client - [b6daa09b-1ad3-40f5-a436-1cbae0630fdd] Notify connected event to listeners.
2026-03-02 00:04:04.097 [main] INFO  c.alibaba.nacos.common.remote.client - [b6daa09b-1ad3-40f5-a436-1cbae0630fdd] Register server push request handler:com.alibaba.nacos.common.remote.client.RpcClient$$Lambda$605/0x00000008010d8a88
2026-03-02 00:04:04.097 [com.alibaba.nacos.client.remote.worker] INFO  com.alibaba.nacos.client.naming - Grpc connection connect
2026-03-02 00:04:04.098 [main] INFO  com.alibaba.nacos.client.naming - [REGISTER-SERVICE] 2e254952-9803-4eae-8771-b086042c797f registering service communitysharing-user with instance Instance{instanceId='null', ip='26.26.26.1', port=8083, weight=1.0, healthy=true, enabled=true, ephemeral=true, clusterName='DEFAULT', serviceName='null', metadata={IPv6=null, preserved.register.source=SPRING_CLOUD}}
2026-03-02 00:04:04.109 [main] INFO  c.a.c.n.r.NacosServiceRegistry - nacos registry, DEFAULT_GROUP communitysharing-user 26.26.26.1:8083 register finished
2026-03-02 00:04:04.263 [main] INFO  c.t.c.u.b.CommunitysharingUserBusinessApplication - Started CommunitysharingUserBusinessApplication in 5.213 seconds (process running for 5.871)
2026-03-02 00:04:04.264 [main] INFO  c.t.c.u.b.r.PushRolePermissionToRedisByRunning - == 项目启动 ==> 将数据库角色权限关系推送到Redis中
2026-03-02 00:04:04.566 [main] INFO  c.t.c.u.b.r.PushRolePermissionToRedisByRunning - == 项目启动 ==> 锁已存在，正在等待锁释放
2026-03-02 00:04:04.568 [main] INFO  c.a.n.client.config.impl.CacheData - nacos.cache.data.init.snapshot = true 
2026-03-02 00:04:04.569 [main] INFO  c.a.n.c.config.impl.ClientWorker - [fixed-2e254952-9803-4eae-8771-b086042c797f-127.0.0.1_8848] [subscribe] communitysharing-user.yaml+DEFAULT_GROUP+2e254952-9803-4eae-8771-b086042c797f
2026-03-02 00:04:04.575 [main] INFO  c.a.n.client.config.impl.CacheData - [fixed-2e254952-9803-4eae-8771-b086042c797f-127.0.0.1_8848] [add-listener] ok, tenant=2e254952-9803-4eae-8771-b086042c797f, dataId=communitysharing-user.yaml, group=DEFAULT_GROUP, cnt=1
2026-03-02 00:04:04.575 [main] INFO  c.a.c.n.r.NacosContextRefresher - [Nacos Config] Listening config: dataId=communitysharing-user.yaml, group=DEFAULT_GROUP
2026-03-02 00:04:04.575 [main] INFO  c.a.n.c.config.impl.ClientWorker - [fixed-2e254952-9803-4eae-8771-b086042c797f-127.0.0.1_8848] [subscribe] communitysharing-user+DEFAULT_GROUP+2e254952-9803-4eae-8771-b086042c797f
2026-03-02 00:04:04.575 [main] INFO  c.a.n.client.config.impl.CacheData - [fixed-2e254952-9803-4eae-8771-b086042c797f-127.0.0.1_8848] [add-listener] ok, tenant=2e254952-9803-4eae-8771-b086042c797f, dataId=communitysharing-user, group=DEFAULT_GROUP, cnt=1
2026-03-02 00:04:04.575 [main] INFO  c.a.c.n.r.NacosContextRefresher - [Nacos Config] Listening config: dataId=communitysharing-user, group=DEFAULT_GROUP
2026-03-02 00:04:04.576 [main] INFO  c.a.n.c.config.impl.ClientWorker - [fixed-2e254952-9803-4eae-8771-b086042c797f-127.0.0.1_8848] [subscribe] communitysharing-user-dev.yaml+DEFAULT_GROUP+2e254952-9803-4eae-8771-b086042c797f
2026-03-02 00:04:04.576 [main] INFO  c.a.n.client.config.impl.CacheData - [fixed-2e254952-9803-4eae-8771-b086042c797f-127.0.0.1_8848] [add-listener] ok, tenant=2e254952-9803-4eae-8771-b086042c797f, dataId=communitysharing-user-dev.yaml, group=DEFAULT_GROUP, cnt=1
2026-03-02 00:04:04.576 [main] INFO  c.a.c.n.r.NacosContextRefresher - [Nacos Config] Listening config: dataId=communitysharing-user-dev.yaml, group=DEFAULT_GROUP
2026-03-02 16:06:03.215 [Thread-7] WARN  c.a.nacos.common.notify.NotifyCenter - [NotifyCenter] Start destroying Publisher
2026-03-02 16:06:03.226 [Thread-7] WARN  c.a.nacos.common.notify.NotifyCenter - [NotifyCenter] Destruction of the end
2026-03-02 16:06:03.217 [Thread-1] WARN  c.a.n.c.http.HttpClientBeanHolder - [HttpClientBeanHolder] Start destroying common HttpClient
2026-03-02 16:06:03.235 [Thread-1] WARN  c.a.n.c.http.HttpClientBeanHolder - [HttpClientBeanHolder] Destruction of the end
2026-03-02 16:06:03.594 [SpringApplicationShutdownHook] INFO  c.a.c.n.r.NacosServiceRegistry - De-registering from Nacos Server now...
2026-03-02 16:06:03.597 [SpringApplicationShutdownHook] INFO  com.alibaba.nacos.client.naming - [DEREGISTER-SERVICE] 2e254952-9803-4eae-8771-b086042c797f deregistering service communitysharing-user with instance: Instance{instanceId='null', ip='26.26.26.1', port=8083, weight=1.0, healthy=true, enabled=true, ephemeral=true, clusterName='DEFAULT', serviceName='null', metadata={}}
2026-03-02 16:06:03.607 [SpringApplicationShutdownHook] INFO  c.a.c.n.r.NacosServiceRegistry - De-registration finished.
2026-03-02 16:06:03.609 [SpringApplicationShutdownHook] INFO  com.alibaba.nacos.client.naming - com.alibaba.nacos.client.naming.cache.ServiceInfoHolder do shutdown begin
2026-03-02 16:06:03.610 [SpringApplicationShutdownHook] INFO  com.alibaba.nacos.client.naming - com.alibaba.nacos.client.naming.backups.FailoverReactor do shutdown begin
2026-03-02 16:06:03.611 [SpringApplicationShutdownHook] INFO  com.alibaba.nacos.client.naming - com.alibaba.nacos.client.naming.backups.FailoverReactor do shutdown stop
2026-03-02 16:06:03.612 [SpringApplicationShutdownHook] INFO  com.alibaba.nacos.client.naming - com.alibaba.nacos.client.naming.cache.ServiceInfoHolder do shutdown stop
2026-03-02 16:06:03.612 [SpringApplicationShutdownHook] INFO  com.alibaba.nacos.client.naming - com.alibaba.nacos.client.naming.remote.NamingClientProxyDelegate do shutdown begin
2026-03-02 16:06:03.612 [SpringApplicationShutdownHook] INFO  com.alibaba.nacos.client.naming - com.alibaba.nacos.client.naming.core.ServiceInfoUpdateService do shutdown begin
2026-03-02 16:06:03.612 [SpringApplicationShutdownHook] INFO  com.alibaba.nacos.client.naming - com.alibaba.nacos.client.naming.core.ServiceInfoUpdateService do shutdown stop
2026-03-02 16:06:03.612 [SpringApplicationShutdownHook] INFO  com.alibaba.nacos.client.naming - com.alibaba.nacos.client.naming.core.ServerListManager do shutdown begin
2026-03-02 16:06:03.612 [SpringApplicationShutdownHook] WARN  com.alibaba.nacos.client.naming - [NamingHttpClientManager] Start destroying NacosRestTemplate
2026-03-02 16:06:03.613 [SpringApplicationShutdownHook] WARN  com.alibaba.nacos.client.naming - [NamingHttpClientManager] Destruction of the end
2026-03-02 16:06:03.613 [SpringApplicationShutdownHook] INFO  com.alibaba.nacos.client.naming - com.alibaba.nacos.client.naming.core.ServerListManager do shutdown stop
2026-03-02 16:06:03.613 [SpringApplicationShutdownHook] INFO  com.alibaba.nacos.client.naming - com.alibaba.nacos.client.naming.remote.http.NamingHttpClientProxy do shutdown begin
2026-03-02 16:06:03.613 [SpringApplicationShutdownHook] WARN  com.alibaba.nacos.client.naming - [NamingHttpClientManager] Start destroying NacosRestTemplate
2026-03-02 16:06:03.613 [SpringApplicationShutdownHook] WARN  com.alibaba.nacos.client.naming - [NamingHttpClientManager] Destruction of the end
2026-03-02 16:06:03.613 [SpringApplicationShutdownHook] INFO  com.alibaba.nacos.client.naming - com.alibaba.nacos.client.naming.remote.http.NamingHttpClientProxy do shutdown stop
2026-03-02 16:06:03.614 [SpringApplicationShutdownHook] INFO  c.alibaba.nacos.common.remote.client - Shutdown rpc client, set status to shutdown
2026-03-02 16:06:03.614 [SpringApplicationShutdownHook] INFO  c.alibaba.nacos.common.remote.client - Shutdown client event executor java.util.concurrent.ScheduledThreadPoolExecutor@659797f0[Running, pool size = 2, active threads = 2, queued tasks = 0, completed tasks = 0]
2026-03-02 16:06:03.616 [SpringApplicationShutdownHook] INFO  c.alibaba.nacos.common.remote.client - Close current connection 1772381043978_172.17.0.1_53130
2026-03-02 16:06:03.617 [com.alibaba.nacos.client.naming.grpc.redo.0] INFO  com.alibaba.nacos.client.naming - Redo instance operation REMOVE for DEFAULT_GROUP@@communitysharing-user
2026-03-02 16:06:03.622 [nacos-grpc-client-executor-127.0.0.1-11524] INFO  c.a.n.c.r.client.grpc.GrpcClient - [1772381043978_172.17.0.1_53130]Ignore complete event,isRunning:false,isAbandon=false
2026-03-02 16:06:03.627 [SpringApplicationShutdownHook] INFO  c.a.n.c.r.client.grpc.GrpcClient - Shutdown grpc executor java.util.concurrent.ThreadPoolExecutor@400b1a99[Running, pool size = 4, active threads = 0, queued tasks = 0, completed tasks = 11525]
2026-03-02 16:06:03.628 [SpringApplicationShutdownHook] INFO  com.alibaba.nacos.client.naming - Shutdown grpc redo service executor java.util.concurrent.ScheduledThreadPoolExecutor@716bae23[Running, pool size = 1, active threads = 0, queued tasks = 1, completed tasks = 19189]
2026-03-02 16:06:03.628 [SpringApplicationShutdownHook] INFO  c.a.n.c.a.r.i.CredentialWatcher - [null] CredentialWatcher is stopped
2026-03-02 16:06:03.629 [SpringApplicationShutdownHook] INFO  c.a.n.c.a.r.i.CredentialService - [null] CredentialService is freed
2026-03-02 16:06:03.629 [SpringApplicationShutdownHook] INFO  com.alibaba.nacos.client.naming - com.alibaba.nacos.client.naming.remote.NamingClientProxyDelegate do shutdown stop
2026-03-02 16:06:03.820 [SpringApplicationShutdownHook] INFO  c.alibaba.druid.pool.DruidDataSource - {dataSource-1} closing ...
2026-03-02 16:06:03.824 [SpringApplicationShutdownHook] INFO  c.alibaba.druid.pool.DruidDataSource - {dataSource-1} closed
2026-03-02 16:14:31.910 [main] WARN  c.a.n.client.logging.NacosLogging - Load Logback Configuration of Nacos fail, message: Could not initialize Logback Nacos logging from classpath:nacos-logback.xml
2026-03-02 16:14:31.964 [main] WARN  c.a.n.client.logging.NacosLogging - Load Logback Configuration of Nacos fail, message: Could not initialize Logback Nacos logging from classpath:nacos-logback.xml
2026-03-02 16:14:32.170 [main] WARN  c.a.n.client.logging.NacosLogging - Load Logback Configuration of Nacos fail, message: Could not initialize Logback Nacos logging from classpath:nacos-logback.xml
2026-03-02 16:14:32.172 [main] INFO  c.a.nacos.client.utils.ParamUtil - [settings] [req-serv] nacos-server port:8848
2026-03-02 16:14:32.172 [main] INFO  c.a.nacos.client.utils.ParamUtil - [settings] [http-client] connect timeout:1000
2026-03-02 16:14:32.173 [main] INFO  c.a.nacos.client.utils.ParamUtil - PER_TASK_CONFIG_SIZE: 3000.0
2026-03-02 16:14:32.197 [main] INFO  c.a.n.p.a.s.c.ClientAuthPluginManager - [ClientAuthPluginManager] Load ClientAuthService com.alibaba.nacos.client.auth.impl.NacosClientAuthServiceImpl success.
2026-03-02 16:14:32.198 [main] INFO  c.a.n.p.a.s.c.ClientAuthPluginManager - [ClientAuthPluginManager] Load ClientAuthService com.alibaba.nacos.client.auth.ram.RamClientAuthServiceImpl success.
2026-03-02 16:14:32.201 [main] INFO  c.a.n.c.a.r.i.CredentialWatcher - null No credential found
2026-03-02 16:14:32.599 [main] WARN  c.a.n.client.logging.NacosLogging - Load Logback Configuration of Nacos fail, message: Could not initialize Logback Nacos logging from classpath:nacos-logback.xml
2026-03-02 16:14:32.613 [main] INFO  c.a.n.c.c.i.LocalConfigInfoProcessor - LOCAL_SNAPSHOT_PATH:C:\Users\moonth\nacos\config
2026-03-02 16:14:32.616 [main] INFO  c.alibaba.nacos.common.remote.client - [RpcClientFactory] create a new rpc client of db8b2e2d-8b79-49dc-a6b8-cd39a529993c_config-0
2026-03-02 16:14:32.628 [main] INFO  c.alibaba.nacos.common.remote.client - [db8b2e2d-8b79-49dc-a6b8-cd39a529993c_config-0] Register server push request handler:com.alibaba.nacos.client.config.impl.ClientWorker$ConfigRpcTransportClient$$Lambda$584/0x0000000800f91060
2026-03-02 16:14:32.628 [main] INFO  c.alibaba.nacos.common.remote.client - [db8b2e2d-8b79-49dc-a6b8-cd39a529993c_config-0] Register server push request handler:com.alibaba.nacos.client.config.impl.ClientWorker$ConfigRpcTransportClient$$Lambda$585/0x0000000800f91480
2026-03-02 16:14:32.629 [main] INFO  c.alibaba.nacos.common.remote.client - [db8b2e2d-8b79-49dc-a6b8-cd39a529993c_config-0] Registry connection listener to current client:com.alibaba.nacos.client.config.impl.ClientWorker$ConfigRpcTransportClient$1
2026-03-02 16:14:32.629 [main] INFO  c.alibaba.nacos.common.remote.client - [db8b2e2d-8b79-49dc-a6b8-cd39a529993c_config-0] RpcClient init, ServerListFactory = com.alibaba.nacos.client.config.impl.ClientWorker$ConfigRpcTransportClient$2
2026-03-02 16:14:32.638 [main] INFO  c.alibaba.nacos.common.remote.client - [db8b2e2d-8b79-49dc-a6b8-cd39a529993c_config-0] Try to connect to server on start up, server: {serverIp = '127.0.0.1', server main port = 8848}
2026-03-02 16:14:32.683 [main] INFO  c.a.n.c.r.client.grpc.GrpcClient - grpc client connection server:127.0.0.1 ip,serverPort:9848,grpcTslConfig:{"sslProvider":"OPENSSL","enableTls":false,"mutualAuthEnable":false,"trustAll":false}
2026-03-02 16:14:33.449 [main] INFO  c.alibaba.nacos.common.remote.client - [db8b2e2d-8b79-49dc-a6b8-cd39a529993c_config-0] Success to connect to server [127.0.0.1:8848] on start up, connectionId = 1772439273273_172.17.0.1_33224
2026-03-02 16:14:33.450 [com.alibaba.nacos.client.remote.worker] INFO  c.alibaba.nacos.common.remote.client - [db8b2e2d-8b79-49dc-a6b8-cd39a529993c_config-0] Notify connected event to listeners.
2026-03-02 16:14:33.450 [main] INFO  c.alibaba.nacos.common.remote.client - [db8b2e2d-8b79-49dc-a6b8-cd39a529993c_config-0] Register server push request handler:com.alibaba.nacos.common.remote.client.RpcClient$ConnectResetRequestHandler
2026-03-02 16:14:33.450 [com.alibaba.nacos.client.remote.worker] INFO  c.a.n.c.config.impl.ClientWorker - [db8b2e2d-8b79-49dc-a6b8-cd39a529993c_config-0] Connected,notify listen context...
2026-03-02 16:14:33.450 [main] INFO  c.alibaba.nacos.common.remote.client - [db8b2e2d-8b79-49dc-a6b8-cd39a529993c_config-0] Register server push request handler:com.alibaba.nacos.common.remote.client.RpcClient$$Lambda$605/0x00000008010d94e0
2026-03-02 16:14:33.484 [main] INFO  c.a.nacos.client.config.impl.Limiter - limitTime:5.0
2026-03-02 16:14:33.499 [main] WARN  c.a.c.n.c.NacosPropertySourceBuilder - Ignore the empty nacos configuration and get it based on dataId[communitysharing-user] & group[DEFAULT_GROUP]
2026-03-02 16:14:33.506 [main] WARN  c.a.c.n.c.NacosPropertySourceBuilder - Ignore the empty nacos configuration and get it based on dataId[communitysharing-user.yaml] & group[DEFAULT_GROUP]
2026-03-02 16:14:33.512 [main] WARN  c.a.c.n.c.NacosPropertySourceBuilder - Ignore the empty nacos configuration and get it based on dataId[communitysharing-user-dev.yaml] & group[DEFAULT_GROUP]
2026-03-02 16:14:33.513 [main] INFO  o.s.c.b.c.PropertySourceBootstrapConfiguration - Located property source: [BootstrapPropertySource {name='bootstrapProperties-communitysharing-user-dev.yaml,DEFAULT_GROUP'}, BootstrapPropertySource {name='bootstrapProperties-communitysharing-user.yaml,DEFAULT_GROUP'}, BootstrapPropertySource {name='bootstrapProperties-communitysharing-user,DEFAULT_GROUP'}]
2026-03-02 16:14:33.534 [main] WARN  c.a.n.client.logging.NacosLogging - Load Logback Configuration of Nacos fail, message: Could not initialize Logback Nacos logging from classpath:nacos-logback.xml
2026-03-02 16:14:33.535 [main] INFO  c.t.c.u.b.CommunitysharingUserBusinessApplication - The following 1 profile is active: "dev"
2026-03-02 16:14:34.118 [main] INFO  o.s.d.r.c.RepositoryConfigurationDelegate - Multiple Spring Data modules found, entering strict repository configuration mode
2026-03-02 16:14:34.121 [main] INFO  o.s.d.r.c.RepositoryConfigurationDelegate - Bootstrapping Spring Data Redis repositories in DEFAULT mode.
2026-03-02 16:14:34.143 [main] INFO  o.s.d.r.c.RepositoryConfigurationDelegate - Finished Spring Data repository scanning in 9 ms. Found 0 Redis repository interfaces.
2026-03-02 16:14:34.296 [main] INFO  o.s.cloud.context.scope.GenericScope - BeanFactory id=8e3783c6-4698-3abd-81be-aa6853e06300
2026-03-02 16:14:34.323 [main] INFO  o.s.c.s.PostProcessorRegistrationDelegate$BeanPostProcessorChecker - Bean 'com.taoxin.communitysharing.distributed.id.constructor.api.IdConstructorFeignApi' of type [org.springframework.cloud.openfeign.FeignClientFactoryBean] is not eligible for getting processed by all BeanPostProcessors (for example: not eligible for auto-proxying)
2026-03-02 16:14:34.325 [main] INFO  o.s.c.s.PostProcessorRegistrationDelegate$BeanPostProcessorChecker - Bean 'com.taoxin.communitysharing.oss.api.FileFeignApi' of type [org.springframework.cloud.openfeign.FeignClientFactoryBean] is not eligible for getting processed by all BeanPostProcessors (for example: not eligible for auto-proxying)
2026-03-02 16:14:34.327 [main] INFO  o.s.c.s.PostProcessorRegistrationDelegate$BeanPostProcessorChecker - Bean 'com.taoxin.communitysharing.search.user.api.UserFeignApi' of type [org.springframework.cloud.openfeign.FeignClientFactoryBean] is not eligible for getting processed by all BeanPostProcessors (for example: not eligible for auto-proxying)
2026-03-02 16:14:34.810 [main] INFO  o.s.b.w.e.tomcat.TomcatWebServer - Tomcat initialized with port(s): 8083 (http)
2026-03-02 16:14:34.820 [main] INFO  o.a.catalina.core.StandardService - Starting service [Tomcat]
2026-03-02 16:14:34.820 [main] INFO  o.a.catalina.core.StandardEngine - Starting Servlet engine: [Apache Tomcat/10.1.5]
2026-03-02 16:14:34.910 [main] INFO  o.a.c.c.C.[Tomcat].[localhost].[/] - Initializing Spring embedded WebApplicationContext
2026-03-02 16:14:34.911 [main] INFO  o.s.b.w.s.c.ServletWebServerApplicationContext - Root WebApplicationContext: initialization completed in 1362 ms
2026-03-02 16:14:35.035 [main] INFO  c.a.d.s.b.a.DruidDataSourceAutoConfigure - Init DruidDataSource
2026-03-02 16:14:35.299 [main] INFO  c.alibaba.druid.pool.DruidDataSource - {dataSource-1} inited
2026-03-02 16:14:35.564 [main] INFO  o.s.c.o.FeignClientFactoryBean - For 'communitysharing-oss' URL not provided. Will try picking an instance via load-balancing.
2026-03-02 16:14:35.786 [main] INFO  o.s.c.o.FeignClientFactoryBean - For 'communitysharing-distributed-id-constructor' URL not provided. Will try picking an instance via load-balancing.
2026-03-02 16:14:36.761 [main] INFO  o.s.b.w.e.tomcat.TomcatWebServer - Tomcat started on port(s): 8083 (http) with context path ''
2026-03-02 16:14:36.764 [main] INFO  com.alibaba.nacos.client.naming - initializer namespace from ans.namespace attribute : null
2026-03-02 16:14:36.764 [main] INFO  com.alibaba.nacos.client.naming - initializer namespace from ALIBABA_ALIWARE_NAMESPACE attribute :null
2026-03-02 16:14:36.764 [main] INFO  com.alibaba.nacos.client.naming - initializer namespace from namespace attribute :null
2026-03-02 16:14:36.770 [main] INFO  c.a.n.p.a.s.c.ClientAuthPluginManager - [ClientAuthPluginManager] Load ClientAuthService com.alibaba.nacos.client.auth.impl.NacosClientAuthServiceImpl success.
2026-03-02 16:14:36.770 [main] INFO  c.a.n.p.a.s.c.ClientAuthPluginManager - [ClientAuthPluginManager] Load ClientAuthService com.alibaba.nacos.client.auth.ram.RamClientAuthServiceImpl success.
2026-03-02 16:14:36.774 [main] INFO  c.alibaba.nacos.common.remote.client - [RpcClientFactory] create a new rpc client of 84a5b528-43c6-4b32-b3d2-deaace8e69ce
2026-03-02 16:14:36.776 [main] INFO  c.alibaba.nacos.common.remote.client - [84a5b528-43c6-4b32-b3d2-deaace8e69ce] RpcClient init, ServerListFactory = com.alibaba.nacos.client.naming.core.ServerListManager
2026-03-02 16:14:36.776 [main] INFO  c.alibaba.nacos.common.remote.client - [84a5b528-43c6-4b32-b3d2-deaace8e69ce] Registry connection listener to current client:com.alibaba.nacos.client.naming.remote.gprc.redo.NamingGrpcRedoService
2026-03-02 16:14:36.776 [main] INFO  c.alibaba.nacos.common.remote.client - [84a5b528-43c6-4b32-b3d2-deaace8e69ce] Register server push request handler:com.alibaba.nacos.client.naming.remote.gprc.NamingPushRequestHandler
2026-03-02 16:14:36.776 [main] INFO  c.alibaba.nacos.common.remote.client - [84a5b528-43c6-4b32-b3d2-deaace8e69ce] Try to connect to server on start up, server: {serverIp = '127.0.0.1', server main port = 8848}
2026-03-02 16:14:36.776 [main] INFO  c.a.n.c.r.client.grpc.GrpcClient - grpc client connection server:127.0.0.1 ip,serverPort:9848,grpcTslConfig:{"sslProvider":"OPENSSL","enableTls":false,"mutualAuthEnable":false,"trustAll":false}
2026-03-02 16:14:36.904 [main] INFO  c.alibaba.nacos.common.remote.client - [84a5b528-43c6-4b32-b3d2-deaace8e69ce] Success to connect to server [127.0.0.1:8848] on start up, connectionId = 1772439276786_172.17.0.1_33256
2026-03-02 16:14:36.904 [main] INFO  c.alibaba.nacos.common.remote.client - [84a5b528-43c6-4b32-b3d2-deaace8e69ce] Register server push request handler:com.alibaba.nacos.common.remote.client.RpcClient$ConnectResetRequestHandler
2026-03-02 16:14:36.904 [com.alibaba.nacos.client.remote.worker] INFO  c.alibaba.nacos.common.remote.client - [84a5b528-43c6-4b32-b3d2-deaace8e69ce] Notify connected event to listeners.
2026-03-02 16:14:36.905 [com.alibaba.nacos.client.remote.worker] INFO  com.alibaba.nacos.client.naming - Grpc connection connect
2026-03-02 16:14:36.905 [main] INFO  c.alibaba.nacos.common.remote.client - [84a5b528-43c6-4b32-b3d2-deaace8e69ce] Register server push request handler:com.alibaba.nacos.common.remote.client.RpcClient$$Lambda$605/0x00000008010d94e0
2026-03-02 16:14:36.906 [main] INFO  com.alibaba.nacos.client.naming - [REGISTER-SERVICE] 2e254952-9803-4eae-8771-b086042c797f registering service communitysharing-user with instance Instance{instanceId='null', ip='26.26.26.1', port=8083, weight=1.0, healthy=true, enabled=true, ephemeral=true, clusterName='DEFAULT', serviceName='null', metadata={IPv6=null, preserved.register.source=SPRING_CLOUD}}
2026-03-02 16:14:36.921 [main] INFO  c.a.c.n.r.NacosServiceRegistry - nacos registry, DEFAULT_GROUP communitysharing-user 26.26.26.1:8083 register finished
2026-03-02 16:14:37.110 [main] INFO  c.t.c.u.b.CommunitysharingUserBusinessApplication - Started CommunitysharingUserBusinessApplication in 5.841 seconds (process running for 6.433)
2026-03-02 16:14:37.111 [main] INFO  c.t.c.u.b.r.PushRolePermissionToRedisByRunning - == 项目启动 ==> 将数据库角色权限关系推送到Redis中
2026-03-02 16:14:37.477 [main] DEBUG c.t.c.u.b.d.m.R.selectEnabledRolesList - ==>  Preparing: select id,role_key, role_name from t_role where status = 0 and is_deleted = 0
2026-03-02 16:14:37.626 [main] DEBUG c.t.c.u.b.d.m.R.selectEnabledRolesList - ==> Parameters: 
2026-03-02 16:14:37.643 [main] DEBUG c.t.c.u.b.d.m.R.selectEnabledRolesList - <==      Total: 1
2026-03-02 16:14:37.646 [main] INFO  c.t.c.u.b.r.PushRolePermissionToRedisByRunning - == 项目启动 ==> 获取所有启用的角色: [1]
2026-03-02 16:14:37.661 [main] DEBUG c.t.c.u.b.d.m.R.selectByRoleIds - ==>  Preparing: select role_id, permission_id from t_role_permission_rel where role_id in ( ? )
2026-03-02 16:14:37.663 [main] DEBUG c.t.c.u.b.d.m.R.selectByRoleIds - ==> Parameters: 1(Long)
2026-03-02 16:14:37.667 [main] DEBUG c.t.c.u.b.d.m.R.selectByRoleIds - <==      Total: 2
2026-03-02 16:14:37.668 [main] DEBUG c.t.c.u.b.d.m.P.selectEnabledList - ==>  Preparing: select id, name, permission_key from t_permission where status = 0 and type = 3 and is_deleted = 0
2026-03-02 16:14:37.669 [main] DEBUG c.t.c.u.b.d.m.P.selectEnabledList - ==> Parameters: 
2026-03-02 16:14:37.675 [main] DEBUG c.t.c.u.b.d.m.P.selectEnabledList - <==      Total: 3
2026-03-02 16:14:37.696 [main] DEBUG c.t.c.u.b.d.m.R.selectAll - ==>  Preparing: select * from t_user_role_rel WHERE is_deleted = 0
2026-03-02 16:14:37.697 [main] DEBUG c.t.c.u.b.d.m.R.selectAll - ==> Parameters: 
2026-03-02 16:14:37.704 [main] DEBUG c.t.c.u.b.d.m.R.selectAll - <==      Total: 2
2026-03-02 16:14:37.743 [main] INFO  c.t.c.u.b.r.PushRolePermissionToRedisByRunning - == 项目启动 ==> 角色权限关系推送到Redis中完成
2026-03-02 16:14:37.746 [main] INFO  c.a.n.client.config.impl.CacheData - nacos.cache.data.init.snapshot = true 
2026-03-02 16:14:37.746 [main] INFO  c.a.n.c.config.impl.ClientWorker - [fixed-2e254952-9803-4eae-8771-b086042c797f-127.0.0.1_8848] [subscribe] communitysharing-user.yaml+DEFAULT_GROUP+2e254952-9803-4eae-8771-b086042c797f
2026-03-02 16:14:37.753 [main] INFO  c.a.n.client.config.impl.CacheData - [fixed-2e254952-9803-4eae-8771-b086042c797f-127.0.0.1_8848] [add-listener] ok, tenant=2e254952-9803-4eae-8771-b086042c797f, dataId=communitysharing-user.yaml, group=DEFAULT_GROUP, cnt=1
2026-03-02 16:14:37.753 [main] INFO  c.a.c.n.r.NacosContextRefresher - [Nacos Config] Listening config: dataId=communitysharing-user.yaml, group=DEFAULT_GROUP
2026-03-02 16:14:37.754 [main] INFO  c.a.n.c.config.impl.ClientWorker - [fixed-2e254952-9803-4eae-8771-b086042c797f-127.0.0.1_8848] [subscribe] communitysharing-user+DEFAULT_GROUP+2e254952-9803-4eae-8771-b086042c797f
2026-03-02 16:14:37.754 [main] INFO  c.a.n.client.config.impl.CacheData - [fixed-2e254952-9803-4eae-8771-b086042c797f-127.0.0.1_8848] [add-listener] ok, tenant=2e254952-9803-4eae-8771-b086042c797f, dataId=communitysharing-user, group=DEFAULT_GROUP, cnt=1
2026-03-02 16:14:37.754 [main] INFO  c.a.c.n.r.NacosContextRefresher - [Nacos Config] Listening config: dataId=communitysharing-user, group=DEFAULT_GROUP
2026-03-02 16:14:37.754 [main] INFO  c.a.n.c.config.impl.ClientWorker - [fixed-2e254952-9803-4eae-8771-b086042c797f-127.0.0.1_8848] [subscribe] communitysharing-user-dev.yaml+DEFAULT_GROUP+2e254952-9803-4eae-8771-b086042c797f
2026-03-02 16:14:37.754 [main] INFO  c.a.n.client.config.impl.CacheData - [fixed-2e254952-9803-4eae-8771-b086042c797f-127.0.0.1_8848] [add-listener] ok, tenant=2e254952-9803-4eae-8771-b086042c797f, dataId=communitysharing-user-dev.yaml, group=DEFAULT_GROUP, cnt=1
2026-03-02 16:14:37.754 [main] INFO  c.a.c.n.r.NacosContextRefresher - [Nacos Config] Listening config: dataId=communitysharing-user-dev.yaml, group=DEFAULT_GROUP
2026-03-02 18:18:42.792 [http-nio-8083-exec-1] INFO  o.a.c.c.C.[Tomcat].[localhost].[/] - Initializing Spring DispatcherServlet 'dispatcherServlet'
2026-03-02 18:18:42.794 [http-nio-8083-exec-1] INFO  o.s.web.servlet.DispatcherServlet - Initializing Servlet 'dispatcherServlet'
2026-03-02 18:18:42.803 [http-nio-8083-exec-1] INFO  o.s.web.servlet.DispatcherServlet - Completed initialization in 9 ms
2026-03-02 18:18:42.827 [http-nio-8083-exec-1] INFO  c.t.c.f.b.c.f.HeaderUserIdContextFilter - =======> HeaderUserIdContextFilter,userId: 10
2026-03-02 18:18:42.996 [http-nio-8083-exec-1] INFO  c.t.c.f.b.o.a.ApiOperationLogAspect - ====== 请求开始: [根据用户id查询用户列表], 入参: {"usersId":[10,2015271677436362839]}, 请求类: com.taoxin.communitysharing.user.business.controller.UserController, 请求方法: findUsersById =================================== 
2026-03-02 18:18:43.013 [http-nio-8083-exec-1] DEBUG c.t.c.u.b.d.m.U.selectById - ==>  Preparing: select id, communitysharing_id, nickname , avatar, introduction from t_user where status = 0 and is_deleted = 0 and id in ( ? , ? )
2026-03-02 18:18:43.018 [http-nio-8083-exec-1] DEBUG c.t.c.u.b.d.m.U.selectById - ==> Parameters: 10(Long), 2015271677436362839(Long)
2026-03-02 18:18:43.027 [http-nio-8083-exec-1] DEBUG c.t.c.u.b.d.m.U.selectById - <==      Total: 2
2026-03-02 18:18:43.033 [http-nio-8083-exec-1] INFO  c.t.c.f.b.o.a.ApiOperationLogAspect - ====== 响应结束: [根据用户id查询用户列表], 耗时: 36ms, 返回参数: {"success":true,"data":{"usersInfo":[{"id":10,"communitysharingId":"10000012","nickname":"星陨落月","avatar":"http://127.0.0.1:9000/communitysharing/c0373cc462f24bf28ef73ffd3ec037a7.png","introduction":"喜欢打游戏，最近熬夜了，但不是打游戏熬夜"},{"id":2015271677436362839,"communitysharingId":"10002101","nickname":"用户10002101"}]}} =================================== 
2026-03-02 18:18:43.053 [http-nio-8083-exec-1] INFO  c.t.c.f.b.c.f.HeaderUserIdContextFilter - =======> 删除 ThreadLocal， userId: 10
2026-03-02 21:18:30.826 [http-nio-8083-exec-2] INFO  c.t.c.f.b.c.f.HeaderUserIdContextFilter - =======> HeaderUserIdContextFilter,userId: 10
2026-03-02 21:18:30.850 [http-nio-8083-exec-2] INFO  c.t.c.f.b.o.a.ApiOperationLogAspect - ====== 请求开始: [根据用户id查询用户列表], 入参: {"usersId":[10]}, 请求类: com.taoxin.communitysharing.user.business.controller.UserController, 请求方法: findUsersById =================================== 
2026-03-02 21:18:30.899 [http-nio-8083-exec-2] INFO  c.t.c.f.b.o.a.ApiOperationLogAspect - ====== 响应结束: [根据用户id查询用户列表], 耗时: 49ms, 返回参数: {"success":true,"data":{"usersInfo":[{"id":10,"communitysharingId":"10000012","nickname":"星陨落月","avatar":"http://127.0.0.1:9000/communitysharing/c0373cc462f24bf28ef73ffd3ec037a7.png","introduction":"喜欢打游戏，最近熬夜了，但不是打游戏熬夜"}]}} =================================== 
2026-03-02 21:18:30.904 [http-nio-8083-exec-2] INFO  c.t.c.f.b.c.f.HeaderUserIdContextFilter - =======> 删除 ThreadLocal， userId: 10
2026-03-02 21:20:54.570 [http-nio-8083-exec-5] INFO  c.t.c.f.b.c.f.HeaderUserIdContextFilter - =======> HeaderUserIdContextFilter,userId: 10
2026-03-02 21:20:54.571 [http-nio-8083-exec-5] INFO  c.t.c.f.b.o.a.ApiOperationLogAspect - ====== 请求开始: [根据用户id查询用户列表], 入参: {"usersId":[10]}, 请求类: com.taoxin.communitysharing.user.business.controller.UserController, 请求方法: findUsersById =================================== 
2026-03-02 21:20:54.573 [http-nio-8083-exec-5] INFO  c.t.c.f.b.o.a.ApiOperationLogAspect - ====== 响应结束: [根据用户id查询用户列表], 耗时: 2ms, 返回参数: {"success":true,"data":{"usersInfo":[{"id":10,"communitysharingId":"10000012","nickname":"星陨落月","avatar":"http://127.0.0.1:9000/communitysharing/c0373cc462f24bf28ef73ffd3ec037a7.png","introduction":"喜欢打游戏，最近熬夜了，但不是打游戏熬夜"}]}} =================================== 
2026-03-02 21:20:54.575 [http-nio-8083-exec-5] INFO  c.t.c.f.b.c.f.HeaderUserIdContextFilter - =======> 删除 ThreadLocal， userId: 10
2026-03-02 21:23:36.791 [http-nio-8083-exec-7] INFO  c.t.c.f.b.c.f.HeaderUserIdContextFilter - =======> HeaderUserIdContextFilter,userId: 10
2026-03-02 21:23:36.792 [http-nio-8083-exec-7] INFO  c.t.c.f.b.o.a.ApiOperationLogAspect - ====== 请求开始: [根据用户id查询用户列表], 入参: {"usersId":[10]}, 请求类: com.taoxin.communitysharing.user.business.controller.UserController, 请求方法: findUsersById =================================== 
2026-03-02 21:23:36.794 [http-nio-8083-exec-7] INFO  c.t.c.f.b.o.a.ApiOperationLogAspect - ====== 响应结束: [根据用户id查询用户列表], 耗时: 2ms, 返回参数: {"success":true,"data":{"usersInfo":[{"id":10,"communitysharingId":"10000012","nickname":"星陨落月","avatar":"http://127.0.0.1:9000/communitysharing/c0373cc462f24bf28ef73ffd3ec037a7.png","introduction":"喜欢打游戏，最近熬夜了，但不是打游戏熬夜"}]}} =================================== 
2026-03-02 21:23:36.795 [http-nio-8083-exec-7] INFO  c.t.c.f.b.c.f.HeaderUserIdContextFilter - =======> 删除 ThreadLocal， userId: 10
2026-03-02 21:27:33.084 [Thread-1] WARN  c.a.n.c.http.HttpClientBeanHolder - [HttpClientBeanHolder] Start destroying common HttpClient
2026-03-02 21:27:33.087 [Thread-7] WARN  c.a.nacos.common.notify.NotifyCenter - [NotifyCenter] Start destroying Publisher
2026-03-02 21:27:33.089 [Thread-7] WARN  c.a.nacos.common.notify.NotifyCenter - [NotifyCenter] Destruction of the end
2026-03-02 21:27:33.090 [Thread-1] WARN  c.a.n.c.http.HttpClientBeanHolder - [HttpClientBeanHolder] Destruction of the end
2026-03-02 21:27:33.224 [SpringApplicationShutdownHook] INFO  c.a.c.n.r.NacosServiceRegistry - De-registering from Nacos Server now...
2026-03-02 21:27:33.224 [SpringApplicationShutdownHook] INFO  com.alibaba.nacos.client.naming - [DEREGISTER-SERVICE] 2e254952-9803-4eae-8771-b086042c797f deregistering service communitysharing-user with instance: Instance{instanceId='null', ip='26.26.26.1', port=8083, weight=1.0, healthy=true, enabled=true, ephemeral=true, clusterName='DEFAULT', serviceName='null', metadata={}}
2026-03-02 21:27:33.233 [SpringApplicationShutdownHook] INFO  c.a.c.n.r.NacosServiceRegistry - De-registration finished.
2026-03-02 21:27:33.234 [SpringApplicationShutdownHook] INFO  com.alibaba.nacos.client.naming - com.alibaba.nacos.client.naming.cache.ServiceInfoHolder do shutdown begin
2026-03-02 21:27:33.235 [SpringApplicationShutdownHook] INFO  com.alibaba.nacos.client.naming - com.alibaba.nacos.client.naming.backups.FailoverReactor do shutdown begin
2026-03-02 21:27:33.235 [SpringApplicationShutdownHook] INFO  com.alibaba.nacos.client.naming - com.alibaba.nacos.client.naming.backups.FailoverReactor do shutdown stop
2026-03-02 21:27:33.235 [SpringApplicationShutdownHook] INFO  com.alibaba.nacos.client.naming - com.alibaba.nacos.client.naming.cache.ServiceInfoHolder do shutdown stop
2026-03-02 21:27:33.235 [SpringApplicationShutdownHook] INFO  com.alibaba.nacos.client.naming - com.alibaba.nacos.client.naming.remote.NamingClientProxyDelegate do shutdown begin
2026-03-02 21:27:33.235 [SpringApplicationShutdownHook] INFO  com.alibaba.nacos.client.naming - com.alibaba.nacos.client.naming.core.ServiceInfoUpdateService do shutdown begin
2026-03-02 21:27:33.235 [SpringApplicationShutdownHook] INFO  com.alibaba.nacos.client.naming - com.alibaba.nacos.client.naming.core.ServiceInfoUpdateService do shutdown stop
2026-03-02 21:27:33.235 [SpringApplicationShutdownHook] INFO  com.alibaba.nacos.client.naming - com.alibaba.nacos.client.naming.core.ServerListManager do shutdown begin
2026-03-02 21:27:33.235 [SpringApplicationShutdownHook] WARN  com.alibaba.nacos.client.naming - [NamingHttpClientManager] Start destroying NacosRestTemplate
2026-03-02 21:27:33.235 [SpringApplicationShutdownHook] WARN  com.alibaba.nacos.client.naming - [NamingHttpClientManager] Destruction of the end
2026-03-02 21:27:33.235 [SpringApplicationShutdownHook] INFO  com.alibaba.nacos.client.naming - com.alibaba.nacos.client.naming.core.ServerListManager do shutdown stop
2026-03-02 21:27:33.235 [SpringApplicationShutdownHook] INFO  com.alibaba.nacos.client.naming - com.alibaba.nacos.client.naming.remote.http.NamingHttpClientProxy do shutdown begin
2026-03-02 21:27:33.235 [SpringApplicationShutdownHook] WARN  com.alibaba.nacos.client.naming - [NamingHttpClientManager] Start destroying NacosRestTemplate
2026-03-02 21:27:33.235 [SpringApplicationShutdownHook] WARN  com.alibaba.nacos.client.naming - [NamingHttpClientManager] Destruction of the end
2026-03-02 21:27:33.235 [SpringApplicationShutdownHook] INFO  com.alibaba.nacos.client.naming - com.alibaba.nacos.client.naming.remote.http.NamingHttpClientProxy do shutdown stop
2026-03-02 21:27:33.236 [SpringApplicationShutdownHook] INFO  c.alibaba.nacos.common.remote.client - Shutdown rpc client, set status to shutdown
2026-03-02 21:27:33.236 [SpringApplicationShutdownHook] INFO  c.alibaba.nacos.common.remote.client - Shutdown client event executor java.util.concurrent.ScheduledThreadPoolExecutor@114aee4e[Running, pool size = 2, active threads = 2, queued tasks = 0, completed tasks = 0]
2026-03-02 21:27:33.236 [SpringApplicationShutdownHook] INFO  c.alibaba.nacos.common.remote.client - Close current connection 1772439276786_172.17.0.1_33256
2026-03-02 21:27:33.245 [nacos-grpc-client-executor-127.0.0.1-3758] WARN  c.a.n.c.r.client.grpc.GrpcClient - [1772439276786_172.17.0.1_33256]Ignore error event,isRunning:false,isAbandon=false
2026-03-02 21:27:33.250 [SpringApplicationShutdownHook] INFO  c.a.n.c.r.client.grpc.GrpcClient - Shutdown grpc executor java.util.concurrent.ThreadPoolExecutor@befd420[Running, pool size = 4, active threads = 0, queued tasks = 0, completed tasks = 3759]
2026-03-02 21:27:33.250 [SpringApplicationShutdownHook] INFO  com.alibaba.nacos.client.naming - Shutdown grpc redo service executor java.util.concurrent.ScheduledThreadPoolExecutor@693c2a6f[Running, pool size = 1, active threads = 0, queued tasks = 1, completed tasks = 6242]
2026-03-02 21:27:33.250 [SpringApplicationShutdownHook] INFO  c.a.n.c.a.r.i.CredentialWatcher - [null] CredentialWatcher is stopped
2026-03-02 21:27:33.250 [SpringApplicationShutdownHook] INFO  c.a.n.c.a.r.i.CredentialService - [null] CredentialService is freed
2026-03-02 21:27:33.250 [SpringApplicationShutdownHook] INFO  com.alibaba.nacos.client.naming - com.alibaba.nacos.client.naming.remote.NamingClientProxyDelegate do shutdown stop
2026-03-02 21:27:33.416 [SpringApplicationShutdownHook] INFO  c.alibaba.druid.pool.DruidDataSource - {dataSource-1} closing ...
2026-03-02 21:27:33.434 [SpringApplicationShutdownHook] INFO  c.alibaba.druid.pool.DruidDataSource - {dataSource-1} closed
2026-03-02 21:28:32.397 [main] WARN  c.a.n.client.logging.NacosLogging - Load Logback Configuration of Nacos fail, message: Could not initialize Logback Nacos logging from classpath:nacos-logback.xml
2026-03-02 21:28:32.468 [main] WARN  c.a.n.client.logging.NacosLogging - Load Logback Configuration of Nacos fail, message: Could not initialize Logback Nacos logging from classpath:nacos-logback.xml
2026-03-02 21:28:32.675 [main] WARN  c.a.n.client.logging.NacosLogging - Load Logback Configuration of Nacos fail, message: Could not initialize Logback Nacos logging from classpath:nacos-logback.xml
2026-03-02 21:28:32.677 [main] INFO  c.a.nacos.client.utils.ParamUtil - [settings] [req-serv] nacos-server port:8848
2026-03-02 21:28:32.677 [main] INFO  c.a.nacos.client.utils.ParamUtil - [settings] [http-client] connect timeout:1000
2026-03-02 21:28:32.678 [main] INFO  c.a.nacos.client.utils.ParamUtil - PER_TASK_CONFIG_SIZE: 3000.0
2026-03-02 21:28:32.706 [main] INFO  c.a.n.p.a.s.c.ClientAuthPluginManager - [ClientAuthPluginManager] Load ClientAuthService com.alibaba.nacos.client.auth.impl.NacosClientAuthServiceImpl success.
2026-03-02 21:28:32.706 [main] INFO  c.a.n.p.a.s.c.ClientAuthPluginManager - [ClientAuthPluginManager] Load ClientAuthService com.alibaba.nacos.client.auth.ram.RamClientAuthServiceImpl success.
2026-03-02 21:28:32.709 [main] INFO  c.a.n.c.a.r.i.CredentialWatcher - null No credential found
2026-03-02 21:28:33.068 [main] WARN  c.a.n.client.logging.NacosLogging - Load Logback Configuration of Nacos fail, message: Could not initialize Logback Nacos logging from classpath:nacos-logback.xml
2026-03-02 21:28:33.081 [main] INFO  c.a.n.c.c.i.LocalConfigInfoProcessor - LOCAL_SNAPSHOT_PATH:C:\Users\moonth\nacos\config
2026-03-02 21:28:33.083 [main] INFO  c.alibaba.nacos.common.remote.client - [RpcClientFactory] create a new rpc client of b106c625-bd7d-4a8a-87ca-69c608108093_config-0
2026-03-02 21:28:33.097 [main] INFO  c.alibaba.nacos.common.remote.client - [b106c625-bd7d-4a8a-87ca-69c608108093_config-0] Register server push request handler:com.alibaba.nacos.client.config.impl.ClientWorker$ConfigRpcTransportClient$$Lambda$584/0x0000000800f8e908
2026-03-02 21:28:33.097 [main] INFO  c.alibaba.nacos.common.remote.client - [b106c625-bd7d-4a8a-87ca-69c608108093_config-0] Register server push request handler:com.alibaba.nacos.client.config.impl.ClientWorker$ConfigRpcTransportClient$$Lambda$585/0x0000000800f8ed28
2026-03-02 21:28:33.098 [main] INFO  c.alibaba.nacos.common.remote.client - [b106c625-bd7d-4a8a-87ca-69c608108093_config-0] Registry connection listener to current client:com.alibaba.nacos.client.config.impl.ClientWorker$ConfigRpcTransportClient$1
2026-03-02 21:28:33.098 [main] INFO  c.alibaba.nacos.common.remote.client - [b106c625-bd7d-4a8a-87ca-69c608108093_config-0] RpcClient init, ServerListFactory = com.alibaba.nacos.client.config.impl.ClientWorker$ConfigRpcTransportClient$2
2026-03-02 21:28:33.107 [main] INFO  c.alibaba.nacos.common.remote.client - [b106c625-bd7d-4a8a-87ca-69c608108093_config-0] Try to connect to server on start up, server: {serverIp = '127.0.0.1', server main port = 8848}
2026-03-02 21:28:33.159 [main] INFO  c.a.n.c.r.client.grpc.GrpcClient - grpc client connection server:127.0.0.1 ip,serverPort:9848,grpcTslConfig:{"sslProvider":"OPENSSL","enableTls":false,"mutualAuthEnable":false,"trustAll":false}
2026-03-02 21:28:34.269 [main] INFO  c.alibaba.nacos.common.remote.client - [b106c625-bd7d-4a8a-87ca-69c608108093_config-0] Success to connect to server [127.0.0.1:8848] on start up, connectionId = 1772458114051_172.17.0.1_39804
2026-03-02 21:28:34.269 [com.alibaba.nacos.client.remote.worker] INFO  c.alibaba.nacos.common.remote.client - [b106c625-bd7d-4a8a-87ca-69c608108093_config-0] Notify connected event to listeners.
2026-03-02 21:28:34.269 [com.alibaba.nacos.client.remote.worker] INFO  c.a.n.c.config.impl.ClientWorker - [b106c625-bd7d-4a8a-87ca-69c608108093_config-0] Connected,notify listen context...
2026-03-02 21:28:34.270 [main] INFO  c.alibaba.nacos.common.remote.client - [b106c625-bd7d-4a8a-87ca-69c608108093_config-0] Register server push request handler:com.alibaba.nacos.common.remote.client.RpcClient$ConnectResetRequestHandler
2026-03-02 21:28:34.271 [main] INFO  c.alibaba.nacos.common.remote.client - [b106c625-bd7d-4a8a-87ca-69c608108093_config-0] Register server push request handler:com.alibaba.nacos.common.remote.client.RpcClient$$Lambda$605/0x00000008010d8890
2026-03-02 21:28:34.299 [main] INFO  c.a.nacos.client.config.impl.Limiter - limitTime:5.0
2026-03-02 21:28:34.315 [main] WARN  c.a.c.n.c.NacosPropertySourceBuilder - Ignore the empty nacos configuration and get it based on dataId[communitysharing-user] & group[DEFAULT_GROUP]
2026-03-02 21:28:34.323 [main] WARN  c.a.c.n.c.NacosPropertySourceBuilder - Ignore the empty nacos configuration and get it based on dataId[communitysharing-user.yaml] & group[DEFAULT_GROUP]
2026-03-02 21:28:34.331 [main] WARN  c.a.c.n.c.NacosPropertySourceBuilder - Ignore the empty nacos configuration and get it based on dataId[communitysharing-user-dev.yaml] & group[DEFAULT_GROUP]
2026-03-02 21:28:34.333 [main] INFO  o.s.c.b.c.PropertySourceBootstrapConfiguration - Located property source: [BootstrapPropertySource {name='bootstrapProperties-communitysharing-user-dev.yaml,DEFAULT_GROUP'}, BootstrapPropertySource {name='bootstrapProperties-communitysharing-user.yaml,DEFAULT_GROUP'}, BootstrapPropertySource {name='bootstrapProperties-communitysharing-user,DEFAULT_GROUP'}]
2026-03-02 21:28:34.357 [main] WARN  c.a.n.client.logging.NacosLogging - Load Logback Configuration of Nacos fail, message: Could not initialize Logback Nacos logging from classpath:nacos-logback.xml
2026-03-02 21:28:34.358 [main] INFO  c.t.c.u.b.CommunitysharingUserBusinessApplication - The following 1 profile is active: "dev"
2026-03-02 21:28:34.980 [main] INFO  o.s.d.r.c.RepositoryConfigurationDelegate - Multiple Spring Data modules found, entering strict repository configuration mode
2026-03-02 21:28:34.983 [main] INFO  o.s.d.r.c.RepositoryConfigurationDelegate - Bootstrapping Spring Data Redis repositories in DEFAULT mode.
2026-03-02 21:28:35.011 [main] INFO  o.s.d.r.c.RepositoryConfigurationDelegate - Finished Spring Data repository scanning in 15 ms. Found 0 Redis repository interfaces.
2026-03-02 21:28:35.215 [main] INFO  o.s.cloud.context.scope.GenericScope - BeanFactory id=8e3783c6-4698-3abd-81be-aa6853e06300
2026-03-02 21:28:35.250 [main] INFO  o.s.c.s.PostProcessorRegistrationDelegate$BeanPostProcessorChecker - Bean 'com.taoxin.communitysharing.distributed.id.constructor.api.IdConstructorFeignApi' of type [org.springframework.cloud.openfeign.FeignClientFactoryBean] is not eligible for getting processed by all BeanPostProcessors (for example: not eligible for auto-proxying)
2026-03-02 21:28:35.252 [main] INFO  o.s.c.s.PostProcessorRegistrationDelegate$BeanPostProcessorChecker - Bean 'com.taoxin.communitysharing.oss.api.FileFeignApi' of type [org.springframework.cloud.openfeign.FeignClientFactoryBean] is not eligible for getting processed by all BeanPostProcessors (for example: not eligible for auto-proxying)
2026-03-02 21:28:35.254 [main] INFO  o.s.c.s.PostProcessorRegistrationDelegate$BeanPostProcessorChecker - Bean 'com.taoxin.communitysharing.search.user.api.UserFeignApi' of type [org.springframework.cloud.openfeign.FeignClientFactoryBean] is not eligible for getting processed by all BeanPostProcessors (for example: not eligible for auto-proxying)
2026-03-02 21:28:35.759 [main] INFO  o.s.b.w.e.tomcat.TomcatWebServer - Tomcat initialized with port(s): 8083 (http)
2026-03-02 21:28:35.767 [main] INFO  o.a.catalina.core.StandardService - Starting service [Tomcat]
2026-03-02 21:28:35.768 [main] INFO  o.a.catalina.core.StandardEngine - Starting Servlet engine: [Apache Tomcat/10.1.5]
2026-03-02 21:28:35.864 [main] INFO  o.a.c.c.C.[Tomcat].[localhost].[/] - Initializing Spring embedded WebApplicationContext
2026-03-02 21:28:35.865 [main] INFO  o.s.b.w.s.c.ServletWebServerApplicationContext - Root WebApplicationContext: initialization completed in 1488 ms
2026-03-02 21:28:35.964 [main] INFO  c.a.d.s.b.a.DruidDataSourceAutoConfigure - Init DruidDataSource
2026-03-02 21:28:36.285 [main] INFO  c.alibaba.druid.pool.DruidDataSource - {dataSource-1} inited
2026-03-02 21:28:36.577 [main] INFO  o.s.c.o.FeignClientFactoryBean - For 'communitysharing-oss' URL not provided. Will try picking an instance via load-balancing.
2026-03-02 21:28:36.772 [main] INFO  o.s.c.o.FeignClientFactoryBean - For 'communitysharing-distributed-id-constructor' URL not provided. Will try picking an instance via load-balancing.
2026-03-02 21:28:37.642 [main] INFO  o.s.b.w.e.tomcat.TomcatWebServer - Tomcat started on port(s): 8083 (http) with context path ''
2026-03-02 21:28:37.645 [main] INFO  com.alibaba.nacos.client.naming - initializer namespace from ans.namespace attribute : null
2026-03-02 21:28:37.646 [main] INFO  com.alibaba.nacos.client.naming - initializer namespace from ALIBABA_ALIWARE_NAMESPACE attribute :null
2026-03-02 21:28:37.646 [main] INFO  com.alibaba.nacos.client.naming - initializer namespace from namespace attribute :null
2026-03-02 21:28:37.653 [main] INFO  c.a.n.p.a.s.c.ClientAuthPluginManager - [ClientAuthPluginManager] Load ClientAuthService com.alibaba.nacos.client.auth.impl.NacosClientAuthServiceImpl success.
2026-03-02 21:28:37.653 [main] INFO  c.a.n.p.a.s.c.ClientAuthPluginManager - [ClientAuthPluginManager] Load ClientAuthService com.alibaba.nacos.client.auth.ram.RamClientAuthServiceImpl success.
2026-03-02 21:28:37.656 [main] INFO  c.alibaba.nacos.common.remote.client - [RpcClientFactory] create a new rpc client of 4396ed86-1b1d-4a98-8194-37fc6be7118a
2026-03-02 21:28:37.657 [main] INFO  c.alibaba.nacos.common.remote.client - [4396ed86-1b1d-4a98-8194-37fc6be7118a] RpcClient init, ServerListFactory = com.alibaba.nacos.client.naming.core.ServerListManager
2026-03-02 21:28:37.657 [main] INFO  c.alibaba.nacos.common.remote.client - [4396ed86-1b1d-4a98-8194-37fc6be7118a] Registry connection listener to current client:com.alibaba.nacos.client.naming.remote.gprc.redo.NamingGrpcRedoService
2026-03-02 21:28:37.657 [main] INFO  c.alibaba.nacos.common.remote.client - [4396ed86-1b1d-4a98-8194-37fc6be7118a] Register server push request handler:com.alibaba.nacos.client.naming.remote.gprc.NamingPushRequestHandler
2026-03-02 21:28:37.658 [main] INFO  c.alibaba.nacos.common.remote.client - [4396ed86-1b1d-4a98-8194-37fc6be7118a] Try to connect to server on start up, server: {serverIp = '127.0.0.1', server main port = 8848}
2026-03-02 21:28:37.658 [main] INFO  c.a.n.c.r.client.grpc.GrpcClient - grpc client connection server:127.0.0.1 ip,serverPort:9848,grpcTslConfig:{"sslProvider":"OPENSSL","enableTls":false,"mutualAuthEnable":false,"trustAll":false}
2026-03-02 21:28:37.786 [main] INFO  c.alibaba.nacos.common.remote.client - [4396ed86-1b1d-4a98-8194-37fc6be7118a] Success to connect to server [127.0.0.1:8848] on start up, connectionId = 1772458117666_172.17.0.1_39826
2026-03-02 21:28:37.786 [main] INFO  c.alibaba.nacos.common.remote.client - [4396ed86-1b1d-4a98-8194-37fc6be7118a] Register server push request handler:com.alibaba.nacos.common.remote.client.RpcClient$ConnectResetRequestHandler
2026-03-02 21:28:37.787 [main] INFO  c.alibaba.nacos.common.remote.client - [4396ed86-1b1d-4a98-8194-37fc6be7118a] Register server push request handler:com.alibaba.nacos.common.remote.client.RpcClient$$Lambda$605/0x00000008010d8890
2026-03-02 21:28:37.787 [com.alibaba.nacos.client.remote.worker] INFO  c.alibaba.nacos.common.remote.client - [4396ed86-1b1d-4a98-8194-37fc6be7118a] Notify connected event to listeners.
2026-03-02 21:28:37.787 [com.alibaba.nacos.client.remote.worker] INFO  com.alibaba.nacos.client.naming - Grpc connection connect
2026-03-02 21:28:37.787 [main] INFO  com.alibaba.nacos.client.naming - [REGISTER-SERVICE] 2e254952-9803-4eae-8771-b086042c797f registering service communitysharing-user with instance Instance{instanceId='null', ip='26.26.26.1', port=8083, weight=1.0, healthy=true, enabled=true, ephemeral=true, clusterName='DEFAULT', serviceName='null', metadata={IPv6=null, preserved.register.source=SPRING_CLOUD}}
2026-03-02 21:28:37.799 [main] INFO  c.a.c.n.r.NacosServiceRegistry - nacos registry, DEFAULT_GROUP communitysharing-user 26.26.26.1:8083 register finished
2026-03-02 21:28:37.931 [main] INFO  c.t.c.u.b.CommunitysharingUserBusinessApplication - Started CommunitysharingUserBusinessApplication in 6.231 seconds (process running for 6.839)
2026-03-02 21:28:37.932 [main] INFO  c.t.c.u.b.r.PushRolePermissionToRedisByRunning - == 项目启动 ==> 将数据库角色权限关系推送到Redis中
2026-03-02 21:28:38.245 [main] INFO  c.t.c.u.b.r.PushRolePermissionToRedisByRunning - == 项目启动 ==> 锁已存在，正在等待锁释放
2026-03-02 21:28:38.247 [main] INFO  c.a.n.client.config.impl.CacheData - nacos.cache.data.init.snapshot = true 
2026-03-02 21:28:38.248 [main] INFO  c.a.n.c.config.impl.ClientWorker - [fixed-2e254952-9803-4eae-8771-b086042c797f-127.0.0.1_8848] [subscribe] communitysharing-user.yaml+DEFAULT_GROUP+2e254952-9803-4eae-8771-b086042c797f
2026-03-02 21:28:38.252 [main] INFO  c.a.n.client.config.impl.CacheData - [fixed-2e254952-9803-4eae-8771-b086042c797f-127.0.0.1_8848] [add-listener] ok, tenant=2e254952-9803-4eae-8771-b086042c797f, dataId=communitysharing-user.yaml, group=DEFAULT_GROUP, cnt=1
2026-03-02 21:28:38.252 [main] INFO  c.a.c.n.r.NacosContextRefresher - [Nacos Config] Listening config: dataId=communitysharing-user.yaml, group=DEFAULT_GROUP
2026-03-02 21:28:38.252 [main] INFO  c.a.n.c.config.impl.ClientWorker - [fixed-2e254952-9803-4eae-8771-b086042c797f-127.0.0.1_8848] [subscribe] communitysharing-user+DEFAULT_GROUP+2e254952-9803-4eae-8771-b086042c797f
2026-03-02 21:28:38.252 [main] INFO  c.a.n.client.config.impl.CacheData - [fixed-2e254952-9803-4eae-8771-b086042c797f-127.0.0.1_8848] [add-listener] ok, tenant=2e254952-9803-4eae-8771-b086042c797f, dataId=communitysharing-user, group=DEFAULT_GROUP, cnt=1
2026-03-02 21:28:38.253 [main] INFO  c.a.c.n.r.NacosContextRefresher - [Nacos Config] Listening config: dataId=communitysharing-user, group=DEFAULT_GROUP
2026-03-02 21:28:38.253 [main] INFO  c.a.n.c.config.impl.ClientWorker - [fixed-2e254952-9803-4eae-8771-b086042c797f-127.0.0.1_8848] [subscribe] communitysharing-user-dev.yaml+DEFAULT_GROUP+2e254952-9803-4eae-8771-b086042c797f
2026-03-02 21:28:38.253 [main] INFO  c.a.n.client.config.impl.CacheData - [fixed-2e254952-9803-4eae-8771-b086042c797f-127.0.0.1_8848] [add-listener] ok, tenant=2e254952-9803-4eae-8771-b086042c797f, dataId=communitysharing-user-dev.yaml, group=DEFAULT_GROUP, cnt=1
2026-03-02 21:28:38.253 [main] INFO  c.a.c.n.r.NacosContextRefresher - [Nacos Config] Listening config: dataId=communitysharing-user-dev.yaml, group=DEFAULT_GROUP
2026-03-02 21:30:06.409 [http-nio-8083-exec-1] INFO  o.a.c.c.C.[Tomcat].[localhost].[/] - Initializing Spring DispatcherServlet 'dispatcherServlet'
2026-03-02 21:30:06.410 [http-nio-8083-exec-1] INFO  o.s.web.servlet.DispatcherServlet - Initializing Servlet 'dispatcherServlet'
2026-03-02 21:30:06.412 [http-nio-8083-exec-1] INFO  o.s.web.servlet.DispatcherServlet - Completed initialization in 1 ms
2026-03-02 21:30:06.424 [http-nio-8083-exec-1] INFO  c.t.c.f.b.c.f.HeaderUserIdContextFilter - =======> HeaderUserIdContextFilter,userId: 10
2026-03-02 21:30:06.552 [http-nio-8083-exec-1] INFO  c.t.c.f.b.o.a.ApiOperationLogAspect - ====== 请求开始: [根据用户id查询用户列表], 入参: {"usersId":[10]}, 请求类: com.taoxin.communitysharing.user.business.controller.UserController, 请求方法: findUsersById =================================== 
2026-03-02 21:30:06.575 [http-nio-8083-exec-1] INFO  c.t.c.f.b.o.a.ApiOperationLogAspect - ====== 响应结束: [根据用户id查询用户列表], 耗时: 21ms, 返回参数: {"success":true,"data":{"usersInfo":[{"id":10,"communitysharingId":"10000012","nickname":"星陨落月","avatar":"http://127.0.0.1:9000/communitysharing/c0373cc462f24bf28ef73ffd3ec037a7.png","introduction":"喜欢打游戏，最近熬夜了，但不是打游戏熬夜"}]}} =================================== 
2026-03-02 21:30:06.587 [http-nio-8083-exec-1] INFO  c.t.c.f.b.c.f.HeaderUserIdContextFilter - =======> 删除 ThreadLocal， userId: 10
2026-03-02 21:31:15.356 [http-nio-8083-exec-3] INFO  c.t.c.f.b.c.f.HeaderUserIdContextFilter - =======> HeaderUserIdContextFilter,userId: 10
2026-03-02 21:31:15.358 [http-nio-8083-exec-3] INFO  c.t.c.f.b.o.a.ApiOperationLogAspect - ====== 请求开始: [根据用户id查询用户列表], 入参: {"usersId":[10]}, 请求类: com.taoxin.communitysharing.user.business.controller.UserController, 请求方法: findUsersById =================================== 
2026-03-02 21:31:15.360 [http-nio-8083-exec-3] INFO  c.t.c.f.b.o.a.ApiOperationLogAspect - ====== 响应结束: [根据用户id查询用户列表], 耗时: 2ms, 返回参数: {"success":true,"data":{"usersInfo":[{"id":10,"communitysharingId":"10000012","nickname":"星陨落月","avatar":"http://127.0.0.1:9000/communitysharing/c0373cc462f24bf28ef73ffd3ec037a7.png","introduction":"喜欢打游戏，最近熬夜了，但不是打游戏熬夜"}]}} =================================== 
2026-03-02 21:31:15.361 [http-nio-8083-exec-3] INFO  c.t.c.f.b.c.f.HeaderUserIdContextFilter - =======> 删除 ThreadLocal， userId: 10
2026-03-02 22:20:30.114 [http-nio-8083-exec-4] INFO  c.t.c.f.b.c.f.HeaderUserIdContextFilter - =======> HeaderUserIdContextFilter,userId: 10
2026-03-02 22:20:30.127 [http-nio-8083-exec-4] INFO  c.t.c.f.b.o.a.ApiOperationLogAspect - ====== 请求开始: [根据用户id查询用户列表], 入参: {"usersId":[10]}, 请求类: com.taoxin.communitysharing.user.business.controller.UserController, 请求方法: findUsersById =================================== 
2026-03-02 22:20:30.135 [http-nio-8083-exec-4] INFO  c.t.c.f.b.o.a.ApiOperationLogAspect - ====== 响应结束: [根据用户id查询用户列表], 耗时: 7ms, 返回参数: {"success":true,"data":{"usersInfo":[{"id":10,"communitysharingId":"10000012","nickname":"星陨落月","avatar":"http://127.0.0.1:9000/communitysharing/c0373cc462f24bf28ef73ffd3ec037a7.png","introduction":"喜欢打游戏，最近熬夜了，但不是打游戏熬夜"}]}} =================================== 
2026-03-02 22:20:30.138 [http-nio-8083-exec-4] INFO  c.t.c.f.b.c.f.HeaderUserIdContextFilter - =======> 删除 ThreadLocal， userId: 10
2026-03-02 22:23:23.415 [http-nio-8083-exec-7] INFO  c.t.c.f.b.c.f.HeaderUserIdContextFilter - =======> HeaderUserIdContextFilter,userId: 10
2026-03-02 22:23:23.419 [http-nio-8083-exec-7] INFO  c.t.c.f.b.o.a.ApiOperationLogAspect - ====== 请求开始: [根据用户id查询用户列表], 入参: {"usersId":[10]}, 请求类: com.taoxin.communitysharing.user.business.controller.UserController, 请求方法: findUsersById =================================== 
2026-03-02 22:23:23.424 [http-nio-8083-exec-7] INFO  c.t.c.f.b.o.a.ApiOperationLogAspect - ====== 响应结束: [根据用户id查询用户列表], 耗时: 5ms, 返回参数: {"success":true,"data":{"usersInfo":[{"id":10,"communitysharingId":"10000012","nickname":"星陨落月","avatar":"http://127.0.0.1:9000/communitysharing/c0373cc462f24bf28ef73ffd3ec037a7.png","introduction":"喜欢打游戏，最近熬夜了，但不是打游戏熬夜"}]}} =================================== 
2026-03-02 22:23:23.427 [http-nio-8083-exec-7] INFO  c.t.c.f.b.c.f.HeaderUserIdContextFilter - =======> 删除 ThreadLocal， userId: 10
2026-03-02 22:23:42.951 [http-nio-8083-exec-8] INFO  c.t.c.f.b.c.f.HeaderUserIdContextFilter - =======> HeaderUserIdContextFilter,userId: 10
2026-03-02 22:23:42.953 [http-nio-8083-exec-8] INFO  c.t.c.f.b.o.a.ApiOperationLogAspect - ====== 请求开始: [根据用户id查询用户列表], 入参: {"usersId":[10]}, 请求类: com.taoxin.communitysharing.user.business.controller.UserController, 请求方法: findUsersById =================================== 
2026-03-02 22:23:42.958 [http-nio-8083-exec-8] INFO  c.t.c.f.b.o.a.ApiOperationLogAspect - ====== 响应结束: [根据用户id查询用户列表], 耗时: 3ms, 返回参数: {"success":true,"data":{"usersInfo":[{"id":10,"communitysharingId":"10000012","nickname":"星陨落月","avatar":"http://127.0.0.1:9000/communitysharing/c0373cc462f24bf28ef73ffd3ec037a7.png","introduction":"喜欢打游戏，最近熬夜了，但不是打游戏熬夜"}]}} =================================== 
2026-03-02 22:23:42.960 [http-nio-8083-exec-8] INFO  c.t.c.f.b.c.f.HeaderUserIdContextFilter - =======> 删除 ThreadLocal， userId: 10
2026-03-02 22:27:45.500 [http-nio-8083-exec-10] INFO  c.t.c.f.b.c.f.HeaderUserIdContextFilter - =======> HeaderUserIdContextFilter,userId: 10
2026-03-02 22:27:45.501 [http-nio-8083-exec-10] INFO  c.t.c.f.b.o.a.ApiOperationLogAspect - ====== 请求开始: [根据用户id查询用户列表], 入参: {"usersId":[10]}, 请求类: com.taoxin.communitysharing.user.business.controller.UserController, 请求方法: findUsersById =================================== 
2026-03-02 22:27:45.504 [http-nio-8083-exec-10] INFO  c.t.c.f.b.o.a.ApiOperationLogAspect - ====== 响应结束: [根据用户id查询用户列表], 耗时: 3ms, 返回参数: {"success":true,"data":{"usersInfo":[{"id":10,"communitysharingId":"10000012","nickname":"星陨落月","avatar":"http://127.0.0.1:9000/communitysharing/c0373cc462f24bf28ef73ffd3ec037a7.png","introduction":"喜欢打游戏，最近熬夜了，但不是打游戏熬夜"}]}} =================================== 
2026-03-02 22:27:45.505 [http-nio-8083-exec-10] INFO  c.t.c.f.b.c.f.HeaderUserIdContextFilter - =======> 删除 ThreadLocal， userId: 10
2026-03-02 23:32:09.144 [http-nio-8083-exec-2] INFO  c.t.c.f.b.c.f.HeaderUserIdContextFilter - =======> HeaderUserIdContextFilter,userId: 10
2026-03-02 23:32:09.191 [http-nio-8083-exec-2] INFO  c.t.c.f.b.o.a.ApiOperationLogAspect - ====== 请求开始: [根据用户id查询用户列表], 入参: {"usersId":[10]}, 请求类: com.taoxin.communitysharing.user.business.controller.UserController, 请求方法: findUsersById =================================== 
2026-03-02 23:32:09.208 [http-nio-8083-exec-2] INFO  c.t.c.f.b.o.a.ApiOperationLogAspect - ====== 响应结束: [根据用户id查询用户列表], 耗时: 17ms, 返回参数: {"success":true,"data":{"usersInfo":[{"id":10,"communitysharingId":"10000012","nickname":"星陨落月","avatar":"http://127.0.0.1:9000/communitysharing/c0373cc462f24bf28ef73ffd3ec037a7.png","introduction":"喜欢打游戏，最近熬夜了，但不是打游戏熬夜"}]}} =================================== 
2026-03-02 23:32:09.218 [http-nio-8083-exec-2] INFO  c.t.c.f.b.c.f.HeaderUserIdContextFilter - =======> 删除 ThreadLocal， userId: 10
