2026-03-03 00:38:16.310 [http-nio-8083-exec-5] INFO  c.t.c.f.b.c.f.HeaderUserIdContextFilter - =======> HeaderUserIdContextFilter,userId: 10
2026-03-03 00:38:16.333 [http-nio-8083-exec-5] INFO  c.t.c.f.b.o.a.ApiOperationLogAspect - ====== 请求开始: [根据用户id查询用户列表], 入参: {"usersId":[10]}, 请求类: com.taoxin.communitysharing.user.business.controller.UserController, 请求方法: findUsersById =================================== 
2026-03-03 00:38:16.345 [http-nio-8083-exec-5] INFO  c.t.c.f.b.o.a.ApiOperationLogAspect - ====== 响应结束: [根据用户id查询用户列表], 耗时: 11ms, 返回参数: {"success":true,"data":{"usersInfo":[{"id":10,"communitysharingId":"10000012","nickname":"星陨落月","avatar":"http://127.0.0.1:9000/communitysharing/c0373cc462f24bf28ef73ffd3ec037a7.png","introduction":"喜欢打游戏，最近熬夜了，但不是打游戏熬夜"}]}} =================================== 
2026-03-03 00:38:16.358 [http-nio-8083-exec-5] INFO  c.t.c.f.b.c.f.HeaderUserIdContextFilter - =======> 删除 ThreadLocal， userId: 10
2026-03-03 00:39:49.724 [http-nio-8083-exec-6] INFO  c.t.c.f.b.c.f.HeaderUserIdContextFilter - =======> HeaderUserIdContextFilter,userId: 10
2026-03-03 00:39:49.726 [http-nio-8083-exec-6] INFO  c.t.c.f.b.o.a.ApiOperationLogAspect - ====== 请求开始: [根据用户id查询用户列表], 入参: {"usersId":[10]}, 请求类: com.taoxin.communitysharing.user.business.controller.UserController, 请求方法: findUsersById =================================== 
2026-03-03 00:39:49.729 [http-nio-8083-exec-6] INFO  c.t.c.f.b.o.a.ApiOperationLogAspect - ====== 响应结束: [根据用户id查询用户列表], 耗时: 3ms, 返回参数: {"success":true,"data":{"usersInfo":[{"id":10,"communitysharingId":"10000012","nickname":"星陨落月","avatar":"http://127.0.0.1:9000/communitysharing/c0373cc462f24bf28ef73ffd3ec037a7.png","introduction":"喜欢打游戏，最近熬夜了，但不是打游戏熬夜"}]}} =================================== 
2026-03-03 00:39:49.730 [http-nio-8083-exec-6] INFO  c.t.c.f.b.c.f.HeaderUserIdContextFilter - =======> 删除 ThreadLocal， userId: 10
2026-03-03 00:44:05.672 [http-nio-8083-exec-8] INFO  c.t.c.f.b.c.f.HeaderUserIdContextFilter - =======> HeaderUserIdContextFilter,userId: 10
2026-03-03 00:44:05.673 [http-nio-8083-exec-8] INFO  c.t.c.f.b.o.a.ApiOperationLogAspect - ====== 请求开始: [根据用户id查询用户列表], 入参: {"usersId":[10]}, 请求类: com.taoxin.communitysharing.user.business.controller.UserController, 请求方法: findUsersById =================================== 
2026-03-03 00:44:05.675 [http-nio-8083-exec-8] INFO  c.t.c.f.b.o.a.ApiOperationLogAspect - ====== 响应结束: [根据用户id查询用户列表], 耗时: 2ms, 返回参数: {"success":true,"data":{"usersInfo":[{"id":10,"communitysharingId":"10000012","nickname":"星陨落月","avatar":"http://127.0.0.1:9000/communitysharing/c0373cc462f24bf28ef73ffd3ec037a7.png","introduction":"喜欢打游戏，最近熬夜了，但不是打游戏熬夜"}]}} =================================== 
2026-03-03 00:44:05.677 [http-nio-8083-exec-8] INFO  c.t.c.f.b.c.f.HeaderUserIdContextFilter - =======> 删除 ThreadLocal， userId: 10
2026-03-03 00:50:12.643 [http-nio-8083-exec-10] INFO  c.t.c.f.b.c.f.HeaderUserIdContextFilter - =======> HeaderUserIdContextFilter,userId: 10
2026-03-03 00:50:12.645 [http-nio-8083-exec-10] INFO  c.t.c.f.b.o.a.ApiOperationLogAspect - ====== 请求开始: [根据用户id查询用户列表], 入参: {"usersId":[10]}, 请求类: com.taoxin.communitysharing.user.business.controller.UserController, 请求方法: findUsersById =================================== 
2026-03-03 00:50:12.648 [http-nio-8083-exec-10] INFO  c.t.c.f.b.o.a.ApiOperationLogAspect - ====== 响应结束: [根据用户id查询用户列表], 耗时: 3ms, 返回参数: {"success":true,"data":{"usersInfo":[{"id":10,"communitysharingId":"10000012","nickname":"星陨落月","avatar":"http://127.0.0.1:9000/communitysharing/c0373cc462f24bf28ef73ffd3ec037a7.png","introduction":"喜欢打游戏，最近熬夜了，但不是打游戏熬夜"}]}} =================================== 
2026-03-03 00:50:12.649 [http-nio-8083-exec-10] INFO  c.t.c.f.b.c.f.HeaderUserIdContextFilter - =======> 删除 ThreadLocal， userId: 10
2026-03-03 00:52:11.324 [http-nio-8083-exec-2] INFO  c.t.c.f.b.c.f.HeaderUserIdContextFilter - =======> HeaderUserIdContextFilter,userId: 10
2026-03-03 00:52:11.326 [http-nio-8083-exec-2] INFO  c.t.c.f.b.o.a.ApiOperationLogAspect - ====== 请求开始: [根据用户id查询用户列表], 入参: {"usersId":[10]}, 请求类: com.taoxin.communitysharing.user.business.controller.UserController, 请求方法: findUsersById =================================== 
2026-03-03 00:52:11.328 [http-nio-8083-exec-2] INFO  c.t.c.f.b.o.a.ApiOperationLogAspect - ====== 响应结束: [根据用户id查询用户列表], 耗时: 2ms, 返回参数: {"success":true,"data":{"usersInfo":[{"id":10,"communitysharingId":"10000012","nickname":"星陨落月","avatar":"http://127.0.0.1:9000/communitysharing/c0373cc462f24bf28ef73ffd3ec037a7.png","introduction":"喜欢打游戏，最近熬夜了，但不是打游戏熬夜"}]}} =================================== 
2026-03-03 00:52:11.330 [http-nio-8083-exec-2] INFO  c.t.c.f.b.c.f.HeaderUserIdContextFilter - =======> 删除 ThreadLocal， userId: 10
2026-03-03 00:54:57.425 [http-nio-8083-exec-5] INFO  c.t.c.f.b.c.f.HeaderUserIdContextFilter - =======> HeaderUserIdContextFilter,userId: 10
2026-03-03 00:54:57.426 [http-nio-8083-exec-5] INFO  c.t.c.f.b.o.a.ApiOperationLogAspect - ====== 请求开始: [根据用户id查询用户列表], 入参: {"usersId":[10]}, 请求类: com.taoxin.communitysharing.user.business.controller.UserController, 请求方法: findUsersById =================================== 
2026-03-03 00:54:57.429 [http-nio-8083-exec-5] INFO  c.t.c.f.b.o.a.ApiOperationLogAspect - ====== 响应结束: [根据用户id查询用户列表], 耗时: 3ms, 返回参数: {"success":true,"data":{"usersInfo":[{"id":10,"communitysharingId":"10000012","nickname":"星陨落月","avatar":"http://127.0.0.1:9000/communitysharing/c0373cc462f24bf28ef73ffd3ec037a7.png","introduction":"喜欢打游戏，最近熬夜了，但不是打游戏熬夜"}]}} =================================== 
2026-03-03 00:54:57.430 [http-nio-8083-exec-5] INFO  c.t.c.f.b.c.f.HeaderUserIdContextFilter - =======> 删除 ThreadLocal， userId: 10
2026-03-03 01:19:24.400 [http-nio-8083-exec-6] INFO  c.t.c.f.b.c.f.HeaderUserIdContextFilter - =======> HeaderUserIdContextFilter,userId: 10
2026-03-03 01:19:24.402 [http-nio-8083-exec-6] INFO  c.t.c.f.b.o.a.ApiOperationLogAspect - ====== 请求开始: [根据用户id查询用户列表], 入参: {"usersId":[10]}, 请求类: com.taoxin.communitysharing.user.business.controller.UserController, 请求方法: findUsersById =================================== 
2026-03-03 01:19:24.405 [http-nio-8083-exec-6] INFO  c.t.c.f.b.o.a.ApiOperationLogAspect - ====== 响应结束: [根据用户id查询用户列表], 耗时: 2ms, 返回参数: {"success":true,"data":{"usersInfo":[{"id":10,"communitysharingId":"10000012","nickname":"星陨落月","avatar":"http://127.0.0.1:9000/communitysharing/c0373cc462f24bf28ef73ffd3ec037a7.png","introduction":"喜欢打游戏，最近熬夜了，但不是打游戏熬夜"}]}} =================================== 
2026-03-03 01:19:24.407 [http-nio-8083-exec-6] INFO  c.t.c.f.b.c.f.HeaderUserIdContextFilter - =======> 删除 ThreadLocal， userId: 10
2026-03-03 01:38:43.732 [http-nio-8083-exec-8] INFO  c.t.c.f.b.c.f.HeaderUserIdContextFilter - =======> HeaderUserIdContextFilter,userId: 10
2026-03-03 01:38:43.735 [http-nio-8083-exec-8] INFO  c.t.c.f.b.o.a.ApiOperationLogAspect - ====== 请求开始: [根据用户id查询用户列表], 入参: {"usersId":[10]}, 请求类: com.taoxin.communitysharing.user.business.controller.UserController, 请求方法: findUsersById =================================== 
2026-03-03 01:38:43.739 [http-nio-8083-exec-8] INFO  c.t.c.f.b.o.a.ApiOperationLogAspect - ====== 响应结束: [根据用户id查询用户列表], 耗时: 4ms, 返回参数: {"success":true,"data":{"usersInfo":[{"id":10,"communitysharingId":"10000012","nickname":"星陨落月","avatar":"http://127.0.0.1:9000/communitysharing/c0373cc462f24bf28ef73ffd3ec037a7.png","introduction":"喜欢打游戏，最近熬夜了，但不是打游戏熬夜"}]}} =================================== 
2026-03-03 01:38:43.741 [http-nio-8083-exec-8] INFO  c.t.c.f.b.c.f.HeaderUserIdContextFilter - =======> 删除 ThreadLocal， userId: 10
2026-03-03 01:46:55.354 [http-nio-8083-exec-10] INFO  c.t.c.f.b.c.f.HeaderUserIdContextFilter - =======> HeaderUserIdContextFilter,userId: 10
2026-03-03 01:46:55.361 [http-nio-8083-exec-10] INFO  c.t.c.f.b.o.a.ApiOperationLogAspect - ====== 请求开始: [根据用户id查询用户列表], 入参: {"usersId":[10]}, 请求类: com.taoxin.communitysharing.user.business.controller.UserController, 请求方法: findUsersById =================================== 
2026-03-03 01:46:55.366 [http-nio-8083-exec-10] INFO  c.t.c.f.b.o.a.ApiOperationLogAspect - ====== 响应结束: [根据用户id查询用户列表], 耗时: 5ms, 返回参数: {"success":true,"data":{"usersInfo":[{"id":10,"communitysharingId":"10000012","nickname":"星陨落月","avatar":"http://127.0.0.1:9000/communitysharing/c0373cc462f24bf28ef73ffd3ec037a7.png","introduction":"喜欢打游戏，最近熬夜了，但不是打游戏熬夜"}]}} =================================== 
2026-03-03 01:46:55.367 [http-nio-8083-exec-10] INFO  c.t.c.f.b.c.f.HeaderUserIdContextFilter - =======> 删除 ThreadLocal， userId: 10
2026-03-03 01:48:10.623 [http-nio-8083-exec-2] INFO  c.t.c.f.b.c.f.HeaderUserIdContextFilter - =======> HeaderUserIdContextFilter,userId: 10
2026-03-03 01:48:10.624 [http-nio-8083-exec-2] INFO  c.t.c.f.b.o.a.ApiOperationLogAspect - ====== 请求开始: [根据用户id查询用户列表], 入参: {"usersId":[10]}, 请求类: com.taoxin.communitysharing.user.business.controller.UserController, 请求方法: findUsersById =================================== 
2026-03-03 01:48:10.626 [http-nio-8083-exec-2] INFO  c.t.c.f.b.o.a.ApiOperationLogAspect - ====== 响应结束: [根据用户id查询用户列表], 耗时: 1ms, 返回参数: {"success":true,"data":{"usersInfo":[{"id":10,"communitysharingId":"10000012","nickname":"星陨落月","avatar":"http://127.0.0.1:9000/communitysharing/c0373cc462f24bf28ef73ffd3ec037a7.png","introduction":"喜欢打游戏，最近熬夜了，但不是打游戏熬夜"}]}} =================================== 
2026-03-03 01:48:10.628 [http-nio-8083-exec-2] INFO  c.t.c.f.b.c.f.HeaderUserIdContextFilter - =======> 删除 ThreadLocal， userId: 10
2026-03-03 01:50:33.536 [http-nio-8083-exec-5] INFO  c.t.c.f.b.c.f.HeaderUserIdContextFilter - =======> HeaderUserIdContextFilter,userId: 10
2026-03-03 01:50:33.536 [http-nio-8083-exec-5] INFO  c.t.c.f.b.o.a.ApiOperationLogAspect - ====== 请求开始: [根据用户id查询用户列表], 入参: {"usersId":[10]}, 请求类: com.taoxin.communitysharing.user.business.controller.UserController, 请求方法: findUsersById =================================== 
2026-03-03 01:50:33.539 [http-nio-8083-exec-5] INFO  c.t.c.f.b.o.a.ApiOperationLogAspect - ====== 响应结束: [根据用户id查询用户列表], 耗时: 2ms, 返回参数: {"success":true,"data":{"usersInfo":[{"id":10,"communitysharingId":"10000012","nickname":"星陨落月","avatar":"http://127.0.0.1:9000/communitysharing/c0373cc462f24bf28ef73ffd3ec037a7.png","introduction":"喜欢打游戏，最近熬夜了，但不是打游戏熬夜"}]}} =================================== 
2026-03-03 01:50:33.541 [http-nio-8083-exec-5] INFO  c.t.c.f.b.c.f.HeaderUserIdContextFilter - =======> 删除 ThreadLocal， userId: 10
2026-03-03 02:38:17.555 [http-nio-8083-exec-6] INFO  c.t.c.f.b.c.f.HeaderUserIdContextFilter - =======> HeaderUserIdContextFilter,userId: 10
2026-03-03 02:38:17.565 [http-nio-8083-exec-6] INFO  c.t.c.f.b.o.a.ApiOperationLogAspect - ====== 请求开始: [根据用户id查询用户列表], 入参: {"usersId":[10]}, 请求类: com.taoxin.communitysharing.user.business.controller.UserController, 请求方法: findUsersById =================================== 
2026-03-03 02:38:17.575 [http-nio-8083-exec-6] INFO  c.t.c.f.b.o.a.ApiOperationLogAspect - ====== 响应结束: [根据用户id查询用户列表], 耗时: 10ms, 返回参数: {"success":true,"data":{"usersInfo":[{"id":10,"communitysharingId":"10000012","nickname":"星陨落月","avatar":"http://127.0.0.1:9000/communitysharing/c0373cc462f24bf28ef73ffd3ec037a7.png","introduction":"喜欢打游戏，最近熬夜了，但不是打游戏熬夜"}]}} =================================== 
2026-03-03 02:38:17.579 [http-nio-8083-exec-6] INFO  c.t.c.f.b.c.f.HeaderUserIdContextFilter - =======> 删除 ThreadLocal， userId: 10
2026-03-03 03:45:29.240 [http-nio-8083-exec-8] INFO  c.t.c.f.b.c.f.HeaderUserIdContextFilter - =======> HeaderUserIdContextFilter,userId: 10
2026-03-03 03:45:29.303 [http-nio-8083-exec-8] INFO  c.t.c.f.b.o.a.ApiOperationLogAspect - ====== 请求开始: [根据用户id查询用户列表], 入参: {"usersId":[10]}, 请求类: com.taoxin.communitysharing.user.business.controller.UserController, 请求方法: findUsersById =================================== 
2026-03-03 03:45:29.326 [http-nio-8083-exec-8] INFO  c.t.c.f.b.o.a.ApiOperationLogAspect - ====== 响应结束: [根据用户id查询用户列表], 耗时: 21ms, 返回参数: {"success":true,"data":{"usersInfo":[{"id":10,"communitysharingId":"10000012","nickname":"星陨落月","avatar":"http://127.0.0.1:9000/communitysharing/c0373cc462f24bf28ef73ffd3ec037a7.png","introduction":"喜欢打游戏，最近熬夜了，但不是打游戏熬夜"}]}} =================================== 
2026-03-03 03:45:29.339 [http-nio-8083-exec-8] INFO  c.t.c.f.b.c.f.HeaderUserIdContextFilter - =======> 删除 ThreadLocal， userId: 10
2026-03-03 10:39:37.764 [http-nio-8083-exec-10] INFO  c.t.c.f.b.c.f.HeaderUserIdContextFilter - =======> HeaderUserIdContextFilter,userId: 10
2026-03-03 10:39:37.791 [http-nio-8083-exec-10] INFO  c.t.c.f.b.o.a.ApiOperationLogAspect - ====== 请求开始: [根据用户id查询用户列表], 入参: {"usersId":[10]}, 请求类: com.taoxin.communitysharing.user.business.controller.UserController, 请求方法: findUsersById =================================== 
2026-03-03 10:39:37.802 [http-nio-8083-exec-10] INFO  c.t.c.f.b.o.a.ApiOperationLogAspect - ====== 响应结束: [根据用户id查询用户列表], 耗时: 11ms, 返回参数: {"success":true,"data":{"usersInfo":[{"id":10,"communitysharingId":"10000012","nickname":"星陨落月","avatar":"http://127.0.0.1:9000/communitysharing/c0373cc462f24bf28ef73ffd3ec037a7.png","introduction":"喜欢打游戏，最近熬夜了，但不是打游戏熬夜"}]}} =================================== 
2026-03-03 10:39:37.808 [http-nio-8083-exec-10] INFO  c.t.c.f.b.c.f.HeaderUserIdContextFilter - =======> 删除 ThreadLocal， userId: 10
2026-03-03 10:41:41.937 [Thread-7] WARN  c.a.nacos.common.notify.NotifyCenter - [NotifyCenter] Start destroying Publisher
2026-03-03 10:41:41.937 [Thread-1] WARN  c.a.n.c.http.HttpClientBeanHolder - [HttpClientBeanHolder] Start destroying common HttpClient
2026-03-03 10:41:41.938 [Thread-7] WARN  c.a.nacos.common.notify.NotifyCenter - [NotifyCenter] Destruction of the end
2026-03-03 10:41:41.968 [Thread-1] WARN  c.a.n.c.http.HttpClientBeanHolder - [HttpClientBeanHolder] Destruction of the end
2026-03-03 10:41:42.361 [SpringApplicationShutdownHook] INFO  c.a.c.n.r.NacosServiceRegistry - De-registering from Nacos Server now...
2026-03-03 10:41:42.364 [SpringApplicationShutdownHook] INFO  com.alibaba.nacos.client.naming - [DEREGISTER-SERVICE] 2e254952-9803-4eae-8771-b086042c797f deregistering service communitysharing-user with instance: Instance{instanceId='null', ip='26.26.26.1', port=8083, weight=1.0, healthy=true, enabled=true, ephemeral=true, clusterName='DEFAULT', serviceName='null', metadata={}}
2026-03-03 10:41:42.378 [SpringApplicationShutdownHook] INFO  c.a.c.n.r.NacosServiceRegistry - De-registration finished.
2026-03-03 10:41:42.379 [SpringApplicationShutdownHook] INFO  com.alibaba.nacos.client.naming - com.alibaba.nacos.client.naming.cache.ServiceInfoHolder do shutdown begin
2026-03-03 10:41:42.380 [SpringApplicationShutdownHook] INFO  com.alibaba.nacos.client.naming - com.alibaba.nacos.client.naming.backups.FailoverReactor do shutdown begin
2026-03-03 10:41:42.381 [SpringApplicationShutdownHook] INFO  com.alibaba.nacos.client.naming - com.alibaba.nacos.client.naming.backups.FailoverReactor do shutdown stop
2026-03-03 10:41:42.381 [SpringApplicationShutdownHook] INFO  com.alibaba.nacos.client.naming - com.alibaba.nacos.client.naming.cache.ServiceInfoHolder do shutdown stop
2026-03-03 10:41:42.381 [SpringApplicationShutdownHook] INFO  com.alibaba.nacos.client.naming - com.alibaba.nacos.client.naming.remote.NamingClientProxyDelegate do shutdown begin
2026-03-03 10:41:42.381 [SpringApplicationShutdownHook] INFO  com.alibaba.nacos.client.naming - com.alibaba.nacos.client.naming.core.ServiceInfoUpdateService do shutdown begin
2026-03-03 10:41:42.382 [SpringApplicationShutdownHook] INFO  com.alibaba.nacos.client.naming - com.alibaba.nacos.client.naming.core.ServiceInfoUpdateService do shutdown stop
2026-03-03 10:41:42.382 [SpringApplicationShutdownHook] INFO  com.alibaba.nacos.client.naming - com.alibaba.nacos.client.naming.core.ServerListManager do shutdown begin
2026-03-03 10:41:42.382 [SpringApplicationShutdownHook] WARN  com.alibaba.nacos.client.naming - [NamingHttpClientManager] Start destroying NacosRestTemplate
2026-03-03 10:41:42.382 [SpringApplicationShutdownHook] WARN  com.alibaba.nacos.client.naming - [NamingHttpClientManager] Destruction of the end
2026-03-03 10:41:42.383 [SpringApplicationShutdownHook] INFO  com.alibaba.nacos.client.naming - com.alibaba.nacos.client.naming.core.ServerListManager do shutdown stop
2026-03-03 10:41:42.383 [SpringApplicationShutdownHook] INFO  com.alibaba.nacos.client.naming - com.alibaba.nacos.client.naming.remote.http.NamingHttpClientProxy do shutdown begin
2026-03-03 10:41:42.383 [SpringApplicationShutdownHook] WARN  com.alibaba.nacos.client.naming - [NamingHttpClientManager] Start destroying NacosRestTemplate
2026-03-03 10:41:42.383 [SpringApplicationShutdownHook] WARN  com.alibaba.nacos.client.naming - [NamingHttpClientManager] Destruction of the end
2026-03-03 10:41:42.383 [SpringApplicationShutdownHook] INFO  com.alibaba.nacos.client.naming - com.alibaba.nacos.client.naming.remote.http.NamingHttpClientProxy do shutdown stop
2026-03-03 10:41:42.383 [SpringApplicationShutdownHook] INFO  c.alibaba.nacos.common.remote.client - Shutdown rpc client, set status to shutdown
2026-03-03 10:41:42.383 [SpringApplicationShutdownHook] INFO  c.alibaba.nacos.common.remote.client - Shutdown client event executor java.util.concurrent.ScheduledThreadPoolExecutor@3f9ce6b2[Running, pool size = 2, active threads = 2, queued tasks = 0, completed tasks = 0]
2026-03-03 10:41:42.383 [SpringApplicationShutdownHook] INFO  c.alibaba.nacos.common.remote.client - Close current connection 1772458117666_172.17.0.1_39826
2026-03-03 10:41:42.394 [nacos-grpc-client-executor-127.0.0.1-9494] WARN  c.a.n.c.r.client.grpc.GrpcClient - [1772458117666_172.17.0.1_39826]Ignore error event,isRunning:false,isAbandon=false
2026-03-03 10:41:42.399 [SpringApplicationShutdownHook] INFO  c.a.n.c.r.client.grpc.GrpcClient - Shutdown grpc executor java.util.concurrent.ThreadPoolExecutor@52ab884[Running, pool size = 4, active threads = 0, queued tasks = 0, completed tasks = 9495]
2026-03-03 10:41:42.399 [SpringApplicationShutdownHook] INFO  com.alibaba.nacos.client.naming - Shutdown grpc redo service executor java.util.concurrent.ScheduledThreadPoolExecutor@44bdf5cb[Running, pool size = 1, active threads = 0, queued tasks = 1, completed tasks = 15818]
2026-03-03 10:41:42.400 [SpringApplicationShutdownHook] INFO  c.a.n.c.a.r.i.CredentialWatcher - [null] CredentialWatcher is stopped
2026-03-03 10:41:42.400 [SpringApplicationShutdownHook] INFO  c.a.n.c.a.r.i.CredentialService - [null] CredentialService is freed
2026-03-03 10:41:42.401 [SpringApplicationShutdownHook] INFO  com.alibaba.nacos.client.naming - com.alibaba.nacos.client.naming.remote.NamingClientProxyDelegate do shutdown stop
2026-03-03 10:41:42.585 [SpringApplicationShutdownHook] INFO  c.alibaba.druid.pool.DruidDataSource - {dataSource-1} closing ...
2026-03-03 10:41:42.589 [SpringApplicationShutdownHook] INFO  c.alibaba.druid.pool.DruidDataSource - {dataSource-1} closed
2026-03-03 10:48:29.063 [main] WARN  c.a.n.client.logging.NacosLogging - Load Logback Configuration of Nacos fail, message: Could not initialize Logback Nacos logging from classpath:nacos-logback.xml
2026-03-03 10:48:29.134 [main] WARN  c.a.n.client.logging.NacosLogging - Load Logback Configuration of Nacos fail, message: Could not initialize Logback Nacos logging from classpath:nacos-logback.xml
2026-03-03 10:48:29.350 [main] WARN  c.a.n.client.logging.NacosLogging - Load Logback Configuration of Nacos fail, message: Could not initialize Logback Nacos logging from classpath:nacos-logback.xml
2026-03-03 10:48:29.351 [main] INFO  c.a.nacos.client.utils.ParamUtil - [settings] [req-serv] nacos-server port:8848
2026-03-03 10:48:29.352 [main] INFO  c.a.nacos.client.utils.ParamUtil - [settings] [http-client] connect timeout:1000
2026-03-03 10:48:29.352 [main] INFO  c.a.nacos.client.utils.ParamUtil - PER_TASK_CONFIG_SIZE: 3000.0
2026-03-03 10:48:29.376 [main] INFO  c.a.n.p.a.s.c.ClientAuthPluginManager - [ClientAuthPluginManager] Load ClientAuthService com.alibaba.nacos.client.auth.impl.NacosClientAuthServiceImpl success.
2026-03-03 10:48:29.376 [main] INFO  c.a.n.p.a.s.c.ClientAuthPluginManager - [ClientAuthPluginManager] Load ClientAuthService com.alibaba.nacos.client.auth.ram.RamClientAuthServiceImpl success.
2026-03-03 10:48:29.380 [main] INFO  c.a.n.c.a.r.i.CredentialWatcher - null No credential found
2026-03-03 10:48:29.761 [main] WARN  c.a.n.client.logging.NacosLogging - Load Logback Configuration of Nacos fail, message: Could not initialize Logback Nacos logging from classpath:nacos-logback.xml
2026-03-03 10:48:29.774 [main] INFO  c.a.n.c.c.i.LocalConfigInfoProcessor - LOCAL_SNAPSHOT_PATH:C:\Users\moonth\nacos\config
2026-03-03 10:48:29.776 [main] INFO  c.alibaba.nacos.common.remote.client - [RpcClientFactory] create a new rpc client of 562af343-2cac-4dc9-a5a7-7ab9e33a092b_config-0
2026-03-03 10:48:29.787 [main] INFO  c.alibaba.nacos.common.remote.client - [562af343-2cac-4dc9-a5a7-7ab9e33a092b_config-0] Register server push request handler:com.alibaba.nacos.client.config.impl.ClientWorker$ConfigRpcTransportClient$$Lambda$585/0x0000000800f90a90
2026-03-03 10:48:29.788 [main] INFO  c.alibaba.nacos.common.remote.client - [562af343-2cac-4dc9-a5a7-7ab9e33a092b_config-0] Register server push request handler:com.alibaba.nacos.client.config.impl.ClientWorker$ConfigRpcTransportClient$$Lambda$586/0x0000000800f90eb0
2026-03-03 10:48:29.788 [main] INFO  c.alibaba.nacos.common.remote.client - [562af343-2cac-4dc9-a5a7-7ab9e33a092b_config-0] Registry connection listener to current client:com.alibaba.nacos.client.config.impl.ClientWorker$ConfigRpcTransportClient$1
2026-03-03 10:48:29.789 [main] INFO  c.alibaba.nacos.common.remote.client - [562af343-2cac-4dc9-a5a7-7ab9e33a092b_config-0] RpcClient init, ServerListFactory = com.alibaba.nacos.client.config.impl.ClientWorker$ConfigRpcTransportClient$2
2026-03-03 10:48:29.793 [main] INFO  c.alibaba.nacos.common.remote.client - [562af343-2cac-4dc9-a5a7-7ab9e33a092b_config-0] Try to connect to server on start up, server: {serverIp = '127.0.0.1', server main port = 8848}
2026-03-03 10:48:29.832 [main] INFO  c.a.n.c.r.client.grpc.GrpcClient - grpc client connection server:127.0.0.1 ip,serverPort:9848,grpcTslConfig:{"sslProvider":"OPENSSL","enableTls":false,"mutualAuthEnable":false,"trustAll":false}
2026-03-03 10:48:30.863 [main] INFO  c.alibaba.nacos.common.remote.client - [562af343-2cac-4dc9-a5a7-7ab9e33a092b_config-0] Success to connect to server [127.0.0.1:8848] on start up, connectionId = 1772506110666_172.17.0.1_56418
2026-03-03 10:48:30.864 [com.alibaba.nacos.client.remote.worker] INFO  c.alibaba.nacos.common.remote.client - [562af343-2cac-4dc9-a5a7-7ab9e33a092b_config-0] Notify connected event to listeners.
2026-03-03 10:48:30.864 [com.alibaba.nacos.client.remote.worker] INFO  c.a.n.c.config.impl.ClientWorker - [562af343-2cac-4dc9-a5a7-7ab9e33a092b_config-0] Connected,notify listen context...
2026-03-03 10:48:30.864 [main] INFO  c.alibaba.nacos.common.remote.client - [562af343-2cac-4dc9-a5a7-7ab9e33a092b_config-0] Register server push request handler:com.alibaba.nacos.common.remote.client.RpcClient$ConnectResetRequestHandler
2026-03-03 10:48:30.864 [main] INFO  c.alibaba.nacos.common.remote.client - [562af343-2cac-4dc9-a5a7-7ab9e33a092b_config-0] Register server push request handler:com.alibaba.nacos.common.remote.client.RpcClient$$Lambda$606/0x00000008010d6608
2026-03-03 10:48:30.900 [main] INFO  c.a.nacos.client.config.impl.Limiter - limitTime:5.0
2026-03-03 10:48:30.916 [main] WARN  c.a.c.n.c.NacosPropertySourceBuilder - Ignore the empty nacos configuration and get it based on dataId[communitysharing-user] & group[DEFAULT_GROUP]
2026-03-03 10:48:30.924 [main] WARN  c.a.c.n.c.NacosPropertySourceBuilder - Ignore the empty nacos configuration and get it based on dataId[communitysharing-user.yaml] & group[DEFAULT_GROUP]
2026-03-03 10:48:30.931 [main] WARN  c.a.c.n.c.NacosPropertySourceBuilder - Ignore the empty nacos configuration and get it based on dataId[communitysharing-user-dev.yaml] & group[DEFAULT_GROUP]
2026-03-03 10:48:30.932 [main] INFO  o.s.c.b.c.PropertySourceBootstrapConfiguration - Located property source: [BootstrapPropertySource {name='bootstrapProperties-communitysharing-user-dev.yaml,DEFAULT_GROUP'}, BootstrapPropertySource {name='bootstrapProperties-communitysharing-user.yaml,DEFAULT_GROUP'}, BootstrapPropertySource {name='bootstrapProperties-communitysharing-user,DEFAULT_GROUP'}]
2026-03-03 10:48:30.956 [main] WARN  c.a.n.client.logging.NacosLogging - Load Logback Configuration of Nacos fail, message: Could not initialize Logback Nacos logging from classpath:nacos-logback.xml
2026-03-03 10:48:30.957 [main] INFO  c.t.c.u.b.CommunitysharingUserBusinessApplication - The following 1 profile is active: "dev"
2026-03-03 10:48:31.544 [main] INFO  o.s.d.r.c.RepositoryConfigurationDelegate - Multiple Spring Data modules found, entering strict repository configuration mode
2026-03-03 10:48:31.546 [main] INFO  o.s.d.r.c.RepositoryConfigurationDelegate - Bootstrapping Spring Data Redis repositories in DEFAULT mode.
2026-03-03 10:48:31.564 [main] INFO  o.s.d.r.c.RepositoryConfigurationDelegate - Finished Spring Data repository scanning in 8 ms. Found 0 Redis repository interfaces.
2026-03-03 10:48:31.756 [main] INFO  o.s.cloud.context.scope.GenericScope - BeanFactory id=8e3783c6-4698-3abd-81be-aa6853e06300
2026-03-03 10:48:31.788 [main] INFO  o.s.c.s.PostProcessorRegistrationDelegate$BeanPostProcessorChecker - Bean 'com.taoxin.communitysharing.distributed.id.constructor.api.IdConstructorFeignApi' of type [org.springframework.cloud.openfeign.FeignClientFactoryBean] is not eligible for getting processed by all BeanPostProcessors (for example: not eligible for auto-proxying)
2026-03-03 10:48:31.789 [main] INFO  o.s.c.s.PostProcessorRegistrationDelegate$BeanPostProcessorChecker - Bean 'com.taoxin.communitysharing.oss.api.FileFeignApi' of type [org.springframework.cloud.openfeign.FeignClientFactoryBean] is not eligible for getting processed by all BeanPostProcessors (for example: not eligible for auto-proxying)
2026-03-03 10:48:31.791 [main] INFO  o.s.c.s.PostProcessorRegistrationDelegate$BeanPostProcessorChecker - Bean 'com.taoxin.communitysharing.search.user.api.UserFeignApi' of type [org.springframework.cloud.openfeign.FeignClientFactoryBean] is not eligible for getting processed by all BeanPostProcessors (for example: not eligible for auto-proxying)
2026-03-03 10:48:32.243 [main] INFO  o.s.b.w.e.tomcat.TomcatWebServer - Tomcat initialized with port(s): 8083 (http)
2026-03-03 10:48:32.250 [main] INFO  o.a.catalina.core.StandardService - Starting service [Tomcat]
2026-03-03 10:48:32.250 [main] INFO  o.a.catalina.core.StandardEngine - Starting Servlet engine: [Apache Tomcat/10.1.5]
2026-03-03 10:48:32.347 [main] INFO  o.a.c.c.C.[Tomcat].[localhost].[/] - Initializing Spring embedded WebApplicationContext
2026-03-03 10:48:32.348 [main] INFO  o.s.b.w.s.c.ServletWebServerApplicationContext - Root WebApplicationContext: initialization completed in 1374 ms
2026-03-03 10:48:32.464 [main] INFO  c.a.d.s.b.a.DruidDataSourceAutoConfigure - Init DruidDataSource
2026-03-03 10:48:32.758 [main] INFO  c.alibaba.druid.pool.DruidDataSource - {dataSource-1} inited
2026-03-03 10:48:33.051 [main] INFO  o.s.c.o.FeignClientFactoryBean - For 'communitysharing-oss' URL not provided. Will try picking an instance via load-balancing.
2026-03-03 10:48:33.277 [main] INFO  o.s.c.o.FeignClientFactoryBean - For 'communitysharing-distributed-id-constructor' URL not provided. Will try picking an instance via load-balancing.
2026-03-03 10:48:34.315 [main] INFO  o.s.b.w.e.tomcat.TomcatWebServer - Tomcat started on port(s): 8083 (http) with context path ''
2026-03-03 10:48:34.318 [main] INFO  com.alibaba.nacos.client.naming - initializer namespace from ans.namespace attribute : null
2026-03-03 10:48:34.319 [main] INFO  com.alibaba.nacos.client.naming - initializer namespace from ALIBABA_ALIWARE_NAMESPACE attribute :null
2026-03-03 10:48:34.320 [main] INFO  com.alibaba.nacos.client.naming - initializer namespace from namespace attribute :null
2026-03-03 10:48:34.325 [main] INFO  c.a.n.p.a.s.c.ClientAuthPluginManager - [ClientAuthPluginManager] Load ClientAuthService com.alibaba.nacos.client.auth.impl.NacosClientAuthServiceImpl success.
2026-03-03 10:48:34.325 [main] INFO  c.a.n.p.a.s.c.ClientAuthPluginManager - [ClientAuthPluginManager] Load ClientAuthService com.alibaba.nacos.client.auth.ram.RamClientAuthServiceImpl success.
2026-03-03 10:48:34.328 [main] INFO  c.alibaba.nacos.common.remote.client - [RpcClientFactory] create a new rpc client of e281141e-525b-499d-aa1c-ebc55f4a9149
2026-03-03 10:48:34.329 [main] INFO  c.alibaba.nacos.common.remote.client - [e281141e-525b-499d-aa1c-ebc55f4a9149] RpcClient init, ServerListFactory = com.alibaba.nacos.client.naming.core.ServerListManager
2026-03-03 10:48:34.329 [main] INFO  c.alibaba.nacos.common.remote.client - [e281141e-525b-499d-aa1c-ebc55f4a9149] Registry connection listener to current client:com.alibaba.nacos.client.naming.remote.gprc.redo.NamingGrpcRedoService
2026-03-03 10:48:34.329 [main] INFO  c.alibaba.nacos.common.remote.client - [e281141e-525b-499d-aa1c-ebc55f4a9149] Register server push request handler:com.alibaba.nacos.client.naming.remote.gprc.NamingPushRequestHandler
2026-03-03 10:48:34.329 [main] INFO  c.alibaba.nacos.common.remote.client - [e281141e-525b-499d-aa1c-ebc55f4a9149] Try to connect to server on start up, server: {serverIp = '127.0.0.1', server main port = 8848}
2026-03-03 10:48:34.329 [main] INFO  c.a.n.c.r.client.grpc.GrpcClient - grpc client connection server:127.0.0.1 ip,serverPort:9848,grpcTslConfig:{"sslProvider":"OPENSSL","enableTls":false,"mutualAuthEnable":false,"trustAll":false}
2026-03-03 10:48:34.455 [main] INFO  c.alibaba.nacos.common.remote.client - [e281141e-525b-499d-aa1c-ebc55f4a9149] Success to connect to server [127.0.0.1:8848] on start up, connectionId = 1772506114338_172.17.0.1_56442
2026-03-03 10:48:34.456 [main] INFO  c.alibaba.nacos.common.remote.client - [e281141e-525b-499d-aa1c-ebc55f4a9149] Register server push request handler:com.alibaba.nacos.common.remote.client.RpcClient$ConnectResetRequestHandler
2026-03-03 10:48:34.456 [com.alibaba.nacos.client.remote.worker] INFO  c.alibaba.nacos.common.remote.client - [e281141e-525b-499d-aa1c-ebc55f4a9149] Notify connected event to listeners.
2026-03-03 10:48:34.456 [main] INFO  c.alibaba.nacos.common.remote.client - [e281141e-525b-499d-aa1c-ebc55f4a9149] Register server push request handler:com.alibaba.nacos.common.remote.client.RpcClient$$Lambda$606/0x00000008010d6608
2026-03-03 10:48:34.456 [com.alibaba.nacos.client.remote.worker] INFO  com.alibaba.nacos.client.naming - Grpc connection connect
2026-03-03 10:48:34.457 [main] INFO  com.alibaba.nacos.client.naming - [REGISTER-SERVICE] 2e254952-9803-4eae-8771-b086042c797f registering service communitysharing-user with instance Instance{instanceId='null', ip='26.26.26.1', port=8083, weight=1.0, healthy=true, enabled=true, ephemeral=true, clusterName='DEFAULT', serviceName='null', metadata={IPv6=null, preserved.register.source=SPRING_CLOUD}}
2026-03-03 10:48:34.472 [main] INFO  c.a.c.n.r.NacosServiceRegistry - nacos registry, DEFAULT_GROUP communitysharing-user 26.26.26.1:8083 register finished
2026-03-03 10:48:34.652 [main] INFO  c.t.c.u.b.CommunitysharingUserBusinessApplication - Started CommunitysharingUserBusinessApplication in 6.189 seconds (process running for 6.824)
2026-03-03 10:48:34.653 [main] INFO  c.t.c.u.b.r.PushRolePermissionToRedisByRunning - == 项目启动 ==> 将数据库角色权限关系推送到Redis中
2026-03-03 10:48:35.071 [main] DEBUG c.t.c.u.b.d.m.R.selectEnabledRolesList - ==>  Preparing: select id,role_key, role_name from t_role where status = 0 and is_deleted = 0
2026-03-03 10:48:35.232 [main] DEBUG c.t.c.u.b.d.m.R.selectEnabledRolesList - ==> Parameters: 
2026-03-03 10:48:35.255 [main] DEBUG c.t.c.u.b.d.m.R.selectEnabledRolesList - <==      Total: 1
2026-03-03 10:48:35.258 [main] INFO  c.t.c.u.b.r.PushRolePermissionToRedisByRunning - == 项目启动 ==> 获取所有启用的角色: [1]
2026-03-03 10:48:35.276 [main] DEBUG c.t.c.u.b.d.m.R.selectByRoleIds - ==>  Preparing: select role_id, permission_id from t_role_permission_rel where role_id in ( ? )
2026-03-03 10:48:35.279 [main] DEBUG c.t.c.u.b.d.m.R.selectByRoleIds - ==> Parameters: 1(Long)
2026-03-03 10:48:35.284 [main] DEBUG c.t.c.u.b.d.m.R.selectByRoleIds - <==      Total: 2
2026-03-03 10:48:35.286 [main] DEBUG c.t.c.u.b.d.m.P.selectEnabledList - ==>  Preparing: select id, name, permission_key from t_permission where status = 0 and type = 3 and is_deleted = 0
2026-03-03 10:48:35.287 [main] DEBUG c.t.c.u.b.d.m.P.selectEnabledList - ==> Parameters: 
2026-03-03 10:48:35.295 [main] DEBUG c.t.c.u.b.d.m.P.selectEnabledList - <==      Total: 3
2026-03-03 10:48:35.319 [main] DEBUG c.t.c.u.b.d.m.R.selectAll - ==>  Preparing: select * from t_user_role_rel WHERE is_deleted = 0
2026-03-03 10:48:35.320 [main] DEBUG c.t.c.u.b.d.m.R.selectAll - ==> Parameters: 
2026-03-03 10:48:35.329 [main] DEBUG c.t.c.u.b.d.m.R.selectAll - <==      Total: 2
2026-03-03 10:48:35.369 [main] INFO  c.t.c.u.b.r.PushRolePermissionToRedisByRunning - == 项目启动 ==> 角色权限关系推送到Redis中完成
2026-03-03 10:48:35.372 [main] INFO  c.a.n.client.config.impl.CacheData - nacos.cache.data.init.snapshot = true 
2026-03-03 10:48:35.373 [main] INFO  c.a.n.c.config.impl.ClientWorker - [fixed-2e254952-9803-4eae-8771-b086042c797f-127.0.0.1_8848] [subscribe] communitysharing-user.yaml+DEFAULT_GROUP+2e254952-9803-4eae-8771-b086042c797f
2026-03-03 10:48:35.381 [main] INFO  c.a.n.client.config.impl.CacheData - [fixed-2e254952-9803-4eae-8771-b086042c797f-127.0.0.1_8848] [add-listener] ok, tenant=2e254952-9803-4eae-8771-b086042c797f, dataId=communitysharing-user.yaml, group=DEFAULT_GROUP, cnt=1
2026-03-03 10:48:35.381 [main] INFO  c.a.c.n.r.NacosContextRefresher - [Nacos Config] Listening config: dataId=communitysharing-user.yaml, group=DEFAULT_GROUP
2026-03-03 10:48:35.381 [main] INFO  c.a.n.c.config.impl.ClientWorker - [fixed-2e254952-9803-4eae-8771-b086042c797f-127.0.0.1_8848] [subscribe] communitysharing-user+DEFAULT_GROUP+2e254952-9803-4eae-8771-b086042c797f
2026-03-03 10:48:35.381 [main] INFO  c.a.n.client.config.impl.CacheData - [fixed-2e254952-9803-4eae-8771-b086042c797f-127.0.0.1_8848] [add-listener] ok, tenant=2e254952-9803-4eae-8771-b086042c797f, dataId=communitysharing-user, group=DEFAULT_GROUP, cnt=1
2026-03-03 10:48:35.381 [main] INFO  c.a.c.n.r.NacosContextRefresher - [Nacos Config] Listening config: dataId=communitysharing-user, group=DEFAULT_GROUP
2026-03-03 10:48:35.381 [main] INFO  c.a.n.c.config.impl.ClientWorker - [fixed-2e254952-9803-4eae-8771-b086042c797f-127.0.0.1_8848] [subscribe] communitysharing-user-dev.yaml+DEFAULT_GROUP+2e254952-9803-4eae-8771-b086042c797f
2026-03-03 10:48:35.381 [main] INFO  c.a.n.client.config.impl.CacheData - [fixed-2e254952-9803-4eae-8771-b086042c797f-127.0.0.1_8848] [add-listener] ok, tenant=2e254952-9803-4eae-8771-b086042c797f, dataId=communitysharing-user-dev.yaml, group=DEFAULT_GROUP, cnt=1
2026-03-03 10:48:35.381 [main] INFO  c.a.c.n.r.NacosContextRefresher - [Nacos Config] Listening config: dataId=communitysharing-user-dev.yaml, group=DEFAULT_GROUP
2026-03-03 10:56:52.299 [http-nio-8083-exec-1] INFO  o.a.c.c.C.[Tomcat].[localhost].[/] - Initializing Spring DispatcherServlet 'dispatcherServlet'
2026-03-03 10:56:52.300 [http-nio-8083-exec-1] INFO  o.s.web.servlet.DispatcherServlet - Initializing Servlet 'dispatcherServlet'
2026-03-03 10:56:52.303 [http-nio-8083-exec-1] INFO  o.s.web.servlet.DispatcherServlet - Completed initialization in 2 ms
2026-03-03 10:56:52.327 [http-nio-8083-exec-1] INFO  c.t.c.f.b.c.f.HeaderUserIdContextFilter - =======> HeaderUserIdContextFilter,userId: 10
2026-03-03 10:56:52.606 [http-nio-8083-exec-1] INFO  c.t.c.f.b.o.a.ApiOperationLogAspect - ====== 请求开始: [根据用户id查询用户列表], 入参: {"usersId":[10]}, 请求类: com.taoxin.communitysharing.user.business.controller.UserController, 请求方法: findUsersById =================================== 
2026-03-03 10:56:52.640 [http-nio-8083-exec-1] INFO  c.t.c.f.b.o.a.ApiOperationLogAspect - ====== 响应结束: [根据用户id查询用户列表], 耗时: 30ms, 返回参数: {"success":true,"data":{"usersInfo":[{"id":10,"communitysharingId":"10000012","nickname":"星陨落月","avatar":"http://127.0.0.1:9000/communitysharing/c0373cc462f24bf28ef73ffd3ec037a7.png","introduction":"喜欢打游戏，最近熬夜了，但不是打游戏熬夜"}]}} =================================== 
2026-03-03 10:56:52.672 [http-nio-8083-exec-1] INFO  c.t.c.f.b.c.f.HeaderUserIdContextFilter - =======> 删除 ThreadLocal， userId: 10
2026-03-03 11:05:03.734 [http-nio-8083-exec-3] INFO  c.t.c.f.b.c.f.HeaderUserIdContextFilter - =======> HeaderUserIdContextFilter,userId: 10
2026-03-03 11:05:03.735 [http-nio-8083-exec-3] INFO  c.t.c.f.b.o.a.ApiOperationLogAspect - ====== 请求开始: [根据用户id查询用户列表], 入参: {"usersId":[10]}, 请求类: com.taoxin.communitysharing.user.business.controller.UserController, 请求方法: findUsersById =================================== 
2026-03-03 11:05:03.738 [http-nio-8083-exec-3] INFO  c.t.c.f.b.o.a.ApiOperationLogAspect - ====== 响应结束: [根据用户id查询用户列表], 耗时: 2ms, 返回参数: {"success":true,"data":{"usersInfo":[{"id":10,"communitysharingId":"10000012","nickname":"星陨落月","avatar":"http://127.0.0.1:9000/communitysharing/c0373cc462f24bf28ef73ffd3ec037a7.png","introduction":"喜欢打游戏，最近熬夜了，但不是打游戏熬夜"}]}} =================================== 
2026-03-03 11:05:03.740 [http-nio-8083-exec-3] INFO  c.t.c.f.b.c.f.HeaderUserIdContextFilter - =======> 删除 ThreadLocal， userId: 10
2026-03-03 11:40:34.992 [http-nio-8083-exec-5] INFO  c.t.c.f.b.c.f.HeaderUserIdContextFilter - =======> HeaderUserIdContextFilter,userId: 10
2026-03-03 11:40:34.997 [http-nio-8083-exec-5] INFO  c.t.c.f.b.o.a.ApiOperationLogAspect - ====== 请求开始: [根据用户id查询用户列表], 入参: {"usersId":[10]}, 请求类: com.taoxin.communitysharing.user.business.controller.UserController, 请求方法: findUsersById =================================== 
2026-03-03 11:40:35.003 [http-nio-8083-exec-5] INFO  c.t.c.f.b.o.a.ApiOperationLogAspect - ====== 响应结束: [根据用户id查询用户列表], 耗时: 6ms, 返回参数: {"success":true,"data":{"usersInfo":[{"id":10,"communitysharingId":"10000012","nickname":"星陨落月","avatar":"http://127.0.0.1:9000/communitysharing/c0373cc462f24bf28ef73ffd3ec037a7.png","introduction":"喜欢打游戏，最近熬夜了，但不是打游戏熬夜"}]}} =================================== 
2026-03-03 11:40:35.006 [http-nio-8083-exec-5] INFO  c.t.c.f.b.c.f.HeaderUserIdContextFilter - =======> 删除 ThreadLocal， userId: 10
2026-03-03 11:41:03.834 [http-nio-8083-exec-7] INFO  c.t.c.f.b.c.f.HeaderUserIdContextFilter - =======> HeaderUserIdContextFilter,userId: 10
2026-03-03 11:41:03.836 [http-nio-8083-exec-7] INFO  c.t.c.f.b.o.a.ApiOperationLogAspect - ====== 请求开始: [根据用户id查询用户列表], 入参: {"usersId":[10]}, 请求类: com.taoxin.communitysharing.user.business.controller.UserController, 请求方法: findUsersById =================================== 
2026-03-03 11:41:03.838 [http-nio-8083-exec-7] INFO  c.t.c.f.b.o.a.ApiOperationLogAspect - ====== 响应结束: [根据用户id查询用户列表], 耗时: 2ms, 返回参数: {"success":true,"data":{"usersInfo":[{"id":10,"communitysharingId":"10000012","nickname":"星陨落月","avatar":"http://127.0.0.1:9000/communitysharing/c0373cc462f24bf28ef73ffd3ec037a7.png","introduction":"喜欢打游戏，最近熬夜了，但不是打游戏熬夜"}]}} =================================== 
2026-03-03 11:41:03.840 [http-nio-8083-exec-7] INFO  c.t.c.f.b.c.f.HeaderUserIdContextFilter - =======> 删除 ThreadLocal， userId: 10
2026-03-03 11:47:05.134 [http-nio-8083-exec-9] INFO  c.t.c.f.b.c.f.HeaderUserIdContextFilter - =======> HeaderUserIdContextFilter,userId: 10
2026-03-03 11:47:05.136 [http-nio-8083-exec-9] INFO  c.t.c.f.b.o.a.ApiOperationLogAspect - ====== 请求开始: [根据用户id查询用户列表], 入参: {"usersId":[10]}, 请求类: com.taoxin.communitysharing.user.business.controller.UserController, 请求方法: findUsersById =================================== 
2026-03-03 11:47:05.137 [http-nio-8083-exec-9] INFO  c.t.c.f.b.o.a.ApiOperationLogAspect - ====== 响应结束: [根据用户id查询用户列表], 耗时: 1ms, 返回参数: {"success":true,"data":{"usersInfo":[{"id":10,"communitysharingId":"10000012","nickname":"星陨落月","avatar":"http://127.0.0.1:9000/communitysharing/c0373cc462f24bf28ef73ffd3ec037a7.png","introduction":"喜欢打游戏，最近熬夜了，但不是打游戏熬夜"}]}} =================================== 
2026-03-03 11:47:05.138 [http-nio-8083-exec-9] INFO  c.t.c.f.b.c.f.HeaderUserIdContextFilter - =======> 删除 ThreadLocal， userId: 10
2026-03-03 11:53:50.096 [http-nio-8083-exec-1] INFO  c.t.c.f.b.c.f.HeaderUserIdContextFilter - =======> HeaderUserIdContextFilter,userId: 10
2026-03-03 11:53:50.098 [http-nio-8083-exec-1] INFO  c.t.c.f.b.o.a.ApiOperationLogAspect - ====== 请求开始: [根据用户id查询用户列表], 入参: {"usersId":[10]}, 请求类: com.taoxin.communitysharing.user.business.controller.UserController, 请求方法: findUsersById =================================== 
2026-03-03 11:53:50.101 [http-nio-8083-exec-1] INFO  c.t.c.f.b.o.a.ApiOperationLogAspect - ====== 响应结束: [根据用户id查询用户列表], 耗时: 2ms, 返回参数: {"success":true,"data":{"usersInfo":[{"id":10,"communitysharingId":"10000012","nickname":"星陨落月","avatar":"http://127.0.0.1:9000/communitysharing/c0373cc462f24bf28ef73ffd3ec037a7.png","introduction":"喜欢打游戏，最近熬夜了，但不是打游戏熬夜"}]}} =================================== 
2026-03-03 11:53:50.102 [http-nio-8083-exec-1] INFO  c.t.c.f.b.c.f.HeaderUserIdContextFilter - =======> 删除 ThreadLocal， userId: 10
2026-03-03 11:55:22.159 [http-nio-8083-exec-3] INFO  c.t.c.f.b.c.f.HeaderUserIdContextFilter - =======> HeaderUserIdContextFilter,userId: 10
2026-03-03 11:55:22.161 [http-nio-8083-exec-3] INFO  c.t.c.f.b.o.a.ApiOperationLogAspect - ====== 请求开始: [根据用户id查询用户列表], 入参: {"usersId":[10]}, 请求类: com.taoxin.communitysharing.user.business.controller.UserController, 请求方法: findUsersById =================================== 
2026-03-03 11:55:22.164 [http-nio-8083-exec-3] INFO  c.t.c.f.b.o.a.ApiOperationLogAspect - ====== 响应结束: [根据用户id查询用户列表], 耗时: 3ms, 返回参数: {"success":true,"data":{"usersInfo":[{"id":10,"communitysharingId":"10000012","nickname":"星陨落月","avatar":"http://127.0.0.1:9000/communitysharing/c0373cc462f24bf28ef73ffd3ec037a7.png","introduction":"喜欢打游戏，最近熬夜了，但不是打游戏熬夜"}]}} =================================== 
2026-03-03 11:55:22.166 [http-nio-8083-exec-3] INFO  c.t.c.f.b.c.f.HeaderUserIdContextFilter - =======> 删除 ThreadLocal， userId: 10
2026-03-03 13:39:04.975 [http-nio-8083-exec-5] INFO  c.t.c.f.b.c.f.HeaderUserIdContextFilter - =======> HeaderUserIdContextFilter,userId: 10
2026-03-03 13:39:05.005 [http-nio-8083-exec-5] INFO  c.t.c.f.b.o.a.ApiOperationLogAspect - ====== 请求开始: [根据用户id查询用户列表], 入参: {"usersId":[10]}, 请求类: com.taoxin.communitysharing.user.business.controller.UserController, 请求方法: findUsersById =================================== 
2026-03-03 13:39:05.016 [http-nio-8083-exec-5] INFO  c.t.c.f.b.o.a.ApiOperationLogAspect - ====== 响应结束: [根据用户id查询用户列表], 耗时: 10ms, 返回参数: {"success":true,"data":{"usersInfo":[{"id":10,"communitysharingId":"10000012","nickname":"星陨落月","avatar":"http://127.0.0.1:9000/communitysharing/c0373cc462f24bf28ef73ffd3ec037a7.png","introduction":"喜欢打游戏，最近熬夜了，但不是打游戏熬夜"}]}} =================================== 
2026-03-03 13:39:05.032 [http-nio-8083-exec-5] INFO  c.t.c.f.b.c.f.HeaderUserIdContextFilter - =======> 删除 ThreadLocal， userId: 10
2026-03-03 13:46:05.083 [http-nio-8083-exec-7] INFO  c.t.c.f.b.c.f.HeaderUserIdContextFilter - =======> HeaderUserIdContextFilter,userId: 10
2026-03-03 13:46:05.086 [http-nio-8083-exec-7] INFO  c.t.c.f.b.o.a.ApiOperationLogAspect - ====== 请求开始: [根据用户id查询用户列表], 入参: {"usersId":[10]}, 请求类: com.taoxin.communitysharing.user.business.controller.UserController, 请求方法: findUsersById =================================== 
2026-03-03 13:46:05.100 [http-nio-8083-exec-7] INFO  c.t.c.f.b.o.a.ApiOperationLogAspect - ====== 响应结束: [根据用户id查询用户列表], 耗时: 12ms, 返回参数: {"success":true,"data":{"usersInfo":[{"id":10,"communitysharingId":"10000012","nickname":"星陨落月","avatar":"http://127.0.0.1:9000/communitysharing/c0373cc462f24bf28ef73ffd3ec037a7.png","introduction":"喜欢打游戏，最近熬夜了，但不是打游戏熬夜"}]}} =================================== 
2026-03-03 13:46:05.103 [http-nio-8083-exec-7] INFO  c.t.c.f.b.c.f.HeaderUserIdContextFilter - =======> 删除 ThreadLocal， userId: 10
2026-03-03 15:44:28.819 [http-nio-8083-exec-9] INFO  c.t.c.f.b.c.f.HeaderUserIdContextFilter - =======> HeaderUserIdContextFilter,userId: 10
2026-03-03 15:44:28.838 [http-nio-8083-exec-9] INFO  c.t.c.f.b.o.a.ApiOperationLogAspect - ====== 请求开始: [根据用户id查询用户列表], 入参: {"usersId":[10]}, 请求类: com.taoxin.communitysharing.user.business.controller.UserController, 请求方法: findUsersById =================================== 
2026-03-03 15:44:28.847 [http-nio-8083-exec-9] INFO  c.t.c.f.b.o.a.ApiOperationLogAspect - ====== 响应结束: [根据用户id查询用户列表], 耗时: 9ms, 返回参数: {"success":true,"data":{"usersInfo":[{"id":10,"communitysharingId":"10000012","nickname":"星陨落月","avatar":"http://127.0.0.1:9000/communitysharing/c0373cc462f24bf28ef73ffd3ec037a7.png","introduction":"喜欢打游戏，最近熬夜了，但不是打游戏熬夜"}]}} =================================== 
2026-03-03 15:44:28.852 [http-nio-8083-exec-9] INFO  c.t.c.f.b.c.f.HeaderUserIdContextFilter - =======> 删除 ThreadLocal， userId: 10
2026-03-03 15:46:32.592 [http-nio-8083-exec-1] INFO  c.t.c.f.b.c.f.HeaderUserIdContextFilter - =======> HeaderUserIdContextFilter,userId: 10
2026-03-03 15:46:32.593 [http-nio-8083-exec-1] INFO  c.t.c.f.b.o.a.ApiOperationLogAspect - ====== 请求开始: [根据用户id查询用户列表], 入参: {"usersId":[10]}, 请求类: com.taoxin.communitysharing.user.business.controller.UserController, 请求方法: findUsersById =================================== 
2026-03-03 15:46:32.596 [http-nio-8083-exec-1] INFO  c.t.c.f.b.o.a.ApiOperationLogAspect - ====== 响应结束: [根据用户id查询用户列表], 耗时: 3ms, 返回参数: {"success":true,"data":{"usersInfo":[{"id":10,"communitysharingId":"10000012","nickname":"星陨落月","avatar":"http://127.0.0.1:9000/communitysharing/c0373cc462f24bf28ef73ffd3ec037a7.png","introduction":"喜欢打游戏，最近熬夜了，但不是打游戏熬夜"}]}} =================================== 
2026-03-03 15:46:32.597 [http-nio-8083-exec-1] INFO  c.t.c.f.b.c.f.HeaderUserIdContextFilter - =======> 删除 ThreadLocal， userId: 10
2026-03-03 15:51:51.310 [http-nio-8083-exec-3] INFO  c.t.c.f.b.c.f.HeaderUserIdContextFilter - =======> HeaderUserIdContextFilter,userId: 10
2026-03-03 15:51:51.311 [http-nio-8083-exec-3] INFO  c.t.c.f.b.o.a.ApiOperationLogAspect - ====== 请求开始: [根据用户id查询用户列表], 入参: {"usersId":[10]}, 请求类: com.taoxin.communitysharing.user.business.controller.UserController, 请求方法: findUsersById =================================== 
2026-03-03 15:51:51.314 [http-nio-8083-exec-3] INFO  c.t.c.f.b.o.a.ApiOperationLogAspect - ====== 响应结束: [根据用户id查询用户列表], 耗时: 2ms, 返回参数: {"success":true,"data":{"usersInfo":[{"id":10,"communitysharingId":"10000012","nickname":"星陨落月","avatar":"http://127.0.0.1:9000/communitysharing/c0373cc462f24bf28ef73ffd3ec037a7.png","introduction":"喜欢打游戏，最近熬夜了，但不是打游戏熬夜"}]}} =================================== 
2026-03-03 15:51:51.315 [http-nio-8083-exec-3] INFO  c.t.c.f.b.c.f.HeaderUserIdContextFilter - =======> 删除 ThreadLocal， userId: 10
2026-03-03 15:56:48.776 [http-nio-8083-exec-5] INFO  c.t.c.f.b.c.f.HeaderUserIdContextFilter - =======> HeaderUserIdContextFilter,userId: 10
2026-03-03 15:56:48.778 [http-nio-8083-exec-5] INFO  c.t.c.f.b.o.a.ApiOperationLogAspect - ====== 请求开始: [根据用户id查询用户列表], 入参: {"usersId":[10]}, 请求类: com.taoxin.communitysharing.user.business.controller.UserController, 请求方法: findUsersById =================================== 
2026-03-03 15:56:48.782 [http-nio-8083-exec-5] INFO  c.t.c.f.b.o.a.ApiOperationLogAspect - ====== 响应结束: [根据用户id查询用户列表], 耗时: 3ms, 返回参数: {"success":true,"data":{"usersInfo":[{"id":10,"communitysharingId":"10000012","nickname":"星陨落月","avatar":"http://127.0.0.1:9000/communitysharing/c0373cc462f24bf28ef73ffd3ec037a7.png","introduction":"喜欢打游戏，最近熬夜了，但不是打游戏熬夜"}]}} =================================== 
2026-03-03 15:56:48.785 [http-nio-8083-exec-5] INFO  c.t.c.f.b.c.f.HeaderUserIdContextFilter - =======> 删除 ThreadLocal， userId: 10
2026-03-03 15:59:55.389 [http-nio-8083-exec-7] INFO  c.t.c.f.b.c.f.HeaderUserIdContextFilter - =======> HeaderUserIdContextFilter,userId: 10
2026-03-03 15:59:55.391 [http-nio-8083-exec-7] INFO  c.t.c.f.b.o.a.ApiOperationLogAspect - ====== 请求开始: [根据用户id查询用户列表], 入参: {"usersId":[10]}, 请求类: com.taoxin.communitysharing.user.business.controller.UserController, 请求方法: findUsersById =================================== 
2026-03-03 15:59:55.394 [http-nio-8083-exec-7] INFO  c.t.c.f.b.o.a.ApiOperationLogAspect - ====== 响应结束: [根据用户id查询用户列表], 耗时: 3ms, 返回参数: {"success":true,"data":{"usersInfo":[{"id":10,"communitysharingId":"10000012","nickname":"星陨落月","avatar":"http://127.0.0.1:9000/communitysharing/c0373cc462f24bf28ef73ffd3ec037a7.png","introduction":"喜欢打游戏，最近熬夜了，但不是打游戏熬夜"}]}} =================================== 
2026-03-03 15:59:55.395 [http-nio-8083-exec-7] INFO  c.t.c.f.b.c.f.HeaderUserIdContextFilter - =======> 删除 ThreadLocal， userId: 10
2026-03-03 16:03:49.763 [http-nio-8083-exec-9] INFO  c.t.c.f.b.c.f.HeaderUserIdContextFilter - =======> HeaderUserIdContextFilter,userId: 10
2026-03-03 16:03:49.764 [http-nio-8083-exec-9] INFO  c.t.c.f.b.o.a.ApiOperationLogAspect - ====== 请求开始: [根据用户id查询用户列表], 入参: {"usersId":[10]}, 请求类: com.taoxin.communitysharing.user.business.controller.UserController, 请求方法: findUsersById =================================== 
2026-03-03 16:03:49.767 [http-nio-8083-exec-9] INFO  c.t.c.f.b.o.a.ApiOperationLogAspect - ====== 响应结束: [根据用户id查询用户列表], 耗时: 2ms, 返回参数: {"success":true,"data":{"usersInfo":[{"id":10,"communitysharingId":"10000012","nickname":"星陨落月","avatar":"http://127.0.0.1:9000/communitysharing/c0373cc462f24bf28ef73ffd3ec037a7.png","introduction":"喜欢打游戏，最近熬夜了，但不是打游戏熬夜"}]}} =================================== 
2026-03-03 16:03:49.767 [http-nio-8083-exec-9] INFO  c.t.c.f.b.c.f.HeaderUserIdContextFilter - =======> 删除 ThreadLocal， userId: 10
2026-03-03 16:04:16.202 [http-nio-8083-exec-1] INFO  c.t.c.f.b.c.f.HeaderUserIdContextFilter - =======> HeaderUserIdContextFilter,userId: 10
2026-03-03 16:04:16.211 [http-nio-8083-exec-1] INFO  c.t.c.f.b.o.a.ApiOperationLogAspect - ====== 请求开始: [根据用户id查询用户列表], 入参: {"usersId":[10]}, 请求类: com.taoxin.communitysharing.user.business.controller.UserController, 请求方法: findUsersById =================================== 
2026-03-03 16:04:16.222 [http-nio-8083-exec-1] INFO  c.t.c.f.b.o.a.ApiOperationLogAspect - ====== 响应结束: [根据用户id查询用户列表], 耗时: 10ms, 返回参数: {"success":true,"data":{"usersInfo":[{"id":10,"communitysharingId":"10000012","nickname":"星陨落月","avatar":"http://127.0.0.1:9000/communitysharing/c0373cc462f24bf28ef73ffd3ec037a7.png","introduction":"喜欢打游戏，最近熬夜了，但不是打游戏熬夜"}]}} =================================== 
2026-03-03 16:04:16.225 [http-nio-8083-exec-1] INFO  c.t.c.f.b.c.f.HeaderUserIdContextFilter - =======> 删除 ThreadLocal， userId: 10
2026-03-03 16:13:37.723 [http-nio-8083-exec-3] INFO  c.t.c.f.b.c.f.HeaderUserIdContextFilter - =======> HeaderUserIdContextFilter,userId: 10
2026-03-03 16:13:37.725 [http-nio-8083-exec-3] INFO  c.t.c.f.b.o.a.ApiOperationLogAspect - ====== 请求开始: [根据用户id查询用户列表], 入参: {"usersId":[10]}, 请求类: com.taoxin.communitysharing.user.business.controller.UserController, 请求方法: findUsersById =================================== 
2026-03-03 16:13:37.727 [http-nio-8083-exec-3] INFO  c.t.c.f.b.o.a.ApiOperationLogAspect - ====== 响应结束: [根据用户id查询用户列表], 耗时: 2ms, 返回参数: {"success":true,"data":{"usersInfo":[{"id":10,"communitysharingId":"10000012","nickname":"星陨落月","avatar":"http://127.0.0.1:9000/communitysharing/c0373cc462f24bf28ef73ffd3ec037a7.png","introduction":"喜欢打游戏，最近熬夜了，但不是打游戏熬夜"}]}} =================================== 
2026-03-03 16:13:37.728 [http-nio-8083-exec-3] INFO  c.t.c.f.b.c.f.HeaderUserIdContextFilter - =======> 删除 ThreadLocal， userId: 10
2026-03-03 16:21:01.660 [http-nio-8083-exec-5] INFO  c.t.c.f.b.c.f.HeaderUserIdContextFilter - =======> HeaderUserIdContextFilter,userId: 10
2026-03-03 16:21:01.662 [http-nio-8083-exec-5] INFO  c.t.c.f.b.o.a.ApiOperationLogAspect - ====== 请求开始: [根据用户id查询用户列表], 入参: {"usersId":[10]}, 请求类: com.taoxin.communitysharing.user.business.controller.UserController, 请求方法: findUsersById =================================== 
2026-03-03 16:21:01.664 [http-nio-8083-exec-5] INFO  c.t.c.f.b.o.a.ApiOperationLogAspect - ====== 响应结束: [根据用户id查询用户列表], 耗时: 2ms, 返回参数: {"success":true,"data":{"usersInfo":[{"id":10,"communitysharingId":"10000012","nickname":"星陨落月","avatar":"http://127.0.0.1:9000/communitysharing/c0373cc462f24bf28ef73ffd3ec037a7.png","introduction":"喜欢打游戏，最近熬夜了，但不是打游戏熬夜"}]}} =================================== 
2026-03-03 16:21:01.664 [http-nio-8083-exec-5] INFO  c.t.c.f.b.c.f.HeaderUserIdContextFilter - =======> 删除 ThreadLocal， userId: 10
2026-03-03 16:22:44.322 [http-nio-8083-exec-7] INFO  c.t.c.f.b.c.f.HeaderUserIdContextFilter - =======> HeaderUserIdContextFilter,userId: 10
2026-03-03 16:22:44.323 [http-nio-8083-exec-7] INFO  c.t.c.f.b.o.a.ApiOperationLogAspect - ====== 请求开始: [根据用户id查询用户列表], 入参: {"usersId":[10]}, 请求类: com.taoxin.communitysharing.user.business.controller.UserController, 请求方法: findUsersById =================================== 
2026-03-03 16:22:44.326 [http-nio-8083-exec-7] INFO  c.t.c.f.b.o.a.ApiOperationLogAspect - ====== 响应结束: [根据用户id查询用户列表], 耗时: 3ms, 返回参数: {"success":true,"data":{"usersInfo":[{"id":10,"communitysharingId":"10000012","nickname":"星陨落月","avatar":"http://127.0.0.1:9000/communitysharing/c0373cc462f24bf28ef73ffd3ec037a7.png","introduction":"喜欢打游戏，最近熬夜了，但不是打游戏熬夜"}]}} =================================== 
2026-03-03 16:22:44.328 [http-nio-8083-exec-7] INFO  c.t.c.f.b.c.f.HeaderUserIdContextFilter - =======> 删除 ThreadLocal， userId: 10
2026-03-03 16:28:47.436 [http-nio-8083-exec-9] INFO  c.t.c.f.b.c.f.HeaderUserIdContextFilter - =======> HeaderUserIdContextFilter,userId: 10
2026-03-03 16:28:47.438 [http-nio-8083-exec-9] INFO  c.t.c.f.b.o.a.ApiOperationLogAspect - ====== 请求开始: [根据用户id查询用户列表], 入参: {"usersId":[10]}, 请求类: com.taoxin.communitysharing.user.business.controller.UserController, 请求方法: findUsersById =================================== 
2026-03-03 16:28:47.441 [http-nio-8083-exec-9] INFO  c.t.c.f.b.o.a.ApiOperationLogAspect - ====== 响应结束: [根据用户id查询用户列表], 耗时: 2ms, 返回参数: {"success":true,"data":{"usersInfo":[{"id":10,"communitysharingId":"10000012","nickname":"星陨落月","avatar":"http://127.0.0.1:9000/communitysharing/c0373cc462f24bf28ef73ffd3ec037a7.png","introduction":"喜欢打游戏，最近熬夜了，但不是打游戏熬夜"}]}} =================================== 
2026-03-03 16:28:47.442 [http-nio-8083-exec-9] INFO  c.t.c.f.b.c.f.HeaderUserIdContextFilter - =======> 删除 ThreadLocal， userId: 10
2026-03-03 16:32:39.848 [http-nio-8083-exec-1] INFO  c.t.c.f.b.c.f.HeaderUserIdContextFilter - =======> HeaderUserIdContextFilter,userId: 10
2026-03-03 16:32:39.849 [http-nio-8083-exec-1] INFO  c.t.c.f.b.o.a.ApiOperationLogAspect - ====== 请求开始: [根据用户id查询用户列表], 入参: {"usersId":[10]}, 请求类: com.taoxin.communitysharing.user.business.controller.UserController, 请求方法: findUsersById =================================== 
2026-03-03 16:32:39.851 [http-nio-8083-exec-1] INFO  c.t.c.f.b.o.a.ApiOperationLogAspect - ====== 响应结束: [根据用户id查询用户列表], 耗时: 2ms, 返回参数: {"success":true,"data":{"usersInfo":[{"id":10,"communitysharingId":"10000012","nickname":"星陨落月","avatar":"http://127.0.0.1:9000/communitysharing/c0373cc462f24bf28ef73ffd3ec037a7.png","introduction":"喜欢打游戏，最近熬夜了，但不是打游戏熬夜"}]}} =================================== 
2026-03-03 16:32:39.852 [http-nio-8083-exec-1] INFO  c.t.c.f.b.c.f.HeaderUserIdContextFilter - =======> 删除 ThreadLocal， userId: 10
2026-03-03 16:33:54.225 [http-nio-8083-exec-3] INFO  c.t.c.f.b.c.f.HeaderUserIdContextFilter - =======> HeaderUserIdContextFilter,userId: 10
2026-03-03 16:33:54.226 [http-nio-8083-exec-3] INFO  c.t.c.f.b.o.a.ApiOperationLogAspect - ====== 请求开始: [根据用户id查询用户列表], 入参: {"usersId":[10]}, 请求类: com.taoxin.communitysharing.user.business.controller.UserController, 请求方法: findUsersById =================================== 
2026-03-03 16:33:54.228 [http-nio-8083-exec-3] INFO  c.t.c.f.b.o.a.ApiOperationLogAspect - ====== 响应结束: [根据用户id查询用户列表], 耗时: 2ms, 返回参数: {"success":true,"data":{"usersInfo":[{"id":10,"communitysharingId":"10000012","nickname":"星陨落月","avatar":"http://127.0.0.1:9000/communitysharing/c0373cc462f24bf28ef73ffd3ec037a7.png","introduction":"喜欢打游戏，最近熬夜了，但不是打游戏熬夜"}]}} =================================== 
2026-03-03 16:33:54.229 [http-nio-8083-exec-3] INFO  c.t.c.f.b.c.f.HeaderUserIdContextFilter - =======> 删除 ThreadLocal， userId: 10
2026-03-03 16:34:18.316 [http-nio-8083-exec-5] INFO  c.t.c.f.b.c.f.HeaderUserIdContextFilter - =======> HeaderUserIdContextFilter,userId: 10
2026-03-03 16:34:18.317 [http-nio-8083-exec-5] INFO  c.t.c.f.b.o.a.ApiOperationLogAspect - ====== 请求开始: [根据用户id查询用户列表], 入参: {"usersId":[10]}, 请求类: com.taoxin.communitysharing.user.business.controller.UserController, 请求方法: findUsersById =================================== 
2026-03-03 16:34:18.319 [http-nio-8083-exec-5] INFO  c.t.c.f.b.o.a.ApiOperationLogAspect - ====== 响应结束: [根据用户id查询用户列表], 耗时: 2ms, 返回参数: {"success":true,"data":{"usersInfo":[{"id":10,"communitysharingId":"10000012","nickname":"星陨落月","avatar":"http://127.0.0.1:9000/communitysharing/c0373cc462f24bf28ef73ffd3ec037a7.png","introduction":"喜欢打游戏，最近熬夜了，但不是打游戏熬夜"}]}} =================================== 
2026-03-03 16:34:18.321 [http-nio-8083-exec-5] INFO  c.t.c.f.b.c.f.HeaderUserIdContextFilter - =======> 删除 ThreadLocal， userId: 10
2026-03-03 16:36:24.030 [http-nio-8083-exec-7] INFO  c.t.c.f.b.c.f.HeaderUserIdContextFilter - =======> HeaderUserIdContextFilter,userId: 10
2026-03-03 16:36:24.033 [http-nio-8083-exec-7] INFO  c.t.c.f.b.o.a.ApiOperationLogAspect - ====== 请求开始: [根据用户id查询用户列表], 入参: {"usersId":[10]}, 请求类: com.taoxin.communitysharing.user.business.controller.UserController, 请求方法: findUsersById =================================== 
2026-03-03 16:36:24.036 [http-nio-8083-exec-7] INFO  c.t.c.f.b.o.a.ApiOperationLogAspect - ====== 响应结束: [根据用户id查询用户列表], 耗时: 3ms, 返回参数: {"success":true,"data":{"usersInfo":[{"id":10,"communitysharingId":"10000012","nickname":"星陨落月","avatar":"http://127.0.0.1:9000/communitysharing/c0373cc462f24bf28ef73ffd3ec037a7.png","introduction":"喜欢打游戏，最近熬夜了，但不是打游戏熬夜"}]}} =================================== 
2026-03-03 16:36:24.038 [http-nio-8083-exec-7] INFO  c.t.c.f.b.c.f.HeaderUserIdContextFilter - =======> 删除 ThreadLocal， userId: 10
2026-03-03 16:37:31.644 [http-nio-8083-exec-9] INFO  c.t.c.f.b.c.f.HeaderUserIdContextFilter - =======> HeaderUserIdContextFilter,userId: 10
2026-03-03 16:37:31.645 [http-nio-8083-exec-9] INFO  c.t.c.f.b.o.a.ApiOperationLogAspect - ====== 请求开始: [根据用户id查询用户列表], 入参: {"usersId":[10]}, 请求类: com.taoxin.communitysharing.user.business.controller.UserController, 请求方法: findUsersById =================================== 
2026-03-03 16:37:31.647 [http-nio-8083-exec-9] INFO  c.t.c.f.b.o.a.ApiOperationLogAspect - ====== 响应结束: [根据用户id查询用户列表], 耗时: 2ms, 返回参数: {"success":true,"data":{"usersInfo":[{"id":10,"communitysharingId":"10000012","nickname":"星陨落月","avatar":"http://127.0.0.1:9000/communitysharing/c0373cc462f24bf28ef73ffd3ec037a7.png","introduction":"喜欢打游戏，最近熬夜了，但不是打游戏熬夜"}]}} =================================== 
2026-03-03 16:37:31.649 [http-nio-8083-exec-9] INFO  c.t.c.f.b.c.f.HeaderUserIdContextFilter - =======> 删除 ThreadLocal， userId: 10
2026-03-03 16:56:23.142 [http-nio-8083-exec-1] INFO  c.t.c.f.b.c.f.HeaderUserIdContextFilter - =======> HeaderUserIdContextFilter,userId: 10
2026-03-03 16:56:23.144 [http-nio-8083-exec-1] INFO  c.t.c.f.b.o.a.ApiOperationLogAspect - ====== 请求开始: [根据用户id查询用户列表], 入参: {"usersId":[10]}, 请求类: com.taoxin.communitysharing.user.business.controller.UserController, 请求方法: findUsersById =================================== 
2026-03-03 16:56:23.148 [http-nio-8083-exec-1] INFO  c.t.c.f.b.o.a.ApiOperationLogAspect - ====== 响应结束: [根据用户id查询用户列表], 耗时: 4ms, 返回参数: {"success":true,"data":{"usersInfo":[{"id":10,"communitysharingId":"10000012","nickname":"星陨落月","avatar":"http://127.0.0.1:9000/communitysharing/c0373cc462f24bf28ef73ffd3ec037a7.png","introduction":"喜欢打游戏，最近熬夜了，但不是打游戏熬夜"}]}} =================================== 
2026-03-03 16:56:23.150 [http-nio-8083-exec-1] INFO  c.t.c.f.b.c.f.HeaderUserIdContextFilter - =======> 删除 ThreadLocal， userId: 10
2026-03-03 18:50:49.019 [http-nio-8083-exec-3] INFO  c.t.c.f.b.c.f.HeaderUserIdContextFilter - =======> HeaderUserIdContextFilter,userId: 10
2026-03-03 18:50:49.043 [http-nio-8083-exec-3] INFO  c.t.c.f.b.o.a.ApiOperationLogAspect - ====== 请求开始: [根据用户id查询用户列表], 入参: {"usersId":[10]}, 请求类: com.taoxin.communitysharing.user.business.controller.UserController, 请求方法: findUsersById =================================== 
2026-03-03 18:50:49.053 [http-nio-8083-exec-3] INFO  c.t.c.f.b.o.a.ApiOperationLogAspect - ====== 响应结束: [根据用户id查询用户列表], 耗时: 10ms, 返回参数: {"success":true,"data":{"usersInfo":[{"id":10,"communitysharingId":"10000012","nickname":"星陨落月","avatar":"http://127.0.0.1:9000/communitysharing/c0373cc462f24bf28ef73ffd3ec037a7.png","introduction":"喜欢打游戏，最近熬夜了，但不是打游戏熬夜"}]}} =================================== 
2026-03-03 18:50:49.058 [http-nio-8083-exec-3] INFO  c.t.c.f.b.c.f.HeaderUserIdContextFilter - =======> 删除 ThreadLocal， userId: 10
2026-03-03 19:02:38.424 [http-nio-8083-exec-5] INFO  c.t.c.f.b.c.f.HeaderUserIdContextFilter - =======> HeaderUserIdContextFilter,userId: 10
2026-03-03 19:02:38.426 [http-nio-8083-exec-5] INFO  c.t.c.f.b.o.a.ApiOperationLogAspect - ====== 请求开始: [根据用户id查询用户列表], 入参: {"usersId":[10]}, 请求类: com.taoxin.communitysharing.user.business.controller.UserController, 请求方法: findUsersById =================================== 
2026-03-03 19:02:38.428 [http-nio-8083-exec-5] INFO  c.t.c.f.b.o.a.ApiOperationLogAspect - ====== 响应结束: [根据用户id查询用户列表], 耗时: 2ms, 返回参数: {"success":true,"data":{"usersInfo":[{"id":10,"communitysharingId":"10000012","nickname":"星陨落月","avatar":"http://127.0.0.1:9000/communitysharing/c0373cc462f24bf28ef73ffd3ec037a7.png","introduction":"喜欢打游戏，最近熬夜了，但不是打游戏熬夜"}]}} =================================== 
2026-03-03 19:02:38.429 [http-nio-8083-exec-5] INFO  c.t.c.f.b.c.f.HeaderUserIdContextFilter - =======> 删除 ThreadLocal， userId: 10
2026-03-03 19:03:38.697 [http-nio-8083-exec-7] INFO  c.t.c.f.b.c.f.HeaderUserIdContextFilter - =======> HeaderUserIdContextFilter,userId: 10
2026-03-03 19:03:38.698 [http-nio-8083-exec-7] INFO  c.t.c.f.b.o.a.ApiOperationLogAspect - ====== 请求开始: [根据用户id查询用户列表], 入参: {"usersId":[10]}, 请求类: com.taoxin.communitysharing.user.business.controller.UserController, 请求方法: findUsersById =================================== 
2026-03-03 19:03:38.700 [http-nio-8083-exec-7] INFO  c.t.c.f.b.o.a.ApiOperationLogAspect - ====== 响应结束: [根据用户id查询用户列表], 耗时: 2ms, 返回参数: {"success":true,"data":{"usersInfo":[{"id":10,"communitysharingId":"10000012","nickname":"星陨落月","avatar":"http://127.0.0.1:9000/communitysharing/c0373cc462f24bf28ef73ffd3ec037a7.png","introduction":"喜欢打游戏，最近熬夜了，但不是打游戏熬夜"}]}} =================================== 
2026-03-03 19:03:38.700 [http-nio-8083-exec-7] INFO  c.t.c.f.b.c.f.HeaderUserIdContextFilter - =======> 删除 ThreadLocal， userId: 10
2026-03-03 19:08:07.704 [http-nio-8083-exec-9] INFO  c.t.c.f.b.c.f.HeaderUserIdContextFilter - =======> HeaderUserIdContextFilter,userId: 10
2026-03-03 19:08:07.705 [http-nio-8083-exec-9] INFO  c.t.c.f.b.o.a.ApiOperationLogAspect - ====== 请求开始: [根据用户id查询用户列表], 入参: {"usersId":[10]}, 请求类: com.taoxin.communitysharing.user.business.controller.UserController, 请求方法: findUsersById =================================== 
2026-03-03 19:08:07.707 [http-nio-8083-exec-9] INFO  c.t.c.f.b.o.a.ApiOperationLogAspect - ====== 响应结束: [根据用户id查询用户列表], 耗时: 2ms, 返回参数: {"success":true,"data":{"usersInfo":[{"id":10,"communitysharingId":"10000012","nickname":"星陨落月","avatar":"http://127.0.0.1:9000/communitysharing/c0373cc462f24bf28ef73ffd3ec037a7.png","introduction":"喜欢打游戏，最近熬夜了，但不是打游戏熬夜"}]}} =================================== 
2026-03-03 19:08:07.708 [http-nio-8083-exec-9] INFO  c.t.c.f.b.c.f.HeaderUserIdContextFilter - =======> 删除 ThreadLocal， userId: 10
2026-03-03 19:09:29.011 [http-nio-8083-exec-1] INFO  c.t.c.f.b.c.f.HeaderUserIdContextFilter - =======> HeaderUserIdContextFilter,userId: 10
2026-03-03 19:09:29.012 [http-nio-8083-exec-1] INFO  c.t.c.f.b.o.a.ApiOperationLogAspect - ====== 请求开始: [根据用户id查询用户列表], 入参: {"usersId":[10]}, 请求类: com.taoxin.communitysharing.user.business.controller.UserController, 请求方法: findUsersById =================================== 
2026-03-03 19:09:29.014 [http-nio-8083-exec-1] INFO  c.t.c.f.b.o.a.ApiOperationLogAspect - ====== 响应结束: [根据用户id查询用户列表], 耗时: 2ms, 返回参数: {"success":true,"data":{"usersInfo":[{"id":10,"communitysharingId":"10000012","nickname":"星陨落月","avatar":"http://127.0.0.1:9000/communitysharing/c0373cc462f24bf28ef73ffd3ec037a7.png","introduction":"喜欢打游戏，最近熬夜了，但不是打游戏熬夜"}]}} =================================== 
2026-03-03 19:09:29.016 [http-nio-8083-exec-1] INFO  c.t.c.f.b.c.f.HeaderUserIdContextFilter - =======> 删除 ThreadLocal， userId: 10
2026-03-03 19:11:11.806 [http-nio-8083-exec-3] INFO  c.t.c.f.b.c.f.HeaderUserIdContextFilter - =======> HeaderUserIdContextFilter,userId: 10
2026-03-03 19:11:11.808 [http-nio-8083-exec-3] INFO  c.t.c.f.b.o.a.ApiOperationLogAspect - ====== 请求开始: [根据用户id查询用户列表], 入参: {"usersId":[10]}, 请求类: com.taoxin.communitysharing.user.business.controller.UserController, 请求方法: findUsersById =================================== 
2026-03-03 19:11:11.812 [http-nio-8083-exec-3] INFO  c.t.c.f.b.o.a.ApiOperationLogAspect - ====== 响应结束: [根据用户id查询用户列表], 耗时: 3ms, 返回参数: {"success":true,"data":{"usersInfo":[{"id":10,"communitysharingId":"10000012","nickname":"星陨落月","avatar":"http://127.0.0.1:9000/communitysharing/c0373cc462f24bf28ef73ffd3ec037a7.png","introduction":"喜欢打游戏，最近熬夜了，但不是打游戏熬夜"}]}} =================================== 
2026-03-03 19:11:11.813 [http-nio-8083-exec-3] INFO  c.t.c.f.b.c.f.HeaderUserIdContextFilter - =======> 删除 ThreadLocal， userId: 10
2026-03-03 19:20:17.319 [http-nio-8083-exec-5] INFO  c.t.c.f.b.c.f.HeaderUserIdContextFilter - =======> HeaderUserIdContextFilter,userId: 10
2026-03-03 19:20:17.321 [http-nio-8083-exec-5] INFO  c.t.c.f.b.o.a.ApiOperationLogAspect - ====== 请求开始: [根据用户id查询用户列表], 入参: {"usersId":[10]}, 请求类: com.taoxin.communitysharing.user.business.controller.UserController, 请求方法: findUsersById =================================== 
2026-03-03 19:20:17.323 [http-nio-8083-exec-5] INFO  c.t.c.f.b.o.a.ApiOperationLogAspect - ====== 响应结束: [根据用户id查询用户列表], 耗时: 2ms, 返回参数: {"success":true,"data":{"usersInfo":[{"id":10,"communitysharingId":"10000012","nickname":"星陨落月","avatar":"http://127.0.0.1:9000/communitysharing/c0373cc462f24bf28ef73ffd3ec037a7.png","introduction":"喜欢打游戏，最近熬夜了，但不是打游戏熬夜"}]}} =================================== 
2026-03-03 19:20:17.324 [http-nio-8083-exec-5] INFO  c.t.c.f.b.c.f.HeaderUserIdContextFilter - =======> 删除 ThreadLocal， userId: 10
2026-03-03 19:21:38.636 [http-nio-8083-exec-7] INFO  c.t.c.f.b.c.f.HeaderUserIdContextFilter - =======> HeaderUserIdContextFilter,userId: 10
2026-03-03 19:21:38.638 [http-nio-8083-exec-7] INFO  c.t.c.f.b.o.a.ApiOperationLogAspect - ====== 请求开始: [根据用户id查询用户列表], 入参: {"usersId":[10]}, 请求类: com.taoxin.communitysharing.user.business.controller.UserController, 请求方法: findUsersById =================================== 
2026-03-03 19:21:38.641 [http-nio-8083-exec-7] INFO  c.t.c.f.b.o.a.ApiOperationLogAspect - ====== 响应结束: [根据用户id查询用户列表], 耗时: 2ms, 返回参数: {"success":true,"data":{"usersInfo":[{"id":10,"communitysharingId":"10000012","nickname":"星陨落月","avatar":"http://127.0.0.1:9000/communitysharing/c0373cc462f24bf28ef73ffd3ec037a7.png","introduction":"喜欢打游戏，最近熬夜了，但不是打游戏熬夜"}]}} =================================== 
2026-03-03 19:21:38.644 [http-nio-8083-exec-7] INFO  c.t.c.f.b.c.f.HeaderUserIdContextFilter - =======> 删除 ThreadLocal， userId: 10
2026-03-03 19:31:37.931 [http-nio-8083-exec-9] INFO  c.t.c.f.b.c.f.HeaderUserIdContextFilter - =======> HeaderUserIdContextFilter,userId: 10
2026-03-03 19:31:37.935 [http-nio-8083-exec-9] INFO  c.t.c.f.b.o.a.ApiOperationLogAspect - ====== 请求开始: [根据用户id查询用户列表], 入参: {"usersId":[10,null]}, 请求类: com.taoxin.communitysharing.user.business.controller.UserController, 请求方法: findUsersById =================================== 
2026-03-03 19:31:37.980 [http-nio-8083-exec-9] DEBUG c.t.c.u.b.d.m.U.selectById - ==>  Preparing: select id, communitysharing_id, nickname , avatar, introduction from t_user where status = 0 and is_deleted = 0 and id in ( ? , ? )
2026-03-03 19:31:37.998 [http-nio-8083-exec-9] DEBUG c.t.c.u.b.d.m.U.selectById - ==> Parameters: 10(Long), null
2026-03-03 19:31:38.007 [http-nio-8083-exec-9] DEBUG c.t.c.u.b.d.m.U.selectById - <==      Total: 1
2026-03-03 19:31:38.016 [http-nio-8083-exec-9] INFO  c.t.c.f.b.o.a.ApiOperationLogAspect - ====== 响应结束: [根据用户id查询用户列表], 耗时: 80ms, 返回参数: {"success":true,"data":{"usersInfo":[{"id":10,"communitysharingId":"10000012","nickname":"星陨落月","avatar":"http://127.0.0.1:9000/communitysharing/c0373cc462f24bf28ef73ffd3ec037a7.png","introduction":"喜欢打游戏，最近熬夜了，但不是打游戏熬夜"}]}} =================================== 
2026-03-03 19:31:38.018 [http-nio-8083-exec-9] INFO  c.t.c.f.b.c.f.HeaderUserIdContextFilter - =======> 删除 ThreadLocal， userId: 10
2026-03-03 19:31:47.377 [http-nio-8083-exec-10] INFO  c.t.c.f.b.c.f.HeaderUserIdContextFilter - =======> HeaderUserIdContextFilter,userId: 10
2026-03-03 19:31:47.378 [http-nio-8083-exec-10] INFO  c.t.c.f.b.o.a.ApiOperationLogAspect - ====== 请求开始: [根据用户id查询用户列表], 入参: {"usersId":[10,null]}, 请求类: com.taoxin.communitysharing.user.business.controller.UserController, 请求方法: findUsersById =================================== 
2026-03-03 19:31:47.381 [http-nio-8083-exec-10] DEBUG c.t.c.u.b.d.m.U.selectById - ==>  Preparing: select id, communitysharing_id, nickname , avatar, introduction from t_user where status = 0 and is_deleted = 0 and id in ( ? , ? )
2026-03-03 19:31:47.382 [http-nio-8083-exec-10] DEBUG c.t.c.u.b.d.m.U.selectById - ==> Parameters: 10(Long), null
2026-03-03 19:31:47.387 [http-nio-8083-exec-10] DEBUG c.t.c.u.b.d.m.U.selectById - <==      Total: 1
2026-03-03 19:31:47.387 [http-nio-8083-exec-10] INFO  c.t.c.f.b.o.a.ApiOperationLogAspect - ====== 响应结束: [根据用户id查询用户列表], 耗时: 9ms, 返回参数: {"success":true,"data":{"usersInfo":[{"id":10,"communitysharingId":"10000012","nickname":"星陨落月","avatar":"http://127.0.0.1:9000/communitysharing/c0373cc462f24bf28ef73ffd3ec037a7.png","introduction":"喜欢打游戏，最近熬夜了，但不是打游戏熬夜"}]}} =================================== 
2026-03-03 19:31:47.388 [http-nio-8083-exec-10] INFO  c.t.c.f.b.c.f.HeaderUserIdContextFilter - =======> 删除 ThreadLocal， userId: 10
2026-03-03 19:37:47.964 [http-nio-8083-exec-2] INFO  c.t.c.f.b.c.f.HeaderUserIdContextFilter - =======> HeaderUserIdContextFilter,userId: 10
2026-03-03 19:37:47.966 [http-nio-8083-exec-2] INFO  c.t.c.f.b.o.a.ApiOperationLogAspect - ====== 请求开始: [根据用户id查询用户列表], 入参: {"usersId":[10]}, 请求类: com.taoxin.communitysharing.user.business.controller.UserController, 请求方法: findUsersById =================================== 
2026-03-03 19:37:47.972 [http-nio-8083-exec-2] INFO  c.t.c.f.b.o.a.ApiOperationLogAspect - ====== 响应结束: [根据用户id查询用户列表], 耗时: 5ms, 返回参数: {"success":true,"data":{"usersInfo":[{"id":10,"communitysharingId":"10000012","nickname":"星陨落月","avatar":"http://127.0.0.1:9000/communitysharing/c0373cc462f24bf28ef73ffd3ec037a7.png","introduction":"喜欢打游戏，最近熬夜了，但不是打游戏熬夜"}]}} =================================== 
2026-03-03 19:37:47.974 [http-nio-8083-exec-2] INFO  c.t.c.f.b.c.f.HeaderUserIdContextFilter - =======> 删除 ThreadLocal， userId: 10
2026-03-03 19:38:38.743 [http-nio-8083-exec-3] INFO  c.t.c.f.b.c.f.HeaderUserIdContextFilter - =======> HeaderUserIdContextFilter,userId: 10
2026-03-03 19:38:38.745 [http-nio-8083-exec-3] INFO  c.t.c.f.b.o.a.ApiOperationLogAspect - ====== 请求开始: [根据用户id查询用户列表], 入参: {"usersId":[10]}, 请求类: com.taoxin.communitysharing.user.business.controller.UserController, 请求方法: findUsersById =================================== 
2026-03-03 19:38:38.748 [http-nio-8083-exec-3] INFO  c.t.c.f.b.o.a.ApiOperationLogAspect - ====== 响应结束: [根据用户id查询用户列表], 耗时: 2ms, 返回参数: {"success":true,"data":{"usersInfo":[{"id":10,"communitysharingId":"10000012","nickname":"星陨落月","avatar":"http://127.0.0.1:9000/communitysharing/c0373cc462f24bf28ef73ffd3ec037a7.png","introduction":"喜欢打游戏，最近熬夜了，但不是打游戏熬夜"}]}} =================================== 
2026-03-03 19:38:38.749 [http-nio-8083-exec-3] INFO  c.t.c.f.b.c.f.HeaderUserIdContextFilter - =======> 删除 ThreadLocal， userId: 10
2026-03-03 19:40:05.371 [http-nio-8083-exec-5] INFO  c.t.c.f.b.c.f.HeaderUserIdContextFilter - =======> HeaderUserIdContextFilter,userId: 10
2026-03-03 19:40:05.373 [http-nio-8083-exec-5] INFO  c.t.c.f.b.o.a.ApiOperationLogAspect - ====== 请求开始: [根据用户id查询用户列表], 入参: {"usersId":[10,null]}, 请求类: com.taoxin.communitysharing.user.business.controller.UserController, 请求方法: findUsersById =================================== 
2026-03-03 19:40:05.378 [http-nio-8083-exec-5] DEBUG c.t.c.u.b.d.m.U.selectById - ==>  Preparing: select id, communitysharing_id, nickname , avatar, introduction from t_user where status = 0 and is_deleted = 0 and id in ( ? , ? )
2026-03-03 19:40:05.380 [http-nio-8083-exec-5] DEBUG c.t.c.u.b.d.m.U.selectById - ==> Parameters: 10(Long), null
2026-03-03 19:40:05.384 [http-nio-8083-exec-5] DEBUG c.t.c.u.b.d.m.U.selectById - <==      Total: 1
2026-03-03 19:40:05.385 [http-nio-8083-exec-5] INFO  c.t.c.f.b.o.a.ApiOperationLogAspect - ====== 响应结束: [根据用户id查询用户列表], 耗时: 11ms, 返回参数: {"success":true,"data":{"usersInfo":[{"id":10,"communitysharingId":"10000012","nickname":"星陨落月","avatar":"http://127.0.0.1:9000/communitysharing/c0373cc462f24bf28ef73ffd3ec037a7.png","introduction":"喜欢打游戏，最近熬夜了，但不是打游戏熬夜"}]}} =================================== 
2026-03-03 19:40:05.388 [http-nio-8083-exec-5] INFO  c.t.c.f.b.c.f.HeaderUserIdContextFilter - =======> 删除 ThreadLocal， userId: 10
2026-03-03 19:59:30.815 [Thread-7] WARN  c.a.nacos.common.notify.NotifyCenter - [NotifyCenter] Start destroying Publisher
2026-03-03 19:59:30.814 [Thread-1] WARN  c.a.n.c.http.HttpClientBeanHolder - [HttpClientBeanHolder] Start destroying common HttpClient
2026-03-03 19:59:30.816 [Thread-7] WARN  c.a.nacos.common.notify.NotifyCenter - [NotifyCenter] Destruction of the end
2026-03-03 19:59:30.821 [Thread-1] WARN  c.a.n.c.http.HttpClientBeanHolder - [HttpClientBeanHolder] Destruction of the end
2026-03-03 19:59:31.024 [SpringApplicationShutdownHook] INFO  c.a.c.n.r.NacosServiceRegistry - De-registering from Nacos Server now...
2026-03-03 19:59:31.026 [SpringApplicationShutdownHook] INFO  com.alibaba.nacos.client.naming - [DEREGISTER-SERVICE] 2e254952-9803-4eae-8771-b086042c797f deregistering service communitysharing-user with instance: Instance{instanceId='null', ip='26.26.26.1', port=8083, weight=1.0, healthy=true, enabled=true, ephemeral=true, clusterName='DEFAULT', serviceName='null', metadata={}}
2026-03-03 19:59:31.036 [SpringApplicationShutdownHook] INFO  c.a.c.n.r.NacosServiceRegistry - De-registration finished.
2026-03-03 19:59:31.040 [SpringApplicationShutdownHook] INFO  com.alibaba.nacos.client.naming - com.alibaba.nacos.client.naming.cache.ServiceInfoHolder do shutdown begin
2026-03-03 19:59:31.040 [SpringApplicationShutdownHook] INFO  com.alibaba.nacos.client.naming - com.alibaba.nacos.client.naming.backups.FailoverReactor do shutdown begin
2026-03-03 19:59:31.040 [SpringApplicationShutdownHook] INFO  com.alibaba.nacos.client.naming - com.alibaba.nacos.client.naming.backups.FailoverReactor do shutdown stop
2026-03-03 19:59:31.040 [SpringApplicationShutdownHook] INFO  com.alibaba.nacos.client.naming - com.alibaba.nacos.client.naming.cache.ServiceInfoHolder do shutdown stop
2026-03-03 19:59:31.040 [SpringApplicationShutdownHook] INFO  com.alibaba.nacos.client.naming - com.alibaba.nacos.client.naming.remote.NamingClientProxyDelegate do shutdown begin
2026-03-03 19:59:31.041 [SpringApplicationShutdownHook] INFO  com.alibaba.nacos.client.naming - com.alibaba.nacos.client.naming.core.ServiceInfoUpdateService do shutdown begin
2026-03-03 19:59:31.041 [SpringApplicationShutdownHook] INFO  com.alibaba.nacos.client.naming - com.alibaba.nacos.client.naming.core.ServiceInfoUpdateService do shutdown stop
2026-03-03 19:59:31.041 [SpringApplicationShutdownHook] INFO  com.alibaba.nacos.client.naming - com.alibaba.nacos.client.naming.core.ServerListManager do shutdown begin
2026-03-03 19:59:31.041 [SpringApplicationShutdownHook] WARN  com.alibaba.nacos.client.naming - [NamingHttpClientManager] Start destroying NacosRestTemplate
2026-03-03 19:59:31.042 [SpringApplicationShutdownHook] WARN  com.alibaba.nacos.client.naming - [NamingHttpClientManager] Destruction of the end
2026-03-03 19:59:31.042 [SpringApplicationShutdownHook] INFO  com.alibaba.nacos.client.naming - com.alibaba.nacos.client.naming.core.ServerListManager do shutdown stop
2026-03-03 19:59:31.042 [SpringApplicationShutdownHook] INFO  com.alibaba.nacos.client.naming - com.alibaba.nacos.client.naming.remote.http.NamingHttpClientProxy do shutdown begin
2026-03-03 19:59:31.042 [SpringApplicationShutdownHook] WARN  com.alibaba.nacos.client.naming - [NamingHttpClientManager] Start destroying NacosRestTemplate
2026-03-03 19:59:31.042 [SpringApplicationShutdownHook] WARN  com.alibaba.nacos.client.naming - [NamingHttpClientManager] Destruction of the end
2026-03-03 19:59:31.042 [SpringApplicationShutdownHook] INFO  com.alibaba.nacos.client.naming - com.alibaba.nacos.client.naming.remote.http.NamingHttpClientProxy do shutdown stop
2026-03-03 19:59:31.043 [SpringApplicationShutdownHook] INFO  c.alibaba.nacos.common.remote.client - Shutdown rpc client, set status to shutdown
2026-03-03 19:59:31.043 [SpringApplicationShutdownHook] INFO  c.alibaba.nacos.common.remote.client - Shutdown client event executor java.util.concurrent.ScheduledThreadPoolExecutor@1813fcf7[Running, pool size = 2, active threads = 2, queued tasks = 0, completed tasks = 0]
2026-03-03 19:59:31.043 [SpringApplicationShutdownHook] INFO  c.alibaba.nacos.common.remote.client - Close current connection 1772506114338_172.17.0.1_56442
2026-03-03 19:59:31.047 [nacos-grpc-client-executor-127.0.0.1-6614] INFO  c.a.n.c.r.client.grpc.GrpcClient - [1772506114338_172.17.0.1_56442]Ignore complete event,isRunning:false,isAbandon=false
2026-03-03 19:59:31.064 [SpringApplicationShutdownHook] INFO  c.a.n.c.r.client.grpc.GrpcClient - Shutdown grpc executor java.util.concurrent.ThreadPoolExecutor@36109342[Running, pool size = 4, active threads = 0, queued tasks = 0, completed tasks = 6615]
2026-03-03 19:59:31.065 [SpringApplicationShutdownHook] INFO  com.alibaba.nacos.client.naming - Shutdown grpc redo service executor java.util.concurrent.ScheduledThreadPoolExecutor@23ce54af[Running, pool size = 1, active threads = 0, queued tasks = 1, completed tasks = 10988]
2026-03-03 19:59:31.066 [SpringApplicationShutdownHook] INFO  c.a.n.c.a.r.i.CredentialWatcher - [null] CredentialWatcher is stopped
2026-03-03 19:59:31.066 [SpringApplicationShutdownHook] INFO  c.a.n.c.a.r.i.CredentialService - [null] CredentialService is freed
2026-03-03 19:59:31.066 [SpringApplicationShutdownHook] INFO  com.alibaba.nacos.client.naming - com.alibaba.nacos.client.naming.remote.NamingClientProxyDelegate do shutdown stop
2026-03-03 19:59:31.246 [SpringApplicationShutdownHook] INFO  c.alibaba.druid.pool.DruidDataSource - {dataSource-1} closing ...
2026-03-03 19:59:31.254 [SpringApplicationShutdownHook] INFO  c.alibaba.druid.pool.DruidDataSource - {dataSource-1} closed
2026-03-03 20:07:12.557 [main] WARN  c.a.n.client.logging.NacosLogging - Load Logback Configuration of Nacos fail, message: Could not initialize Logback Nacos logging from classpath:nacos-logback.xml
2026-03-03 20:07:12.603 [main] WARN  c.a.n.client.logging.NacosLogging - Load Logback Configuration of Nacos fail, message: Could not initialize Logback Nacos logging from classpath:nacos-logback.xml
2026-03-03 20:07:12.766 [main] WARN  c.a.n.client.logging.NacosLogging - Load Logback Configuration of Nacos fail, message: Could not initialize Logback Nacos logging from classpath:nacos-logback.xml
2026-03-03 20:07:12.767 [main] INFO  c.a.nacos.client.utils.ParamUtil - [settings] [req-serv] nacos-server port:8848
2026-03-03 20:07:12.767 [main] INFO  c.a.nacos.client.utils.ParamUtil - [settings] [http-client] connect timeout:1000
2026-03-03 20:07:12.767 [main] INFO  c.a.nacos.client.utils.ParamUtil - PER_TASK_CONFIG_SIZE: 3000.0
2026-03-03 20:07:12.786 [main] INFO  c.a.n.p.a.s.c.ClientAuthPluginManager - [ClientAuthPluginManager] Load ClientAuthService com.alibaba.nacos.client.auth.impl.NacosClientAuthServiceImpl success.
2026-03-03 20:07:12.786 [main] INFO  c.a.n.p.a.s.c.ClientAuthPluginManager - [ClientAuthPluginManager] Load ClientAuthService com.alibaba.nacos.client.auth.ram.RamClientAuthServiceImpl success.
2026-03-03 20:07:12.788 [main] INFO  c.a.n.c.a.r.i.CredentialWatcher - null No credential found
2026-03-03 20:07:13.114 [main] WARN  c.a.n.client.logging.NacosLogging - Load Logback Configuration of Nacos fail, message: Could not initialize Logback Nacos logging from classpath:nacos-logback.xml
2026-03-03 20:07:13.125 [main] INFO  c.a.n.c.c.i.LocalConfigInfoProcessor - LOCAL_SNAPSHOT_PATH:C:\Users\moonth\nacos\config
2026-03-03 20:07:13.127 [main] INFO  c.alibaba.nacos.common.remote.client - [RpcClientFactory] create a new rpc client of a3467548-20d2-453a-9429-a121adc5b414_config-0
2026-03-03 20:07:13.136 [main] INFO  c.alibaba.nacos.common.remote.client - [a3467548-20d2-453a-9429-a121adc5b414_config-0] Register server push request handler:com.alibaba.nacos.client.config.impl.ClientWorker$ConfigRpcTransportClient$$Lambda$572/0x0000000800f671b0
2026-03-03 20:07:13.136 [main] INFO  c.alibaba.nacos.common.remote.client - [a3467548-20d2-453a-9429-a121adc5b414_config-0] Register server push request handler:com.alibaba.nacos.client.config.impl.ClientWorker$ConfigRpcTransportClient$$Lambda$573/0x0000000800f675d0
2026-03-03 20:07:13.137 [main] INFO  c.alibaba.nacos.common.remote.client - [a3467548-20d2-453a-9429-a121adc5b414_config-0] Registry connection listener to current client:com.alibaba.nacos.client.config.impl.ClientWorker$ConfigRpcTransportClient$1
2026-03-03 20:07:13.137 [main] INFO  c.alibaba.nacos.common.remote.client - [a3467548-20d2-453a-9429-a121adc5b414_config-0] RpcClient init, ServerListFactory = com.alibaba.nacos.client.config.impl.ClientWorker$ConfigRpcTransportClient$2
2026-03-03 20:07:13.142 [main] INFO  c.alibaba.nacos.common.remote.client - [a3467548-20d2-453a-9429-a121adc5b414_config-0] Try to connect to server on start up, server: {serverIp = '127.0.0.1', server main port = 8848}
2026-03-03 20:07:13.173 [main] INFO  c.a.n.c.r.client.grpc.GrpcClient - grpc client connection server:127.0.0.1 ip,serverPort:9848,grpcTslConfig:{"sslProvider":"OPENSSL","enableTls":false,"mutualAuthEnable":false,"trustAll":false}
2026-03-03 20:07:13.874 [main] INFO  c.alibaba.nacos.common.remote.client - [a3467548-20d2-453a-9429-a121adc5b414_config-0] Success to connect to server [127.0.0.1:8848] on start up, connectionId = 1772539633697_172.17.0.1_41208
2026-03-03 20:07:13.875 [com.alibaba.nacos.client.remote.worker] INFO  c.alibaba.nacos.common.remote.client - [a3467548-20d2-453a-9429-a121adc5b414_config-0] Notify connected event to listeners.
2026-03-03 20:07:13.875 [com.alibaba.nacos.client.remote.worker] INFO  c.a.n.c.config.impl.ClientWorker - [a3467548-20d2-453a-9429-a121adc5b414_config-0] Connected,notify listen context...
2026-03-03 20:07:13.876 [main] INFO  c.alibaba.nacos.common.remote.client - [a3467548-20d2-453a-9429-a121adc5b414_config-0] Register server push request handler:com.alibaba.nacos.common.remote.client.RpcClient$ConnectResetRequestHandler
2026-03-03 20:07:13.876 [main] INFO  c.alibaba.nacos.common.remote.client - [a3467548-20d2-453a-9429-a121adc5b414_config-0] Register server push request handler:com.alibaba.nacos.common.remote.client.RpcClient$$Lambda$593/0x00000008010ad3f8
2026-03-03 20:07:13.900 [main] INFO  c.a.nacos.client.config.impl.Limiter - limitTime:5.0
2026-03-03 20:07:13.915 [main] WARN  c.a.c.n.c.NacosPropertySourceBuilder - Ignore the empty nacos configuration and get it based on dataId[communitysharing-user] & group[DEFAULT_GROUP]
2026-03-03 20:07:13.926 [main] WARN  c.a.c.n.c.NacosPropertySourceBuilder - Ignore the empty nacos configuration and get it based on dataId[communitysharing-user.yaml] & group[DEFAULT_GROUP]
2026-03-03 20:07:13.934 [main] WARN  c.a.c.n.c.NacosPropertySourceBuilder - Ignore the empty nacos configuration and get it based on dataId[communitysharing-user-dev.yaml] & group[DEFAULT_GROUP]
2026-03-03 20:07:13.936 [main] INFO  o.s.c.b.c.PropertySourceBootstrapConfiguration - Located property source: [BootstrapPropertySource {name='bootstrapProperties-communitysharing-user-dev.yaml,DEFAULT_GROUP'}, BootstrapPropertySource {name='bootstrapProperties-communitysharing-user.yaml,DEFAULT_GROUP'}, BootstrapPropertySource {name='bootstrapProperties-communitysharing-user,DEFAULT_GROUP'}]
2026-03-03 20:07:13.954 [main] WARN  c.a.n.client.logging.NacosLogging - Load Logback Configuration of Nacos fail, message: Could not initialize Logback Nacos logging from classpath:nacos-logback.xml
2026-03-03 20:07:13.955 [main] INFO  c.t.c.u.b.CommunitysharingUserBusinessApplication - The following 1 profile is active: "dev"
2026-03-03 20:07:14.403 [main] INFO  o.s.d.r.c.RepositoryConfigurationDelegate - Multiple Spring Data modules found, entering strict repository configuration mode
2026-03-03 20:07:14.405 [main] INFO  o.s.d.r.c.RepositoryConfigurationDelegate - Bootstrapping Spring Data Redis repositories in DEFAULT mode.
2026-03-03 20:07:14.423 [main] INFO  o.s.d.r.c.RepositoryConfigurationDelegate - Finished Spring Data repository scanning in 8 ms. Found 0 Redis repository interfaces.
2026-03-03 20:07:15.171 [main] INFO  o.s.cloud.context.scope.GenericScope - BeanFactory id=8e3783c6-4698-3abd-81be-aa6853e06300
2026-03-03 20:07:15.282 [main] INFO  o.s.c.s.PostProcessorRegistrationDelegate$BeanPostProcessorChecker - Bean 'com.taoxin.communitysharing.distributed.id.constructor.api.IdConstructorFeignApi' of type [org.springframework.cloud.openfeign.FeignClientFactoryBean] is not eligible for getting processed by all BeanPostProcessors (for example: not eligible for auto-proxying)
2026-03-03 20:07:15.287 [main] INFO  o.s.c.s.PostProcessorRegistrationDelegate$BeanPostProcessorChecker - Bean 'com.taoxin.communitysharing.oss.api.FileFeignApi' of type [org.springframework.cloud.openfeign.FeignClientFactoryBean] is not eligible for getting processed by all BeanPostProcessors (for example: not eligible for auto-proxying)
2026-03-03 20:07:15.293 [main] INFO  o.s.c.s.PostProcessorRegistrationDelegate$BeanPostProcessorChecker - Bean 'com.taoxin.communitysharing.search.user.api.UserFeignApi' of type [org.springframework.cloud.openfeign.FeignClientFactoryBean] is not eligible for getting processed by all BeanPostProcessors (for example: not eligible for auto-proxying)
2026-03-03 20:07:17.318 [main] INFO  o.s.b.w.e.tomcat.TomcatWebServer - Tomcat initialized with port(s): 8083 (http)
2026-03-03 20:07:17.351 [main] INFO  o.a.catalina.core.StandardService - Starting service [Tomcat]
2026-03-03 20:07:17.352 [main] INFO  o.a.catalina.core.StandardEngine - Starting Servlet engine: [Apache Tomcat/10.1.5]
2026-03-03 20:07:17.777 [main] INFO  o.a.c.c.C.[Tomcat].[localhost].[/] - Initializing Spring embedded WebApplicationContext
2026-03-03 20:07:17.777 [main] INFO  o.s.b.w.s.c.ServletWebServerApplicationContext - Root WebApplicationContext: initialization completed in 3810 ms
2026-03-03 20:07:18.421 [main] INFO  c.a.d.s.b.a.DruidDataSourceAutoConfigure - Init DruidDataSource
2026-03-03 20:07:19.576 [main] INFO  c.alibaba.druid.pool.DruidDataSource - {dataSource-1} inited
2026-03-03 20:07:20.704 [main] INFO  o.s.c.o.FeignClientFactoryBean - For 'communitysharing-oss' URL not provided. Will try picking an instance via load-balancing.
2026-03-03 20:07:21.675 [main] INFO  o.s.c.o.FeignClientFactoryBean - For 'communitysharing-distributed-id-constructor' URL not provided. Will try picking an instance via load-balancing.
2026-03-03 20:07:25.972 [main] INFO  o.s.b.w.e.tomcat.TomcatWebServer - Tomcat started on port(s): 8083 (http) with context path ''
2026-03-03 20:07:25.982 [main] INFO  com.alibaba.nacos.client.naming - initializer namespace from ans.namespace attribute : null
2026-03-03 20:07:25.984 [main] INFO  com.alibaba.nacos.client.naming - initializer namespace from ALIBABA_ALIWARE_NAMESPACE attribute :null
2026-03-03 20:07:25.985 [main] INFO  com.alibaba.nacos.client.naming - initializer namespace from namespace attribute :null
2026-03-03 20:07:26.002 [main] INFO  c.a.n.p.a.s.c.ClientAuthPluginManager - [ClientAuthPluginManager] Load ClientAuthService com.alibaba.nacos.client.auth.impl.NacosClientAuthServiceImpl success.
2026-03-03 20:07:26.003 [main] INFO  c.a.n.p.a.s.c.ClientAuthPluginManager - [ClientAuthPluginManager] Load ClientAuthService com.alibaba.nacos.client.auth.ram.RamClientAuthServiceImpl success.
2026-03-03 20:07:26.011 [main] INFO  c.alibaba.nacos.common.remote.client - [RpcClientFactory] create a new rpc client of ef991ef3-a619-45aa-92be-7a328c2cb4a8
2026-03-03 20:07:26.016 [main] INFO  c.alibaba.nacos.common.remote.client - [ef991ef3-a619-45aa-92be-7a328c2cb4a8] RpcClient init, ServerListFactory = com.alibaba.nacos.client.naming.core.ServerListManager
2026-03-03 20:07:26.016 [main] INFO  c.alibaba.nacos.common.remote.client - [ef991ef3-a619-45aa-92be-7a328c2cb4a8] Registry connection listener to current client:com.alibaba.nacos.client.naming.remote.gprc.redo.NamingGrpcRedoService
2026-03-03 20:07:26.017 [main] INFO  c.alibaba.nacos.common.remote.client - [ef991ef3-a619-45aa-92be-7a328c2cb4a8] Register server push request handler:com.alibaba.nacos.client.naming.remote.gprc.NamingPushRequestHandler
2026-03-03 20:07:26.019 [main] INFO  c.alibaba.nacos.common.remote.client - [ef991ef3-a619-45aa-92be-7a328c2cb4a8] Try to connect to server on start up, server: {serverIp = '127.0.0.1', server main port = 8848}
2026-03-03 20:07:26.019 [main] INFO  c.a.n.c.r.client.grpc.GrpcClient - grpc client connection server:127.0.0.1 ip,serverPort:9848,grpcTslConfig:{"sslProvider":"OPENSSL","enableTls":false,"mutualAuthEnable":false,"trustAll":false}
2026-03-03 20:07:26.148 [main] INFO  c.alibaba.nacos.common.remote.client - [ef991ef3-a619-45aa-92be-7a328c2cb4a8] Success to connect to server [127.0.0.1:8848] on start up, connectionId = 1772539646031_172.17.0.1_49154
2026-03-03 20:07:26.149 [com.alibaba.nacos.client.remote.worker] INFO  c.alibaba.nacos.common.remote.client - [ef991ef3-a619-45aa-92be-7a328c2cb4a8] Notify connected event to listeners.
2026-03-03 20:07:26.149 [com.alibaba.nacos.client.remote.worker] INFO  com.alibaba.nacos.client.naming - Grpc connection connect
2026-03-03 20:07:26.149 [main] INFO  c.alibaba.nacos.common.remote.client - [ef991ef3-a619-45aa-92be-7a328c2cb4a8] Register server push request handler:com.alibaba.nacos.common.remote.client.RpcClient$ConnectResetRequestHandler
2026-03-03 20:07:26.150 [main] INFO  c.alibaba.nacos.common.remote.client - [ef991ef3-a619-45aa-92be-7a328c2cb4a8] Register server push request handler:com.alibaba.nacos.common.remote.client.RpcClient$$Lambda$593/0x00000008010ad3f8
2026-03-03 20:07:26.159 [main] INFO  com.alibaba.nacos.client.naming - [REGISTER-SERVICE] 2e254952-9803-4eae-8771-b086042c797f registering service communitysharing-user with instance Instance{instanceId='null', ip='26.26.26.1', port=8083, weight=1.0, healthy=true, enabled=true, ephemeral=true, clusterName='DEFAULT', serviceName='null', metadata={IPv6=null, preserved.register.source=SPRING_CLOUD}}
2026-03-03 20:07:26.249 [main] INFO  c.a.c.n.r.NacosServiceRegistry - nacos registry, DEFAULT_GROUP communitysharing-user 26.26.26.1:8083 register finished
2026-03-03 20:07:27.319 [main] INFO  c.t.c.u.b.CommunitysharingUserBusinessApplication - Started CommunitysharingUserBusinessApplication in 15.351 seconds (process running for 15.822)
2026-03-03 20:07:27.322 [main] INFO  c.t.c.u.b.r.PushRolePermissionToRedisByRunning - == 项目启动 ==> 将数据库角色权限关系推送到Redis中
2026-03-03 20:07:28.507 [main] INFO  c.t.c.u.b.r.PushRolePermissionToRedisByRunning - == 项目启动 ==> 锁已存在，正在等待锁释放
2026-03-03 20:07:28.512 [main] INFO  c.a.n.client.config.impl.CacheData - nacos.cache.data.init.snapshot = true 
2026-03-03 20:07:28.514 [main] INFO  c.a.n.c.config.impl.ClientWorker - [fixed-2e254952-9803-4eae-8771-b086042c797f-127.0.0.1_8848] [subscribe] communitysharing-user.yaml+DEFAULT_GROUP+2e254952-9803-4eae-8771-b086042c797f
2026-03-03 20:07:28.529 [main] INFO  c.a.n.client.config.impl.CacheData - [fixed-2e254952-9803-4eae-8771-b086042c797f-127.0.0.1_8848] [add-listener] ok, tenant=2e254952-9803-4eae-8771-b086042c797f, dataId=communitysharing-user.yaml, group=DEFAULT_GROUP, cnt=1
2026-03-03 20:07:28.530 [main] INFO  c.a.c.n.r.NacosContextRefresher - [Nacos Config] Listening config: dataId=communitysharing-user.yaml, group=DEFAULT_GROUP
2026-03-03 20:07:28.532 [main] INFO  c.a.n.c.config.impl.ClientWorker - [fixed-2e254952-9803-4eae-8771-b086042c797f-127.0.0.1_8848] [subscribe] communitysharing-user+DEFAULT_GROUP+2e254952-9803-4eae-8771-b086042c797f
2026-03-03 20:07:28.532 [main] INFO  c.a.n.client.config.impl.CacheData - [fixed-2e254952-9803-4eae-8771-b086042c797f-127.0.0.1_8848] [add-listener] ok, tenant=2e254952-9803-4eae-8771-b086042c797f, dataId=communitysharing-user, group=DEFAULT_GROUP, cnt=1
2026-03-03 20:07:28.532 [main] INFO  c.a.c.n.r.NacosContextRefresher - [Nacos Config] Listening config: dataId=communitysharing-user, group=DEFAULT_GROUP
2026-03-03 20:07:28.534 [main] INFO  c.a.n.c.config.impl.ClientWorker - [fixed-2e254952-9803-4eae-8771-b086042c797f-127.0.0.1_8848] [subscribe] communitysharing-user-dev.yaml+DEFAULT_GROUP+2e254952-9803-4eae-8771-b086042c797f
2026-03-03 20:07:28.535 [main] INFO  c.a.n.client.config.impl.CacheData - [fixed-2e254952-9803-4eae-8771-b086042c797f-127.0.0.1_8848] [add-listener] ok, tenant=2e254952-9803-4eae-8771-b086042c797f, dataId=communitysharing-user-dev.yaml, group=DEFAULT_GROUP, cnt=1
2026-03-03 20:07:28.535 [main] INFO  c.a.c.n.r.NacosContextRefresher - [Nacos Config] Listening config: dataId=communitysharing-user-dev.yaml, group=DEFAULT_GROUP
2026-03-03 20:20:54.737 [http-nio-8083-exec-1] INFO  o.a.c.c.C.[Tomcat].[localhost].[/] - Initializing Spring DispatcherServlet 'dispatcherServlet'
2026-03-03 20:20:54.738 [http-nio-8083-exec-1] INFO  o.s.web.servlet.DispatcherServlet - Initializing Servlet 'dispatcherServlet'
2026-03-03 20:20:54.740 [http-nio-8083-exec-1] INFO  o.s.web.servlet.DispatcherServlet - Completed initialization in 2 ms
2026-03-03 20:20:54.767 [http-nio-8083-exec-1] INFO  c.t.c.f.b.c.f.HeaderUserIdContextFilter - =======> HeaderUserIdContextFilter,userId: 10
2026-03-03 20:20:55.046 [http-nio-8083-exec-1] INFO  c.t.c.f.b.o.a.ApiOperationLogAspect - ====== 请求开始: [根据用户id查询用户列表], 入参: {"usersId":[10]}, 请求类: com.taoxin.communitysharing.user.business.controller.UserController, 请求方法: findUsersById =================================== 
2026-03-03 20:20:55.095 [http-nio-8083-exec-1] INFO  c.t.c.f.b.o.a.ApiOperationLogAspect - ====== 响应结束: [根据用户id查询用户列表], 耗时: 42ms, 返回参数: {"success":true,"data":{"usersInfo":[{"id":10,"communitysharingId":"10000012","nickname":"星陨落月","avatar":"http://127.0.0.1:9000/communitysharing/c0373cc462f24bf28ef73ffd3ec037a7.png","introduction":"喜欢打游戏，最近熬夜了，但不是打游戏熬夜"}]}} =================================== 
2026-03-03 20:20:55.125 [http-nio-8083-exec-1] INFO  c.t.c.f.b.c.f.HeaderUserIdContextFilter - =======> 删除 ThreadLocal， userId: 10
2026-03-03 20:48:31.896 [http-nio-8083-exec-3] INFO  c.t.c.f.b.c.f.HeaderUserIdContextFilter - =======> HeaderUserIdContextFilter,userId: 10
2026-03-03 20:48:31.905 [http-nio-8083-exec-3] INFO  c.t.c.f.b.o.a.ApiOperationLogAspect - ====== 请求开始: [根据用户id查询用户列表], 入参: {"usersId":[10]}, 请求类: com.taoxin.communitysharing.user.business.controller.UserController, 请求方法: findUsersById =================================== 
2026-03-03 20:48:31.909 [http-nio-8083-exec-3] INFO  c.t.c.f.b.o.a.ApiOperationLogAspect - ====== 响应结束: [根据用户id查询用户列表], 耗时: 3ms, 返回参数: {"success":true,"data":{"usersInfo":[{"id":10,"communitysharingId":"10000012","nickname":"星陨落月","avatar":"http://127.0.0.1:9000/communitysharing/c0373cc462f24bf28ef73ffd3ec037a7.png","introduction":"喜欢打游戏，最近熬夜了，但不是打游戏熬夜"}]}} =================================== 
2026-03-03 20:48:31.912 [http-nio-8083-exec-3] INFO  c.t.c.f.b.c.f.HeaderUserIdContextFilter - =======> 删除 ThreadLocal， userId: 10
2026-03-03 20:48:35.991 [http-nio-8083-exec-4] INFO  c.t.c.f.b.c.f.HeaderUserIdContextFilter - =======> HeaderUserIdContextFilter,userId: 10
2026-03-03 20:48:35.993 [http-nio-8083-exec-4] INFO  c.t.c.f.b.o.a.ApiOperationLogAspect - ====== 请求开始: [根据用户id查询用户列表], 入参: {"usersId":[10]}, 请求类: com.taoxin.communitysharing.user.business.controller.UserController, 请求方法: findUsersById =================================== 
2026-03-03 20:48:35.996 [http-nio-8083-exec-4] INFO  c.t.c.f.b.o.a.ApiOperationLogAspect - ====== 响应结束: [根据用户id查询用户列表], 耗时: 3ms, 返回参数: {"success":true,"data":{"usersInfo":[{"id":10,"communitysharingId":"10000012","nickname":"星陨落月","avatar":"http://127.0.0.1:9000/communitysharing/c0373cc462f24bf28ef73ffd3ec037a7.png","introduction":"喜欢打游戏，最近熬夜了，但不是打游戏熬夜"}]}} =================================== 
2026-03-03 20:48:35.999 [http-nio-8083-exec-4] INFO  c.t.c.f.b.c.f.HeaderUserIdContextFilter - =======> 删除 ThreadLocal， userId: 10
