2026-03-02 00:03:26.303 [main] WARN  c.a.n.client.logging.NacosLogging - Load Logback Configuration of Nacos fail, message: Could not initialize Logback Nacos logging from classpath:nacos-logback.xml
2026-03-02 00:03:26.351 [main] WARN  c.a.n.client.logging.NacosLogging - Load Logback Configuration of Nacos fail, message: Could not initialize Logback Nacos logging from classpath:nacos-logback.xml
2026-03-02 00:03:26.529 [main] WARN  c.a.n.client.logging.NacosLogging - Load Logback Configuration of Nacos fail, message: Could not initialize Logback Nacos logging from classpath:nacos-logback.xml
2026-03-02 00:03:26.531 [main] INFO  c.a.nacos.client.utils.ParamUtil - [settings] [req-serv] nacos-server port:8848
2026-03-02 00:03:26.531 [main] INFO  c.a.nacos.client.utils.ParamUtil - [settings] [http-client] connect timeout:1000
2026-03-02 00:03:26.533 [main] INFO  c.a.nacos.client.utils.ParamUtil - PER_TASK_CONFIG_SIZE: 3000.0
2026-03-02 00:03:26.549 [main] INFO  c.a.n.p.a.s.c.ClientAuthPluginManager - [ClientAuthPluginManager] Load ClientAuthService com.alibaba.nacos.client.auth.impl.NacosClientAuthServiceImpl success.
2026-03-02 00:03:26.549 [main] INFO  c.a.n.p.a.s.c.ClientAuthPluginManager - [ClientAuthPluginManager] Load ClientAuthService com.alibaba.nacos.client.auth.ram.RamClientAuthServiceImpl success.
2026-03-02 00:03:26.553 [main] INFO  c.a.n.c.a.r.i.CredentialWatcher - null No credential found
2026-03-02 00:03:26.850 [main] WARN  c.a.n.client.logging.NacosLogging - Load Logback Configuration of Nacos fail, message: Could not initialize Logback Nacos logging from classpath:nacos-logback.xml
2026-03-02 00:03:26.859 [main] INFO  c.a.n.c.c.i.LocalConfigInfoProcessor - LOCAL_SNAPSHOT_PATH:C:\Users\moonth\nacos\config
2026-03-02 00:03:26.863 [main] INFO  c.alibaba.nacos.common.remote.client - [RpcClientFactory] create a new rpc client of bd7c5fa2-f789-4518-a253-65034fe91ddf_config-0
2026-03-02 00:03:26.873 [main] INFO  c.alibaba.nacos.common.remote.client - [bd7c5fa2-f789-4518-a253-65034fe91ddf_config-0] Register server push request handler:com.alibaba.nacos.client.config.impl.ClientWorker$ConfigRpcTransportClient$$Lambda$584/0x0000000800f91540
2026-03-02 00:03:26.874 [main] INFO  c.alibaba.nacos.common.remote.client - [bd7c5fa2-f789-4518-a253-65034fe91ddf_config-0] Register server push request handler:com.alibaba.nacos.client.config.impl.ClientWorker$ConfigRpcTransportClient$$Lambda$585/0x0000000800f91960
2026-03-02 00:03:26.874 [main] INFO  c.alibaba.nacos.common.remote.client - [bd7c5fa2-f789-4518-a253-65034fe91ddf_config-0] Registry connection listener to current client:com.alibaba.nacos.client.config.impl.ClientWorker$ConfigRpcTransportClient$1
2026-03-02 00:03:26.874 [main] INFO  c.alibaba.nacos.common.remote.client - [bd7c5fa2-f789-4518-a253-65034fe91ddf_config-0] RpcClient init, ServerListFactory = com.alibaba.nacos.client.config.impl.ClientWorker$ConfigRpcTransportClient$2
2026-03-02 00:03:26.879 [main] INFO  c.alibaba.nacos.common.remote.client - [bd7c5fa2-f789-4518-a253-65034fe91ddf_config-0] Try to connect to server on start up, server: {serverIp = '127.0.0.1', server main port = 8848}
2026-03-02 00:03:26.909 [main] INFO  c.a.n.c.r.client.grpc.GrpcClient - grpc client connection server:127.0.0.1 ip,serverPort:9848,grpcTslConfig:{"sslProvider":"OPENSSL","enableTls":false,"mutualAuthEnable":false,"trustAll":false}
2026-03-02 00:03:27.559 [main] INFO  c.alibaba.nacos.common.remote.client - [bd7c5fa2-f789-4518-a253-65034fe91ddf_config-0] Success to connect to server [127.0.0.1:8848] on start up, connectionId = 1772381007393_172.17.0.1_34988
2026-03-02 00:03:27.560 [com.alibaba.nacos.client.remote.worker] INFO  c.alibaba.nacos.common.remote.client - [bd7c5fa2-f789-4518-a253-65034fe91ddf_config-0] Notify connected event to listeners.
2026-03-02 00:03:27.560 [com.alibaba.nacos.client.remote.worker] INFO  c.a.n.c.config.impl.ClientWorker - [bd7c5fa2-f789-4518-a253-65034fe91ddf_config-0] Connected,notify listen context...
2026-03-02 00:03:27.560 [main] INFO  c.alibaba.nacos.common.remote.client - [bd7c5fa2-f789-4518-a253-65034fe91ddf_config-0] Register server push request handler:com.alibaba.nacos.common.remote.client.RpcClient$ConnectResetRequestHandler
2026-03-02 00:03:27.560 [main] INFO  c.alibaba.nacos.common.remote.client - [bd7c5fa2-f789-4518-a253-65034fe91ddf_config-0] Register server push request handler:com.alibaba.nacos.common.remote.client.RpcClient$$Lambda$605/0x00000008010d8d88
2026-03-02 00:03:27.588 [main] INFO  c.a.nacos.client.config.impl.Limiter - limitTime:5.0
2026-03-02 00:03:27.601 [main] WARN  c.a.c.n.c.NacosPropertySourceBuilder - Ignore the empty nacos configuration and get it based on dataId[communitysharing-user-relation] & group[DEFAULT_GROUP]
2026-03-02 00:03:27.608 [main] WARN  c.a.c.n.c.NacosPropertySourceBuilder - Ignore the empty nacos configuration and get it based on dataId[communitysharing-user-relation.yaml] & group[DEFAULT_GROUP]
2026-03-02 00:03:27.642 [main] INFO  c.a.n.client.config.utils.JvmUtil - isMultiInstance:false
2026-03-02 00:03:27.645 [main] INFO  o.s.c.b.c.PropertySourceBootstrapConfiguration - Located property source: [BootstrapPropertySource {name='bootstrapProperties-communitysharing-user-relation-dev.yaml,DEFAULT_GROUP'}, BootstrapPropertySource {name='bootstrapProperties-communitysharing-user-relation.yaml,DEFAULT_GROUP'}, BootstrapPropertySource {name='bootstrapProperties-communitysharing-user-relation,DEFAULT_GROUP'}]
2026-03-02 00:03:27.662 [main] WARN  c.a.n.client.logging.NacosLogging - Load Logback Configuration of Nacos fail, message: Could not initialize Logback Nacos logging from classpath:nacos-logback.xml
2026-03-02 00:03:27.662 [main] INFO  c.t.c.u.r.b.CommunitysharingUserRelationBusinessApplication - The following 1 profile is active: "dev"
2026-03-02 00:03:28.180 [main] INFO  o.s.d.r.c.RepositoryConfigurationDelegate - Multiple Spring Data modules found, entering strict repository configuration mode
2026-03-02 00:03:28.182 [main] INFO  o.s.d.r.c.RepositoryConfigurationDelegate - Bootstrapping Spring Data Redis repositories in DEFAULT mode.
2026-03-02 00:03:28.200 [main] INFO  o.s.d.r.c.RepositoryConfigurationDelegate - Finished Spring Data repository scanning in 8 ms. Found 0 Redis repository interfaces.
2026-03-02 00:03:28.343 [main] INFO  o.s.cloud.context.scope.GenericScope - BeanFactory id=933af1cd-7c2e-3103-8423-23c83d714713
2026-03-02 00:03:28.373 [main] INFO  o.s.c.s.PostProcessorRegistrationDelegate$BeanPostProcessorChecker - Bean 'com.taoxin.communitysharing.search.user.api.UserFeignApi' of type [org.springframework.cloud.openfeign.FeignClientFactoryBean] is not eligible for getting processed by all BeanPostProcessors (for example: not eligible for auto-proxying)
2026-03-02 00:03:28.375 [main] INFO  o.s.c.s.PostProcessorRegistrationDelegate$BeanPostProcessorChecker - Bean 'com.taoxin.communitysharing.KV.api.KVFeignApi' of type [org.springframework.cloud.openfeign.FeignClientFactoryBean] is not eligible for getting processed by all BeanPostProcessors (for example: not eligible for auto-proxying)
2026-03-02 00:03:28.377 [main] INFO  o.s.c.s.PostProcessorRegistrationDelegate$BeanPostProcessorChecker - Bean 'com.taoxin.communitysharing.distributed.id.constructor.api.IdConstructorFeignApi' of type [org.springframework.cloud.openfeign.FeignClientFactoryBean] is not eligible for getting processed by all BeanPostProcessors (for example: not eligible for auto-proxying)
2026-03-02 00:03:28.528 [main] INFO  o.s.c.s.PostProcessorRegistrationDelegate$BeanPostProcessorChecker - Bean 'org.apache.rocketmq.spring.autoconfigure.MessageConverterConfiguration' of type [org.apache.rocketmq.spring.autoconfigure.MessageConverterConfiguration$$SpringCGLIB$$0] is not eligible for getting processed by all BeanPostProcessors (for example: not eligible for auto-proxying)
2026-03-02 00:03:28.560 [main] INFO  o.s.c.s.PostProcessorRegistrationDelegate$BeanPostProcessorChecker - Bean 'createRocketMQMessageConverter' of type [org.apache.rocketmq.spring.support.RocketMQMessageConverter] is not eligible for getting processed by all BeanPostProcessors (for example: not eligible for auto-proxying)
2026-03-02 00:03:28.562 [main] INFO  o.s.c.s.PostProcessorRegistrationDelegate$BeanPostProcessorChecker - Bean 'org.springframework.cloud.commons.config.CommonsConfigAutoConfiguration' of type [org.springframework.cloud.commons.config.CommonsConfigAutoConfiguration] is not eligible for getting processed by all BeanPostProcessors (for example: not eligible for auto-proxying)
2026-03-02 00:03:28.565 [main] INFO  o.s.c.s.PostProcessorRegistrationDelegate$BeanPostProcessorChecker - Bean 'org.springframework.cloud.client.loadbalancer.LoadBalancerDefaultMappingsProviderAutoConfiguration' of type [org.springframework.cloud.client.loadbalancer.LoadBalancerDefaultMappingsProviderAutoConfiguration] is not eligible for getting processed by all BeanPostProcessors (for example: not eligible for auto-proxying)
2026-03-02 00:03:28.565 [main] INFO  o.s.c.s.PostProcessorRegistrationDelegate$BeanPostProcessorChecker - Bean 'loadBalancerClientsDefaultsMappingsProvider' of type [org.springframework.cloud.client.loadbalancer.LoadBalancerDefaultMappingsProviderAutoConfiguration$$Lambda$763/0x00000008012a7d90] is not eligible for getting processed by all BeanPostProcessors (for example: not eligible for auto-proxying)
2026-03-02 00:03:28.566 [main] INFO  o.s.c.s.PostProcessorRegistrationDelegate$BeanPostProcessorChecker - Bean 'defaultsBindHandlerAdvisor' of type [org.springframework.cloud.commons.config.DefaultsBindHandlerAdvisor] is not eligible for getting processed by all BeanPostProcessors (for example: not eligible for auto-proxying)
2026-03-02 00:03:28.570 [main] INFO  o.s.c.s.PostProcessorRegistrationDelegate$BeanPostProcessorChecker - Bean 'rocketmq-org.apache.rocketmq.spring.autoconfigure.RocketMQProperties' of type [org.apache.rocketmq.spring.autoconfigure.RocketMQProperties] is not eligible for getting processed by all BeanPostProcessors (for example: not eligible for auto-proxying)
2026-03-02 00:03:28.570 [main] INFO  o.s.c.s.PostProcessorRegistrationDelegate$BeanPostProcessorChecker - Bean 'org.apache.rocketmq.spring.autoconfigure.ListenerContainerConfiguration' of type [org.apache.rocketmq.spring.autoconfigure.ListenerContainerConfiguration$$SpringCGLIB$$0] is not eligible for getting processed by all BeanPostProcessors (for example: not eligible for auto-proxying)
2026-03-02 00:03:28.780 [main] INFO  o.s.b.w.e.tomcat.TomcatWebServer - Tomcat initialized with port(s): 8089 (http)
2026-03-02 00:03:28.792 [main] INFO  o.a.catalina.core.StandardService - Starting service [Tomcat]
2026-03-02 00:03:28.793 [main] INFO  o.a.catalina.core.StandardEngine - Starting Servlet engine: [Apache Tomcat/10.1.5]
2026-03-02 00:03:28.879 [main] INFO  o.a.c.c.C.[Tomcat].[localhost].[/] - Initializing Spring embedded WebApplicationContext
2026-03-02 00:03:28.879 [main] INFO  o.s.b.w.s.c.ServletWebServerApplicationContext - Root WebApplicationContext: initialization completed in 1207 ms
2026-03-02 00:03:28.940 [main] INFO  c.a.d.s.b.a.DruidDataSourceAutoConfigure - Init DruidDataSource
2026-03-02 00:03:29.173 [main] INFO  c.alibaba.druid.pool.DruidDataSource - {dataSource-1} inited
2026-03-02 00:03:29.539 [main] INFO  o.a.r.s.a.RocketMQAutoConfiguration - a producer (communitysharing_group) init on namesrv 127.0.0.1:9876
2026-03-02 00:03:29.764 [main] INFO  o.a.r.s.s.DefaultRocketMQListenerContainer - running container: DefaultRocketMQListenerContainer{consumerGroup='communitysharing_groupFollowUnfollowTopic', namespace='', nameServer='127.0.0.1:9876', topic='FollowUnfollowTopic', consumeMode=ORDERLY, selectorType=TAG, selectorExpression='*', messageModel=CLUSTERING', tlsEnable=false, instanceName=DEFAULT}
2026-03-02 00:03:29.765 [main] INFO  o.a.r.s.a.ListenerContainerConfiguration - Register the listener to container, listenerBeanName:followUnfollowConsumer, containerBeanName:org.apache.rocketmq.spring.support.DefaultRocketMQListenerContainer_1
2026-03-02 00:03:29.860 [main] INFO  o.s.c.o.FeignClientFactoryBean - For 'communitysharing-user' URL not provided. Will try picking an instance via load-balancing.
2026-03-02 00:03:30.728 [main] WARN  o.s.c.l.c.LoadBalancerCacheAutoConfiguration$LoadBalancerCaffeineWarnLogger - Spring Cloud LoadBalancer is currently working with the default cache. While this cache implementation is useful for development and tests, it's recommended to use Caffeine cache in production.You can switch to using Caffeine cache, by adding it and org.springframework.cache.caffeine.CaffeineCacheManager to the classpath.
2026-03-02 00:03:30.805 [main] INFO  o.s.b.w.e.tomcat.TomcatWebServer - Tomcat started on port(s): 8089 (http) with context path ''
2026-03-02 00:03:30.811 [main] INFO  com.alibaba.nacos.client.naming - initializer namespace from ans.namespace attribute : null
2026-03-02 00:03:30.812 [main] INFO  com.alibaba.nacos.client.naming - initializer namespace from ALIBABA_ALIWARE_NAMESPACE attribute :null
2026-03-02 00:03:30.813 [main] INFO  com.alibaba.nacos.client.naming - initializer namespace from namespace attribute :null
2026-03-02 00:03:30.823 [main] INFO  c.a.n.p.a.s.c.ClientAuthPluginManager - [ClientAuthPluginManager] Load ClientAuthService com.alibaba.nacos.client.auth.impl.NacosClientAuthServiceImpl success.
2026-03-02 00:03:30.823 [main] INFO  c.a.n.p.a.s.c.ClientAuthPluginManager - [ClientAuthPluginManager] Load ClientAuthService com.alibaba.nacos.client.auth.ram.RamClientAuthServiceImpl success.
2026-03-02 00:03:30.828 [main] INFO  c.alibaba.nacos.common.remote.client - [RpcClientFactory] create a new rpc client of 1acde5d4-40cd-40b1-8ae8-b6be53a7d327
2026-03-02 00:03:30.831 [main] INFO  c.alibaba.nacos.common.remote.client - [1acde5d4-40cd-40b1-8ae8-b6be53a7d327] RpcClient init, ServerListFactory = com.alibaba.nacos.client.naming.core.ServerListManager
2026-03-02 00:03:30.831 [main] INFO  c.alibaba.nacos.common.remote.client - [1acde5d4-40cd-40b1-8ae8-b6be53a7d327] Registry connection listener to current client:com.alibaba.nacos.client.naming.remote.gprc.redo.NamingGrpcRedoService
2026-03-02 00:03:30.832 [main] INFO  c.alibaba.nacos.common.remote.client - [1acde5d4-40cd-40b1-8ae8-b6be53a7d327] Register server push request handler:com.alibaba.nacos.client.naming.remote.gprc.NamingPushRequestHandler
2026-03-02 00:03:30.832 [main] INFO  c.alibaba.nacos.common.remote.client - [1acde5d4-40cd-40b1-8ae8-b6be53a7d327] Try to connect to server on start up, server: {serverIp = '127.0.0.1', server main port = 8848}
2026-03-02 00:03:30.832 [main] INFO  c.a.n.c.r.client.grpc.GrpcClient - grpc client connection server:127.0.0.1 ip,serverPort:9848,grpcTslConfig:{"sslProvider":"OPENSSL","enableTls":false,"mutualAuthEnable":false,"trustAll":false}
2026-03-02 00:03:30.948 [main] INFO  c.alibaba.nacos.common.remote.client - [1acde5d4-40cd-40b1-8ae8-b6be53a7d327] Success to connect to server [127.0.0.1:8848] on start up, connectionId = 1772381010842_172.17.0.1_53574
2026-03-02 00:03:30.948 [com.alibaba.nacos.client.remote.worker] INFO  c.alibaba.nacos.common.remote.client - [1acde5d4-40cd-40b1-8ae8-b6be53a7d327] Notify connected event to listeners.
2026-03-02 00:03:30.948 [main] INFO  c.alibaba.nacos.common.remote.client - [1acde5d4-40cd-40b1-8ae8-b6be53a7d327] Register server push request handler:com.alibaba.nacos.common.remote.client.RpcClient$ConnectResetRequestHandler
2026-03-02 00:03:30.948 [com.alibaba.nacos.client.remote.worker] INFO  com.alibaba.nacos.client.naming - Grpc connection connect
2026-03-02 00:03:30.948 [main] INFO  c.alibaba.nacos.common.remote.client - [1acde5d4-40cd-40b1-8ae8-b6be53a7d327] Register server push request handler:com.alibaba.nacos.common.remote.client.RpcClient$$Lambda$605/0x00000008010d8d88
2026-03-02 00:03:30.950 [main] INFO  com.alibaba.nacos.client.naming - [REGISTER-SERVICE] 2e254952-9803-4eae-8771-b086042c797f registering service communitysharing-user-relation with instance Instance{instanceId='null', ip='26.26.26.1', port=8089, weight=1.0, healthy=true, enabled=true, ephemeral=true, clusterName='DEFAULT', serviceName='null', metadata={IPv6=null, preserved.register.source=SPRING_CLOUD}}
2026-03-02 00:03:30.965 [main] INFO  c.a.c.n.r.NacosServiceRegistry - nacos registry, DEFAULT_GROUP communitysharing-user-relation 26.26.26.1:8089 register finished
2026-03-02 00:03:31.140 [main] INFO  c.t.c.u.r.b.CommunitysharingUserRelationBusinessApplication - Started CommunitysharingUserRelationBusinessApplication in 5.347 seconds (process running for 6.215)
2026-03-02 00:03:31.145 [main] INFO  c.a.n.client.config.impl.CacheData - nacos.cache.data.init.snapshot = true 
2026-03-02 00:03:31.145 [main] INFO  c.a.n.c.config.impl.ClientWorker - [fixed-2e254952-9803-4eae-8771-b086042c797f-127.0.0.1_8848] [subscribe] communitysharing-user-relation.yaml+DEFAULT_GROUP+2e254952-9803-4eae-8771-b086042c797f
2026-03-02 00:03:31.154 [main] INFO  c.a.n.client.config.impl.CacheData - [fixed-2e254952-9803-4eae-8771-b086042c797f-127.0.0.1_8848] [add-listener] ok, tenant=2e254952-9803-4eae-8771-b086042c797f, dataId=communitysharing-user-relation.yaml, group=DEFAULT_GROUP, cnt=1
2026-03-02 00:03:31.154 [main] INFO  c.a.c.n.r.NacosContextRefresher - [Nacos Config] Listening config: dataId=communitysharing-user-relation.yaml, group=DEFAULT_GROUP
2026-03-02 00:03:31.156 [main] INFO  c.a.n.c.config.impl.ClientWorker - [fixed-2e254952-9803-4eae-8771-b086042c797f-127.0.0.1_8848] [subscribe] communitysharing-user-relation-dev.yaml+DEFAULT_GROUP+2e254952-9803-4eae-8771-b086042c797f
2026-03-02 00:03:31.156 [main] INFO  c.a.n.client.config.impl.CacheData - [fixed-2e254952-9803-4eae-8771-b086042c797f-127.0.0.1_8848] [add-listener] ok, tenant=2e254952-9803-4eae-8771-b086042c797f, dataId=communitysharing-user-relation-dev.yaml, group=DEFAULT_GROUP, cnt=1
2026-03-02 00:03:31.156 [main] INFO  c.a.c.n.r.NacosContextRefresher - [Nacos Config] Listening config: dataId=communitysharing-user-relation-dev.yaml, group=DEFAULT_GROUP
2026-03-02 00:03:31.156 [main] INFO  c.a.n.c.config.impl.ClientWorker - [fixed-2e254952-9803-4eae-8771-b086042c797f-127.0.0.1_8848] [subscribe] communitysharing-user-relation+DEFAULT_GROUP+2e254952-9803-4eae-8771-b086042c797f
2026-03-02 00:03:31.156 [main] INFO  c.a.n.client.config.impl.CacheData - [fixed-2e254952-9803-4eae-8771-b086042c797f-127.0.0.1_8848] [add-listener] ok, tenant=2e254952-9803-4eae-8771-b086042c797f, dataId=communitysharing-user-relation, group=DEFAULT_GROUP, cnt=1
2026-03-02 00:03:31.156 [main] INFO  c.a.c.n.r.NacosContextRefresher - [Nacos Config] Listening config: dataId=communitysharing-user-relation, group=DEFAULT_GROUP
2026-03-02 16:06:03.174 [Thread-7] WARN  c.a.nacos.common.notify.NotifyCenter - [NotifyCenter] Start destroying Publisher
2026-03-02 16:06:03.175 [Thread-1] WARN  c.a.n.c.http.HttpClientBeanHolder - [HttpClientBeanHolder] Start destroying common HttpClient
2026-03-02 16:06:03.185 [Thread-7] WARN  c.a.nacos.common.notify.NotifyCenter - [NotifyCenter] Destruction of the end
2026-03-02 16:06:03.192 [Thread-1] WARN  c.a.n.c.http.HttpClientBeanHolder - [HttpClientBeanHolder] Destruction of the end
2026-03-02 16:06:03.325 [NettyClientSelector_1] INFO  RocketmqRemoting - closeChannel: close the connection to remote address[192.168.2.145:10911] result: true
2026-03-02 16:06:03.347 [NettyClientSelector_1] INFO  RocketmqRemoting - closeChannel: close the connection to remote address[127.0.0.1:9876] result: true
2026-03-02 16:06:03.556 [SpringApplicationShutdownHook] INFO  c.a.c.n.r.NacosServiceRegistry - De-registering from Nacos Server now...
2026-03-02 16:06:03.559 [SpringApplicationShutdownHook] INFO  com.alibaba.nacos.client.naming - [DEREGISTER-SERVICE] 2e254952-9803-4eae-8771-b086042c797f deregistering service communitysharing-user-relation with instance: Instance{instanceId='null', ip='26.26.26.1', port=8089, weight=1.0, healthy=true, enabled=true, ephemeral=true, clusterName='DEFAULT', serviceName='null', metadata={}}
2026-03-02 16:06:03.576 [SpringApplicationShutdownHook] INFO  c.a.c.n.r.NacosServiceRegistry - De-registration finished.
2026-03-02 16:06:03.577 [SpringApplicationShutdownHook] INFO  com.alibaba.nacos.client.naming - com.alibaba.nacos.client.naming.cache.ServiceInfoHolder do shutdown begin
2026-03-02 16:06:03.577 [SpringApplicationShutdownHook] INFO  com.alibaba.nacos.client.naming - com.alibaba.nacos.client.naming.backups.FailoverReactor do shutdown begin
2026-03-02 16:06:03.578 [SpringApplicationShutdownHook] INFO  com.alibaba.nacos.client.naming - com.alibaba.nacos.client.naming.backups.FailoverReactor do shutdown stop
2026-03-02 16:06:03.578 [SpringApplicationShutdownHook] INFO  com.alibaba.nacos.client.naming - com.alibaba.nacos.client.naming.cache.ServiceInfoHolder do shutdown stop
2026-03-02 16:06:03.578 [SpringApplicationShutdownHook] INFO  com.alibaba.nacos.client.naming - com.alibaba.nacos.client.naming.remote.NamingClientProxyDelegate do shutdown begin
2026-03-02 16:06:03.578 [SpringApplicationShutdownHook] INFO  com.alibaba.nacos.client.naming - com.alibaba.nacos.client.naming.core.ServiceInfoUpdateService do shutdown begin
2026-03-02 16:06:03.578 [SpringApplicationShutdownHook] INFO  com.alibaba.nacos.client.naming - com.alibaba.nacos.client.naming.core.ServiceInfoUpdateService do shutdown stop
2026-03-02 16:06:03.578 [SpringApplicationShutdownHook] INFO  com.alibaba.nacos.client.naming - com.alibaba.nacos.client.naming.core.ServerListManager do shutdown begin
2026-03-02 16:06:03.578 [SpringApplicationShutdownHook] WARN  com.alibaba.nacos.client.naming - [NamingHttpClientManager] Start destroying NacosRestTemplate
2026-03-02 16:06:03.578 [SpringApplicationShutdownHook] WARN  com.alibaba.nacos.client.naming - [NamingHttpClientManager] Destruction of the end
2026-03-02 16:06:03.578 [SpringApplicationShutdownHook] INFO  com.alibaba.nacos.client.naming - com.alibaba.nacos.client.naming.core.ServerListManager do shutdown stop
2026-03-02 16:06:03.578 [SpringApplicationShutdownHook] INFO  com.alibaba.nacos.client.naming - com.alibaba.nacos.client.naming.remote.http.NamingHttpClientProxy do shutdown begin
2026-03-02 16:06:03.578 [SpringApplicationShutdownHook] WARN  com.alibaba.nacos.client.naming - [NamingHttpClientManager] Start destroying NacosRestTemplate
2026-03-02 16:06:03.578 [SpringApplicationShutdownHook] WARN  com.alibaba.nacos.client.naming - [NamingHttpClientManager] Destruction of the end
2026-03-02 16:06:03.578 [SpringApplicationShutdownHook] INFO  com.alibaba.nacos.client.naming - com.alibaba.nacos.client.naming.remote.http.NamingHttpClientProxy do shutdown stop
2026-03-02 16:06:03.578 [SpringApplicationShutdownHook] INFO  c.alibaba.nacos.common.remote.client - Shutdown rpc client, set status to shutdown
2026-03-02 16:06:03.578 [SpringApplicationShutdownHook] INFO  c.alibaba.nacos.common.remote.client - Shutdown client event executor java.util.concurrent.ScheduledThreadPoolExecutor@3d7fc2fc[Running, pool size = 2, active threads = 2, queued tasks = 0, completed tasks = 0]
2026-03-02 16:06:03.579 [SpringApplicationShutdownHook] INFO  c.alibaba.nacos.common.remote.client - Close current connection 1772381010842_172.17.0.1_53574
2026-03-02 16:06:03.583 [nacos-grpc-client-executor-127.0.0.1-11531] INFO  c.a.n.c.r.client.grpc.GrpcClient - [1772381010842_172.17.0.1_53574]Ignore complete event,isRunning:false,isAbandon=false
2026-03-02 16:06:03.589 [SpringApplicationShutdownHook] INFO  c.a.n.c.r.client.grpc.GrpcClient - Shutdown grpc executor java.util.concurrent.ThreadPoolExecutor@70f370ae[Running, pool size = 4, active threads = 0, queued tasks = 0, completed tasks = 11532]
2026-03-02 16:06:03.590 [SpringApplicationShutdownHook] INFO  com.alibaba.nacos.client.naming - Shutdown grpc redo service executor java.util.concurrent.ScheduledThreadPoolExecutor@3da6fe49[Running, pool size = 1, active threads = 0, queued tasks = 1, completed tasks = 19207]
2026-03-02 16:06:03.591 [SpringApplicationShutdownHook] INFO  c.a.n.c.a.r.i.CredentialWatcher - [null] CredentialWatcher is stopped
2026-03-02 16:06:03.591 [SpringApplicationShutdownHook] INFO  c.a.n.c.a.r.i.CredentialService - [null] CredentialService is freed
2026-03-02 16:06:03.591 [SpringApplicationShutdownHook] INFO  com.alibaba.nacos.client.naming - com.alibaba.nacos.client.naming.remote.NamingClientProxyDelegate do shutdown stop
2026-03-02 16:06:03.617 [SpringApplicationShutdownHook] INFO  o.a.r.s.s.DefaultRocketMQListenerContainer - container destroyed, DefaultRocketMQListenerContainer{consumerGroup='communitysharing_groupFollowUnfollowTopic', namespace='', nameServer='127.0.0.1:9876', topic='FollowUnfollowTopic', consumeMode=ORDERLY, selectorType=TAG, selectorExpression='*', messageModel=CLUSTERING', tlsEnable=false, instanceName=DEFAULT}
2026-03-02 16:06:03.624 [NettyClientSelector_1] INFO  RocketmqRemoting - closeChannel: close the connection to remote address[127.0.0.1:9876] result: true
2026-03-02 16:06:03.624 [NettyClientSelector_1] INFO  RocketmqRemoting - closeChannel: close the connection to remote address[192.168.2.145:10911] result: true
2026-03-02 16:06:03.668 [SpringApplicationShutdownHook] INFO  c.alibaba.druid.pool.DruidDataSource - {dataSource-1} closing ...
2026-03-02 16:06:03.673 [SpringApplicationShutdownHook] INFO  c.alibaba.druid.pool.DruidDataSource - {dataSource-1} closed
2026-03-02 16:14:27.064 [main] WARN  c.a.n.client.logging.NacosLogging - Load Logback Configuration of Nacos fail, message: Could not initialize Logback Nacos logging from classpath:nacos-logback.xml
2026-03-02 16:14:27.117 [main] WARN  c.a.n.client.logging.NacosLogging - Load Logback Configuration of Nacos fail, message: Could not initialize Logback Nacos logging from classpath:nacos-logback.xml
2026-03-02 16:14:27.331 [main] WARN  c.a.n.client.logging.NacosLogging - Load Logback Configuration of Nacos fail, message: Could not initialize Logback Nacos logging from classpath:nacos-logback.xml
2026-03-02 16:14:27.332 [main] INFO  c.a.nacos.client.utils.ParamUtil - [settings] [req-serv] nacos-server port:8848
2026-03-02 16:14:27.332 [main] INFO  c.a.nacos.client.utils.ParamUtil - [settings] [http-client] connect timeout:1000
2026-03-02 16:14:27.333 [main] INFO  c.a.nacos.client.utils.ParamUtil - PER_TASK_CONFIG_SIZE: 3000.0
2026-03-02 16:14:27.357 [main] INFO  c.a.n.p.a.s.c.ClientAuthPluginManager - [ClientAuthPluginManager] Load ClientAuthService com.alibaba.nacos.client.auth.impl.NacosClientAuthServiceImpl success.
2026-03-02 16:14:27.357 [main] INFO  c.a.n.p.a.s.c.ClientAuthPluginManager - [ClientAuthPluginManager] Load ClientAuthService com.alibaba.nacos.client.auth.ram.RamClientAuthServiceImpl success.
2026-03-02 16:14:27.360 [main] INFO  c.a.n.c.a.r.i.CredentialWatcher - null No credential found
2026-03-02 16:14:27.743 [main] WARN  c.a.n.client.logging.NacosLogging - Load Logback Configuration of Nacos fail, message: Could not initialize Logback Nacos logging from classpath:nacos-logback.xml
2026-03-02 16:14:27.754 [main] INFO  c.a.n.c.c.i.LocalConfigInfoProcessor - LOCAL_SNAPSHOT_PATH:C:\Users\moonth\nacos\config
2026-03-02 16:14:27.757 [main] INFO  c.alibaba.nacos.common.remote.client - [RpcClientFactory] create a new rpc client of 30e27790-7e31-40c1-88c3-9c86657fca39_config-0
2026-03-02 16:14:27.771 [main] INFO  c.alibaba.nacos.common.remote.client - [30e27790-7e31-40c1-88c3-9c86657fca39_config-0] Register server push request handler:com.alibaba.nacos.client.config.impl.ClientWorker$ConfigRpcTransportClient$$Lambda$584/0x0000000800f91540
2026-03-02 16:14:27.771 [main] INFO  c.alibaba.nacos.common.remote.client - [30e27790-7e31-40c1-88c3-9c86657fca39_config-0] Register server push request handler:com.alibaba.nacos.client.config.impl.ClientWorker$ConfigRpcTransportClient$$Lambda$585/0x0000000800f91960
2026-03-02 16:14:27.771 [main] INFO  c.alibaba.nacos.common.remote.client - [30e27790-7e31-40c1-88c3-9c86657fca39_config-0] Registry connection listener to current client:com.alibaba.nacos.client.config.impl.ClientWorker$ConfigRpcTransportClient$1
2026-03-02 16:14:27.772 [main] INFO  c.alibaba.nacos.common.remote.client - [30e27790-7e31-40c1-88c3-9c86657fca39_config-0] RpcClient init, ServerListFactory = com.alibaba.nacos.client.config.impl.ClientWorker$ConfigRpcTransportClient$2
2026-03-02 16:14:27.785 [main] INFO  c.alibaba.nacos.common.remote.client - [30e27790-7e31-40c1-88c3-9c86657fca39_config-0] Try to connect to server on start up, server: {serverIp = '127.0.0.1', server main port = 8848}
2026-03-02 16:14:27.828 [main] INFO  c.a.n.c.r.client.grpc.GrpcClient - grpc client connection server:127.0.0.1 ip,serverPort:9848,grpcTslConfig:{"sslProvider":"OPENSSL","enableTls":false,"mutualAuthEnable":false,"trustAll":false}
2026-03-02 16:14:28.671 [main] INFO  c.alibaba.nacos.common.remote.client - [30e27790-7e31-40c1-88c3-9c86657fca39_config-0] Success to connect to server [127.0.0.1:8848] on start up, connectionId = 1772439268475_172.17.0.1_39812
2026-03-02 16:14:28.672 [com.alibaba.nacos.client.remote.worker] INFO  c.alibaba.nacos.common.remote.client - [30e27790-7e31-40c1-88c3-9c86657fca39_config-0] Notify connected event to listeners.
2026-03-02 16:14:28.673 [main] INFO  c.alibaba.nacos.common.remote.client - [30e27790-7e31-40c1-88c3-9c86657fca39_config-0] Register server push request handler:com.alibaba.nacos.common.remote.client.RpcClient$ConnectResetRequestHandler
2026-03-02 16:14:28.673 [com.alibaba.nacos.client.remote.worker] INFO  c.a.n.c.config.impl.ClientWorker - [30e27790-7e31-40c1-88c3-9c86657fca39_config-0] Connected,notify listen context...
2026-03-02 16:14:28.673 [main] INFO  c.alibaba.nacos.common.remote.client - [30e27790-7e31-40c1-88c3-9c86657fca39_config-0] Register server push request handler:com.alibaba.nacos.common.remote.client.RpcClient$$Lambda$605/0x00000008010d9448
2026-03-02 16:14:28.709 [main] INFO  c.a.nacos.client.config.impl.Limiter - limitTime:5.0
2026-03-02 16:14:28.723 [main] WARN  c.a.c.n.c.NacosPropertySourceBuilder - Ignore the empty nacos configuration and get it based on dataId[communitysharing-user-relation] & group[DEFAULT_GROUP]
2026-03-02 16:14:28.730 [main] WARN  c.a.c.n.c.NacosPropertySourceBuilder - Ignore the empty nacos configuration and get it based on dataId[communitysharing-user-relation.yaml] & group[DEFAULT_GROUP]
2026-03-02 16:14:28.760 [main] INFO  c.a.n.client.config.utils.JvmUtil - isMultiInstance:false
2026-03-02 16:14:28.766 [main] INFO  o.s.c.b.c.PropertySourceBootstrapConfiguration - Located property source: [BootstrapPropertySource {name='bootstrapProperties-communitysharing-user-relation-dev.yaml,DEFAULT_GROUP'}, BootstrapPropertySource {name='bootstrapProperties-communitysharing-user-relation.yaml,DEFAULT_GROUP'}, BootstrapPropertySource {name='bootstrapProperties-communitysharing-user-relation,DEFAULT_GROUP'}]
2026-03-02 16:14:28.790 [main] WARN  c.a.n.client.logging.NacosLogging - Load Logback Configuration of Nacos fail, message: Could not initialize Logback Nacos logging from classpath:nacos-logback.xml
2026-03-02 16:14:28.790 [main] INFO  c.t.c.u.r.b.CommunitysharingUserRelationBusinessApplication - The following 1 profile is active: "dev"
2026-03-02 16:14:29.513 [main] INFO  o.s.d.r.c.RepositoryConfigurationDelegate - Multiple Spring Data modules found, entering strict repository configuration mode
2026-03-02 16:14:29.516 [main] INFO  o.s.d.r.c.RepositoryConfigurationDelegate - Bootstrapping Spring Data Redis repositories in DEFAULT mode.
2026-03-02 16:14:29.538 [main] INFO  o.s.d.r.c.RepositoryConfigurationDelegate - Finished Spring Data repository scanning in 10 ms. Found 0 Redis repository interfaces.
2026-03-02 16:14:29.716 [main] INFO  o.s.cloud.context.scope.GenericScope - BeanFactory id=933af1cd-7c2e-3103-8423-23c83d714713
2026-03-02 16:14:29.746 [main] INFO  o.s.c.s.PostProcessorRegistrationDelegate$BeanPostProcessorChecker - Bean 'com.taoxin.communitysharing.search.user.api.UserFeignApi' of type [org.springframework.cloud.openfeign.FeignClientFactoryBean] is not eligible for getting processed by all BeanPostProcessors (for example: not eligible for auto-proxying)
2026-03-02 16:14:29.748 [main] INFO  o.s.c.s.PostProcessorRegistrationDelegate$BeanPostProcessorChecker - Bean 'com.taoxin.communitysharing.KV.api.KVFeignApi' of type [org.springframework.cloud.openfeign.FeignClientFactoryBean] is not eligible for getting processed by all BeanPostProcessors (for example: not eligible for auto-proxying)
2026-03-02 16:14:29.750 [main] INFO  o.s.c.s.PostProcessorRegistrationDelegate$BeanPostProcessorChecker - Bean 'com.taoxin.communitysharing.distributed.id.constructor.api.IdConstructorFeignApi' of type [org.springframework.cloud.openfeign.FeignClientFactoryBean] is not eligible for getting processed by all BeanPostProcessors (for example: not eligible for auto-proxying)
2026-03-02 16:14:29.934 [main] INFO  o.s.c.s.PostProcessorRegistrationDelegate$BeanPostProcessorChecker - Bean 'org.apache.rocketmq.spring.autoconfigure.MessageConverterConfiguration' of type [org.apache.rocketmq.spring.autoconfigure.MessageConverterConfiguration$$SpringCGLIB$$0] is not eligible for getting processed by all BeanPostProcessors (for example: not eligible for auto-proxying)
2026-03-02 16:14:29.967 [main] INFO  o.s.c.s.PostProcessorRegistrationDelegate$BeanPostProcessorChecker - Bean 'createRocketMQMessageConverter' of type [org.apache.rocketmq.spring.support.RocketMQMessageConverter] is not eligible for getting processed by all BeanPostProcessors (for example: not eligible for auto-proxying)
2026-03-02 16:14:29.971 [main] INFO  o.s.c.s.PostProcessorRegistrationDelegate$BeanPostProcessorChecker - Bean 'org.springframework.cloud.commons.config.CommonsConfigAutoConfiguration' of type [org.springframework.cloud.commons.config.CommonsConfigAutoConfiguration] is not eligible for getting processed by all BeanPostProcessors (for example: not eligible for auto-proxying)
2026-03-02 16:14:29.974 [main] INFO  o.s.c.s.PostProcessorRegistrationDelegate$BeanPostProcessorChecker - Bean 'org.springframework.cloud.client.loadbalancer.LoadBalancerDefaultMappingsProviderAutoConfiguration' of type [org.springframework.cloud.client.loadbalancer.LoadBalancerDefaultMappingsProviderAutoConfiguration] is not eligible for getting processed by all BeanPostProcessors (for example: not eligible for auto-proxying)
2026-03-02 16:14:29.974 [main] INFO  o.s.c.s.PostProcessorRegistrationDelegate$BeanPostProcessorChecker - Bean 'loadBalancerClientsDefaultsMappingsProvider' of type [org.springframework.cloud.client.loadbalancer.LoadBalancerDefaultMappingsProviderAutoConfiguration$$Lambda$763/0x00000008012a9a70] is not eligible for getting processed by all BeanPostProcessors (for example: not eligible for auto-proxying)
2026-03-02 16:14:29.977 [main] INFO  o.s.c.s.PostProcessorRegistrationDelegate$BeanPostProcessorChecker - Bean 'defaultsBindHandlerAdvisor' of type [org.springframework.cloud.commons.config.DefaultsBindHandlerAdvisor] is not eligible for getting processed by all BeanPostProcessors (for example: not eligible for auto-proxying)
2026-03-02 16:14:29.985 [main] INFO  o.s.c.s.PostProcessorRegistrationDelegate$BeanPostProcessorChecker - Bean 'rocketmq-org.apache.rocketmq.spring.autoconfigure.RocketMQProperties' of type [org.apache.rocketmq.spring.autoconfigure.RocketMQProperties] is not eligible for getting processed by all BeanPostProcessors (for example: not eligible for auto-proxying)
2026-03-02 16:14:29.987 [main] INFO  o.s.c.s.PostProcessorRegistrationDelegate$BeanPostProcessorChecker - Bean 'org.apache.rocketmq.spring.autoconfigure.ListenerContainerConfiguration' of type [org.apache.rocketmq.spring.autoconfigure.ListenerContainerConfiguration$$SpringCGLIB$$0] is not eligible for getting processed by all BeanPostProcessors (for example: not eligible for auto-proxying)
2026-03-02 16:14:30.266 [main] INFO  o.s.b.w.e.tomcat.TomcatWebServer - Tomcat initialized with port(s): 8089 (http)
2026-03-02 16:14:30.274 [main] INFO  o.a.catalina.core.StandardService - Starting service [Tomcat]
2026-03-02 16:14:30.274 [main] INFO  o.a.catalina.core.StandardEngine - Starting Servlet engine: [Apache Tomcat/10.1.5]
2026-03-02 16:14:30.364 [main] INFO  o.a.c.c.C.[Tomcat].[localhost].[/] - Initializing Spring embedded WebApplicationContext
2026-03-02 16:14:30.365 [main] INFO  o.s.b.w.s.c.ServletWebServerApplicationContext - Root WebApplicationContext: initialization completed in 1556 ms
2026-03-02 16:14:30.438 [main] INFO  c.a.d.s.b.a.DruidDataSourceAutoConfigure - Init DruidDataSource
2026-03-02 16:14:30.752 [main] INFO  c.alibaba.druid.pool.DruidDataSource - {dataSource-1} inited
2026-03-02 16:14:31.189 [main] INFO  o.a.r.s.a.RocketMQAutoConfiguration - a producer (communitysharing_group) init on namesrv 127.0.0.1:9876
2026-03-02 16:14:31.484 [main] INFO  o.a.r.s.s.DefaultRocketMQListenerContainer - running container: DefaultRocketMQListenerContainer{consumerGroup='communitysharing_groupFollowUnfollowTopic', namespace='', nameServer='127.0.0.1:9876', topic='FollowUnfollowTopic', consumeMode=ORDERLY, selectorType=TAG, selectorExpression='*', messageModel=CLUSTERING', tlsEnable=false, instanceName=DEFAULT}
2026-03-02 16:14:31.484 [main] INFO  o.a.r.s.a.ListenerContainerConfiguration - Register the listener to container, listenerBeanName:followUnfollowConsumer, containerBeanName:org.apache.rocketmq.spring.support.DefaultRocketMQListenerContainer_1
2026-03-02 16:14:31.634 [main] INFO  o.s.c.o.FeignClientFactoryBean - For 'communitysharing-user' URL not provided. Will try picking an instance via load-balancing.
2026-03-02 16:14:32.754 [main] WARN  o.s.c.l.c.LoadBalancerCacheAutoConfiguration$LoadBalancerCaffeineWarnLogger - Spring Cloud LoadBalancer is currently working with the default cache. While this cache implementation is useful for development and tests, it's recommended to use Caffeine cache in production.You can switch to using Caffeine cache, by adding it and org.springframework.cache.caffeine.CaffeineCacheManager to the classpath.
2026-03-02 16:14:32.823 [main] INFO  o.s.b.w.e.tomcat.TomcatWebServer - Tomcat started on port(s): 8089 (http) with context path ''
2026-03-02 16:14:32.826 [main] INFO  com.alibaba.nacos.client.naming - initializer namespace from ans.namespace attribute : null
2026-03-02 16:14:32.827 [main] INFO  com.alibaba.nacos.client.naming - initializer namespace from ALIBABA_ALIWARE_NAMESPACE attribute :null
2026-03-02 16:14:32.827 [main] INFO  com.alibaba.nacos.client.naming - initializer namespace from namespace attribute :null
2026-03-02 16:14:32.833 [main] INFO  c.a.n.p.a.s.c.ClientAuthPluginManager - [ClientAuthPluginManager] Load ClientAuthService com.alibaba.nacos.client.auth.impl.NacosClientAuthServiceImpl success.
2026-03-02 16:14:32.834 [main] INFO  c.a.n.p.a.s.c.ClientAuthPluginManager - [ClientAuthPluginManager] Load ClientAuthService com.alibaba.nacos.client.auth.ram.RamClientAuthServiceImpl success.
2026-03-02 16:14:32.837 [main] INFO  c.alibaba.nacos.common.remote.client - [RpcClientFactory] create a new rpc client of ce2a10ce-038c-4f97-8421-79787063fe5d
2026-03-02 16:14:32.839 [main] INFO  c.alibaba.nacos.common.remote.client - [ce2a10ce-038c-4f97-8421-79787063fe5d] RpcClient init, ServerListFactory = com.alibaba.nacos.client.naming.core.ServerListManager
2026-03-02 16:14:32.839 [main] INFO  c.alibaba.nacos.common.remote.client - [ce2a10ce-038c-4f97-8421-79787063fe5d] Registry connection listener to current client:com.alibaba.nacos.client.naming.remote.gprc.redo.NamingGrpcRedoService
2026-03-02 16:14:32.840 [main] INFO  c.alibaba.nacos.common.remote.client - [ce2a10ce-038c-4f97-8421-79787063fe5d] Register server push request handler:com.alibaba.nacos.client.naming.remote.gprc.NamingPushRequestHandler
2026-03-02 16:14:32.840 [main] INFO  c.alibaba.nacos.common.remote.client - [ce2a10ce-038c-4f97-8421-79787063fe5d] Try to connect to server on start up, server: {serverIp = '127.0.0.1', server main port = 8848}
2026-03-02 16:14:32.841 [main] INFO  c.a.n.c.r.client.grpc.GrpcClient - grpc client connection server:127.0.0.1 ip,serverPort:9848,grpcTslConfig:{"sslProvider":"OPENSSL","enableTls":false,"mutualAuthEnable":false,"trustAll":false}
2026-03-02 16:14:32.971 [main] INFO  c.alibaba.nacos.common.remote.client - [ce2a10ce-038c-4f97-8421-79787063fe5d] Success to connect to server [127.0.0.1:8848] on start up, connectionId = 1772439272848_172.17.0.1_33216
2026-03-02 16:14:32.971 [main] INFO  c.alibaba.nacos.common.remote.client - [ce2a10ce-038c-4f97-8421-79787063fe5d] Register server push request handler:com.alibaba.nacos.common.remote.client.RpcClient$ConnectResetRequestHandler
2026-03-02 16:14:32.971 [com.alibaba.nacos.client.remote.worker] INFO  c.alibaba.nacos.common.remote.client - [ce2a10ce-038c-4f97-8421-79787063fe5d] Notify connected event to listeners.
2026-03-02 16:14:32.971 [main] INFO  c.alibaba.nacos.common.remote.client - [ce2a10ce-038c-4f97-8421-79787063fe5d] Register server push request handler:com.alibaba.nacos.common.remote.client.RpcClient$$Lambda$605/0x00000008010d9448
2026-03-02 16:14:32.971 [com.alibaba.nacos.client.remote.worker] INFO  com.alibaba.nacos.client.naming - Grpc connection connect
2026-03-02 16:14:32.972 [main] INFO  com.alibaba.nacos.client.naming - [REGISTER-SERVICE] 2e254952-9803-4eae-8771-b086042c797f registering service communitysharing-user-relation with instance Instance{instanceId='null', ip='26.26.26.1', port=8089, weight=1.0, healthy=true, enabled=true, ephemeral=true, clusterName='DEFAULT', serviceName='null', metadata={IPv6=null, preserved.register.source=SPRING_CLOUD}}
2026-03-02 16:14:32.987 [main] INFO  c.a.c.n.r.NacosServiceRegistry - nacos registry, DEFAULT_GROUP communitysharing-user-relation 26.26.26.1:8089 register finished
2026-03-02 16:14:33.164 [main] INFO  c.t.c.u.r.b.CommunitysharingUserRelationBusinessApplication - Started CommunitysharingUserRelationBusinessApplication in 6.701 seconds (process running for 7.418)
2026-03-02 16:14:33.168 [main] INFO  c.a.n.client.config.impl.CacheData - nacos.cache.data.init.snapshot = true 
2026-03-02 16:14:33.168 [main] INFO  c.a.n.c.config.impl.ClientWorker - [fixed-2e254952-9803-4eae-8771-b086042c797f-127.0.0.1_8848] [subscribe] communitysharing-user-relation.yaml+DEFAULT_GROUP+2e254952-9803-4eae-8771-b086042c797f
2026-03-02 16:14:33.176 [main] INFO  c.a.n.client.config.impl.CacheData - [fixed-2e254952-9803-4eae-8771-b086042c797f-127.0.0.1_8848] [add-listener] ok, tenant=2e254952-9803-4eae-8771-b086042c797f, dataId=communitysharing-user-relation.yaml, group=DEFAULT_GROUP, cnt=1
2026-03-02 16:14:33.177 [main] INFO  c.a.c.n.r.NacosContextRefresher - [Nacos Config] Listening config: dataId=communitysharing-user-relation.yaml, group=DEFAULT_GROUP
2026-03-02 16:14:33.179 [main] INFO  c.a.n.c.config.impl.ClientWorker - [fixed-2e254952-9803-4eae-8771-b086042c797f-127.0.0.1_8848] [subscribe] communitysharing-user-relation-dev.yaml+DEFAULT_GROUP+2e254952-9803-4eae-8771-b086042c797f
2026-03-02 16:14:33.179 [main] INFO  c.a.n.client.config.impl.CacheData - [fixed-2e254952-9803-4eae-8771-b086042c797f-127.0.0.1_8848] [add-listener] ok, tenant=2e254952-9803-4eae-8771-b086042c797f, dataId=communitysharing-user-relation-dev.yaml, group=DEFAULT_GROUP, cnt=1
2026-03-02 16:14:33.179 [main] INFO  c.a.c.n.r.NacosContextRefresher - [Nacos Config] Listening config: dataId=communitysharing-user-relation-dev.yaml, group=DEFAULT_GROUP
2026-03-02 16:14:33.180 [main] INFO  c.a.n.c.config.impl.ClientWorker - [fixed-2e254952-9803-4eae-8771-b086042c797f-127.0.0.1_8848] [subscribe] communitysharing-user-relation+DEFAULT_GROUP+2e254952-9803-4eae-8771-b086042c797f
2026-03-02 16:14:33.180 [main] INFO  c.a.n.client.config.impl.CacheData - [fixed-2e254952-9803-4eae-8771-b086042c797f-127.0.0.1_8848] [add-listener] ok, tenant=2e254952-9803-4eae-8771-b086042c797f, dataId=communitysharing-user-relation, group=DEFAULT_GROUP, cnt=1
2026-03-02 16:14:33.180 [main] INFO  c.a.c.n.r.NacosContextRefresher - [Nacos Config] Listening config: dataId=communitysharing-user-relation, group=DEFAULT_GROUP
